ARM GAS  C:\Users\tpbw4321\AppData\Local\Temp\ccZ6n7p4.s 			page 1


   1              		.syntax unified
   2              		.cpu cortex-m3
   3              		.fpu softvfp
   4              		.eabi_attribute 20, 1
   5              		.eabi_attribute 21, 1
   6              		.eabi_attribute 23, 3
   7              		.eabi_attribute 24, 1
   8              		.eabi_attribute 25, 1
   9              		.eabi_attribute 26, 1
  10              		.eabi_attribute 30, 6
  11              		.eabi_attribute 34, 1
  12              		.eabi_attribute 18, 4
  13              		.thumb
  14              		.syntax unified
  15              		.file	"FlowSense.c"
  16              		.text
  17              	.Ltext0:
  18              		.cfi_sections	.debug_frame
  19              		.syntax unified
  20              		.global _printf_float
  21              		.thumb
  22              		.syntax unified
  23              		.bss
  24              		.align	2
  25              	flowSensorPeriodHistory:
  26 0000 00000000 		.space	32
  26      00000000 
  26      00000000 
  26      00000000 
  26      00000000 
  27              		.align	2
  28              	flowSensorPeriod:
  29 0020 00000000 		.space	4
  30              	timeout_flag:
  31 0024 00       		.space	1
  32              		.section	.text.FlowSenseTimeOutISRHandler,"ax",%progbits
  33              		.align	2
  34              		.global	FlowSenseTimeOutISRHandler
  35              		.thumb
  36              		.thumb_func
  37              		.type	FlowSenseTimeOutISRHandler, %function
  38              	FlowSenseTimeOutISRHandler:
  39              	.LFB64:
  40              		.file 1 "src\\FlowSense.c"
   1:src/FlowSense.c **** /* ========================================
   2:src/FlowSense.c ****  *
   3:src/FlowSense.c ****  * Copyright YOUR COMPANY, THE YEAR
   4:src/FlowSense.c ****  * All Rights Reserved
   5:src/FlowSense.c ****  * UNPUBLISHED, LICENSED SOFTWARE.
   6:src/FlowSense.c ****  *
   7:src/FlowSense.c ****  * CONFIDENTIAL AND PROPRIETARY INFORMATION
   8:src/FlowSense.c ****  * WHICH IS THE PROPERTY OF your company.
   9:src/FlowSense.c ****  *
  10:src/FlowSense.c ****  * ========================================
  11:src/FlowSense.c **** */
  12:src/FlowSense.c **** #include "FlowSense.h"
  13:src/FlowSense.c **** #include "SerialCom.h"
ARM GAS  C:\Users\tpbw4321\AppData\Local\Temp\ccZ6n7p4.s 			page 2


  14:src/FlowSense.c **** #include <stdio.h>
  15:src/FlowSense.c **** #include <stdlib.h>
  16:src/FlowSense.c **** 
  17:src/FlowSense.c **** #define FLOWRATE_CONVERSION_FACTOR 23.0
  18:src/FlowSense.c **** #define FALSE 0 
  19:src/FlowSense.c **** #define TRUE 1
  20:src/FlowSense.c **** #define ADC_MAX 255
  21:src/FlowSense.c **** #define FREE_TIMER_MAX 4294967296
  22:src/FlowSense.c **** #define MEGA 100000.0
  23:src/FlowSense.c **** 
  24:src/FlowSense.c **** #define NEW_HIST_CNT 16
  25:src/FlowSense.c **** #define NEW_SHIFT_CNT 4
  26:src/FlowSense.c **** 
  27:src/FlowSense.c **** #define HIST_CNT 4
  28:src/FlowSense.c **** #define SHIFT_CNT 2
  29:src/FlowSense.c **** 
  30:src/FlowSense.c **** static uint16_t flowSensorPeriodHistory[NEW_HIST_CNT] = {0};
  31:src/FlowSense.c **** 
  32:src/FlowSense.c **** static uint32_t flowSensorPeriod = 0;
  33:src/FlowSense.c **** static uint8_t timeout_flag = 0;
  34:src/FlowSense.c **** /**
  35:src/FlowSense.c ****  * @function FlowSenseTimeOutISRHandler(void)
  36:src/FlowSense.c ****  * @param None
  37:src/FlowSense.c ****  * @return None
  38:src/FlowSense.c ****  * @brief Interrupt to detect timeouts when no flow occurs
  39:src/FlowSense.c ****  * @author Barron Wong 01/25/19
  40:src/FlowSense.c ****  */
  41:src/FlowSense.c **** CY_ISR(FlowSenseTimeOutISRHandler){
  41              		.loc 1 41 0
  42              		.cfi_startproc
  43              		@ args = 0, pretend = 0, frame = 0
  44              		@ frame_needed = 1, uses_anonymous_args = 0
  45 0000 80B5     		push	{r7, lr}
  46              		.cfi_def_cfa_offset 8
  47              		.cfi_offset 7, -8
  48              		.cfi_offset 14, -4
  49 0002 00AF     		add	r7, sp, #0
  50              		.cfi_def_cfa_register 7
  42:src/FlowSense.c ****     FlowSenseTimeOutISR_ClearPending();
  51              		.loc 1 42 0
  52 0004 FFF7FEFF 		bl	FlowSenseTimeOutISR_ClearPending
  43:src/FlowSense.c ****     
  44:src/FlowSense.c ****     if (!timeout_flag){
  53              		.loc 1 44 0
  54 0008 064B     		ldr	r3, .L5
  55 000a 1B78     		ldrb	r3, [r3]	@ zero_extendqisi2
  56 000c 002B     		cmp	r3, #0
  57 000e 03D1     		bne	.L2
  45:src/FlowSense.c ****         timeout_flag = 1;
  58              		.loc 1 45 0
  59 0010 044B     		ldr	r3, .L5
  60 0012 0122     		movs	r2, #1
  61 0014 1A70     		strb	r2, [r3]
  46:src/FlowSense.c ****     }
  47:src/FlowSense.c ****     else{
  48:src/FlowSense.c ****         flowSensorPeriod = MEGA*10;
  49:src/FlowSense.c ****     }
ARM GAS  C:\Users\tpbw4321\AppData\Local\Temp\ccZ6n7p4.s 			page 3


  50:src/FlowSense.c **** }
  62              		.loc 1 50 0
  63 0016 02E0     		b	.L4
  64              	.L2:
  48:src/FlowSense.c ****     }
  65              		.loc 1 48 0
  66 0018 034B     		ldr	r3, .L5+4
  67 001a 044A     		ldr	r2, .L5+8
  68 001c 1A60     		str	r2, [r3]
  69              	.L4:
  70              		.loc 1 50 0
  71 001e 00BF     		nop
  72 0020 80BD     		pop	{r7, pc}
  73              	.L6:
  74 0022 00BF     		.align	2
  75              	.L5:
  76 0024 24000000 		.word	timeout_flag
  77 0028 20000000 		.word	flowSensorPeriod
  78 002c 40420F00 		.word	1000000
  79              		.cfi_endproc
  80              	.LFE64:
  81              		.size	FlowSenseTimeOutISRHandler, .-FlowSenseTimeOutISRHandler
  82              		.section	.text.FlowSenseCaptureISRHandler,"ax",%progbits
  83              		.align	2
  84              		.global	FlowSenseCaptureISRHandler
  85              		.thumb
  86              		.thumb_func
  87              		.type	FlowSenseCaptureISRHandler, %function
  88              	FlowSenseCaptureISRHandler:
  89              	.LFB65:
  51:src/FlowSense.c **** /**
  52:src/FlowSense.c ****  * @function FlowCounterTimerISRHandler(void)
  53:src/FlowSense.c ****  * @param None
  54:src/FlowSense.c ****  * @return None
  55:src/FlowSense.c ****  * @brief Computes time elapsed since last capture
  56:src/FlowSense.c ****  * @author Barron Wong 01/25/19
  57:src/FlowSense.c ****  */
  58:src/FlowSense.c **** CY_ISR(FlowSenseCaptureISRHandler){
  90              		.loc 1 58 0
  91              		.cfi_startproc
  92              		@ args = 0, pretend = 0, frame = 8
  93              		@ frame_needed = 1, uses_anonymous_args = 0
  94 0000 80B5     		push	{r7, lr}
  95              		.cfi_def_cfa_offset 8
  96              		.cfi_offset 7, -8
  97              		.cfi_offset 14, -4
  98 0002 82B0     		sub	sp, sp, #8
  99              		.cfi_def_cfa_offset 16
 100 0004 00AF     		add	r7, sp, #0
 101              		.cfi_def_cfa_register 7
  59:src/FlowSense.c ****     static uint32_t prev; 
  60:src/FlowSense.c ****     static uint16_t index = 0;
  61:src/FlowSense.c ****     static uint32_t sum;
  62:src/FlowSense.c ****     static uint16_t time_elapsed;
  63:src/FlowSense.c ****     uint32_t current;
  64:src/FlowSense.c ****     
  65:src/FlowSense.c ****     timeout_flag = 0;
ARM GAS  C:\Users\tpbw4321\AppData\Local\Temp\ccZ6n7p4.s 			page 4


 102              		.loc 1 65 0
 103 0006 244B     		ldr	r3, .L9
 104 0008 0022     		movs	r2, #0
 105 000a 1A70     		strb	r2, [r3]
  66:src/FlowSense.c ****     
  67:src/FlowSense.c ****     current = FREE_TIMER_MAX - FreeRunningTimer_ReadCounter();
 106              		.loc 1 67 0
 107 000c FFF7FEFF 		bl	FreeRunningTimer_ReadCounter
 108 0010 0346     		mov	r3, r0
 109 0012 5B42     		negs	r3, r3
 110 0014 7B60     		str	r3, [r7, #4]
  68:src/FlowSense.c ****     
  69:src/FlowSense.c ****     time_elapsed = current - prev;
 111              		.loc 1 69 0
 112 0016 7B68     		ldr	r3, [r7, #4]
 113 0018 9AB2     		uxth	r2, r3
 114 001a 204B     		ldr	r3, .L9+4
 115 001c 1B68     		ldr	r3, [r3]
 116 001e 9BB2     		uxth	r3, r3
 117 0020 D31A     		subs	r3, r2, r3
 118 0022 9AB2     		uxth	r2, r3
 119 0024 1E4B     		ldr	r3, .L9+8
 120 0026 1A80     		strh	r2, [r3]	@ movhi
  70:src/FlowSense.c ****     prev = current;
 121              		.loc 1 70 0
 122 0028 1C4A     		ldr	r2, .L9+4
 123 002a 7B68     		ldr	r3, [r7, #4]
 124 002c 1360     		str	r3, [r2]
  71:src/FlowSense.c ****     
  72:src/FlowSense.c ****     //Removed Average stability issues
  73:src/FlowSense.c ****     //Subtract oldest value
  74:src/FlowSense.c ****     sum -= flowSensorPeriodHistory[index]; 
 125              		.loc 1 74 0
 126 002e 1D4B     		ldr	r3, .L9+12
 127 0030 1B68     		ldr	r3, [r3]
 128 0032 1D4A     		ldr	r2, .L9+16
 129 0034 1288     		ldrh	r2, [r2]
 130 0036 1146     		mov	r1, r2
 131 0038 1C4A     		ldr	r2, .L9+20
 132 003a 32F81120 		ldrh	r2, [r2, r1, lsl #1]
 133 003e 9B1A     		subs	r3, r3, r2
 134 0040 184A     		ldr	r2, .L9+12
 135 0042 1360     		str	r3, [r2]
  75:src/FlowSense.c ****     flowSensorPeriodHistory[index] = time_elapsed;
 136              		.loc 1 75 0
 137 0044 184B     		ldr	r3, .L9+16
 138 0046 1B88     		ldrh	r3, [r3]
 139 0048 1A46     		mov	r2, r3
 140 004a 154B     		ldr	r3, .L9+8
 141 004c 1988     		ldrh	r1, [r3]
 142 004e 174B     		ldr	r3, .L9+20
 143 0050 23F81210 		strh	r1, [r3, r2, lsl #1]	@ movhi
  76:src/FlowSense.c ****     //Add newest value
  77:src/FlowSense.c ****     sum += time_elapsed;
 144              		.loc 1 77 0
 145 0054 124B     		ldr	r3, .L9+8
 146 0056 1B88     		ldrh	r3, [r3]
ARM GAS  C:\Users\tpbw4321\AppData\Local\Temp\ccZ6n7p4.s 			page 5


 147 0058 1A46     		mov	r2, r3
 148 005a 124B     		ldr	r3, .L9+12
 149 005c 1B68     		ldr	r3, [r3]
 150 005e 1344     		add	r3, r3, r2
 151 0060 104A     		ldr	r2, .L9+12
 152 0062 1360     		str	r3, [r2]
  78:src/FlowSense.c ****     //Increment Index
  79:src/FlowSense.c ****     index = (index + 1) % (NEW_HIST_CNT);
 153              		.loc 1 79 0
 154 0064 104B     		ldr	r3, .L9+16
 155 0066 1B88     		ldrh	r3, [r3]
 156 0068 5A1C     		adds	r2, r3, #1
 157 006a 114B     		ldr	r3, .L9+24
 158 006c 1340     		ands	r3, r3, r2
 159 006e 002B     		cmp	r3, #0
 160 0070 03DA     		bge	.L8
 161 0072 013B     		subs	r3, r3, #1
 162 0074 63F00F03 		orn	r3, r3, #15
 163 0078 0133     		adds	r3, r3, #1
 164              	.L8:
 165 007a 9AB2     		uxth	r2, r3
 166 007c 0A4B     		ldr	r3, .L9+16
 167 007e 1A80     		strh	r2, [r3]	@ movhi
  80:src/FlowSense.c ****     
  81:src/FlowSense.c ****     flowSensorPeriod = sum>>NEW_SHIFT_CNT;
 168              		.loc 1 81 0
 169 0080 084B     		ldr	r3, .L9+12
 170 0082 1B68     		ldr	r3, [r3]
 171 0084 1B09     		lsrs	r3, r3, #4
 172 0086 0B4A     		ldr	r2, .L9+28
 173 0088 1360     		str	r3, [r2]
  82:src/FlowSense.c ****     
  83:src/FlowSense.c ****     
  84:src/FlowSense.c ****     FlowSenseCaptureISR_ClearPending();
 174              		.loc 1 84 0
 175 008a FFF7FEFF 		bl	FlowSenseCaptureISR_ClearPending
  85:src/FlowSense.c **** }
 176              		.loc 1 85 0
 177 008e 00BF     		nop
 178 0090 0837     		adds	r7, r7, #8
 179              		.cfi_def_cfa_offset 8
 180 0092 BD46     		mov	sp, r7
 181              		.cfi_def_cfa_register 13
 182              		@ sp needed
 183 0094 80BD     		pop	{r7, pc}
 184              	.L10:
 185 0096 00BF     		.align	2
 186              	.L9:
 187 0098 24000000 		.word	timeout_flag
 188 009c 28000000 		.word	prev.8026
 189 00a0 2C000000 		.word	time_elapsed.8029
 190 00a4 30000000 		.word	sum.8028
 191 00a8 34000000 		.word	index.8027
 192 00ac 00000000 		.word	flowSensorPeriodHistory
 193 00b0 0F000080 		.word	-2147483633
 194 00b4 20000000 		.word	flowSensorPeriod
 195              		.cfi_endproc
ARM GAS  C:\Users\tpbw4321\AppData\Local\Temp\ccZ6n7p4.s 			page 6


 196              	.LFE65:
 197              		.size	FlowSenseCaptureISRHandler, .-FlowSenseCaptureISRHandler
 198              		.section	.text.FlowSense_Init,"ax",%progbits
 199              		.align	2
 200              		.global	FlowSense_Init
 201              		.thumb
 202              		.thumb_func
 203              		.type	FlowSense_Init, %function
 204              	FlowSense_Init:
 205              	.LFB66:
  86:src/FlowSense.c **** 
  87:src/FlowSense.c **** 
  88:src/FlowSense.c **** /**
  89:src/FlowSense.c ****  * @function FlowSense_Init(void)
  90:src/FlowSense.c ****  * @param None
  91:src/FlowSense.c ****  * @return SUCCESS or ERROR
  92:src/FlowSense.c ****  * @brief Initializes hardware components necessary for flow control and monitoring
  93:src/FlowSense.c ****  * @author Barron Wong 01/25/19
  94:src/FlowSense.c **** */
  95:src/FlowSense.c **** void FlowSense_Init(void){
 206              		.loc 1 95 0
 207              		.cfi_startproc
 208              		@ args = 0, pretend = 0, frame = 0
 209              		@ frame_needed = 1, uses_anonymous_args = 0
 210 0000 80B5     		push	{r7, lr}
 211              		.cfi_def_cfa_offset 8
 212              		.cfi_offset 7, -8
 213              		.cfi_offset 14, -4
 214 0002 00AF     		add	r7, sp, #0
 215              		.cfi_def_cfa_register 7
  96:src/FlowSense.c ****     FlowSenseCaptureISR_StartEx(FlowSenseCaptureISRHandler);
 216              		.loc 1 96 0
 217 0004 0548     		ldr	r0, .L12
 218 0006 FFF7FEFF 		bl	FlowSenseCaptureISR_StartEx
  97:src/FlowSense.c ****     FlowSenseTimeOutISR_StartEx(FlowSenseTimeOutISRHandler);
 219              		.loc 1 97 0
 220 000a 0548     		ldr	r0, .L12+4
 221 000c FFF7FEFF 		bl	FlowSenseTimeOutISR_StartEx
  98:src/FlowSense.c ****     FreeRunningTimer_Start();
 222              		.loc 1 98 0
 223 0010 FFF7FEFF 		bl	FreeRunningTimer_Start
  99:src/FlowSense.c ****     FlowSenseTimeOutTimer_Start();
 224              		.loc 1 99 0
 225 0014 FFF7FEFF 		bl	FlowSenseTimeOutTimer_Start
 100:src/FlowSense.c **** }
 226              		.loc 1 100 0
 227 0018 00BF     		nop
 228 001a 80BD     		pop	{r7, pc}
 229              	.L13:
 230              		.align	2
 231              	.L12:
 232 001c 00000000 		.word	FlowSenseCaptureISRHandler
 233 0020 00000000 		.word	FlowSenseTimeOutISRHandler
 234              		.cfi_endproc
 235              	.LFE66:
 236              		.size	FlowSense_Init, .-FlowSense_Init
 237              		.global	__aeabi_ui2d
ARM GAS  C:\Users\tpbw4321\AppData\Local\Temp\ccZ6n7p4.s 			page 7


 238              		.global	__aeabi_ddiv
 239              		.global	__aeabi_dmul
 240              		.global	__aeabi_dadd
 241              		.global	__aeabi_d2f
 242              		.section	.text.FlowSense_GetFlowRate,"ax",%progbits
 243              		.align	2
 244              		.global	FlowSense_GetFlowRate
 245              		.thumb
 246              		.thumb_func
 247              		.type	FlowSense_GetFlowRate, %function
 248              	FlowSense_GetFlowRate:
 249              	.LFB67:
 101:src/FlowSense.c **** 
 102:src/FlowSense.c **** #define SLOPE 1.1763
 103:src/FlowSense.c **** #define BIAS 0.131
 104:src/FlowSense.c **** 
 105:src/FlowSense.c **** float FlowSense_GetFlowRate(){
 250              		.loc 1 105 0
 251              		.cfi_startproc
 252              		@ args = 0, pretend = 0, frame = 16
 253              		@ frame_needed = 1, uses_anonymous_args = 0
 254 0000 90B5     		push	{r4, r7, lr}
 255              		.cfi_def_cfa_offset 12
 256              		.cfi_offset 4, -12
 257              		.cfi_offset 7, -8
 258              		.cfi_offset 14, -4
 259 0002 85B0     		sub	sp, sp, #20
 260              		.cfi_def_cfa_offset 32
 261 0004 00AF     		add	r7, sp, #0
 262              		.cfi_def_cfa_register 7
 106:src/FlowSense.c ****     
 107:src/FlowSense.c ****     double flowRate;
 108:src/FlowSense.c ****     
 109:src/FlowSense.c ****     double freq = 1.0/(flowSensorPeriod/MEGA);
 263              		.loc 1 109 0
 264 0006 244B     		ldr	r3, .L16+24
 265 0008 1B68     		ldr	r3, [r3]
 266 000a 1846     		mov	r0, r3
 267 000c FFF7FEFF 		bl	__aeabi_ui2d
 268 0010 1BA3     		adr	r3, .L16
 269 0012 D3E90023 		ldrd	r2, [r3]
 270 0016 FFF7FEFF 		bl	__aeabi_ddiv
 271 001a 0346     		mov	r3, r0
 272 001c 0C46     		mov	r4, r1
 273 001e 1A46     		mov	r2, r3
 274 0020 2346     		mov	r3, r4
 275 0022 4FF00000 		mov	r0, #0
 276 0026 1D49     		ldr	r1, .L16+28
 277 0028 FFF7FEFF 		bl	__aeabi_ddiv
 278 002c 0346     		mov	r3, r0
 279 002e 0C46     		mov	r4, r1
 280 0030 C7E90234 		strd	r3, [r7, #8]
 110:src/FlowSense.c ****     
 111:src/FlowSense.c ****     flowRate = SLOPE*(freq/FLOWRATE_CONVERSION_FACTOR) + BIAS;
 281              		.loc 1 111 0
 282 0034 4FF00002 		mov	r2, #0
 283 0038 194B     		ldr	r3, .L16+32
ARM GAS  C:\Users\tpbw4321\AppData\Local\Temp\ccZ6n7p4.s 			page 8


 284 003a D7E90201 		ldrd	r0, [r7, #8]
 285 003e FFF7FEFF 		bl	__aeabi_ddiv
 286 0042 0346     		mov	r3, r0
 287 0044 0C46     		mov	r4, r1
 288 0046 1846     		mov	r0, r3
 289 0048 2146     		mov	r1, r4
 290 004a 0FA3     		adr	r3, .L16+8
 291 004c D3E90023 		ldrd	r2, [r3]
 292 0050 FFF7FEFF 		bl	__aeabi_dmul
 293 0054 0346     		mov	r3, r0
 294 0056 0C46     		mov	r4, r1
 295 0058 1846     		mov	r0, r3
 296 005a 2146     		mov	r1, r4
 297 005c 0CA3     		adr	r3, .L16+16
 298 005e D3E90023 		ldrd	r2, [r3]
 299 0062 FFF7FEFF 		bl	__aeabi_dadd
 300 0066 0346     		mov	r3, r0
 301 0068 0C46     		mov	r4, r1
 302 006a C7E90034 		strd	r3, [r7]
 112:src/FlowSense.c ****     
 113:src/FlowSense.c ****     return flowRate;
 303              		.loc 1 113 0
 304 006e D7E90001 		ldrd	r0, [r7]
 305 0072 FFF7FEFF 		bl	__aeabi_d2f
 306 0076 0346     		mov	r3, r0
 114:src/FlowSense.c **** }
 307              		.loc 1 114 0
 308 0078 1846     		mov	r0, r3
 309 007a 1437     		adds	r7, r7, #20
 310              		.cfi_def_cfa_offset 12
 311 007c BD46     		mov	sp, r7
 312              		.cfi_def_cfa_register 13
 313              		@ sp needed
 314 007e 90BD     		pop	{r4, r7, pc}
 315              	.L17:
 316              		.align	3
 317              	.L16:
 318 0080 00000000 		.word	0
 319 0084 006AF840 		.word	1090021888
 320 0088 8A8EE4F2 		.word	-219902326
 321 008c 1FD2F23F 		.word	1072878111
 322 0090 F853E3A5 		.word	-1511828488
 323 0094 9BC4C03F 		.word	1069597851
 324 0098 20000000 		.word	flowSensorPeriod
 325 009c 0000F03F 		.word	1072693248
 326 00a0 00003740 		.word	1077346304
 327              		.cfi_endproc
 328              	.LFE67:
 329              		.size	FlowSense_GetFlowRate, .-FlowSense_GetFlowRate
 330              		.bss
 331 0025 000000   		.align	2
 332              	prev.8026:
 333 0028 00000000 		.space	4
 334              		.align	1
 335              	time_elapsed.8029:
 336 002c 0000     		.space	2
 337 002e 0000     		.align	2
ARM GAS  C:\Users\tpbw4321\AppData\Local\Temp\ccZ6n7p4.s 			page 9


 338              	sum.8028:
 339 0030 00000000 		.space	4
 340              		.align	1
 341              	index.8027:
 342 0034 0000     		.space	2
 343              		.text
 344              	.Letext0:
 345              		.file 2 "c:\\program files (x86)\\cypress\\psoc creator\\4.2\\psoc creator\\import\\gnu\\arm\\5.4.
 346              		.file 3 "c:\\program files (x86)\\cypress\\psoc creator\\4.2\\psoc creator\\import\\gnu\\arm\\5.4.
 347              		.file 4 "Generated_Source\\PSoC5/core_cm3.h"
 348              		.section	.debug_info,"",%progbits
 349              	.Ldebug_info0:
 350 0000 F7010000 		.4byte	0x1f7
 351 0004 0400     		.2byte	0x4
 352 0006 00000000 		.4byte	.Ldebug_abbrev0
 353 000a 04       		.byte	0x4
 354 000b 01       		.uleb128 0x1
 355 000c 25000000 		.4byte	.LASF35
 356 0010 0C       		.byte	0xc
 357 0011 2A010000 		.4byte	.LASF36
 358 0015 74010000 		.4byte	.LASF37
 359 0019 00000000 		.4byte	.Ldebug_ranges0+0
 360 001d 00000000 		.4byte	0
 361 0021 00000000 		.4byte	.Ldebug_line0
 362 0025 02       		.uleb128 0x2
 363 0026 01       		.byte	0x1
 364 0027 06       		.byte	0x6
 365 0028 CC020000 		.4byte	.LASF0
 366 002c 03       		.uleb128 0x3
 367 002d 00000000 		.4byte	.LASF3
 368 0031 02       		.byte	0x2
 369 0032 1D       		.byte	0x1d
 370 0033 37000000 		.4byte	0x37
 371 0037 02       		.uleb128 0x2
 372 0038 01       		.byte	0x1
 373 0039 08       		.byte	0x8
 374 003a D2000000 		.4byte	.LASF1
 375 003e 02       		.uleb128 0x2
 376 003f 02       		.byte	0x2
 377 0040 05       		.byte	0x5
 378 0041 4C010000 		.4byte	.LASF2
 379 0045 03       		.uleb128 0x3
 380 0046 3A010000 		.4byte	.LASF4
 381 004a 02       		.byte	0x2
 382 004b 2B       		.byte	0x2b
 383 004c 50000000 		.4byte	0x50
 384 0050 02       		.uleb128 0x2
 385 0051 02       		.byte	0x2
 386 0052 07       		.byte	0x7
 387 0053 FD000000 		.4byte	.LASF5
 388 0057 03       		.uleb128 0x3
 389 0058 B3000000 		.4byte	.LASF6
 390 005c 02       		.byte	0x2
 391 005d 3F       		.byte	0x3f
 392 005e 62000000 		.4byte	0x62
 393 0062 02       		.uleb128 0x2
 394 0063 04       		.byte	0x4
ARM GAS  C:\Users\tpbw4321\AppData\Local\Temp\ccZ6n7p4.s 			page 10


 395 0064 05       		.byte	0x5
 396 0065 9F020000 		.4byte	.LASF7
 397 0069 03       		.uleb128 0x3
 398 006a E0000000 		.4byte	.LASF8
 399 006e 02       		.byte	0x2
 400 006f 41       		.byte	0x41
 401 0070 74000000 		.4byte	0x74
 402 0074 02       		.uleb128 0x2
 403 0075 04       		.byte	0x4
 404 0076 07       		.byte	0x7
 405 0077 EB000000 		.4byte	.LASF9
 406 007b 02       		.uleb128 0x2
 407 007c 08       		.byte	0x8
 408 007d 05       		.byte	0x5
 409 007e 44020000 		.4byte	.LASF10
 410 0082 02       		.uleb128 0x2
 411 0083 08       		.byte	0x8
 412 0084 07       		.byte	0x7
 413 0085 F9010000 		.4byte	.LASF11
 414 0089 04       		.uleb128 0x4
 415 008a 04       		.byte	0x4
 416 008b 05       		.byte	0x5
 417 008c 696E7400 		.ascii	"int\000"
 418 0090 02       		.uleb128 0x2
 419 0091 04       		.byte	0x4
 420 0092 07       		.byte	0x7
 421 0093 67010000 		.4byte	.LASF12
 422 0097 03       		.uleb128 0x3
 423 0098 10020000 		.4byte	.LASF13
 424 009c 03       		.byte	0x3
 425 009d 18       		.byte	0x18
 426 009e 2C000000 		.4byte	0x2c
 427 00a2 03       		.uleb128 0x3
 428 00a3 85020000 		.4byte	.LASF14
 429 00a7 03       		.byte	0x3
 430 00a8 24       		.byte	0x24
 431 00a9 45000000 		.4byte	0x45
 432 00ad 03       		.uleb128 0x3
 433 00ae 33020000 		.4byte	.LASF15
 434 00b2 03       		.byte	0x3
 435 00b3 2C       		.byte	0x2c
 436 00b4 57000000 		.4byte	0x57
 437 00b8 03       		.uleb128 0x3
 438 00b9 96020000 		.4byte	.LASF16
 439 00bd 03       		.byte	0x3
 440 00be 30       		.byte	0x30
 441 00bf 69000000 		.4byte	0x69
 442 00c3 02       		.uleb128 0x2
 443 00c4 04       		.byte	0x4
 444 00c5 04       		.byte	0x4
 445 00c6 CC000000 		.4byte	.LASF17
 446 00ca 02       		.uleb128 0x2
 447 00cb 08       		.byte	0x8
 448 00cc 04       		.byte	0x4
 449 00cd 45010000 		.4byte	.LASF18
 450 00d1 02       		.uleb128 0x2
 451 00d2 01       		.byte	0x1
ARM GAS  C:\Users\tpbw4321\AppData\Local\Temp\ccZ6n7p4.s 			page 11


 452 00d3 08       		.byte	0x8
 453 00d4 5F020000 		.4byte	.LASF19
 454 00d8 02       		.uleb128 0x2
 455 00d9 08       		.byte	0x8
 456 00da 04       		.byte	0x4
 457 00db A8020000 		.4byte	.LASF20
 458 00df 02       		.uleb128 0x2
 459 00e0 04       		.byte	0x4
 460 00e1 07       		.byte	0x7
 461 00e2 3B020000 		.4byte	.LASF21
 462 00e6 05       		.uleb128 0x5
 463 00e7 18020000 		.4byte	.LASF26
 464 00eb 01       		.byte	0x1
 465 00ec 29       		.byte	0x29
 466 00ed 00000000 		.4byte	.LFB64
 467 00f1 30000000 		.4byte	.LFE64-.LFB64
 468 00f5 01       		.uleb128 0x1
 469 00f6 9C       		.byte	0x9c
 470 00f7 06       		.uleb128 0x6
 471 00f8 0A000000 		.4byte	.LASF28
 472 00fc 01       		.byte	0x1
 473 00fd 3A       		.byte	0x3a
 474 00fe 00000000 		.4byte	.LFB65
 475 0102 B8000000 		.4byte	.LFE65-.LFB65
 476 0106 01       		.uleb128 0x1
 477 0107 9C       		.byte	0x9c
 478 0108 5F010000 		.4byte	0x15f
 479 010c 07       		.uleb128 0x7
 480 010d E1020000 		.4byte	.LASF22
 481 0111 01       		.byte	0x1
 482 0112 3B       		.byte	0x3b
 483 0113 B8000000 		.4byte	0xb8
 484 0117 05       		.uleb128 0x5
 485 0118 03       		.byte	0x3
 486 0119 28000000 		.4byte	prev.8026
 487 011d 07       		.uleb128 0x7
 488 011e 64020000 		.4byte	.LASF23
 489 0122 01       		.byte	0x1
 490 0123 3C       		.byte	0x3c
 491 0124 A2000000 		.4byte	0xa2
 492 0128 05       		.uleb128 0x5
 493 0129 03       		.byte	0x3
 494 012a 34000000 		.4byte	index.8027
 495 012e 08       		.uleb128 0x8
 496 012f 73756D00 		.ascii	"sum\000"
 497 0133 01       		.byte	0x1
 498 0134 3D       		.byte	0x3d
 499 0135 B8000000 		.4byte	0xb8
 500 0139 05       		.uleb128 0x5
 501 013a 03       		.byte	0x3
 502 013b 30000000 		.4byte	sum.8028
 503 013f 07       		.uleb128 0x7
 504 0140 52020000 		.4byte	.LASF24
 505 0144 01       		.byte	0x1
 506 0145 3E       		.byte	0x3e
 507 0146 A2000000 		.4byte	0xa2
 508 014a 05       		.uleb128 0x5
ARM GAS  C:\Users\tpbw4321\AppData\Local\Temp\ccZ6n7p4.s 			page 12


 509 014b 03       		.byte	0x3
 510 014c 2C000000 		.4byte	time_elapsed.8029
 511 0150 07       		.uleb128 0x7
 512 0151 8E020000 		.4byte	.LASF25
 513 0155 01       		.byte	0x1
 514 0156 3F       		.byte	0x3f
 515 0157 B8000000 		.4byte	0xb8
 516 015b 02       		.uleb128 0x2
 517 015c 91       		.byte	0x91
 518 015d 74       		.sleb128 -12
 519 015e 00       		.byte	0
 520 015f 05       		.uleb128 0x5
 521 0160 BD000000 		.4byte	.LASF27
 522 0164 01       		.byte	0x1
 523 0165 5F       		.byte	0x5f
 524 0166 00000000 		.4byte	.LFB66
 525 016a 24000000 		.4byte	.LFE66-.LFB66
 526 016e 01       		.uleb128 0x1
 527 016f 9C       		.byte	0x9c
 528 0170 09       		.uleb128 0x9
 529 0171 6A020000 		.4byte	.LASF29
 530 0175 01       		.byte	0x1
 531 0176 69       		.byte	0x69
 532 0177 C3000000 		.4byte	0xc3
 533 017b 00000000 		.4byte	.LFB67
 534 017f A4000000 		.4byte	.LFE67-.LFB67
 535 0183 01       		.uleb128 0x1
 536 0184 9C       		.byte	0x9c
 537 0185 A6010000 		.4byte	0x1a6
 538 0189 07       		.uleb128 0x7
 539 018a D8020000 		.4byte	.LASF30
 540 018e 01       		.byte	0x1
 541 018f 6B       		.byte	0x6b
 542 0190 CA000000 		.4byte	0xca
 543 0194 02       		.uleb128 0x2
 544 0195 91       		.byte	0x91
 545 0196 60       		.sleb128 -32
 546 0197 07       		.uleb128 0x7
 547 0198 80020000 		.4byte	.LASF31
 548 019c 01       		.byte	0x1
 549 019d 6D       		.byte	0x6d
 550 019e CA000000 		.4byte	0xca
 551 01a2 02       		.uleb128 0x2
 552 01a3 91       		.byte	0x91
 553 01a4 68       		.sleb128 -24
 554 01a5 00       		.byte	0
 555 01a6 0A       		.uleb128 0xa
 556 01a7 A2000000 		.4byte	0xa2
 557 01ab B6010000 		.4byte	0x1b6
 558 01af 0B       		.uleb128 0xb
 559 01b0 DF000000 		.4byte	0xdf
 560 01b4 0F       		.byte	0xf
 561 01b5 00       		.byte	0
 562 01b6 07       		.uleb128 0x7
 563 01b7 B4020000 		.4byte	.LASF32
 564 01bb 01       		.byte	0x1
 565 01bc 1E       		.byte	0x1e
ARM GAS  C:\Users\tpbw4321\AppData\Local\Temp\ccZ6n7p4.s 			page 13


 566 01bd A6010000 		.4byte	0x1a6
 567 01c1 05       		.uleb128 0x5
 568 01c2 03       		.byte	0x3
 569 01c3 00000000 		.4byte	flowSensorPeriodHistory
 570 01c7 07       		.uleb128 0x7
 571 01c8 56010000 		.4byte	.LASF33
 572 01cc 01       		.byte	0x1
 573 01cd 20       		.byte	0x20
 574 01ce B8000000 		.4byte	0xb8
 575 01d2 05       		.uleb128 0x5
 576 01d3 03       		.byte	0x3
 577 01d4 20000000 		.4byte	flowSensorPeriod
 578 01d8 07       		.uleb128 0x7
 579 01d9 1D010000 		.4byte	.LASF34
 580 01dd 01       		.byte	0x1
 581 01de 21       		.byte	0x21
 582 01df 97000000 		.4byte	0x97
 583 01e3 05       		.uleb128 0x5
 584 01e4 03       		.byte	0x3
 585 01e5 24000000 		.4byte	timeout_flag
 586 01e9 0C       		.uleb128 0xc
 587 01ea 10010000 		.4byte	.LASF38
 588 01ee 04       		.byte	0x4
 589 01ef 1207     		.2byte	0x712
 590 01f1 F5010000 		.4byte	0x1f5
 591 01f5 0D       		.uleb128 0xd
 592 01f6 AD000000 		.4byte	0xad
 593 01fa 00       		.byte	0
 594              		.section	.debug_abbrev,"",%progbits
 595              	.Ldebug_abbrev0:
 596 0000 01       		.uleb128 0x1
 597 0001 11       		.uleb128 0x11
 598 0002 01       		.byte	0x1
 599 0003 25       		.uleb128 0x25
 600 0004 0E       		.uleb128 0xe
 601 0005 13       		.uleb128 0x13
 602 0006 0B       		.uleb128 0xb
 603 0007 03       		.uleb128 0x3
 604 0008 0E       		.uleb128 0xe
 605 0009 1B       		.uleb128 0x1b
 606 000a 0E       		.uleb128 0xe
 607 000b 55       		.uleb128 0x55
 608 000c 17       		.uleb128 0x17
 609 000d 11       		.uleb128 0x11
 610 000e 01       		.uleb128 0x1
 611 000f 10       		.uleb128 0x10
 612 0010 17       		.uleb128 0x17
 613 0011 00       		.byte	0
 614 0012 00       		.byte	0
 615 0013 02       		.uleb128 0x2
 616 0014 24       		.uleb128 0x24
 617 0015 00       		.byte	0
 618 0016 0B       		.uleb128 0xb
 619 0017 0B       		.uleb128 0xb
 620 0018 3E       		.uleb128 0x3e
 621 0019 0B       		.uleb128 0xb
 622 001a 03       		.uleb128 0x3
ARM GAS  C:\Users\tpbw4321\AppData\Local\Temp\ccZ6n7p4.s 			page 14


 623 001b 0E       		.uleb128 0xe
 624 001c 00       		.byte	0
 625 001d 00       		.byte	0
 626 001e 03       		.uleb128 0x3
 627 001f 16       		.uleb128 0x16
 628 0020 00       		.byte	0
 629 0021 03       		.uleb128 0x3
 630 0022 0E       		.uleb128 0xe
 631 0023 3A       		.uleb128 0x3a
 632 0024 0B       		.uleb128 0xb
 633 0025 3B       		.uleb128 0x3b
 634 0026 0B       		.uleb128 0xb
 635 0027 49       		.uleb128 0x49
 636 0028 13       		.uleb128 0x13
 637 0029 00       		.byte	0
 638 002a 00       		.byte	0
 639 002b 04       		.uleb128 0x4
 640 002c 24       		.uleb128 0x24
 641 002d 00       		.byte	0
 642 002e 0B       		.uleb128 0xb
 643 002f 0B       		.uleb128 0xb
 644 0030 3E       		.uleb128 0x3e
 645 0031 0B       		.uleb128 0xb
 646 0032 03       		.uleb128 0x3
 647 0033 08       		.uleb128 0x8
 648 0034 00       		.byte	0
 649 0035 00       		.byte	0
 650 0036 05       		.uleb128 0x5
 651 0037 2E       		.uleb128 0x2e
 652 0038 00       		.byte	0
 653 0039 3F       		.uleb128 0x3f
 654 003a 19       		.uleb128 0x19
 655 003b 03       		.uleb128 0x3
 656 003c 0E       		.uleb128 0xe
 657 003d 3A       		.uleb128 0x3a
 658 003e 0B       		.uleb128 0xb
 659 003f 3B       		.uleb128 0x3b
 660 0040 0B       		.uleb128 0xb
 661 0041 27       		.uleb128 0x27
 662 0042 19       		.uleb128 0x19
 663 0043 11       		.uleb128 0x11
 664 0044 01       		.uleb128 0x1
 665 0045 12       		.uleb128 0x12
 666 0046 06       		.uleb128 0x6
 667 0047 40       		.uleb128 0x40
 668 0048 18       		.uleb128 0x18
 669 0049 9642     		.uleb128 0x2116
 670 004b 19       		.uleb128 0x19
 671 004c 00       		.byte	0
 672 004d 00       		.byte	0
 673 004e 06       		.uleb128 0x6
 674 004f 2E       		.uleb128 0x2e
 675 0050 01       		.byte	0x1
 676 0051 3F       		.uleb128 0x3f
 677 0052 19       		.uleb128 0x19
 678 0053 03       		.uleb128 0x3
 679 0054 0E       		.uleb128 0xe
ARM GAS  C:\Users\tpbw4321\AppData\Local\Temp\ccZ6n7p4.s 			page 15


 680 0055 3A       		.uleb128 0x3a
 681 0056 0B       		.uleb128 0xb
 682 0057 3B       		.uleb128 0x3b
 683 0058 0B       		.uleb128 0xb
 684 0059 27       		.uleb128 0x27
 685 005a 19       		.uleb128 0x19
 686 005b 11       		.uleb128 0x11
 687 005c 01       		.uleb128 0x1
 688 005d 12       		.uleb128 0x12
 689 005e 06       		.uleb128 0x6
 690 005f 40       		.uleb128 0x40
 691 0060 18       		.uleb128 0x18
 692 0061 9642     		.uleb128 0x2116
 693 0063 19       		.uleb128 0x19
 694 0064 01       		.uleb128 0x1
 695 0065 13       		.uleb128 0x13
 696 0066 00       		.byte	0
 697 0067 00       		.byte	0
 698 0068 07       		.uleb128 0x7
 699 0069 34       		.uleb128 0x34
 700 006a 00       		.byte	0
 701 006b 03       		.uleb128 0x3
 702 006c 0E       		.uleb128 0xe
 703 006d 3A       		.uleb128 0x3a
 704 006e 0B       		.uleb128 0xb
 705 006f 3B       		.uleb128 0x3b
 706 0070 0B       		.uleb128 0xb
 707 0071 49       		.uleb128 0x49
 708 0072 13       		.uleb128 0x13
 709 0073 02       		.uleb128 0x2
 710 0074 18       		.uleb128 0x18
 711 0075 00       		.byte	0
 712 0076 00       		.byte	0
 713 0077 08       		.uleb128 0x8
 714 0078 34       		.uleb128 0x34
 715 0079 00       		.byte	0
 716 007a 03       		.uleb128 0x3
 717 007b 08       		.uleb128 0x8
 718 007c 3A       		.uleb128 0x3a
 719 007d 0B       		.uleb128 0xb
 720 007e 3B       		.uleb128 0x3b
 721 007f 0B       		.uleb128 0xb
 722 0080 49       		.uleb128 0x49
 723 0081 13       		.uleb128 0x13
 724 0082 02       		.uleb128 0x2
 725 0083 18       		.uleb128 0x18
 726 0084 00       		.byte	0
 727 0085 00       		.byte	0
 728 0086 09       		.uleb128 0x9
 729 0087 2E       		.uleb128 0x2e
 730 0088 01       		.byte	0x1
 731 0089 3F       		.uleb128 0x3f
 732 008a 19       		.uleb128 0x19
 733 008b 03       		.uleb128 0x3
 734 008c 0E       		.uleb128 0xe
 735 008d 3A       		.uleb128 0x3a
 736 008e 0B       		.uleb128 0xb
ARM GAS  C:\Users\tpbw4321\AppData\Local\Temp\ccZ6n7p4.s 			page 16


 737 008f 3B       		.uleb128 0x3b
 738 0090 0B       		.uleb128 0xb
 739 0091 49       		.uleb128 0x49
 740 0092 13       		.uleb128 0x13
 741 0093 11       		.uleb128 0x11
 742 0094 01       		.uleb128 0x1
 743 0095 12       		.uleb128 0x12
 744 0096 06       		.uleb128 0x6
 745 0097 40       		.uleb128 0x40
 746 0098 18       		.uleb128 0x18
 747 0099 9642     		.uleb128 0x2116
 748 009b 19       		.uleb128 0x19
 749 009c 01       		.uleb128 0x1
 750 009d 13       		.uleb128 0x13
 751 009e 00       		.byte	0
 752 009f 00       		.byte	0
 753 00a0 0A       		.uleb128 0xa
 754 00a1 01       		.uleb128 0x1
 755 00a2 01       		.byte	0x1
 756 00a3 49       		.uleb128 0x49
 757 00a4 13       		.uleb128 0x13
 758 00a5 01       		.uleb128 0x1
 759 00a6 13       		.uleb128 0x13
 760 00a7 00       		.byte	0
 761 00a8 00       		.byte	0
 762 00a9 0B       		.uleb128 0xb
 763 00aa 21       		.uleb128 0x21
 764 00ab 00       		.byte	0
 765 00ac 49       		.uleb128 0x49
 766 00ad 13       		.uleb128 0x13
 767 00ae 2F       		.uleb128 0x2f
 768 00af 0B       		.uleb128 0xb
 769 00b0 00       		.byte	0
 770 00b1 00       		.byte	0
 771 00b2 0C       		.uleb128 0xc
 772 00b3 34       		.uleb128 0x34
 773 00b4 00       		.byte	0
 774 00b5 03       		.uleb128 0x3
 775 00b6 0E       		.uleb128 0xe
 776 00b7 3A       		.uleb128 0x3a
 777 00b8 0B       		.uleb128 0xb
 778 00b9 3B       		.uleb128 0x3b
 779 00ba 05       		.uleb128 0x5
 780 00bb 49       		.uleb128 0x49
 781 00bc 13       		.uleb128 0x13
 782 00bd 3F       		.uleb128 0x3f
 783 00be 19       		.uleb128 0x19
 784 00bf 3C       		.uleb128 0x3c
 785 00c0 19       		.uleb128 0x19
 786 00c1 00       		.byte	0
 787 00c2 00       		.byte	0
 788 00c3 0D       		.uleb128 0xd
 789 00c4 35       		.uleb128 0x35
 790 00c5 00       		.byte	0
 791 00c6 49       		.uleb128 0x49
 792 00c7 13       		.uleb128 0x13
 793 00c8 00       		.byte	0
ARM GAS  C:\Users\tpbw4321\AppData\Local\Temp\ccZ6n7p4.s 			page 17


 794 00c9 00       		.byte	0
 795 00ca 00       		.byte	0
 796              		.section	.debug_aranges,"",%progbits
 797 0000 34000000 		.4byte	0x34
 798 0004 0200     		.2byte	0x2
 799 0006 00000000 		.4byte	.Ldebug_info0
 800 000a 04       		.byte	0x4
 801 000b 00       		.byte	0
 802 000c 0000     		.2byte	0
 803 000e 0000     		.2byte	0
 804 0010 00000000 		.4byte	.LFB64
 805 0014 30000000 		.4byte	.LFE64-.LFB64
 806 0018 00000000 		.4byte	.LFB65
 807 001c B8000000 		.4byte	.LFE65-.LFB65
 808 0020 00000000 		.4byte	.LFB66
 809 0024 24000000 		.4byte	.LFE66-.LFB66
 810 0028 00000000 		.4byte	.LFB67
 811 002c A4000000 		.4byte	.LFE67-.LFB67
 812 0030 00000000 		.4byte	0
 813 0034 00000000 		.4byte	0
 814              		.section	.debug_ranges,"",%progbits
 815              	.Ldebug_ranges0:
 816 0000 00000000 		.4byte	.LFB64
 817 0004 30000000 		.4byte	.LFE64
 818 0008 00000000 		.4byte	.LFB65
 819 000c B8000000 		.4byte	.LFE65
 820 0010 00000000 		.4byte	.LFB66
 821 0014 24000000 		.4byte	.LFE66
 822 0018 00000000 		.4byte	.LFB67
 823 001c A4000000 		.4byte	.LFE67
 824 0020 00000000 		.4byte	0
 825 0024 00000000 		.4byte	0
 826              		.section	.debug_line,"",%progbits
 827              	.Ldebug_line0:
 828 0000 A8010000 		.section	.debug_str,"MS",%progbits,1
 828      02004801 
 828      00000201 
 828      FB0E0D00 
 828      01010101 
 829              	.LASF3:
 830 0000 5F5F7569 		.ascii	"__uint8_t\000"
 830      6E74385F 
 830      7400
 831              	.LASF28:
 832 000a 466C6F77 		.ascii	"FlowSenseCaptureISRHandler\000"
 832      53656E73 
 832      65436170 
 832      74757265 
 832      49535248 
 833              	.LASF35:
 834 0025 474E5520 		.ascii	"GNU C11 5.4.1 20160609 (release) [ARM/embedded-5-br"
 834      43313120 
 834      352E342E 
 834      31203230 
 834      31363036 
 835 0058 616E6368 		.ascii	"anch revision 237715] -mcpu=cortex-m3 -mthumb -g -O"
 835      20726576 
ARM GAS  C:\Users\tpbw4321\AppData\Local\Temp\ccZ6n7p4.s 			page 18


 835      6973696F 
 835      6E203233 
 835      37373135 
 836 008b 30202D66 		.ascii	"0 -ffunction-sections -ffat-lto-objects\000"
 836      66756E63 
 836      74696F6E 
 836      2D736563 
 836      74696F6E 
 837              	.LASF6:
 838 00b3 5F5F696E 		.ascii	"__int32_t\000"
 838      7433325F 
 838      7400
 839              	.LASF27:
 840 00bd 466C6F77 		.ascii	"FlowSense_Init\000"
 840      53656E73 
 840      655F496E 
 840      697400
 841              	.LASF17:
 842 00cc 666C6F61 		.ascii	"float\000"
 842      7400
 843              	.LASF1:
 844 00d2 756E7369 		.ascii	"unsigned char\000"
 844      676E6564 
 844      20636861 
 844      7200
 845              	.LASF8:
 846 00e0 5F5F7569 		.ascii	"__uint32_t\000"
 846      6E743332 
 846      5F7400
 847              	.LASF9:
 848 00eb 6C6F6E67 		.ascii	"long unsigned int\000"
 848      20756E73 
 848      69676E65 
 848      6420696E 
 848      7400
 849              	.LASF5:
 850 00fd 73686F72 		.ascii	"short unsigned int\000"
 850      7420756E 
 850      7369676E 
 850      65642069 
 850      6E7400
 851              	.LASF38:
 852 0110 49544D5F 		.ascii	"ITM_RxBuffer\000"
 852      52784275 
 852      66666572 
 852      00
 853              	.LASF34:
 854 011d 74696D65 		.ascii	"timeout_flag\000"
 854      6F75745F 
 854      666C6167 
 854      00
 855              	.LASF36:
 856 012a 7372635C 		.ascii	"src\\FlowSense.c\000"
 856      466C6F77 
 856      53656E73 
 856      652E6300 
 857              	.LASF4:
ARM GAS  C:\Users\tpbw4321\AppData\Local\Temp\ccZ6n7p4.s 			page 19


 858 013a 5F5F7569 		.ascii	"__uint16_t\000"
 858      6E743136 
 858      5F7400
 859              	.LASF18:
 860 0145 646F7562 		.ascii	"double\000"
 860      6C6500
 861              	.LASF2:
 862 014c 73686F72 		.ascii	"short int\000"
 862      7420696E 
 862      7400
 863              	.LASF33:
 864 0156 666C6F77 		.ascii	"flowSensorPeriod\000"
 864      53656E73 
 864      6F725065 
 864      72696F64 
 864      00
 865              	.LASF12:
 866 0167 756E7369 		.ascii	"unsigned int\000"
 866      676E6564 
 866      20696E74 
 866      00
 867              	.LASF37:
 868 0174 433A5C55 		.ascii	"C:\\Users\\tpbw4321\\AppData\\Roaming\\SPB_Data\\Hy"
 868      73657273 
 868      5C747062 
 868      77343332 
 868      315C4170 
 869 01a1 64726F70 		.ascii	"droponicsAutomation\\Designs\\Software\\Embedded\\P"
 869      6F6E6963 
 869      73417574 
 869      6F6D6174 
 869      696F6E5C 
 870 01d0 536F435C 		.ascii	"SoC\\HydroponicAutomationSensorPerf.cydsn\000"
 870      48796472 
 870      6F706F6E 
 870      69634175 
 870      746F6D61 
 871              	.LASF11:
 872 01f9 6C6F6E67 		.ascii	"long long unsigned int\000"
 872      206C6F6E 
 872      6720756E 
 872      7369676E 
 872      65642069 
 873              	.LASF13:
 874 0210 75696E74 		.ascii	"uint8_t\000"
 874      385F7400 
 875              	.LASF26:
 876 0218 466C6F77 		.ascii	"FlowSenseTimeOutISRHandler\000"
 876      53656E73 
 876      6554696D 
 876      654F7574 
 876      49535248 
 877              	.LASF15:
 878 0233 696E7433 		.ascii	"int32_t\000"
 878      325F7400 
 879              	.LASF21:
 880 023b 73697A65 		.ascii	"sizetype\000"
ARM GAS  C:\Users\tpbw4321\AppData\Local\Temp\ccZ6n7p4.s 			page 20


 880      74797065 
 880      00
 881              	.LASF10:
 882 0244 6C6F6E67 		.ascii	"long long int\000"
 882      206C6F6E 
 882      6720696E 
 882      7400
 883              	.LASF24:
 884 0252 74696D65 		.ascii	"time_elapsed\000"
 884      5F656C61 
 884      70736564 
 884      00
 885              	.LASF19:
 886 025f 63686172 		.ascii	"char\000"
 886      00
 887              	.LASF23:
 888 0264 696E6465 		.ascii	"index\000"
 888      7800
 889              	.LASF29:
 890 026a 466C6F77 		.ascii	"FlowSense_GetFlowRate\000"
 890      53656E73 
 890      655F4765 
 890      74466C6F 
 890      77526174 
 891              	.LASF31:
 892 0280 66726571 		.ascii	"freq\000"
 892      00
 893              	.LASF14:
 894 0285 75696E74 		.ascii	"uint16_t\000"
 894      31365F74 
 894      00
 895              	.LASF25:
 896 028e 63757272 		.ascii	"current\000"
 896      656E7400 
 897              	.LASF16:
 898 0296 75696E74 		.ascii	"uint32_t\000"
 898      33325F74 
 898      00
 899              	.LASF7:
 900 029f 6C6F6E67 		.ascii	"long int\000"
 900      20696E74 
 900      00
 901              	.LASF20:
 902 02a8 6C6F6E67 		.ascii	"long double\000"
 902      20646F75 
 902      626C6500 
 903              	.LASF32:
 904 02b4 666C6F77 		.ascii	"flowSensorPeriodHistory\000"
 904      53656E73 
 904      6F725065 
 904      72696F64 
 904      48697374 
 905              	.LASF0:
 906 02cc 7369676E 		.ascii	"signed char\000"
 906      65642063 
 906      68617200 
 907              	.LASF30:
ARM GAS  C:\Users\tpbw4321\AppData\Local\Temp\ccZ6n7p4.s 			page 21


 908 02d8 666C6F77 		.ascii	"flowRate\000"
 908      52617465 
 908      00
 909              	.LASF22:
 910 02e1 70726576 		.ascii	"prev\000"
 910      00
 911              		.ident	"GCC: (GNU Tools for ARM Embedded Processors) 5.4.1 20160609 (release) [ARM/embedded-5-bran
