ARM GAS  C:\Users\tpbw4321\AppData\Local\Temp\cck3JO3s.s 			page 1


   1              		.syntax unified
   2              		.cpu cortex-m3
   3              		.fpu softvfp
   4              		.eabi_attribute 20, 1
   5              		.eabi_attribute 21, 1
   6              		.eabi_attribute 23, 3
   7              		.eabi_attribute 24, 1
   8              		.eabi_attribute 25, 1
   9              		.eabi_attribute 26, 1
  10              		.eabi_attribute 30, 6
  11              		.eabi_attribute 34, 1
  12              		.eabi_attribute 18, 4
  13              		.thumb
  14              		.syntax unified
  15              		.file	"main.c"
  16              		.text
  17              	.Ltext0:
  18              		.cfi_sections	.debug_frame
  19              		.syntax unified
  20              		.global _printf_float
  21              		.thumb
  22              		.syntax unified
  23              		.section	.rodata
  24              		.align	2
  25              	.LC0:
  26 0000 696E7661 		.ascii	"invalid_key\000"
  26      6C69645F 
  26      6B657900 
  27              		.align	2
  28              	.LC1:
  29 000c 666C6F77 		.ascii	"flow_target\000"
  29      5F746172 
  29      67657400 
  30              		.align	2
  31              	.LC2:
  32 0018 70685F74 		.ascii	"ph_target\000"
  32      61726765 
  32      7400
  33 0022 0000     		.align	2
  34              	.LC3:
  35 0024 65635F74 		.ascii	"ec_target\000"
  35      61726765 
  35      7400
  36 002e 0000     		.align	2
  37              	.LC4:
  38 0030 6832305F 		.ascii	"h20_level_target\000"
  38      6C657665 
  38      6C5F7461 
  38      72676574 
  38      00
  39 0041 000000   		.align	2
  40              	.LC5:
  41 0044 6832305F 		.ascii	"h20_level\000"
  41      6C657665 
  41      6C00
  42 004e 0000     		.align	2
  43              	.LC6:
ARM GAS  C:\Users\tpbw4321\AppData\Local\Temp\cck3JO3s.s 			page 2


  44 0050 6832305F 		.ascii	"h20_stored\000"
  44      73746F72 
  44      656400
  45 005b 00       		.align	2
  46              	.LC7:
  47 005c 70685F6D 		.ascii	"ph_measured\000"
  47      65617375 
  47      72656400 
  48              		.align	2
  49              	.LC8:
  50 0068 70685F75 		.ascii	"ph_up_stored\000"
  50      705F7374 
  50      6F726564 
  50      00
  51 0075 000000   		.align	2
  52              	.LC9:
  53 0078 70685F64 		.ascii	"ph_down_stored\000"
  53      6F776E5F 
  53      73746F72 
  53      656400
  54 0087 00       		.align	2
  55              	.LC10:
  56 0088 65635F6D 		.ascii	"ec_measured\000"
  56      65617375 
  56      72656400 
  57              		.align	2
  58              	.LC11:
  59 0094 65635F73 		.ascii	"ec_stored\000"
  59      746F7265 
  59      6400
  60 009e 0000     		.align	2
  61              	.LC12:
  62 00a0 74656D70 		.ascii	"temp_measured\000"
  62      5F6D6561 
  62      73757265 
  62      6400
  63 00ae 0000     		.align	2
  64              	.LC13:
  65 00b0 666C6F77 		.ascii	"flow_measured\000"
  65      5F6D6561 
  65      73757265 
  65      6400
  66              		.data
  67              		.align	2
  68              		.type	pkey_const, %object
  69              		.size	pkey_const, 56
  70              	pkey_const:
  71 0000 00000000 		.word	.LC0
  72 0004 0C000000 		.word	.LC1
  73 0008 18000000 		.word	.LC2
  74 000c 24000000 		.word	.LC3
  75 0010 30000000 		.word	.LC4
  76 0014 44000000 		.word	.LC5
  77 0018 50000000 		.word	.LC6
  78 001c 5C000000 		.word	.LC7
  79 0020 68000000 		.word	.LC8
  80 0024 78000000 		.word	.LC9
ARM GAS  C:\Users\tpbw4321\AppData\Local\Temp\cck3JO3s.s 			page 3


  81 0028 88000000 		.word	.LC10
  82 002c 94000000 		.word	.LC11
  83 0030 A0000000 		.word	.LC12
  84 0034 B0000000 		.word	.LC13
  85              		.comm	sd,368,8
  86              		.section	.rodata
  87 00be 0000     		.align	2
  88              	.LC14:
  89 00c0 48796472 		.ascii	"Hydroponic Automation\015\000"
  89      6F706F6E 
  89      69632041 
  89      75746F6D 
  89      6174696F 
  90              		.global	__aeabi_f2d
  91              		.global	__aeabi_ui2d
  92              		.section	.text.main,"ax",%progbits
  93              		.align	2
  94              		.global	main
  95              		.thumb
  96              		.thumb_func
  97              		.type	main, %function
  98              	main:
  99              	.LFB64:
 100              		.file 1 "main.c"
   1:main.c        **** /* ========================================
   2:main.c        ****  *
   3:main.c        ****  * Copyright YOUR COMPANY, THE YEAR
   4:main.c        ****  * All Rights Reserved
   5:main.c        ****  * UNPUBLISHED, LICENSED SOFTWARE.
   6:main.c        ****  *
   7:main.c        ****  * CONFIDENTIAL AND PROPRIETARY INFORMATION
   8:main.c        ****  * WHICH IS THE PROPERTY OF your company.
   9:main.c        ****  *
  10:main.c        ****  * ========================================
  11:main.c        **** */
  12:main.c        **** //#define MODULE_TEST
  13:main.c        ****     
  14:main.c        **** #include "project.h"
  15:main.c        **** #include <stdio.h>
  16:main.c        **** #include <stdlib.h>
  17:main.c        **** #include "FlowSense.h"
  18:main.c        **** #include "SerialCom.h"
  19:main.c        **** #include "Protocol.h"
  20:main.c        **** #include "pHSense.h"
  21:main.c        **** #include "PingSensor.h"
  22:main.c        **** #include "SensorComTx.h"
  23:main.c        **** #include "sensor_data.h"
  24:main.c        **** #include "ECSense.h"
  25:main.c        **** #include "SenseSwitch.h"
  26:main.c        **** 
  27:main.c        **** #define FLOW_REF 2.0
  28:main.c        **** #define PH_REF 4.5
  29:main.c        **** 
  30:main.c        **** #ifndef MODULE_TEST   
  31:main.c        **** 
  32:main.c        **** struct SensorData sd;
  33:main.c        ****     
ARM GAS  C:\Users\tpbw4321\AppData\Local\Temp\cck3JO3s.s 			page 4


  34:main.c        **** int main(void)
  35:main.c        **** {
 101              		.loc 1 35 0
 102              		.cfi_startproc
 103              		@ args = 0, pretend = 0, frame = 72
 104              		@ frame_needed = 1, uses_anonymous_args = 0
 105 0000 90B5     		push	{r4, r7, lr}
 106              		.cfi_def_cfa_offset 12
 107              		.cfi_offset 4, -12
 108              		.cfi_offset 7, -8
 109              		.cfi_offset 14, -4
 110 0002 93B0     		sub	sp, sp, #76
 111              		.cfi_def_cfa_offset 88
 112 0004 00AF     		add	r7, sp, #0
 113              		.cfi_def_cfa_register 7
  36:main.c        ****     CyGlobalIntEnable; /* Enable global interrupts. */
 114              		.loc 1 36 0
 115              		.syntax unified
 116              	@ 36 "main.c" 1
 117 0006 62B6     		CPSIE   i
 118              	@ 0 "" 2
  37:main.c        ****     char buffer[64];
  38:main.c        ****     
  39:main.c        ****   
  40:main.c        ****     FlowSense_Init();
 119              		.loc 1 40 0
 120              		.thumb
 121              		.syntax unified
 122 0008 FFF7FEFF 		bl	FlowSense_Init
  41:main.c        ****     SerialCom_Init();
 123              		.loc 1 41 0
 124 000c FFF7FEFF 		bl	SerialCom_Init
  42:main.c        ****     PingSensor_Init();
 125              		.loc 1 42 0
 126 0010 FFF7FEFF 		bl	PingSensor_Init
  43:main.c        ****     ECSense_Init();
 127              		.loc 1 43 0
 128 0014 FFF7FEFF 		bl	ECSense_Init
  44:main.c        **** 
  45:main.c        ****     
  46:main.c        ****     //Sensor Transmit
  47:main.c        ****     SensorComTx_Init();
 129              		.loc 1 47 0
 130 0018 FFF7FEFF 		bl	SensorComTx_Init
  48:main.c        ****     pHSense_Init();
 131              		.loc 1 48 0
 132 001c FFF7FEFF 		bl	pHSense_Init
  49:main.c        ****     sensor_data_init(&sd);
 133              		.loc 1 49 0
 134 0020 3B48     		ldr	r0, .L3
 135 0022 FFF7FEFF 		bl	sensor_data_init
  50:main.c        ****     SenseSwitch_Init();
 136              		.loc 1 50 0
 137 0026 FFF7FEFF 		bl	SenseSwitch_Init
  51:main.c        ****     
  52:main.c        ****     
  53:main.c        ****     
ARM GAS  C:\Users\tpbw4321\AppData\Local\Temp\cck3JO3s.s 			page 5


  54:main.c        ****     printf("Hydroponic Automation\r\n");
 138              		.loc 1 54 0
 139 002a 3A48     		ldr	r0, .L3+4
 140 002c FFF7FEFF 		bl	puts
 141              	.L2:
  55:main.c        ****     message_t target;
  56:main.c        ****     
  57:main.c        ****     /* Place your initialization/startup code here (e.g. MyInst_Start()) */
  58:main.c        ****     for(;;)
  59:main.c        ****     {
  60:main.c        ****         //Update Sensor Readings
  61:main.c        ****         sd.h2o_level = PingSensor_GetWaterLevel();
 142              		.loc 1 61 0 discriminator 1
 143 0030 FFF7FEFF 		bl	PingSensor_GetWaterLevel
 144 0034 0346     		mov	r3, r0
 145 0036 0C46     		mov	r4, r1
 146 0038 354A     		ldr	r2, .L3
 147 003a C2E90034 		strd	r3, [r2]
  62:main.c        ****         sd.h2o_stored = PingSensor_GetWaterResLevel();
 148              		.loc 1 62 0 discriminator 1
 149 003e FFF7FEFF 		bl	PingSensor_GetWaterResLevel
 150 0042 0346     		mov	r3, r0
 151 0044 0C46     		mov	r4, r1
 152 0046 324A     		ldr	r2, .L3
 153 0048 C2E90234 		strd	r3, [r2, #8]
  63:main.c        ****         sd.ph_level = pHSense_GetpH();
 154              		.loc 1 63 0 discriminator 1
 155 004c FFF7FEFF 		bl	pHSense_GetpH
 156 0050 0346     		mov	r3, r0
 157 0052 1846     		mov	r0, r3
 158 0054 FFF7FEFF 		bl	__aeabi_f2d
 159 0058 0346     		mov	r3, r0
 160 005a 0C46     		mov	r4, r1
 161 005c 2C4A     		ldr	r2, .L3
 162 005e C2E90434 		strd	r3, [r2, #16]
  64:main.c        ****         sd.ph_up_stored = PingSensor_GetpHUpLevel();
 163              		.loc 1 64 0 discriminator 1
 164 0062 FFF7FEFF 		bl	PingSensor_GetpHUpLevel
 165 0066 0346     		mov	r3, r0
 166 0068 0C46     		mov	r4, r1
 167 006a 294A     		ldr	r2, .L3
 168 006c C2E90634 		strd	r3, [r2, #24]
  65:main.c        ****         sd.ph_down_stored = PingSensor_GetpHDownLevel();
 169              		.loc 1 65 0 discriminator 1
 170 0070 FFF7FEFF 		bl	PingSensor_GetpHDownLevel
 171 0074 0346     		mov	r3, r0
 172 0076 0C46     		mov	r4, r1
 173 0078 254A     		ldr	r2, .L3
 174 007a C2E90834 		strd	r3, [r2, #32]
  66:main.c        ****         sd.ec_level = ECSense_GetEC();
 175              		.loc 1 66 0 discriminator 1
 176 007e FFF7FEFF 		bl	ECSense_GetEC
 177 0082 0346     		mov	r3, r0
 178 0084 1846     		mov	r0, r3
 179 0086 FFF7FEFF 		bl	__aeabi_ui2d
 180 008a 0346     		mov	r3, r0
 181 008c 0C46     		mov	r4, r1
ARM GAS  C:\Users\tpbw4321\AppData\Local\Temp\cck3JO3s.s 			page 6


 182 008e 204A     		ldr	r2, .L3
 183 0090 C2E90A34 		strd	r3, [r2, #40]
  67:main.c        ****         sd.ec_stored = PingSensor_GetNutLevel();
 184              		.loc 1 67 0 discriminator 1
 185 0094 FFF7FEFF 		bl	PingSensor_GetNutLevel
 186 0098 0346     		mov	r3, r0
 187 009a 0C46     		mov	r4, r1
 188 009c 1C4A     		ldr	r2, .L3
 189 009e C2E90C34 		strd	r3, [r2, #48]
  68:main.c        ****         sd.temp_measured = 0;
 190              		.loc 1 68 0 discriminator 1
 191 00a2 1B4A     		ldr	r2, .L3
 192 00a4 4FF00003 		mov	r3, #0
 193 00a8 4FF00004 		mov	r4, #0
 194 00ac C2E90E34 		strd	r3, [r2, #56]
  69:main.c        ****         sd.flow_measured = FlowSense_GetFlowRate();
 195              		.loc 1 69 0 discriminator 1
 196 00b0 FFF7FEFF 		bl	FlowSense_GetFlowRate
 197 00b4 0346     		mov	r3, r0
 198 00b6 1846     		mov	r0, r3
 199 00b8 FFF7FEFF 		bl	__aeabi_f2d
 200 00bc 0346     		mov	r3, r0
 201 00be 0C46     		mov	r4, r1
 202 00c0 134A     		ldr	r2, .L3
 203 00c2 C2E91034 		strd	r3, [r2, #64]
  70:main.c        ****         
  71:main.c        ****         //Set Targets
  72:main.c        ****         sd.flow_target = 0;
 204              		.loc 1 72 0 discriminator 1
 205 00c6 124A     		ldr	r2, .L3
 206 00c8 4FF00003 		mov	r3, #0
 207 00cc 4FF00004 		mov	r4, #0
 208 00d0 C2E91234 		strd	r3, [r2, #72]
  73:main.c        ****         sd.ph_target = 0;
 209              		.loc 1 73 0 discriminator 1
 210 00d4 0E4A     		ldr	r2, .L3
 211 00d6 4FF00003 		mov	r3, #0
 212 00da 4FF00004 		mov	r4, #0
 213 00de C2E91434 		strd	r3, [r2, #80]
  74:main.c        ****         sd.ec_target = 0;
 214              		.loc 1 74 0 discriminator 1
 215 00e2 0B4A     		ldr	r2, .L3
 216 00e4 4FF00003 		mov	r3, #0
 217 00e8 4FF00004 		mov	r4, #0
 218 00ec C2E91634 		strd	r3, [r2, #88]
  75:main.c        ****         sd.h2o_target = 0;
 219              		.loc 1 75 0 discriminator 1
 220 00f0 074A     		ldr	r2, .L3
 221 00f2 4FF00003 		mov	r3, #0
 222 00f6 4FF00004 		mov	r4, #0
 223 00fa C2E91834 		strd	r3, [r2, #96]
  76:main.c        ****         sd.temp_target = 0;   
 224              		.loc 1 76 0 discriminator 1
 225 00fe 044A     		ldr	r2, .L3
 226 0100 4FF00003 		mov	r3, #0
 227 0104 4FF00004 		mov	r4, #0
 228 0108 C2E91A34 		strd	r3, [r2, #104]
ARM GAS  C:\Users\tpbw4321\AppData\Local\Temp\cck3JO3s.s 			page 7


  77:main.c        ****             
  78:main.c        **** //        if(SensorComTx_isReady()){
  79:main.c        **** //            //Update Sensor Readings
  80:main.c        **** //            sd.h2o_level = PingSensor_GetWaterLevel();
  81:main.c        **** //            sd.h2o_stored = PingSensor_GetWaterResLevel();
  82:main.c        **** //            sd.ph_level = pHSense_GetpH();
  83:main.c        **** //            sd.ph_up_stored = PingSensor_GetpHUpLevel();
  84:main.c        **** //            sd.ph_down_stored = PingSensor_GetpHDownLevel();
  85:main.c        **** //            sd.ec_level = ECSense_GetEC();
  86:main.c        **** //            sd.ec_stored = PingSensor_GetNutLevel();
  87:main.c        **** //            sd.temp_measured = 0;
  88:main.c        **** //            sd.flow_measured = FlowSense_GetFlowRate();
  89:main.c        **** //            
  90:main.c        **** //            //Set Targets
  91:main.c        **** //            sd.flow_target = 0;
  92:main.c        **** //            sd.ph_target = 0;
  93:main.c        **** //            sd.ec_target = 0;
  94:main.c        **** //            sd.h2o_target = 0;
  95:main.c        **** //            sd.temp_target = 0;   
  96:main.c        **** //            
  97:main.c        **** //            SensorComTx_EncodeMessage(sd,buffer);
  98:main.c        **** //            SensorComTx_SendMessage(buffer);
  99:main.c        **** //        }
 100:main.c        ****     }
 229              		.loc 1 100 0 discriminator 1
 230 010c 90E7     		b	.L2
 231              	.L4:
 232 010e 00BF     		.align	2
 233              	.L3:
 234 0110 00000000 		.word	sd
 235 0114 C0000000 		.word	.LC14
 236              		.cfi_endproc
 237              	.LFE64:
 238              		.size	main, .-main
 239              		.text
 240              	.Letext0:
 241              		.file 2 "c:\\program files (x86)\\cypress\\psoc creator\\4.2\\psoc creator\\import\\gnu\\arm\\5.4.
 242              		.file 3 "c:\\program files (x86)\\cypress\\psoc creator\\4.2\\psoc creator\\import\\gnu\\arm\\5.4.
 243              		.file 4 ".\\include/Protocol.h"
 244              		.file 5 ".\\include/sensor_data.h"
 245              		.file 6 "Generated_Source\\PSoC5/core_cm3.h"
 246              		.section	.debug_info,"",%progbits
 247              	.Ldebug_info0:
 248 0000 A8020000 		.4byte	0x2a8
 249 0004 0400     		.2byte	0x4
 250 0006 00000000 		.4byte	.Ldebug_abbrev0
 251 000a 04       		.byte	0x4
 252 000b 01       		.uleb128 0x1
 253 000c 00000000 		.4byte	.LASF45
 254 0010 0C       		.byte	0xc
 255 0011 80020000 		.4byte	.LASF46
 256 0015 DE000000 		.4byte	.LASF47
 257 0019 00000000 		.4byte	.Ldebug_ranges0+0
 258 001d 00000000 		.4byte	0
 259 0021 00000000 		.4byte	.Ldebug_line0
 260 0025 02       		.uleb128 0x2
 261 0026 01       		.byte	0x1
ARM GAS  C:\Users\tpbw4321\AppData\Local\Temp\cck3JO3s.s 			page 8


 262 0027 06       		.byte	0x6
 263 0028 DF020000 		.4byte	.LASF0
 264 002c 02       		.uleb128 0x2
 265 002d 01       		.byte	0x1
 266 002e 08       		.byte	0x8
 267 002f 7C010000 		.4byte	.LASF1
 268 0033 02       		.uleb128 0x2
 269 0034 02       		.byte	0x2
 270 0035 05       		.byte	0x5
 271 0036 A1020000 		.4byte	.LASF2
 272 003a 02       		.uleb128 0x2
 273 003b 02       		.byte	0x2
 274 003c 07       		.byte	0x7
 275 003d A6010000 		.4byte	.LASF3
 276 0041 03       		.uleb128 0x3
 277 0042 BA000000 		.4byte	.LASF9
 278 0046 02       		.byte	0x2
 279 0047 3F       		.byte	0x3f
 280 0048 4C000000 		.4byte	0x4c
 281 004c 02       		.uleb128 0x2
 282 004d 04       		.byte	0x4
 283 004e 05       		.byte	0x5
 284 004f B2020000 		.4byte	.LASF4
 285 0053 02       		.uleb128 0x2
 286 0054 04       		.byte	0x4
 287 0055 07       		.byte	0x7
 288 0056 94010000 		.4byte	.LASF5
 289 005a 02       		.uleb128 0x2
 290 005b 08       		.byte	0x8
 291 005c 05       		.byte	0x5
 292 005d 72020000 		.4byte	.LASF6
 293 0061 02       		.uleb128 0x2
 294 0062 08       		.byte	0x8
 295 0063 07       		.byte	0x7
 296 0064 1D020000 		.4byte	.LASF7
 297 0068 04       		.uleb128 0x4
 298 0069 04       		.byte	0x4
 299 006a 05       		.byte	0x5
 300 006b 696E7400 		.ascii	"int\000"
 301 006f 02       		.uleb128 0x2
 302 0070 04       		.byte	0x4
 303 0071 07       		.byte	0x7
 304 0072 10020000 		.4byte	.LASF8
 305 0076 03       		.uleb128 0x3
 306 0077 61020000 		.4byte	.LASF10
 307 007b 03       		.byte	0x3
 308 007c 2C       		.byte	0x2c
 309 007d 41000000 		.4byte	0x41
 310 0081 02       		.uleb128 0x2
 311 0082 04       		.byte	0x4
 312 0083 04       		.byte	0x4
 313 0084 6A010000 		.4byte	.LASF11
 314 0088 02       		.uleb128 0x2
 315 0089 08       		.byte	0x8
 316 008a 04       		.byte	0x4
 317 008b EF010000 		.4byte	.LASF12
 318 008f 02       		.uleb128 0x2
ARM GAS  C:\Users\tpbw4321\AppData\Local\Temp\cck3JO3s.s 			page 9


 319 0090 01       		.byte	0x1
 320 0091 08       		.byte	0x8
 321 0092 87020000 		.4byte	.LASF13
 322 0096 02       		.uleb128 0x2
 323 0097 08       		.byte	0x8
 324 0098 04       		.byte	0x4
 325 0099 C8020000 		.4byte	.LASF14
 326 009d 02       		.uleb128 0x2
 327 009e 04       		.byte	0x4
 328 009f 07       		.byte	0x7
 329 00a0 69020000 		.4byte	.LASF15
 330 00a4 05       		.uleb128 0x5
 331 00a5 04       		.byte	0x4
 332 00a6 AA000000 		.4byte	0xaa
 333 00aa 06       		.uleb128 0x6
 334 00ab 8F000000 		.4byte	0x8f
 335 00af 07       		.uleb128 0x7
 336 00b0 8E000000 		.4byte	.LASF30
 337 00b4 01       		.byte	0x1
 338 00b5 2C000000 		.4byte	0x2c
 339 00b9 04       		.byte	0x4
 340 00ba 13       		.byte	0x13
 341 00bb 14010000 		.4byte	0x114
 342 00bf 08       		.uleb128 0x8
 343 00c0 4B020000 		.4byte	.LASF16
 344 00c4 00       		.byte	0
 345 00c5 08       		.uleb128 0x8
 346 00c6 C4000000 		.4byte	.LASF17
 347 00ca 01       		.byte	0x1
 348 00cb 08       		.uleb128 0x8
 349 00cc 8A010000 		.4byte	.LASF18
 350 00d0 02       		.byte	0x2
 351 00d1 08       		.uleb128 0x8
 352 00d2 FA020000 		.4byte	.LASF19
 353 00d6 03       		.byte	0x3
 354 00d7 08       		.uleb128 0x8
 355 00d8 A3000000 		.4byte	.LASF20
 356 00dc 04       		.byte	0x4
 357 00dd 08       		.uleb128 0x8
 358 00de 97020000 		.4byte	.LASF21
 359 00e2 05       		.byte	0x5
 360 00e3 08       		.uleb128 0x8
 361 00e4 05020000 		.4byte	.LASF22
 362 00e8 06       		.byte	0x6
 363 00e9 08       		.uleb128 0x8
 364 00ea 70010000 		.4byte	.LASF23
 365 00ee 07       		.byte	0x7
 366 00ef 08       		.uleb128 0x8
 367 00f0 BB020000 		.4byte	.LASF24
 368 00f4 08       		.byte	0x8
 369 00f5 08       		.uleb128 0x8
 370 00f6 EB020000 		.4byte	.LASF25
 371 00fa 09       		.byte	0x9
 372 00fb 08       		.uleb128 0x8
 373 00fc 3F020000 		.4byte	.LASF26
 374 0100 0A       		.byte	0xa
 375 0101 08       		.uleb128 0x8
ARM GAS  C:\Users\tpbw4321\AppData\Local\Temp\cck3JO3s.s 			page 10


 376 0102 C5010000 		.4byte	.LASF27
 377 0106 0B       		.byte	0xb
 378 0107 08       		.uleb128 0x8
 379 0108 95000000 		.4byte	.LASF28
 380 010c 0C       		.byte	0xc
 381 010d 08       		.uleb128 0x8
 382 010e D0000000 		.4byte	.LASF29
 383 0112 0D       		.byte	0xd
 384 0113 00       		.byte	0
 385 0114 03       		.uleb128 0x3
 386 0115 8E000000 		.4byte	.LASF30
 387 0119 04       		.byte	0x4
 388 011a 26       		.byte	0x26
 389 011b AF000000 		.4byte	0xaf
 390 011f 09       		.uleb128 0x9
 391 0120 57020000 		.4byte	.LASF32
 392 0124 08       		.byte	0x8
 393 0125 04       		.byte	0x4
 394 0126 3C       		.byte	0x3c
 395 0127 44010000 		.4byte	0x144
 396 012b 0A       		.uleb128 0xa
 397 012c 6B657900 		.ascii	"key\000"
 398 0130 04       		.byte	0x4
 399 0131 3D       		.byte	0x3d
 400 0132 14010000 		.4byte	0x114
 401 0136 00       		.byte	0
 402 0137 0B       		.uleb128 0xb
 403 0138 B4000000 		.4byte	.LASF31
 404 013c 04       		.byte	0x4
 405 013d 3E       		.byte	0x3e
 406 013e 81000000 		.4byte	0x81
 407 0142 04       		.byte	0x4
 408 0143 00       		.byte	0
 409 0144 03       		.uleb128 0x3
 410 0145 57020000 		.4byte	.LASF32
 411 0149 04       		.byte	0x4
 412 014a 3F       		.byte	0x3f
 413 014b 1F010000 		.4byte	0x11f
 414 014f 0C       		.uleb128 0xc
 415 0150 0D030000 		.4byte	.LASF33
 416 0154 7001     		.2byte	0x170
 417 0156 05       		.byte	0x5
 418 0157 05       		.byte	0x5
 419 0158 11020000 		.4byte	0x211
 420 015c 0B       		.uleb128 0xb
 421 015d E5010000 		.4byte	.LASF34
 422 0161 05       		.byte	0x5
 423 0162 06       		.byte	0x6
 424 0163 88000000 		.4byte	0x88
 425 0167 00       		.byte	0
 426 0168 0B       		.uleb128 0xb
 427 0169 34020000 		.4byte	.LASF35
 428 016d 05       		.byte	0x5
 429 016e 07       		.byte	0x7
 430 016f 88000000 		.4byte	0x88
 431 0173 08       		.byte	0x8
 432 0174 0B       		.uleb128 0xb
ARM GAS  C:\Users\tpbw4321\AppData\Local\Temp\cck3JO3s.s 			page 11


 433 0175 DC010000 		.4byte	.LASF36
 434 0179 05       		.byte	0x5
 435 017a 08       		.byte	0x8
 436 017b 88000000 		.4byte	0x88
 437 017f 10       		.byte	0x10
 438 0180 0B       		.uleb128 0xb
 439 0181 BB020000 		.4byte	.LASF24
 440 0185 05       		.byte	0x5
 441 0186 09       		.byte	0x9
 442 0187 88000000 		.4byte	0x88
 443 018b 18       		.byte	0x18
 444 018c 0B       		.uleb128 0xb
 445 018d EB020000 		.4byte	.LASF25
 446 0191 05       		.byte	0x5
 447 0192 0A       		.byte	0xa
 448 0193 88000000 		.4byte	0x88
 449 0197 20       		.byte	0x20
 450 0198 0B       		.uleb128 0xb
 451 0199 04030000 		.4byte	.LASF37
 452 019d 05       		.byte	0x5
 453 019e 0B       		.byte	0xb
 454 019f 88000000 		.4byte	0x88
 455 01a3 28       		.byte	0x28
 456 01a4 0B       		.uleb128 0xb
 457 01a5 C5010000 		.4byte	.LASF27
 458 01a9 05       		.byte	0x5
 459 01aa 0C       		.byte	0xc
 460 01ab 88000000 		.4byte	0x88
 461 01af 30       		.byte	0x30
 462 01b0 0B       		.uleb128 0xb
 463 01b1 95000000 		.4byte	.LASF28
 464 01b5 05       		.byte	0x5
 465 01b6 0D       		.byte	0xd
 466 01b7 88000000 		.4byte	0x88
 467 01bb 38       		.byte	0x38
 468 01bc 0B       		.uleb128 0xb
 469 01bd D0000000 		.4byte	.LASF29
 470 01c1 05       		.byte	0x5
 471 01c2 0E       		.byte	0xe
 472 01c3 88000000 		.4byte	0x88
 473 01c7 40       		.byte	0x40
 474 01c8 0B       		.uleb128 0xb
 475 01c9 C4000000 		.4byte	.LASF17
 476 01cd 05       		.byte	0x5
 477 01ce 0F       		.byte	0xf
 478 01cf 88000000 		.4byte	0x88
 479 01d3 48       		.byte	0x48
 480 01d4 0B       		.uleb128 0xb
 481 01d5 8A010000 		.4byte	.LASF18
 482 01d9 05       		.byte	0x5
 483 01da 10       		.byte	0x10
 484 01db 88000000 		.4byte	0x88
 485 01df 50       		.byte	0x50
 486 01e0 0B       		.uleb128 0xb
 487 01e1 FA020000 		.4byte	.LASF19
 488 01e5 05       		.byte	0x5
 489 01e6 11       		.byte	0x11
ARM GAS  C:\Users\tpbw4321\AppData\Local\Temp\cck3JO3s.s 			page 12


 490 01e7 88000000 		.4byte	0x88
 491 01eb 58       		.byte	0x58
 492 01ec 0B       		.uleb128 0xb
 493 01ed 8C020000 		.4byte	.LASF38
 494 01f1 05       		.byte	0x5
 495 01f2 12       		.byte	0x12
 496 01f3 88000000 		.4byte	0x88
 497 01f7 60       		.byte	0x60
 498 01f8 0B       		.uleb128 0xb
 499 01f9 B9010000 		.4byte	.LASF39
 500 01fd 05       		.byte	0x5
 501 01fe 13       		.byte	0x13
 502 01ff 88000000 		.4byte	0x88
 503 0203 68       		.byte	0x68
 504 0204 0B       		.uleb128 0xb
 505 0205 FB010000 		.4byte	.LASF40
 506 0209 05       		.byte	0x5
 507 020a 14       		.byte	0x14
 508 020b 11020000 		.4byte	0x211
 509 020f 70       		.byte	0x70
 510 0210 00       		.byte	0
 511 0211 0D       		.uleb128 0xd
 512 0212 8F000000 		.4byte	0x8f
 513 0216 21020000 		.4byte	0x221
 514 021a 0E       		.uleb128 0xe
 515 021b 9D000000 		.4byte	0x9d
 516 021f FF       		.byte	0xff
 517 0220 00       		.byte	0
 518 0221 0F       		.uleb128 0xf
 519 0222 F6010000 		.4byte	.LASF48
 520 0226 01       		.byte	0x1
 521 0227 22       		.byte	0x22
 522 0228 68000000 		.4byte	0x68
 523 022c 00000000 		.4byte	.LFB64
 524 0230 18010000 		.4byte	.LFE64-.LFB64
 525 0234 01       		.uleb128 0x1
 526 0235 9C       		.byte	0x9c
 527 0236 59020000 		.4byte	0x259
 528 023a 10       		.uleb128 0x10
 529 023b AB020000 		.4byte	.LASF41
 530 023f 01       		.byte	0x1
 531 0240 25       		.byte	0x25
 532 0241 59020000 		.4byte	0x259
 533 0245 03       		.uleb128 0x3
 534 0246 91       		.byte	0x91
 535 0247 B07F     		.sleb128 -80
 536 0249 10       		.uleb128 0x10
 537 024a 63010000 		.4byte	.LASF42
 538 024e 01       		.byte	0x1
 539 024f 37       		.byte	0x37
 540 0250 44010000 		.4byte	0x144
 541 0254 03       		.uleb128 0x3
 542 0255 91       		.byte	0x91
 543 0256 A87F     		.sleb128 -88
 544 0258 00       		.byte	0
 545 0259 0D       		.uleb128 0xd
 546 025a 8F000000 		.4byte	0x8f
ARM GAS  C:\Users\tpbw4321\AppData\Local\Temp\cck3JO3s.s 			page 13


 547 025e 69020000 		.4byte	0x269
 548 0262 0E       		.uleb128 0xe
 549 0263 9D000000 		.4byte	0x9d
 550 0267 3F       		.byte	0x3f
 551 0268 00       		.byte	0
 552 0269 0D       		.uleb128 0xd
 553 026a A4000000 		.4byte	0xa4
 554 026e 79020000 		.4byte	0x279
 555 0272 0E       		.uleb128 0xe
 556 0273 9D000000 		.4byte	0x9d
 557 0277 0D       		.byte	0xd
 558 0278 00       		.byte	0
 559 0279 10       		.uleb128 0x10
 560 027a D4020000 		.4byte	.LASF43
 561 027e 04       		.byte	0x4
 562 027f 28       		.byte	0x28
 563 0280 69020000 		.4byte	0x269
 564 0284 05       		.uleb128 0x5
 565 0285 03       		.byte	0x3
 566 0286 00000000 		.4byte	pkey_const
 567 028a 11       		.uleb128 0x11
 568 028b CF010000 		.4byte	.LASF44
 569 028f 06       		.byte	0x6
 570 0290 1207     		.2byte	0x712
 571 0292 96020000 		.4byte	0x296
 572 0296 12       		.uleb128 0x12
 573 0297 76000000 		.4byte	0x76
 574 029b 13       		.uleb128 0x13
 575 029c 736400   		.ascii	"sd\000"
 576 029f 01       		.byte	0x1
 577 02a0 20       		.byte	0x20
 578 02a1 4F010000 		.4byte	0x14f
 579 02a5 05       		.uleb128 0x5
 580 02a6 03       		.byte	0x3
 581 02a7 00000000 		.4byte	sd
 582 02ab 00       		.byte	0
 583              		.section	.debug_abbrev,"",%progbits
 584              	.Ldebug_abbrev0:
 585 0000 01       		.uleb128 0x1
 586 0001 11       		.uleb128 0x11
 587 0002 01       		.byte	0x1
 588 0003 25       		.uleb128 0x25
 589 0004 0E       		.uleb128 0xe
 590 0005 13       		.uleb128 0x13
 591 0006 0B       		.uleb128 0xb
 592 0007 03       		.uleb128 0x3
 593 0008 0E       		.uleb128 0xe
 594 0009 1B       		.uleb128 0x1b
 595 000a 0E       		.uleb128 0xe
 596 000b 55       		.uleb128 0x55
 597 000c 17       		.uleb128 0x17
 598 000d 11       		.uleb128 0x11
 599 000e 01       		.uleb128 0x1
 600 000f 10       		.uleb128 0x10
 601 0010 17       		.uleb128 0x17
 602 0011 00       		.byte	0
 603 0012 00       		.byte	0
ARM GAS  C:\Users\tpbw4321\AppData\Local\Temp\cck3JO3s.s 			page 14


 604 0013 02       		.uleb128 0x2
 605 0014 24       		.uleb128 0x24
 606 0015 00       		.byte	0
 607 0016 0B       		.uleb128 0xb
 608 0017 0B       		.uleb128 0xb
 609 0018 3E       		.uleb128 0x3e
 610 0019 0B       		.uleb128 0xb
 611 001a 03       		.uleb128 0x3
 612 001b 0E       		.uleb128 0xe
 613 001c 00       		.byte	0
 614 001d 00       		.byte	0
 615 001e 03       		.uleb128 0x3
 616 001f 16       		.uleb128 0x16
 617 0020 00       		.byte	0
 618 0021 03       		.uleb128 0x3
 619 0022 0E       		.uleb128 0xe
 620 0023 3A       		.uleb128 0x3a
 621 0024 0B       		.uleb128 0xb
 622 0025 3B       		.uleb128 0x3b
 623 0026 0B       		.uleb128 0xb
 624 0027 49       		.uleb128 0x49
 625 0028 13       		.uleb128 0x13
 626 0029 00       		.byte	0
 627 002a 00       		.byte	0
 628 002b 04       		.uleb128 0x4
 629 002c 24       		.uleb128 0x24
 630 002d 00       		.byte	0
 631 002e 0B       		.uleb128 0xb
 632 002f 0B       		.uleb128 0xb
 633 0030 3E       		.uleb128 0x3e
 634 0031 0B       		.uleb128 0xb
 635 0032 03       		.uleb128 0x3
 636 0033 08       		.uleb128 0x8
 637 0034 00       		.byte	0
 638 0035 00       		.byte	0
 639 0036 05       		.uleb128 0x5
 640 0037 0F       		.uleb128 0xf
 641 0038 00       		.byte	0
 642 0039 0B       		.uleb128 0xb
 643 003a 0B       		.uleb128 0xb
 644 003b 49       		.uleb128 0x49
 645 003c 13       		.uleb128 0x13
 646 003d 00       		.byte	0
 647 003e 00       		.byte	0
 648 003f 06       		.uleb128 0x6
 649 0040 26       		.uleb128 0x26
 650 0041 00       		.byte	0
 651 0042 49       		.uleb128 0x49
 652 0043 13       		.uleb128 0x13
 653 0044 00       		.byte	0
 654 0045 00       		.byte	0
 655 0046 07       		.uleb128 0x7
 656 0047 04       		.uleb128 0x4
 657 0048 01       		.byte	0x1
 658 0049 03       		.uleb128 0x3
 659 004a 0E       		.uleb128 0xe
 660 004b 0B       		.uleb128 0xb
ARM GAS  C:\Users\tpbw4321\AppData\Local\Temp\cck3JO3s.s 			page 15


 661 004c 0B       		.uleb128 0xb
 662 004d 49       		.uleb128 0x49
 663 004e 13       		.uleb128 0x13
 664 004f 3A       		.uleb128 0x3a
 665 0050 0B       		.uleb128 0xb
 666 0051 3B       		.uleb128 0x3b
 667 0052 0B       		.uleb128 0xb
 668 0053 01       		.uleb128 0x1
 669 0054 13       		.uleb128 0x13
 670 0055 00       		.byte	0
 671 0056 00       		.byte	0
 672 0057 08       		.uleb128 0x8
 673 0058 28       		.uleb128 0x28
 674 0059 00       		.byte	0
 675 005a 03       		.uleb128 0x3
 676 005b 0E       		.uleb128 0xe
 677 005c 1C       		.uleb128 0x1c
 678 005d 0B       		.uleb128 0xb
 679 005e 00       		.byte	0
 680 005f 00       		.byte	0
 681 0060 09       		.uleb128 0x9
 682 0061 13       		.uleb128 0x13
 683 0062 01       		.byte	0x1
 684 0063 03       		.uleb128 0x3
 685 0064 0E       		.uleb128 0xe
 686 0065 0B       		.uleb128 0xb
 687 0066 0B       		.uleb128 0xb
 688 0067 3A       		.uleb128 0x3a
 689 0068 0B       		.uleb128 0xb
 690 0069 3B       		.uleb128 0x3b
 691 006a 0B       		.uleb128 0xb
 692 006b 01       		.uleb128 0x1
 693 006c 13       		.uleb128 0x13
 694 006d 00       		.byte	0
 695 006e 00       		.byte	0
 696 006f 0A       		.uleb128 0xa
 697 0070 0D       		.uleb128 0xd
 698 0071 00       		.byte	0
 699 0072 03       		.uleb128 0x3
 700 0073 08       		.uleb128 0x8
 701 0074 3A       		.uleb128 0x3a
 702 0075 0B       		.uleb128 0xb
 703 0076 3B       		.uleb128 0x3b
 704 0077 0B       		.uleb128 0xb
 705 0078 49       		.uleb128 0x49
 706 0079 13       		.uleb128 0x13
 707 007a 38       		.uleb128 0x38
 708 007b 0B       		.uleb128 0xb
 709 007c 00       		.byte	0
 710 007d 00       		.byte	0
 711 007e 0B       		.uleb128 0xb
 712 007f 0D       		.uleb128 0xd
 713 0080 00       		.byte	0
 714 0081 03       		.uleb128 0x3
 715 0082 0E       		.uleb128 0xe
 716 0083 3A       		.uleb128 0x3a
 717 0084 0B       		.uleb128 0xb
ARM GAS  C:\Users\tpbw4321\AppData\Local\Temp\cck3JO3s.s 			page 16


 718 0085 3B       		.uleb128 0x3b
 719 0086 0B       		.uleb128 0xb
 720 0087 49       		.uleb128 0x49
 721 0088 13       		.uleb128 0x13
 722 0089 38       		.uleb128 0x38
 723 008a 0B       		.uleb128 0xb
 724 008b 00       		.byte	0
 725 008c 00       		.byte	0
 726 008d 0C       		.uleb128 0xc
 727 008e 13       		.uleb128 0x13
 728 008f 01       		.byte	0x1
 729 0090 03       		.uleb128 0x3
 730 0091 0E       		.uleb128 0xe
 731 0092 0B       		.uleb128 0xb
 732 0093 05       		.uleb128 0x5
 733 0094 3A       		.uleb128 0x3a
 734 0095 0B       		.uleb128 0xb
 735 0096 3B       		.uleb128 0x3b
 736 0097 0B       		.uleb128 0xb
 737 0098 01       		.uleb128 0x1
 738 0099 13       		.uleb128 0x13
 739 009a 00       		.byte	0
 740 009b 00       		.byte	0
 741 009c 0D       		.uleb128 0xd
 742 009d 01       		.uleb128 0x1
 743 009e 01       		.byte	0x1
 744 009f 49       		.uleb128 0x49
 745 00a0 13       		.uleb128 0x13
 746 00a1 01       		.uleb128 0x1
 747 00a2 13       		.uleb128 0x13
 748 00a3 00       		.byte	0
 749 00a4 00       		.byte	0
 750 00a5 0E       		.uleb128 0xe
 751 00a6 21       		.uleb128 0x21
 752 00a7 00       		.byte	0
 753 00a8 49       		.uleb128 0x49
 754 00a9 13       		.uleb128 0x13
 755 00aa 2F       		.uleb128 0x2f
 756 00ab 0B       		.uleb128 0xb
 757 00ac 00       		.byte	0
 758 00ad 00       		.byte	0
 759 00ae 0F       		.uleb128 0xf
 760 00af 2E       		.uleb128 0x2e
 761 00b0 01       		.byte	0x1
 762 00b1 3F       		.uleb128 0x3f
 763 00b2 19       		.uleb128 0x19
 764 00b3 03       		.uleb128 0x3
 765 00b4 0E       		.uleb128 0xe
 766 00b5 3A       		.uleb128 0x3a
 767 00b6 0B       		.uleb128 0xb
 768 00b7 3B       		.uleb128 0x3b
 769 00b8 0B       		.uleb128 0xb
 770 00b9 27       		.uleb128 0x27
 771 00ba 19       		.uleb128 0x19
 772 00bb 49       		.uleb128 0x49
 773 00bc 13       		.uleb128 0x13
 774 00bd 11       		.uleb128 0x11
ARM GAS  C:\Users\tpbw4321\AppData\Local\Temp\cck3JO3s.s 			page 17


 775 00be 01       		.uleb128 0x1
 776 00bf 12       		.uleb128 0x12
 777 00c0 06       		.uleb128 0x6
 778 00c1 40       		.uleb128 0x40
 779 00c2 18       		.uleb128 0x18
 780 00c3 9642     		.uleb128 0x2116
 781 00c5 19       		.uleb128 0x19
 782 00c6 01       		.uleb128 0x1
 783 00c7 13       		.uleb128 0x13
 784 00c8 00       		.byte	0
 785 00c9 00       		.byte	0
 786 00ca 10       		.uleb128 0x10
 787 00cb 34       		.uleb128 0x34
 788 00cc 00       		.byte	0
 789 00cd 03       		.uleb128 0x3
 790 00ce 0E       		.uleb128 0xe
 791 00cf 3A       		.uleb128 0x3a
 792 00d0 0B       		.uleb128 0xb
 793 00d1 3B       		.uleb128 0x3b
 794 00d2 0B       		.uleb128 0xb
 795 00d3 49       		.uleb128 0x49
 796 00d4 13       		.uleb128 0x13
 797 00d5 02       		.uleb128 0x2
 798 00d6 18       		.uleb128 0x18
 799 00d7 00       		.byte	0
 800 00d8 00       		.byte	0
 801 00d9 11       		.uleb128 0x11
 802 00da 34       		.uleb128 0x34
 803 00db 00       		.byte	0
 804 00dc 03       		.uleb128 0x3
 805 00dd 0E       		.uleb128 0xe
 806 00de 3A       		.uleb128 0x3a
 807 00df 0B       		.uleb128 0xb
 808 00e0 3B       		.uleb128 0x3b
 809 00e1 05       		.uleb128 0x5
 810 00e2 49       		.uleb128 0x49
 811 00e3 13       		.uleb128 0x13
 812 00e4 3F       		.uleb128 0x3f
 813 00e5 19       		.uleb128 0x19
 814 00e6 3C       		.uleb128 0x3c
 815 00e7 19       		.uleb128 0x19
 816 00e8 00       		.byte	0
 817 00e9 00       		.byte	0
 818 00ea 12       		.uleb128 0x12
 819 00eb 35       		.uleb128 0x35
 820 00ec 00       		.byte	0
 821 00ed 49       		.uleb128 0x49
 822 00ee 13       		.uleb128 0x13
 823 00ef 00       		.byte	0
 824 00f0 00       		.byte	0
 825 00f1 13       		.uleb128 0x13
 826 00f2 34       		.uleb128 0x34
 827 00f3 00       		.byte	0
 828 00f4 03       		.uleb128 0x3
 829 00f5 08       		.uleb128 0x8
 830 00f6 3A       		.uleb128 0x3a
 831 00f7 0B       		.uleb128 0xb
ARM GAS  C:\Users\tpbw4321\AppData\Local\Temp\cck3JO3s.s 			page 18


 832 00f8 3B       		.uleb128 0x3b
 833 00f9 0B       		.uleb128 0xb
 834 00fa 49       		.uleb128 0x49
 835 00fb 13       		.uleb128 0x13
 836 00fc 3F       		.uleb128 0x3f
 837 00fd 19       		.uleb128 0x19
 838 00fe 02       		.uleb128 0x2
 839 00ff 18       		.uleb128 0x18
 840 0100 00       		.byte	0
 841 0101 00       		.byte	0
 842 0102 00       		.byte	0
 843              		.section	.debug_aranges,"",%progbits
 844 0000 1C000000 		.4byte	0x1c
 845 0004 0200     		.2byte	0x2
 846 0006 00000000 		.4byte	.Ldebug_info0
 847 000a 04       		.byte	0x4
 848 000b 00       		.byte	0
 849 000c 0000     		.2byte	0
 850 000e 0000     		.2byte	0
 851 0010 00000000 		.4byte	.LFB64
 852 0014 18010000 		.4byte	.LFE64-.LFB64
 853 0018 00000000 		.4byte	0
 854 001c 00000000 		.4byte	0
 855              		.section	.debug_ranges,"",%progbits
 856              	.Ldebug_ranges0:
 857 0000 00000000 		.4byte	.LFB64
 858 0004 18010000 		.4byte	.LFE64
 859 0008 00000000 		.4byte	0
 860 000c 00000000 		.4byte	0
 861              		.section	.debug_line,"",%progbits
 862              	.Ldebug_line0:
 863 0000 D4010000 		.section	.debug_str,"MS",%progbits,1
 863      02006801 
 863      00000201 
 863      FB0E0D00 
 863      01010101 
 864              	.LASF45:
 865 0000 474E5520 		.ascii	"GNU C11 5.4.1 20160609 (release) [ARM/embedded-5-br"
 865      43313120 
 865      352E342E 
 865      31203230 
 865      31363036 
 866 0033 616E6368 		.ascii	"anch revision 237715] -mcpu=cortex-m3 -mthumb -g -O"
 866      20726576 
 866      6973696F 
 866      6E203233 
 866      37373135 
 867 0066 30202D66 		.ascii	"0 -ffunction-sections -ffat-lto-objects\000"
 867      66756E63 
 867      74696F6E 
 867      2D736563 
 867      74696F6E 
 868              	.LASF30:
 869 008e 706B6579 		.ascii	"pkey_t\000"
 869      5F7400
 870              	.LASF28:
 871 0095 74656D70 		.ascii	"temp_measured\000"
ARM GAS  C:\Users\tpbw4321\AppData\Local\Temp\cck3JO3s.s 			page 19


 871      5F6D6561 
 871      73757265 
 871      6400
 872              	.LASF20:
 873 00a3 6832305F 		.ascii	"h20_level_target\000"
 873      6C657665 
 873      6C5F7461 
 873      72676574 
 873      00
 874              	.LASF31:
 875 00b4 76616C75 		.ascii	"value\000"
 875      6500
 876              	.LASF9:
 877 00ba 5F5F696E 		.ascii	"__int32_t\000"
 877      7433325F 
 877      7400
 878              	.LASF17:
 879 00c4 666C6F77 		.ascii	"flow_target\000"
 879      5F746172 
 879      67657400 
 880              	.LASF29:
 881 00d0 666C6F77 		.ascii	"flow_measured\000"
 881      5F6D6561 
 881      73757265 
 881      6400
 882              	.LASF47:
 883 00de 433A5C55 		.ascii	"C:\\Users\\tpbw4321\\AppData\\Roaming\\SPB_Data\\Hy"
 883      73657273 
 883      5C747062 
 883      77343332 
 883      315C4170 
 884 010b 64726F70 		.ascii	"droponicsAutomation\\Designs\\Software\\Embedded\\P"
 884      6F6E6963 
 884      73417574 
 884      6F6D6174 
 884      696F6E5C 
 885 013a 536F435C 		.ascii	"SoC\\HydroponicAutomationSensorPerf.cydsn\000"
 885      48796472 
 885      6F706F6E 
 885      69634175 
 885      746F6D61 
 886              	.LASF42:
 887 0163 74617267 		.ascii	"target\000"
 887      657400
 888              	.LASF11:
 889 016a 666C6F61 		.ascii	"float\000"
 889      7400
 890              	.LASF23:
 891 0170 70685F6D 		.ascii	"ph_measured\000"
 891      65617375 
 891      72656400 
 892              	.LASF1:
 893 017c 756E7369 		.ascii	"unsigned char\000"
 893      676E6564 
 893      20636861 
 893      7200
 894              	.LASF18:
ARM GAS  C:\Users\tpbw4321\AppData\Local\Temp\cck3JO3s.s 			page 20


 895 018a 70685F74 		.ascii	"ph_target\000"
 895      61726765 
 895      7400
 896              	.LASF5:
 897 0194 6C6F6E67 		.ascii	"long unsigned int\000"
 897      20756E73 
 897      69676E65 
 897      6420696E 
 897      7400
 898              	.LASF3:
 899 01a6 73686F72 		.ascii	"short unsigned int\000"
 899      7420756E 
 899      7369676E 
 899      65642069 
 899      6E7400
 900              	.LASF39:
 901 01b9 74656D70 		.ascii	"temp_target\000"
 901      5F746172 
 901      67657400 
 902              	.LASF27:
 903 01c5 65635F73 		.ascii	"ec_stored\000"
 903      746F7265 
 903      6400
 904              	.LASF44:
 905 01cf 49544D5F 		.ascii	"ITM_RxBuffer\000"
 905      52784275 
 905      66666572 
 905      00
 906              	.LASF36:
 907 01dc 70685F6C 		.ascii	"ph_level\000"
 907      6576656C 
 907      00
 908              	.LASF34:
 909 01e5 68326F5F 		.ascii	"h2o_level\000"
 909      6C657665 
 909      6C00
 910              	.LASF12:
 911 01ef 646F7562 		.ascii	"double\000"
 911      6C6500
 912              	.LASF48:
 913 01f6 6D61696E 		.ascii	"main\000"
 913      00
 914              	.LASF40:
 915 01fb 50726F64 		.ascii	"ProductID\000"
 915      75637449 
 915      4400
 916              	.LASF22:
 917 0205 6832305F 		.ascii	"h20_stored\000"
 917      73746F72 
 917      656400
 918              	.LASF8:
 919 0210 756E7369 		.ascii	"unsigned int\000"
 919      676E6564 
 919      20696E74 
 919      00
 920              	.LASF7:
 921 021d 6C6F6E67 		.ascii	"long long unsigned int\000"
ARM GAS  C:\Users\tpbw4321\AppData\Local\Temp\cck3JO3s.s 			page 21


 921      206C6F6E 
 921      6720756E 
 921      7369676E 
 921      65642069 
 922              	.LASF35:
 923 0234 68326F5F 		.ascii	"h2o_stored\000"
 923      73746F72 
 923      656400
 924              	.LASF26:
 925 023f 65635F6D 		.ascii	"ec_measured\000"
 925      65617375 
 925      72656400 
 926              	.LASF16:
 927 024b 696E7661 		.ascii	"invalid_key\000"
 927      6C69645F 
 927      6B657900 
 928              	.LASF32:
 929 0257 6D657373 		.ascii	"message_t\000"
 929      6167655F 
 929      7400
 930              	.LASF10:
 931 0261 696E7433 		.ascii	"int32_t\000"
 931      325F7400 
 932              	.LASF15:
 933 0269 73697A65 		.ascii	"sizetype\000"
 933      74797065 
 933      00
 934              	.LASF6:
 935 0272 6C6F6E67 		.ascii	"long long int\000"
 935      206C6F6E 
 935      6720696E 
 935      7400
 936              	.LASF46:
 937 0280 6D61696E 		.ascii	"main.c\000"
 937      2E6300
 938              	.LASF13:
 939 0287 63686172 		.ascii	"char\000"
 939      00
 940              	.LASF38:
 941 028c 68326F5F 		.ascii	"h2o_target\000"
 941      74617267 
 941      657400
 942              	.LASF21:
 943 0297 6832305F 		.ascii	"h20_level\000"
 943      6C657665 
 943      6C00
 944              	.LASF2:
 945 02a1 73686F72 		.ascii	"short int\000"
 945      7420696E 
 945      7400
 946              	.LASF41:
 947 02ab 62756666 		.ascii	"buffer\000"
 947      657200
 948              	.LASF4:
 949 02b2 6C6F6E67 		.ascii	"long int\000"
 949      20696E74 
 949      00
ARM GAS  C:\Users\tpbw4321\AppData\Local\Temp\cck3JO3s.s 			page 22


 950              	.LASF24:
 951 02bb 70685F75 		.ascii	"ph_up_stored\000"
 951      705F7374 
 951      6F726564 
 951      00
 952              	.LASF14:
 953 02c8 6C6F6E67 		.ascii	"long double\000"
 953      20646F75 
 953      626C6500 
 954              	.LASF43:
 955 02d4 706B6579 		.ascii	"pkey_const\000"
 955      5F636F6E 
 955      737400
 956              	.LASF0:
 957 02df 7369676E 		.ascii	"signed char\000"
 957      65642063 
 957      68617200 
 958              	.LASF25:
 959 02eb 70685F64 		.ascii	"ph_down_stored\000"
 959      6F776E5F 
 959      73746F72 
 959      656400
 960              	.LASF19:
 961 02fa 65635F74 		.ascii	"ec_target\000"
 961      61726765 
 961      7400
 962              	.LASF37:
 963 0304 65635F6C 		.ascii	"ec_level\000"
 963      6576656C 
 963      00
 964              	.LASF33:
 965 030d 53656E73 		.ascii	"SensorData\000"
 965      6F724461 
 965      746100
 966              		.ident	"GCC: (GNU Tools for ARM Embedded Processors) 5.4.1 20160609 (release) [ARM/embedded-5-bran
