ARM GAS  C:\Users\tpbw4321\AppData\Local\Temp\ccsBP6IA.s 			page 1


   1              		.syntax unified
   2              		.cpu cortex-m3
   3              		.fpu softvfp
   4              		.eabi_attribute 20, 1
   5              		.eabi_attribute 21, 1
   6              		.eabi_attribute 23, 3
   7              		.eabi_attribute 24, 1
   8              		.eabi_attribute 25, 1
   9              		.eabi_attribute 26, 1
  10              		.eabi_attribute 30, 6
  11              		.eabi_attribute 34, 1
  12              		.eabi_attribute 18, 4
  13              		.thumb
  14              		.syntax unified
  15              		.file	"PingSensorTrigCounter_PM.c"
  16              		.text
  17              	.Ltext0:
  18              		.cfi_sections	.debug_frame
  19              		.bss
  20              		.align	2
  21              	PingSensorTrigCounter_backup:
  22 0000 000000   		.space	3
  23              		.section	.text.PingSensorTrigCounter_SaveConfig,"ax",%progbits
  24              		.align	2
  25              		.global	PingSensorTrigCounter_SaveConfig
  26              		.thumb
  27              		.thumb_func
  28              		.type	PingSensorTrigCounter_SaveConfig, %function
  29              	PingSensorTrigCounter_SaveConfig:
  30              	.LFB0:
  31              		.file 1 "Generated_Source\\PSoC5\\PingSensorTrigCounter_PM.c"
   1:Generated_Source\PSoC5/PingSensorTrigCounter_PM.c **** /*******************************************************************************
   2:Generated_Source\PSoC5/PingSensorTrigCounter_PM.c **** * File Name: PingSensorTrigCounter_PM.c  
   3:Generated_Source\PSoC5/PingSensorTrigCounter_PM.c **** * Version 3.0
   4:Generated_Source\PSoC5/PingSensorTrigCounter_PM.c **** *
   5:Generated_Source\PSoC5/PingSensorTrigCounter_PM.c **** *  Description:
   6:Generated_Source\PSoC5/PingSensorTrigCounter_PM.c **** *    This file provides the power management source code to API for the
   7:Generated_Source\PSoC5/PingSensorTrigCounter_PM.c **** *    Counter.  
   8:Generated_Source\PSoC5/PingSensorTrigCounter_PM.c **** *
   9:Generated_Source\PSoC5/PingSensorTrigCounter_PM.c **** *   Note:
  10:Generated_Source\PSoC5/PingSensorTrigCounter_PM.c **** *     None
  11:Generated_Source\PSoC5/PingSensorTrigCounter_PM.c **** *
  12:Generated_Source\PSoC5/PingSensorTrigCounter_PM.c **** ********************************************************************************
  13:Generated_Source\PSoC5/PingSensorTrigCounter_PM.c **** * Copyright 2008-2012, Cypress Semiconductor Corporation.  All rights reserved.
  14:Generated_Source\PSoC5/PingSensorTrigCounter_PM.c **** * You may use this file only in accordance with the license, terms, conditions, 
  15:Generated_Source\PSoC5/PingSensorTrigCounter_PM.c **** * disclaimers, and limitations in the end user license agreement accompanying 
  16:Generated_Source\PSoC5/PingSensorTrigCounter_PM.c **** * the software package with which this file was provided.
  17:Generated_Source\PSoC5/PingSensorTrigCounter_PM.c **** *******************************************************************************/
  18:Generated_Source\PSoC5/PingSensorTrigCounter_PM.c **** 
  19:Generated_Source\PSoC5/PingSensorTrigCounter_PM.c **** #include "PingSensorTrigCounter.h"
  20:Generated_Source\PSoC5/PingSensorTrigCounter_PM.c **** 
  21:Generated_Source\PSoC5/PingSensorTrigCounter_PM.c **** static PingSensorTrigCounter_backupStruct PingSensorTrigCounter_backup;
  22:Generated_Source\PSoC5/PingSensorTrigCounter_PM.c **** 
  23:Generated_Source\PSoC5/PingSensorTrigCounter_PM.c **** 
  24:Generated_Source\PSoC5/PingSensorTrigCounter_PM.c **** /*******************************************************************************
  25:Generated_Source\PSoC5/PingSensorTrigCounter_PM.c **** * Function Name: PingSensorTrigCounter_SaveConfig
  26:Generated_Source\PSoC5/PingSensorTrigCounter_PM.c **** ********************************************************************************
ARM GAS  C:\Users\tpbw4321\AppData\Local\Temp\ccsBP6IA.s 			page 2


  27:Generated_Source\PSoC5/PingSensorTrigCounter_PM.c **** * Summary:
  28:Generated_Source\PSoC5/PingSensorTrigCounter_PM.c **** *     Save the current user configuration
  29:Generated_Source\PSoC5/PingSensorTrigCounter_PM.c **** *
  30:Generated_Source\PSoC5/PingSensorTrigCounter_PM.c **** * Parameters:  
  31:Generated_Source\PSoC5/PingSensorTrigCounter_PM.c **** *  void
  32:Generated_Source\PSoC5/PingSensorTrigCounter_PM.c **** *
  33:Generated_Source\PSoC5/PingSensorTrigCounter_PM.c **** * Return: 
  34:Generated_Source\PSoC5/PingSensorTrigCounter_PM.c **** *  void
  35:Generated_Source\PSoC5/PingSensorTrigCounter_PM.c **** *
  36:Generated_Source\PSoC5/PingSensorTrigCounter_PM.c **** * Global variables:
  37:Generated_Source\PSoC5/PingSensorTrigCounter_PM.c **** *  PingSensorTrigCounter_backup:  Variables of this global structure are modified to 
  38:Generated_Source\PSoC5/PingSensorTrigCounter_PM.c **** *  store the values of non retention configuration registers when Sleep() API is 
  39:Generated_Source\PSoC5/PingSensorTrigCounter_PM.c **** *  called.
  40:Generated_Source\PSoC5/PingSensorTrigCounter_PM.c **** *
  41:Generated_Source\PSoC5/PingSensorTrigCounter_PM.c **** *******************************************************************************/
  42:Generated_Source\PSoC5/PingSensorTrigCounter_PM.c **** void PingSensorTrigCounter_SaveConfig(void) 
  43:Generated_Source\PSoC5/PingSensorTrigCounter_PM.c **** {
  32              		.loc 1 43 0
  33              		.cfi_startproc
  34              		@ args = 0, pretend = 0, frame = 0
  35              		@ frame_needed = 1, uses_anonymous_args = 0
  36              		@ link register save eliminated.
  37 0000 80B4     		push	{r7}
  38              		.cfi_def_cfa_offset 4
  39              		.cfi_offset 7, -4
  40 0002 00AF     		add	r7, sp, #0
  41              		.cfi_def_cfa_register 7
  44:Generated_Source\PSoC5/PingSensorTrigCounter_PM.c ****     #if (!PingSensorTrigCounter_UsingFixedFunction)
  45:Generated_Source\PSoC5/PingSensorTrigCounter_PM.c **** 
  46:Generated_Source\PSoC5/PingSensorTrigCounter_PM.c ****         PingSensorTrigCounter_backup.CounterUdb = PingSensorTrigCounter_ReadCounter();
  47:Generated_Source\PSoC5/PingSensorTrigCounter_PM.c **** 
  48:Generated_Source\PSoC5/PingSensorTrigCounter_PM.c ****         #if(!PingSensorTrigCounter_ControlRegRemoved)
  49:Generated_Source\PSoC5/PingSensorTrigCounter_PM.c ****             PingSensorTrigCounter_backup.CounterControlRegister = PingSensorTrigCounter_ReadControl
  50:Generated_Source\PSoC5/PingSensorTrigCounter_PM.c ****         #endif /* (!PingSensorTrigCounter_ControlRegRemoved) */
  51:Generated_Source\PSoC5/PingSensorTrigCounter_PM.c **** 
  52:Generated_Source\PSoC5/PingSensorTrigCounter_PM.c ****     #endif /* (!PingSensorTrigCounter_UsingFixedFunction) */
  53:Generated_Source\PSoC5/PingSensorTrigCounter_PM.c **** }
  42              		.loc 1 53 0
  43 0004 00BF     		nop
  44 0006 BD46     		mov	sp, r7
  45              		.cfi_def_cfa_register 13
  46              		@ sp needed
  47 0008 80BC     		pop	{r7}
  48              		.cfi_restore 7
  49              		.cfi_def_cfa_offset 0
  50 000a 7047     		bx	lr
  51              		.cfi_endproc
  52              	.LFE0:
  53              		.size	PingSensorTrigCounter_SaveConfig, .-PingSensorTrigCounter_SaveConfig
  54              		.section	.text.PingSensorTrigCounter_RestoreConfig,"ax",%progbits
  55              		.align	2
  56              		.global	PingSensorTrigCounter_RestoreConfig
  57              		.thumb
  58              		.thumb_func
  59              		.type	PingSensorTrigCounter_RestoreConfig, %function
  60              	PingSensorTrigCounter_RestoreConfig:
  61              	.LFB1:
ARM GAS  C:\Users\tpbw4321\AppData\Local\Temp\ccsBP6IA.s 			page 3


  54:Generated_Source\PSoC5/PingSensorTrigCounter_PM.c **** 
  55:Generated_Source\PSoC5/PingSensorTrigCounter_PM.c **** 
  56:Generated_Source\PSoC5/PingSensorTrigCounter_PM.c **** /*******************************************************************************
  57:Generated_Source\PSoC5/PingSensorTrigCounter_PM.c **** * Function Name: PingSensorTrigCounter_RestoreConfig
  58:Generated_Source\PSoC5/PingSensorTrigCounter_PM.c **** ********************************************************************************
  59:Generated_Source\PSoC5/PingSensorTrigCounter_PM.c **** *
  60:Generated_Source\PSoC5/PingSensorTrigCounter_PM.c **** * Summary:
  61:Generated_Source\PSoC5/PingSensorTrigCounter_PM.c **** *  Restores the current user configuration.
  62:Generated_Source\PSoC5/PingSensorTrigCounter_PM.c **** *
  63:Generated_Source\PSoC5/PingSensorTrigCounter_PM.c **** * Parameters:  
  64:Generated_Source\PSoC5/PingSensorTrigCounter_PM.c **** *  void
  65:Generated_Source\PSoC5/PingSensorTrigCounter_PM.c **** *
  66:Generated_Source\PSoC5/PingSensorTrigCounter_PM.c **** * Return: 
  67:Generated_Source\PSoC5/PingSensorTrigCounter_PM.c **** *  void
  68:Generated_Source\PSoC5/PingSensorTrigCounter_PM.c **** *
  69:Generated_Source\PSoC5/PingSensorTrigCounter_PM.c **** * Global variables:
  70:Generated_Source\PSoC5/PingSensorTrigCounter_PM.c **** *  PingSensorTrigCounter_backup:  Variables of this global structure are used to 
  71:Generated_Source\PSoC5/PingSensorTrigCounter_PM.c **** *  restore the values of non retention registers on wakeup from sleep mode.
  72:Generated_Source\PSoC5/PingSensorTrigCounter_PM.c **** *
  73:Generated_Source\PSoC5/PingSensorTrigCounter_PM.c **** *******************************************************************************/
  74:Generated_Source\PSoC5/PingSensorTrigCounter_PM.c **** void PingSensorTrigCounter_RestoreConfig(void) 
  75:Generated_Source\PSoC5/PingSensorTrigCounter_PM.c **** {      
  62              		.loc 1 75 0
  63              		.cfi_startproc
  64              		@ args = 0, pretend = 0, frame = 0
  65              		@ frame_needed = 1, uses_anonymous_args = 0
  66              		@ link register save eliminated.
  67 0000 80B4     		push	{r7}
  68              		.cfi_def_cfa_offset 4
  69              		.cfi_offset 7, -4
  70 0002 00AF     		add	r7, sp, #0
  71              		.cfi_def_cfa_register 7
  76:Generated_Source\PSoC5/PingSensorTrigCounter_PM.c ****     #if (!PingSensorTrigCounter_UsingFixedFunction)
  77:Generated_Source\PSoC5/PingSensorTrigCounter_PM.c **** 
  78:Generated_Source\PSoC5/PingSensorTrigCounter_PM.c ****        PingSensorTrigCounter_WriteCounter(PingSensorTrigCounter_backup.CounterUdb);
  79:Generated_Source\PSoC5/PingSensorTrigCounter_PM.c **** 
  80:Generated_Source\PSoC5/PingSensorTrigCounter_PM.c ****         #if(!PingSensorTrigCounter_ControlRegRemoved)
  81:Generated_Source\PSoC5/PingSensorTrigCounter_PM.c ****             PingSensorTrigCounter_WriteControlRegister(PingSensorTrigCounter_backup.CounterControlR
  82:Generated_Source\PSoC5/PingSensorTrigCounter_PM.c ****         #endif /* (!PingSensorTrigCounter_ControlRegRemoved) */
  83:Generated_Source\PSoC5/PingSensorTrigCounter_PM.c **** 
  84:Generated_Source\PSoC5/PingSensorTrigCounter_PM.c ****     #endif /* (!PingSensorTrigCounter_UsingFixedFunction) */
  85:Generated_Source\PSoC5/PingSensorTrigCounter_PM.c **** }
  72              		.loc 1 85 0
  73 0004 00BF     		nop
  74 0006 BD46     		mov	sp, r7
  75              		.cfi_def_cfa_register 13
  76              		@ sp needed
  77 0008 80BC     		pop	{r7}
  78              		.cfi_restore 7
  79              		.cfi_def_cfa_offset 0
  80 000a 7047     		bx	lr
  81              		.cfi_endproc
  82              	.LFE1:
  83              		.size	PingSensorTrigCounter_RestoreConfig, .-PingSensorTrigCounter_RestoreConfig
  84              		.section	.text.PingSensorTrigCounter_Sleep,"ax",%progbits
  85              		.align	2
  86              		.global	PingSensorTrigCounter_Sleep
ARM GAS  C:\Users\tpbw4321\AppData\Local\Temp\ccsBP6IA.s 			page 4


  87              		.thumb
  88              		.thumb_func
  89              		.type	PingSensorTrigCounter_Sleep, %function
  90              	PingSensorTrigCounter_Sleep:
  91              	.LFB2:
  86:Generated_Source\PSoC5/PingSensorTrigCounter_PM.c **** 
  87:Generated_Source\PSoC5/PingSensorTrigCounter_PM.c **** 
  88:Generated_Source\PSoC5/PingSensorTrigCounter_PM.c **** /*******************************************************************************
  89:Generated_Source\PSoC5/PingSensorTrigCounter_PM.c **** * Function Name: PingSensorTrigCounter_Sleep
  90:Generated_Source\PSoC5/PingSensorTrigCounter_PM.c **** ********************************************************************************
  91:Generated_Source\PSoC5/PingSensorTrigCounter_PM.c **** * Summary:
  92:Generated_Source\PSoC5/PingSensorTrigCounter_PM.c **** *     Stop and Save the user configuration
  93:Generated_Source\PSoC5/PingSensorTrigCounter_PM.c **** *
  94:Generated_Source\PSoC5/PingSensorTrigCounter_PM.c **** * Parameters:  
  95:Generated_Source\PSoC5/PingSensorTrigCounter_PM.c **** *  void
  96:Generated_Source\PSoC5/PingSensorTrigCounter_PM.c **** *
  97:Generated_Source\PSoC5/PingSensorTrigCounter_PM.c **** * Return: 
  98:Generated_Source\PSoC5/PingSensorTrigCounter_PM.c **** *  void
  99:Generated_Source\PSoC5/PingSensorTrigCounter_PM.c **** *
 100:Generated_Source\PSoC5/PingSensorTrigCounter_PM.c **** * Global variables:
 101:Generated_Source\PSoC5/PingSensorTrigCounter_PM.c **** *  PingSensorTrigCounter_backup.enableState:  Is modified depending on the enable 
 102:Generated_Source\PSoC5/PingSensorTrigCounter_PM.c **** *  state of the block before entering sleep mode.
 103:Generated_Source\PSoC5/PingSensorTrigCounter_PM.c **** *
 104:Generated_Source\PSoC5/PingSensorTrigCounter_PM.c **** *******************************************************************************/
 105:Generated_Source\PSoC5/PingSensorTrigCounter_PM.c **** void PingSensorTrigCounter_Sleep(void) 
 106:Generated_Source\PSoC5/PingSensorTrigCounter_PM.c **** {
  92              		.loc 1 106 0
  93              		.cfi_startproc
  94              		@ args = 0, pretend = 0, frame = 0
  95              		@ frame_needed = 1, uses_anonymous_args = 0
  96 0000 80B5     		push	{r7, lr}
  97              		.cfi_def_cfa_offset 8
  98              		.cfi_offset 7, -8
  99              		.cfi_offset 14, -4
 100 0002 00AF     		add	r7, sp, #0
 101              		.cfi_def_cfa_register 7
 107:Generated_Source\PSoC5/PingSensorTrigCounter_PM.c ****     #if(!PingSensorTrigCounter_ControlRegRemoved)
 108:Generated_Source\PSoC5/PingSensorTrigCounter_PM.c ****         /* Save Counter's enable state */
 109:Generated_Source\PSoC5/PingSensorTrigCounter_PM.c ****         if(PingSensorTrigCounter_CTRL_ENABLE == (PingSensorTrigCounter_CONTROL & PingSensorTrigCoun
 102              		.loc 1 109 0
 103 0004 094B     		ldr	r3, .L6
 104 0006 1B78     		ldrb	r3, [r3]
 105 0008 DBB2     		uxtb	r3, r3
 106 000a 03F00103 		and	r3, r3, #1
 107 000e 002B     		cmp	r3, #0
 108 0010 03D0     		beq	.L4
 110:Generated_Source\PSoC5/PingSensorTrigCounter_PM.c ****         {
 111:Generated_Source\PSoC5/PingSensorTrigCounter_PM.c ****             /* Counter is enabled */
 112:Generated_Source\PSoC5/PingSensorTrigCounter_PM.c ****             PingSensorTrigCounter_backup.CounterEnableState = 1u;
 109              		.loc 1 112 0
 110 0012 074B     		ldr	r3, .L6+4
 111 0014 0122     		movs	r2, #1
 112 0016 1A70     		strb	r2, [r3]
 113 0018 02E0     		b	.L5
 114              	.L4:
 113:Generated_Source\PSoC5/PingSensorTrigCounter_PM.c ****         }
 114:Generated_Source\PSoC5/PingSensorTrigCounter_PM.c ****         else
ARM GAS  C:\Users\tpbw4321\AppData\Local\Temp\ccsBP6IA.s 			page 5


 115:Generated_Source\PSoC5/PingSensorTrigCounter_PM.c ****         {
 116:Generated_Source\PSoC5/PingSensorTrigCounter_PM.c ****             /* Counter is disabled */
 117:Generated_Source\PSoC5/PingSensorTrigCounter_PM.c ****             PingSensorTrigCounter_backup.CounterEnableState = 0u;
 115              		.loc 1 117 0
 116 001a 054B     		ldr	r3, .L6+4
 117 001c 0022     		movs	r2, #0
 118 001e 1A70     		strb	r2, [r3]
 119              	.L5:
 118:Generated_Source\PSoC5/PingSensorTrigCounter_PM.c ****         }
 119:Generated_Source\PSoC5/PingSensorTrigCounter_PM.c ****     #else
 120:Generated_Source\PSoC5/PingSensorTrigCounter_PM.c ****         PingSensorTrigCounter_backup.CounterEnableState = 1u;
 121:Generated_Source\PSoC5/PingSensorTrigCounter_PM.c ****         if(PingSensorTrigCounter_backup.CounterEnableState != 0u)
 122:Generated_Source\PSoC5/PingSensorTrigCounter_PM.c ****         {
 123:Generated_Source\PSoC5/PingSensorTrigCounter_PM.c ****             PingSensorTrigCounter_backup.CounterEnableState = 0u;
 124:Generated_Source\PSoC5/PingSensorTrigCounter_PM.c ****         }
 125:Generated_Source\PSoC5/PingSensorTrigCounter_PM.c ****     #endif /* (!PingSensorTrigCounter_ControlRegRemoved) */
 126:Generated_Source\PSoC5/PingSensorTrigCounter_PM.c ****     
 127:Generated_Source\PSoC5/PingSensorTrigCounter_PM.c ****     PingSensorTrigCounter_Stop();
 120              		.loc 1 127 0
 121 0020 FFF7FEFF 		bl	PingSensorTrigCounter_Stop
 128:Generated_Source\PSoC5/PingSensorTrigCounter_PM.c ****     PingSensorTrigCounter_SaveConfig();
 122              		.loc 1 128 0
 123 0024 FFF7FEFF 		bl	PingSensorTrigCounter_SaveConfig
 129:Generated_Source\PSoC5/PingSensorTrigCounter_PM.c **** }
 124              		.loc 1 129 0
 125 0028 00BF     		nop
 126 002a 80BD     		pop	{r7, pc}
 127              	.L7:
 128              		.align	2
 129              	.L6:
 130 002c 004F0040 		.word	1073762048
 131 0030 00000000 		.word	PingSensorTrigCounter_backup
 132              		.cfi_endproc
 133              	.LFE2:
 134              		.size	PingSensorTrigCounter_Sleep, .-PingSensorTrigCounter_Sleep
 135              		.section	.text.PingSensorTrigCounter_Wakeup,"ax",%progbits
 136              		.align	2
 137              		.global	PingSensorTrigCounter_Wakeup
 138              		.thumb
 139              		.thumb_func
 140              		.type	PingSensorTrigCounter_Wakeup, %function
 141              	PingSensorTrigCounter_Wakeup:
 142              	.LFB3:
 130:Generated_Source\PSoC5/PingSensorTrigCounter_PM.c **** 
 131:Generated_Source\PSoC5/PingSensorTrigCounter_PM.c **** 
 132:Generated_Source\PSoC5/PingSensorTrigCounter_PM.c **** /*******************************************************************************
 133:Generated_Source\PSoC5/PingSensorTrigCounter_PM.c **** * Function Name: PingSensorTrigCounter_Wakeup
 134:Generated_Source\PSoC5/PingSensorTrigCounter_PM.c **** ********************************************************************************
 135:Generated_Source\PSoC5/PingSensorTrigCounter_PM.c **** *
 136:Generated_Source\PSoC5/PingSensorTrigCounter_PM.c **** * Summary:
 137:Generated_Source\PSoC5/PingSensorTrigCounter_PM.c **** *  Restores and enables the user configuration
 138:Generated_Source\PSoC5/PingSensorTrigCounter_PM.c **** *  
 139:Generated_Source\PSoC5/PingSensorTrigCounter_PM.c **** * Parameters:  
 140:Generated_Source\PSoC5/PingSensorTrigCounter_PM.c **** *  void
 141:Generated_Source\PSoC5/PingSensorTrigCounter_PM.c **** *
 142:Generated_Source\PSoC5/PingSensorTrigCounter_PM.c **** * Return: 
 143:Generated_Source\PSoC5/PingSensorTrigCounter_PM.c **** *  void
ARM GAS  C:\Users\tpbw4321\AppData\Local\Temp\ccsBP6IA.s 			page 6


 144:Generated_Source\PSoC5/PingSensorTrigCounter_PM.c **** *
 145:Generated_Source\PSoC5/PingSensorTrigCounter_PM.c **** * Global variables:
 146:Generated_Source\PSoC5/PingSensorTrigCounter_PM.c **** *  PingSensorTrigCounter_backup.enableState:  Is used to restore the enable state of 
 147:Generated_Source\PSoC5/PingSensorTrigCounter_PM.c **** *  block on wakeup from sleep mode.
 148:Generated_Source\PSoC5/PingSensorTrigCounter_PM.c **** *
 149:Generated_Source\PSoC5/PingSensorTrigCounter_PM.c **** *******************************************************************************/
 150:Generated_Source\PSoC5/PingSensorTrigCounter_PM.c **** void PingSensorTrigCounter_Wakeup(void) 
 151:Generated_Source\PSoC5/PingSensorTrigCounter_PM.c **** {
 143              		.loc 1 151 0
 144              		.cfi_startproc
 145              		@ args = 0, pretend = 0, frame = 0
 146              		@ frame_needed = 1, uses_anonymous_args = 0
 147 0000 80B5     		push	{r7, lr}
 148              		.cfi_def_cfa_offset 8
 149              		.cfi_offset 7, -8
 150              		.cfi_offset 14, -4
 151 0002 00AF     		add	r7, sp, #0
 152              		.cfi_def_cfa_register 7
 152:Generated_Source\PSoC5/PingSensorTrigCounter_PM.c ****     PingSensorTrigCounter_RestoreConfig();
 153              		.loc 1 152 0
 154 0004 FFF7FEFF 		bl	PingSensorTrigCounter_RestoreConfig
 153:Generated_Source\PSoC5/PingSensorTrigCounter_PM.c ****     #if(!PingSensorTrigCounter_ControlRegRemoved)
 154:Generated_Source\PSoC5/PingSensorTrigCounter_PM.c ****         if(PingSensorTrigCounter_backup.CounterEnableState == 1u)
 155              		.loc 1 154 0
 156 0008 034B     		ldr	r3, .L11
 157 000a 1B78     		ldrb	r3, [r3]	@ zero_extendqisi2
 158 000c 012B     		cmp	r3, #1
 159 000e 01D1     		bne	.L10
 155:Generated_Source\PSoC5/PingSensorTrigCounter_PM.c ****         {
 156:Generated_Source\PSoC5/PingSensorTrigCounter_PM.c ****             /* Enable Counter's operation */
 157:Generated_Source\PSoC5/PingSensorTrigCounter_PM.c ****             PingSensorTrigCounter_Enable();
 160              		.loc 1 157 0
 161 0010 FFF7FEFF 		bl	PingSensorTrigCounter_Enable
 162              	.L10:
 158:Generated_Source\PSoC5/PingSensorTrigCounter_PM.c ****         } /* Do nothing if Counter was disabled before */    
 159:Generated_Source\PSoC5/PingSensorTrigCounter_PM.c ****     #endif /* (!PingSensorTrigCounter_ControlRegRemoved) */
 160:Generated_Source\PSoC5/PingSensorTrigCounter_PM.c ****     
 161:Generated_Source\PSoC5/PingSensorTrigCounter_PM.c **** }
 163              		.loc 1 161 0
 164 0014 00BF     		nop
 165 0016 80BD     		pop	{r7, pc}
 166              	.L12:
 167              		.align	2
 168              	.L11:
 169 0018 00000000 		.word	PingSensorTrigCounter_backup
 170              		.cfi_endproc
 171              	.LFE3:
 172              		.size	PingSensorTrigCounter_Wakeup, .-PingSensorTrigCounter_Wakeup
 173              		.text
 174              	.Letext0:
 175              		.file 2 "Generated_Source\\PSoC5\\cytypes.h"
 176              		.file 3 "Generated_Source\\PSoC5\\PingSensorTrigCounter.h"
 177              		.section	.debug_info,"",%progbits
 178              	.Ldebug_info0:
 179 0000 35010000 		.4byte	0x135
 180 0004 0400     		.2byte	0x4
 181 0006 00000000 		.4byte	.Ldebug_abbrev0
ARM GAS  C:\Users\tpbw4321\AppData\Local\Temp\ccsBP6IA.s 			page 7


 182 000a 04       		.byte	0x4
 183 000b 01       		.uleb128 0x1
 184 000c B7000000 		.4byte	.LASF24
 185 0010 0C       		.byte	0xc
 186 0011 7F010000 		.4byte	.LASF25
 187 0015 EE010000 		.4byte	.LASF26
 188 0019 00000000 		.4byte	.Ldebug_ranges0+0
 189 001d 00000000 		.4byte	0
 190 0021 00000000 		.4byte	.Ldebug_line0
 191 0025 02       		.uleb128 0x2
 192 0026 01       		.byte	0x1
 193 0027 06       		.byte	0x6
 194 0028 B3020000 		.4byte	.LASF0
 195 002c 02       		.uleb128 0x2
 196 002d 01       		.byte	0x1
 197 002e 08       		.byte	0x8
 198 002f 4B000000 		.4byte	.LASF1
 199 0033 02       		.uleb128 0x2
 200 0034 02       		.byte	0x2
 201 0035 05       		.byte	0x5
 202 0036 CB020000 		.4byte	.LASF2
 203 003a 02       		.uleb128 0x2
 204 003b 02       		.byte	0x2
 205 003c 07       		.byte	0x7
 206 003d 0E000000 		.4byte	.LASF3
 207 0041 02       		.uleb128 0x2
 208 0042 04       		.byte	0x4
 209 0043 05       		.byte	0x5
 210 0044 B1010000 		.4byte	.LASF4
 211 0048 02       		.uleb128 0x2
 212 0049 04       		.byte	0x4
 213 004a 07       		.byte	0x7
 214 004b 5F000000 		.4byte	.LASF5
 215 004f 02       		.uleb128 0x2
 216 0050 08       		.byte	0x8
 217 0051 05       		.byte	0x5
 218 0052 00000000 		.4byte	.LASF6
 219 0056 02       		.uleb128 0x2
 220 0057 08       		.byte	0x8
 221 0058 07       		.byte	0x7
 222 0059 71000000 		.4byte	.LASF7
 223 005d 03       		.uleb128 0x3
 224 005e 04       		.byte	0x4
 225 005f 05       		.byte	0x5
 226 0060 696E7400 		.ascii	"int\000"
 227 0064 02       		.uleb128 0x2
 228 0065 04       		.byte	0x4
 229 0066 07       		.byte	0x7
 230 0067 21000000 		.4byte	.LASF8
 231 006b 04       		.uleb128 0x4
 232 006c 59000000 		.4byte	.LASF12
 233 0070 02       		.byte	0x2
 234 0071 9201     		.2byte	0x192
 235 0073 2C000000 		.4byte	0x2c
 236 0077 02       		.uleb128 0x2
 237 0078 04       		.byte	0x4
 238 0079 04       		.byte	0x4
ARM GAS  C:\Users\tpbw4321\AppData\Local\Temp\ccsBP6IA.s 			page 8


 239 007a 88000000 		.4byte	.LASF9
 240 007e 02       		.uleb128 0x2
 241 007f 08       		.byte	0x8
 242 0080 04       		.byte	0x4
 243 0081 73020000 		.4byte	.LASF10
 244 0085 02       		.uleb128 0x2
 245 0086 01       		.byte	0x1
 246 0087 08       		.byte	0x8
 247 0088 B2000000 		.4byte	.LASF11
 248 008c 04       		.uleb128 0x4
 249 008d D5020000 		.4byte	.LASF13
 250 0091 02       		.byte	0x2
 251 0092 3C02     		.2byte	0x23c
 252 0094 98000000 		.4byte	0x98
 253 0098 05       		.uleb128 0x5
 254 0099 6B000000 		.4byte	0x6b
 255 009d 02       		.uleb128 0x2
 256 009e 08       		.byte	0x8
 257 009f 04       		.byte	0x4
 258 00a0 BF020000 		.4byte	.LASF14
 259 00a4 02       		.uleb128 0x2
 260 00a5 04       		.byte	0x4
 261 00a6 07       		.byte	0x7
 262 00a7 E5020000 		.4byte	.LASF15
 263 00ab 06       		.uleb128 0x6
 264 00ac 03       		.byte	0x3
 265 00ad 03       		.byte	0x3
 266 00ae 40       		.byte	0x40
 267 00af D8000000 		.4byte	0xd8
 268 00b3 07       		.uleb128 0x7
 269 00b4 DB010000 		.4byte	.LASF16
 270 00b8 03       		.byte	0x3
 271 00b9 42       		.byte	0x42
 272 00ba 6B000000 		.4byte	0x6b
 273 00be 00       		.byte	0
 274 00bf 07       		.uleb128 0x7
 275 00c0 DA020000 		.4byte	.LASF17
 276 00c4 03       		.byte	0x3
 277 00c5 43       		.byte	0x43
 278 00c6 6B000000 		.4byte	0x6b
 279 00ca 01       		.byte	0x1
 280 00cb 07       		.uleb128 0x7
 281 00cc 45010000 		.4byte	.LASF18
 282 00d0 03       		.byte	0x3
 283 00d1 46       		.byte	0x46
 284 00d2 6B000000 		.4byte	0x6b
 285 00d6 02       		.byte	0x2
 286 00d7 00       		.byte	0
 287 00d8 08       		.uleb128 0x8
 288 00d9 5C010000 		.4byte	.LASF19
 289 00dd 03       		.byte	0x3
 290 00de 49       		.byte	0x49
 291 00df AB000000 		.4byte	0xab
 292 00e3 09       		.uleb128 0x9
 293 00e4 BA010000 		.4byte	.LASF20
 294 00e8 01       		.byte	0x1
 295 00e9 2A       		.byte	0x2a
ARM GAS  C:\Users\tpbw4321\AppData\Local\Temp\ccsBP6IA.s 			page 9


 296 00ea 00000000 		.4byte	.LFB0
 297 00ee 0C000000 		.4byte	.LFE0-.LFB0
 298 00f2 01       		.uleb128 0x1
 299 00f3 9C       		.byte	0x9c
 300 00f4 09       		.uleb128 0x9
 301 00f5 8E000000 		.4byte	.LASF21
 302 00f9 01       		.byte	0x1
 303 00fa 4A       		.byte	0x4a
 304 00fb 00000000 		.4byte	.LFB1
 305 00ff 0C000000 		.4byte	.LFE1-.LFB1
 306 0103 01       		.uleb128 0x1
 307 0104 9C       		.byte	0x9c
 308 0105 0A       		.uleb128 0xa
 309 0106 7A020000 		.4byte	.LASF22
 310 010a 01       		.byte	0x1
 311 010b 69       		.byte	0x69
 312 010c 00000000 		.4byte	.LFB2
 313 0110 34000000 		.4byte	.LFE2-.LFB2
 314 0114 01       		.uleb128 0x1
 315 0115 9C       		.byte	0x9c
 316 0116 0A       		.uleb128 0xa
 317 0117 2E000000 		.4byte	.LASF23
 318 011b 01       		.byte	0x1
 319 011c 96       		.byte	0x96
 320 011d 00000000 		.4byte	.LFB3
 321 0121 1C000000 		.4byte	.LFE3-.LFB3
 322 0125 01       		.uleb128 0x1
 323 0126 9C       		.byte	0x9c
 324 0127 0B       		.uleb128 0xb
 325 0128 96020000 		.4byte	.LASF27
 326 012c 01       		.byte	0x1
 327 012d 15       		.byte	0x15
 328 012e D8000000 		.4byte	0xd8
 329 0132 05       		.uleb128 0x5
 330 0133 03       		.byte	0x3
 331 0134 00000000 		.4byte	PingSensorTrigCounter_backup
 332 0138 00       		.byte	0
 333              		.section	.debug_abbrev,"",%progbits
 334              	.Ldebug_abbrev0:
 335 0000 01       		.uleb128 0x1
 336 0001 11       		.uleb128 0x11
 337 0002 01       		.byte	0x1
 338 0003 25       		.uleb128 0x25
 339 0004 0E       		.uleb128 0xe
 340 0005 13       		.uleb128 0x13
 341 0006 0B       		.uleb128 0xb
 342 0007 03       		.uleb128 0x3
 343 0008 0E       		.uleb128 0xe
 344 0009 1B       		.uleb128 0x1b
 345 000a 0E       		.uleb128 0xe
 346 000b 55       		.uleb128 0x55
 347 000c 17       		.uleb128 0x17
 348 000d 11       		.uleb128 0x11
 349 000e 01       		.uleb128 0x1
 350 000f 10       		.uleb128 0x10
 351 0010 17       		.uleb128 0x17
 352 0011 00       		.byte	0
ARM GAS  C:\Users\tpbw4321\AppData\Local\Temp\ccsBP6IA.s 			page 10


 353 0012 00       		.byte	0
 354 0013 02       		.uleb128 0x2
 355 0014 24       		.uleb128 0x24
 356 0015 00       		.byte	0
 357 0016 0B       		.uleb128 0xb
 358 0017 0B       		.uleb128 0xb
 359 0018 3E       		.uleb128 0x3e
 360 0019 0B       		.uleb128 0xb
 361 001a 03       		.uleb128 0x3
 362 001b 0E       		.uleb128 0xe
 363 001c 00       		.byte	0
 364 001d 00       		.byte	0
 365 001e 03       		.uleb128 0x3
 366 001f 24       		.uleb128 0x24
 367 0020 00       		.byte	0
 368 0021 0B       		.uleb128 0xb
 369 0022 0B       		.uleb128 0xb
 370 0023 3E       		.uleb128 0x3e
 371 0024 0B       		.uleb128 0xb
 372 0025 03       		.uleb128 0x3
 373 0026 08       		.uleb128 0x8
 374 0027 00       		.byte	0
 375 0028 00       		.byte	0
 376 0029 04       		.uleb128 0x4
 377 002a 16       		.uleb128 0x16
 378 002b 00       		.byte	0
 379 002c 03       		.uleb128 0x3
 380 002d 0E       		.uleb128 0xe
 381 002e 3A       		.uleb128 0x3a
 382 002f 0B       		.uleb128 0xb
 383 0030 3B       		.uleb128 0x3b
 384 0031 05       		.uleb128 0x5
 385 0032 49       		.uleb128 0x49
 386 0033 13       		.uleb128 0x13
 387 0034 00       		.byte	0
 388 0035 00       		.byte	0
 389 0036 05       		.uleb128 0x5
 390 0037 35       		.uleb128 0x35
 391 0038 00       		.byte	0
 392 0039 49       		.uleb128 0x49
 393 003a 13       		.uleb128 0x13
 394 003b 00       		.byte	0
 395 003c 00       		.byte	0
 396 003d 06       		.uleb128 0x6
 397 003e 13       		.uleb128 0x13
 398 003f 01       		.byte	0x1
 399 0040 0B       		.uleb128 0xb
 400 0041 0B       		.uleb128 0xb
 401 0042 3A       		.uleb128 0x3a
 402 0043 0B       		.uleb128 0xb
 403 0044 3B       		.uleb128 0x3b
 404 0045 0B       		.uleb128 0xb
 405 0046 01       		.uleb128 0x1
 406 0047 13       		.uleb128 0x13
 407 0048 00       		.byte	0
 408 0049 00       		.byte	0
 409 004a 07       		.uleb128 0x7
ARM GAS  C:\Users\tpbw4321\AppData\Local\Temp\ccsBP6IA.s 			page 11


 410 004b 0D       		.uleb128 0xd
 411 004c 00       		.byte	0
 412 004d 03       		.uleb128 0x3
 413 004e 0E       		.uleb128 0xe
 414 004f 3A       		.uleb128 0x3a
 415 0050 0B       		.uleb128 0xb
 416 0051 3B       		.uleb128 0x3b
 417 0052 0B       		.uleb128 0xb
 418 0053 49       		.uleb128 0x49
 419 0054 13       		.uleb128 0x13
 420 0055 38       		.uleb128 0x38
 421 0056 0B       		.uleb128 0xb
 422 0057 00       		.byte	0
 423 0058 00       		.byte	0
 424 0059 08       		.uleb128 0x8
 425 005a 16       		.uleb128 0x16
 426 005b 00       		.byte	0
 427 005c 03       		.uleb128 0x3
 428 005d 0E       		.uleb128 0xe
 429 005e 3A       		.uleb128 0x3a
 430 005f 0B       		.uleb128 0xb
 431 0060 3B       		.uleb128 0x3b
 432 0061 0B       		.uleb128 0xb
 433 0062 49       		.uleb128 0x49
 434 0063 13       		.uleb128 0x13
 435 0064 00       		.byte	0
 436 0065 00       		.byte	0
 437 0066 09       		.uleb128 0x9
 438 0067 2E       		.uleb128 0x2e
 439 0068 00       		.byte	0
 440 0069 3F       		.uleb128 0x3f
 441 006a 19       		.uleb128 0x19
 442 006b 03       		.uleb128 0x3
 443 006c 0E       		.uleb128 0xe
 444 006d 3A       		.uleb128 0x3a
 445 006e 0B       		.uleb128 0xb
 446 006f 3B       		.uleb128 0x3b
 447 0070 0B       		.uleb128 0xb
 448 0071 27       		.uleb128 0x27
 449 0072 19       		.uleb128 0x19
 450 0073 11       		.uleb128 0x11
 451 0074 01       		.uleb128 0x1
 452 0075 12       		.uleb128 0x12
 453 0076 06       		.uleb128 0x6
 454 0077 40       		.uleb128 0x40
 455 0078 18       		.uleb128 0x18
 456 0079 9742     		.uleb128 0x2117
 457 007b 19       		.uleb128 0x19
 458 007c 00       		.byte	0
 459 007d 00       		.byte	0
 460 007e 0A       		.uleb128 0xa
 461 007f 2E       		.uleb128 0x2e
 462 0080 00       		.byte	0
 463 0081 3F       		.uleb128 0x3f
 464 0082 19       		.uleb128 0x19
 465 0083 03       		.uleb128 0x3
 466 0084 0E       		.uleb128 0xe
ARM GAS  C:\Users\tpbw4321\AppData\Local\Temp\ccsBP6IA.s 			page 12


 467 0085 3A       		.uleb128 0x3a
 468 0086 0B       		.uleb128 0xb
 469 0087 3B       		.uleb128 0x3b
 470 0088 0B       		.uleb128 0xb
 471 0089 27       		.uleb128 0x27
 472 008a 19       		.uleb128 0x19
 473 008b 11       		.uleb128 0x11
 474 008c 01       		.uleb128 0x1
 475 008d 12       		.uleb128 0x12
 476 008e 06       		.uleb128 0x6
 477 008f 40       		.uleb128 0x40
 478 0090 18       		.uleb128 0x18
 479 0091 9642     		.uleb128 0x2116
 480 0093 19       		.uleb128 0x19
 481 0094 00       		.byte	0
 482 0095 00       		.byte	0
 483 0096 0B       		.uleb128 0xb
 484 0097 34       		.uleb128 0x34
 485 0098 00       		.byte	0
 486 0099 03       		.uleb128 0x3
 487 009a 0E       		.uleb128 0xe
 488 009b 3A       		.uleb128 0x3a
 489 009c 0B       		.uleb128 0xb
 490 009d 3B       		.uleb128 0x3b
 491 009e 0B       		.uleb128 0xb
 492 009f 49       		.uleb128 0x49
 493 00a0 13       		.uleb128 0x13
 494 00a1 02       		.uleb128 0x2
 495 00a2 18       		.uleb128 0x18
 496 00a3 00       		.byte	0
 497 00a4 00       		.byte	0
 498 00a5 00       		.byte	0
 499              		.section	.debug_aranges,"",%progbits
 500 0000 34000000 		.4byte	0x34
 501 0004 0200     		.2byte	0x2
 502 0006 00000000 		.4byte	.Ldebug_info0
 503 000a 04       		.byte	0x4
 504 000b 00       		.byte	0
 505 000c 0000     		.2byte	0
 506 000e 0000     		.2byte	0
 507 0010 00000000 		.4byte	.LFB0
 508 0014 0C000000 		.4byte	.LFE0-.LFB0
 509 0018 00000000 		.4byte	.LFB1
 510 001c 0C000000 		.4byte	.LFE1-.LFB1
 511 0020 00000000 		.4byte	.LFB2
 512 0024 34000000 		.4byte	.LFE2-.LFB2
 513 0028 00000000 		.4byte	.LFB3
 514 002c 1C000000 		.4byte	.LFE3-.LFB3
 515 0030 00000000 		.4byte	0
 516 0034 00000000 		.4byte	0
 517              		.section	.debug_ranges,"",%progbits
 518              	.Ldebug_ranges0:
 519 0000 00000000 		.4byte	.LFB0
 520 0004 0C000000 		.4byte	.LFE0
 521 0008 00000000 		.4byte	.LFB1
 522 000c 0C000000 		.4byte	.LFE1
 523 0010 00000000 		.4byte	.LFB2
ARM GAS  C:\Users\tpbw4321\AppData\Local\Temp\ccsBP6IA.s 			page 13


 524 0014 34000000 		.4byte	.LFE2
 525 0018 00000000 		.4byte	.LFB3
 526 001c 1C000000 		.4byte	.LFE3
 527 0020 00000000 		.4byte	0
 528 0024 00000000 		.4byte	0
 529              		.section	.debug_line,"",%progbits
 530              	.Ldebug_line0:
 531 0000 C7000000 		.section	.debug_str,"MS",%progbits,1
 531      02007000 
 531      00000201 
 531      FB0E0D00 
 531      01010101 
 532              	.LASF6:
 533 0000 6C6F6E67 		.ascii	"long long int\000"
 533      206C6F6E 
 533      6720696E 
 533      7400
 534              	.LASF3:
 535 000e 73686F72 		.ascii	"short unsigned int\000"
 535      7420756E 
 535      7369676E 
 535      65642069 
 535      6E7400
 536              	.LASF8:
 537 0021 756E7369 		.ascii	"unsigned int\000"
 537      676E6564 
 537      20696E74 
 537      00
 538              	.LASF23:
 539 002e 50696E67 		.ascii	"PingSensorTrigCounter_Wakeup\000"
 539      53656E73 
 539      6F725472 
 539      6967436F 
 539      756E7465 
 540              	.LASF1:
 541 004b 756E7369 		.ascii	"unsigned char\000"
 541      676E6564 
 541      20636861 
 541      7200
 542              	.LASF12:
 543 0059 75696E74 		.ascii	"uint8\000"
 543      3800
 544              	.LASF5:
 545 005f 6C6F6E67 		.ascii	"long unsigned int\000"
 545      20756E73 
 545      69676E65 
 545      6420696E 
 545      7400
 546              	.LASF7:
 547 0071 6C6F6E67 		.ascii	"long long unsigned int\000"
 547      206C6F6E 
 547      6720756E 
 547      7369676E 
 547      65642069 
 548              	.LASF9:
 549 0088 666C6F61 		.ascii	"float\000"
 549      7400
ARM GAS  C:\Users\tpbw4321\AppData\Local\Temp\ccsBP6IA.s 			page 14


 550              	.LASF21:
 551 008e 50696E67 		.ascii	"PingSensorTrigCounter_RestoreConfig\000"
 551      53656E73 
 551      6F725472 
 551      6967436F 
 551      756E7465 
 552              	.LASF11:
 553 00b2 63686172 		.ascii	"char\000"
 553      00
 554              	.LASF24:
 555 00b7 474E5520 		.ascii	"GNU C11 5.4.1 20160609 (release) [ARM/embedded-5-br"
 555      43313120 
 555      352E342E 
 555      31203230 
 555      31363036 
 556 00ea 616E6368 		.ascii	"anch revision 237715] -mcpu=cortex-m3 -mthumb -g -O"
 556      20726576 
 556      6973696F 
 556      6E203233 
 556      37373135 
 557 011d 30202D66 		.ascii	"0 -ffunction-sections -ffat-lto-objects\000"
 557      66756E63 
 557      74696F6E 
 557      2D736563 
 557      74696F6E 
 558              	.LASF18:
 559 0145 436F756E 		.ascii	"CounterControlRegister\000"
 559      74657243 
 559      6F6E7472 
 559      6F6C5265 
 559      67697374 
 560              	.LASF19:
 561 015c 50696E67 		.ascii	"PingSensorTrigCounter_backupStruct\000"
 561      53656E73 
 561      6F725472 
 561      6967436F 
 561      756E7465 
 562              	.LASF25:
 563 017f 47656E65 		.ascii	"Generated_Source\\PSoC5\\PingSensorTrigCounter_PM.c"
 563      72617465 
 563      645F536F 
 563      75726365 
 563      5C50536F 
 564 01b0 00       		.ascii	"\000"
 565              	.LASF4:
 566 01b1 6C6F6E67 		.ascii	"long int\000"
 566      20696E74 
 566      00
 567              	.LASF20:
 568 01ba 50696E67 		.ascii	"PingSensorTrigCounter_SaveConfig\000"
 568      53656E73 
 568      6F725472 
 568      6967436F 
 568      756E7465 
 569              	.LASF16:
 570 01db 436F756E 		.ascii	"CounterEnableState\000"
 570      74657245 
ARM GAS  C:\Users\tpbw4321\AppData\Local\Temp\ccsBP6IA.s 			page 15


 570      6E61626C 
 570      65537461 
 570      746500
 571              	.LASF26:
 572 01ee 433A5C55 		.ascii	"C:\\Users\\tpbw4321\\AppData\\Roaming\\SPB_Data\\Hy"
 572      73657273 
 572      5C747062 
 572      77343332 
 572      315C4170 
 573 021b 64726F70 		.ascii	"droponicsAutomation\\Designs\\Software\\Embedded\\P"
 573      6F6E6963 
 573      73417574 
 573      6F6D6174 
 573      696F6E5C 
 574 024a 536F435C 		.ascii	"SoC\\HydroponicAutomationSensorPerf.cydsn\000"
 574      48796472 
 574      6F706F6E 
 574      69634175 
 574      746F6D61 
 575              	.LASF10:
 576 0273 646F7562 		.ascii	"double\000"
 576      6C6500
 577              	.LASF22:
 578 027a 50696E67 		.ascii	"PingSensorTrigCounter_Sleep\000"
 578      53656E73 
 578      6F725472 
 578      6967436F 
 578      756E7465 
 579              	.LASF27:
 580 0296 50696E67 		.ascii	"PingSensorTrigCounter_backup\000"
 580      53656E73 
 580      6F725472 
 580      6967436F 
 580      756E7465 
 581              	.LASF0:
 582 02b3 7369676E 		.ascii	"signed char\000"
 582      65642063 
 582      68617200 
 583              	.LASF14:
 584 02bf 6C6F6E67 		.ascii	"long double\000"
 584      20646F75 
 584      626C6500 
 585              	.LASF2:
 586 02cb 73686F72 		.ascii	"short int\000"
 586      7420696E 
 586      7400
 587              	.LASF13:
 588 02d5 72656738 		.ascii	"reg8\000"
 588      00
 589              	.LASF17:
 590 02da 436F756E 		.ascii	"CounterUdb\000"
 590      74657255 
 590      646200
 591              	.LASF15:
 592 02e5 73697A65 		.ascii	"sizetype\000"
 592      74797065 
 592      00
ARM GAS  C:\Users\tpbw4321\AppData\Local\Temp\ccsBP6IA.s 			page 16


 593              		.ident	"GCC: (GNU Tools for ARM Embedded Processors) 5.4.1 20160609 (release) [ARM/embedded-5-bran
