ARM GAS  C:\Users\tpbw4321\AppData\Local\Temp\cc842v3Q.s 			page 1


   1              		.syntax unified
   2              		.cpu cortex-m3
   3              		.fpu softvfp
   4              		.eabi_attribute 20, 1
   5              		.eabi_attribute 21, 1
   6              		.eabi_attribute 23, 3
   7              		.eabi_attribute 24, 1
   8              		.eabi_attribute 25, 1
   9              		.eabi_attribute 26, 1
  10              		.eabi_attribute 30, 6
  11              		.eabi_attribute 34, 1
  12              		.eabi_attribute 18, 4
  13              		.thumb
  14              		.syntax unified
  15              		.file	"PingSensor.c"
  16              		.text
  17              	.Ltext0:
  18              		.cfi_sections	.debug_frame
  19              		.bss
  20              		.align	3
  21              	SupplyLevel:
  22 0000 00000000 		.space	40
  22      00000000 
  22      00000000 
  22      00000000 
  22      00000000 
  23              	PingSelector:
  24 0028 00       		.space	1
  25              		.section	.text.PingSensor_GetWaterLevel,"ax",%progbits
  26              		.align	2
  27              		.global	PingSensor_GetWaterLevel
  28              		.thumb
  29              		.thumb_func
  30              		.type	PingSensor_GetWaterLevel, %function
  31              	PingSensor_GetWaterLevel:
  32              	.LFB64:
  33              		.file 1 "src\\PingSensor.c"
   1:src/PingSensor.c **** #include <project.h>
   2:src/PingSensor.c **** #include <stdio.h>
   3:src/PingSensor.c **** #include "PingSensor.h"
   4:src/PingSensor.c **** 
   5:src/PingSensor.c **** #define TIMEOUT 100000//65536 //About 65.536 ms
   6:src/PingSensor.c **** #define ECHO_TIMER_MAX 65536 //About 65.536 ms
   7:src/PingSensor.c **** #define LEVEL_SENSE_CNT 5
   8:src/PingSensor.c **** #define MEGA 1000000.0
   9:src/PingSensor.c **** 
  10:src/PingSensor.c **** static double SupplyLevel[LEVEL_SENSE_CNT];
  11:src/PingSensor.c **** static Level  PingSelector = 0;
  12:src/PingSensor.c **** 
  13:src/PingSensor.c **** double PingSensor_GetWaterLevel(){return SupplyLevel[LEVEL_WATER];}
  34              		.loc 1 13 0
  35              		.cfi_startproc
  36              		@ args = 0, pretend = 0, frame = 0
  37              		@ frame_needed = 1, uses_anonymous_args = 0
  38              		@ link register save eliminated.
  39 0000 90B4     		push	{r4, r7}
  40              		.cfi_def_cfa_offset 8
ARM GAS  C:\Users\tpbw4321\AppData\Local\Temp\cc842v3Q.s 			page 2


  41              		.cfi_offset 4, -8
  42              		.cfi_offset 7, -4
  43 0002 00AF     		add	r7, sp, #0
  44              		.cfi_def_cfa_register 7
  45              		.loc 1 13 0
  46 0004 034B     		ldr	r3, .L3
  47 0006 18CB     		ldmia	r3, {r3-r4}
  48 0008 1846     		mov	r0, r3
  49 000a 2146     		mov	r1, r4
  50 000c BD46     		mov	sp, r7
  51              		.cfi_def_cfa_register 13
  52              		@ sp needed
  53 000e 90BC     		pop	{r4, r7}
  54              		.cfi_restore 7
  55              		.cfi_restore 4
  56              		.cfi_def_cfa_offset 0
  57 0010 7047     		bx	lr
  58              	.L4:
  59 0012 00BF     		.align	2
  60              	.L3:
  61 0014 00000000 		.word	SupplyLevel
  62              		.cfi_endproc
  63              	.LFE64:
  64              		.size	PingSensor_GetWaterLevel, .-PingSensor_GetWaterLevel
  65              		.section	.text.PingSensor_GetpHUpLevel,"ax",%progbits
  66              		.align	2
  67              		.global	PingSensor_GetpHUpLevel
  68              		.thumb
  69              		.thumb_func
  70              		.type	PingSensor_GetpHUpLevel, %function
  71              	PingSensor_GetpHUpLevel:
  72              	.LFB65:
  14:src/PingSensor.c **** double PingSensor_GetpHUpLevel(){return SupplyLevel[LEVEL_pH_UP];}
  73              		.loc 1 14 0
  74              		.cfi_startproc
  75              		@ args = 0, pretend = 0, frame = 0
  76              		@ frame_needed = 1, uses_anonymous_args = 0
  77              		@ link register save eliminated.
  78 0000 90B4     		push	{r4, r7}
  79              		.cfi_def_cfa_offset 8
  80              		.cfi_offset 4, -8
  81              		.cfi_offset 7, -4
  82 0002 00AF     		add	r7, sp, #0
  83              		.cfi_def_cfa_register 7
  84              		.loc 1 14 0
  85 0004 044B     		ldr	r3, .L7
  86 0006 03F10804 		add	r4, r3, #8
  87 000a D4E90034 		ldrd	r3, [r4]
  88 000e 1846     		mov	r0, r3
  89 0010 2146     		mov	r1, r4
  90 0012 BD46     		mov	sp, r7
  91              		.cfi_def_cfa_register 13
  92              		@ sp needed
  93 0014 90BC     		pop	{r4, r7}
  94              		.cfi_restore 7
  95              		.cfi_restore 4
  96              		.cfi_def_cfa_offset 0
ARM GAS  C:\Users\tpbw4321\AppData\Local\Temp\cc842v3Q.s 			page 3


  97 0016 7047     		bx	lr
  98              	.L8:
  99              		.align	2
 100              	.L7:
 101 0018 00000000 		.word	SupplyLevel
 102              		.cfi_endproc
 103              	.LFE65:
 104              		.size	PingSensor_GetpHUpLevel, .-PingSensor_GetpHUpLevel
 105              		.section	.text.PingSensor_GetpHDownLevel,"ax",%progbits
 106              		.align	2
 107              		.global	PingSensor_GetpHDownLevel
 108              		.thumb
 109              		.thumb_func
 110              		.type	PingSensor_GetpHDownLevel, %function
 111              	PingSensor_GetpHDownLevel:
 112              	.LFB66:
  15:src/PingSensor.c **** double PingSensor_GetpHDownLevel(){return SupplyLevel[LEVEL_pH_DOWN];}
 113              		.loc 1 15 0
 114              		.cfi_startproc
 115              		@ args = 0, pretend = 0, frame = 0
 116              		@ frame_needed = 1, uses_anonymous_args = 0
 117              		@ link register save eliminated.
 118 0000 90B4     		push	{r4, r7}
 119              		.cfi_def_cfa_offset 8
 120              		.cfi_offset 4, -8
 121              		.cfi_offset 7, -4
 122 0002 00AF     		add	r7, sp, #0
 123              		.cfi_def_cfa_register 7
 124              		.loc 1 15 0
 125 0004 044B     		ldr	r3, .L11
 126 0006 03F11004 		add	r4, r3, #16
 127 000a D4E90034 		ldrd	r3, [r4]
 128 000e 1846     		mov	r0, r3
 129 0010 2146     		mov	r1, r4
 130 0012 BD46     		mov	sp, r7
 131              		.cfi_def_cfa_register 13
 132              		@ sp needed
 133 0014 90BC     		pop	{r4, r7}
 134              		.cfi_restore 7
 135              		.cfi_restore 4
 136              		.cfi_def_cfa_offset 0
 137 0016 7047     		bx	lr
 138              	.L12:
 139              		.align	2
 140              	.L11:
 141 0018 00000000 		.word	SupplyLevel
 142              		.cfi_endproc
 143              	.LFE66:
 144              		.size	PingSensor_GetpHDownLevel, .-PingSensor_GetpHDownLevel
 145              		.section	.text.PingSensor_GetNutLevel,"ax",%progbits
 146              		.align	2
 147              		.global	PingSensor_GetNutLevel
 148              		.thumb
 149              		.thumb_func
 150              		.type	PingSensor_GetNutLevel, %function
 151              	PingSensor_GetNutLevel:
 152              	.LFB67:
ARM GAS  C:\Users\tpbw4321\AppData\Local\Temp\cc842v3Q.s 			page 4


  16:src/PingSensor.c **** double PingSensor_GetNutLevel(){return SupplyLevel[LEVEL_NUTS];}
 153              		.loc 1 16 0
 154              		.cfi_startproc
 155              		@ args = 0, pretend = 0, frame = 0
 156              		@ frame_needed = 1, uses_anonymous_args = 0
 157              		@ link register save eliminated.
 158 0000 90B4     		push	{r4, r7}
 159              		.cfi_def_cfa_offset 8
 160              		.cfi_offset 4, -8
 161              		.cfi_offset 7, -4
 162 0002 00AF     		add	r7, sp, #0
 163              		.cfi_def_cfa_register 7
 164              		.loc 1 16 0
 165 0004 044B     		ldr	r3, .L15
 166 0006 03F11804 		add	r4, r3, #24
 167 000a D4E90034 		ldrd	r3, [r4]
 168 000e 1846     		mov	r0, r3
 169 0010 2146     		mov	r1, r4
 170 0012 BD46     		mov	sp, r7
 171              		.cfi_def_cfa_register 13
 172              		@ sp needed
 173 0014 90BC     		pop	{r4, r7}
 174              		.cfi_restore 7
 175              		.cfi_restore 4
 176              		.cfi_def_cfa_offset 0
 177 0016 7047     		bx	lr
 178              	.L16:
 179              		.align	2
 180              	.L15:
 181 0018 00000000 		.word	SupplyLevel
 182              		.cfi_endproc
 183              	.LFE67:
 184              		.size	PingSensor_GetNutLevel, .-PingSensor_GetNutLevel
 185              		.section	.text.PingSensor_GetWaterResLevel,"ax",%progbits
 186              		.align	2
 187              		.global	PingSensor_GetWaterResLevel
 188              		.thumb
 189              		.thumb_func
 190              		.type	PingSensor_GetWaterResLevel, %function
 191              	PingSensor_GetWaterResLevel:
 192              	.LFB68:
  17:src/PingSensor.c **** double PingSensor_GetWaterResLevel(){return SupplyLevel[LEVEL_WATER_RES];}
 193              		.loc 1 17 0
 194              		.cfi_startproc
 195              		@ args = 0, pretend = 0, frame = 0
 196              		@ frame_needed = 1, uses_anonymous_args = 0
 197              		@ link register save eliminated.
 198 0000 90B4     		push	{r4, r7}
 199              		.cfi_def_cfa_offset 8
 200              		.cfi_offset 4, -8
 201              		.cfi_offset 7, -4
 202 0002 00AF     		add	r7, sp, #0
 203              		.cfi_def_cfa_register 7
 204              		.loc 1 17 0
 205 0004 044B     		ldr	r3, .L19
 206 0006 03F12004 		add	r4, r3, #32
 207 000a D4E90034 		ldrd	r3, [r4]
ARM GAS  C:\Users\tpbw4321\AppData\Local\Temp\cc842v3Q.s 			page 5


 208 000e 1846     		mov	r0, r3
 209 0010 2146     		mov	r1, r4
 210 0012 BD46     		mov	sp, r7
 211              		.cfi_def_cfa_register 13
 212              		@ sp needed
 213 0014 90BC     		pop	{r4, r7}
 214              		.cfi_restore 7
 215              		.cfi_restore 4
 216              		.cfi_def_cfa_offset 0
 217 0016 7047     		bx	lr
 218              	.L20:
 219              		.align	2
 220              	.L19:
 221 0018 00000000 		.word	SupplyLevel
 222              		.cfi_endproc
 223              	.LFE68:
 224              		.size	PingSensor_GetWaterResLevel, .-PingSensor_GetWaterResLevel
 225              		.section	.text.PingSensor_Init,"ax",%progbits
 226              		.align	2
 227              		.global	PingSensor_Init
 228              		.thumb
 229              		.thumb_func
 230              		.type	PingSensor_Init, %function
 231              	PingSensor_Init:
 232              	.LFB69:
  18:src/PingSensor.c **** 
  19:src/PingSensor.c **** /**
  20:src/PingSensor.c ****  * @function PingSensor_Init(void)
  21:src/PingSensor.c ****  * @param None
  22:src/PingSensor.c ****  * @return None
  23:src/PingSensor.c ****  * @brief Initializes hardware components necessary level sensing
  24:src/PingSensor.c ****  * @author Barron Wong 03/30/19
  25:src/PingSensor.c **** */
  26:src/PingSensor.c **** void PingSensor_Init(){
 233              		.loc 1 26 0
 234              		.cfi_startproc
 235              		@ args = 0, pretend = 0, frame = 0
 236              		@ frame_needed = 1, uses_anonymous_args = 0
 237 0000 80B5     		push	{r7, lr}
 238              		.cfi_def_cfa_offset 8
 239              		.cfi_offset 7, -8
 240              		.cfi_offset 14, -4
 241 0002 00AF     		add	r7, sp, #0
 242              		.cfi_def_cfa_register 7
  27:src/PingSensor.c ****     PingSensorEchoISR_StartEx(PingSensorEchoISRHandler);
 243              		.loc 1 27 0
 244 0004 0948     		ldr	r0, .L22
 245 0006 FFF7FEFF 		bl	PingSensorEchoISR_StartEx
  28:src/PingSensor.c ****     PingSensorTrigISR_StartEx(PingSensorTrigISRHandler);
 246              		.loc 1 28 0
 247 000a 0948     		ldr	r0, .L22+4
 248 000c FFF7FEFF 		bl	PingSensorTrigISR_StartEx
  29:src/PingSensor.c ****     PingSensorSampleTimerISR_StartEx(PingSensorSampleTimerISRHandler);
 249              		.loc 1 29 0
 250 0010 0848     		ldr	r0, .L22+8
 251 0012 FFF7FEFF 		bl	PingSensorSampleTimerISR_StartEx
  30:src/PingSensor.c ****     PingSensorTrigCounter_Start();
ARM GAS  C:\Users\tpbw4321\AppData\Local\Temp\cc842v3Q.s 			page 6


 252              		.loc 1 30 0
 253 0016 FFF7FEFF 		bl	PingSensorTrigCounter_Start
  31:src/PingSensor.c ****     PingSensorEchoTimer_Start();
 254              		.loc 1 31 0
 255 001a FFF7FEFF 		bl	PingSensorEchoTimer_Start
  32:src/PingSensor.c ****     PingSensorSampleTimer_Start();
 256              		.loc 1 32 0
 257 001e FFF7FEFF 		bl	PingSensorSampleTimer_Start
  33:src/PingSensor.c ****     PingSelector = LEVEL_WATER;
 258              		.loc 1 33 0
 259 0022 054B     		ldr	r3, .L22+12
 260 0024 0022     		movs	r2, #0
 261 0026 1A70     		strb	r2, [r3]
  34:src/PingSensor.c **** }
 262              		.loc 1 34 0
 263 0028 00BF     		nop
 264 002a 80BD     		pop	{r7, pc}
 265              	.L23:
 266              		.align	2
 267              	.L22:
 268 002c 00000000 		.word	PingSensorEchoISRHandler
 269 0030 00000000 		.word	PingSensorTrigISRHandler
 270 0034 00000000 		.word	PingSensorSampleTimerISRHandler
 271 0038 28000000 		.word	PingSelector
 272              		.cfi_endproc
 273              	.LFE69:
 274              		.size	PingSensor_Init, .-PingSensor_Init
 275              		.section	.text.PingSensor_InitiateReading,"ax",%progbits
 276              		.align	2
 277              		.global	PingSensor_InitiateReading
 278              		.thumb
 279              		.thumb_func
 280              		.type	PingSensor_InitiateReading, %function
 281              	PingSensor_InitiateReading:
 282              	.LFB70:
  35:src/PingSensor.c **** 
  36:src/PingSensor.c **** /**
  37:src/PingSensor.c ****  * @function PingSensor_InitiateReading(Level sensor)
  38:src/PingSensor.c ****  * @param The sensor the user wants to initiate
  39:src/PingSensor.c ****  * @return None
  40:src/PingSensor.c ****  * @brief Intiates a reading for a level sensor
  41:src/PingSensor.c ****  * @author Barron Wong 03/30/19
  42:src/PingSensor.c **** */
  43:src/PingSensor.c **** void PingSensor_InitiateReading(Level sensor){
 283              		.loc 1 43 0
 284              		.cfi_startproc
 285              		@ args = 0, pretend = 0, frame = 8
 286              		@ frame_needed = 1, uses_anonymous_args = 0
 287 0000 80B5     		push	{r7, lr}
 288              		.cfi_def_cfa_offset 8
 289              		.cfi_offset 7, -8
 290              		.cfi_offset 14, -4
 291 0002 82B0     		sub	sp, sp, #8
 292              		.cfi_def_cfa_offset 16
 293 0004 00AF     		add	r7, sp, #0
 294              		.cfi_def_cfa_register 7
 295 0006 0346     		mov	r3, r0
ARM GAS  C:\Users\tpbw4321\AppData\Local\Temp\cc842v3Q.s 			page 7


 296 0008 FB71     		strb	r3, [r7, #7]
  44:src/PingSensor.c ****     LevelSelect_Write(sensor);
 297              		.loc 1 44 0
 298 000a FB79     		ldrb	r3, [r7, #7]	@ zero_extendqisi2
 299 000c 1846     		mov	r0, r3
 300 000e FFF7FEFF 		bl	LevelSelect_Write
  45:src/PingSensor.c ****     PingSensorControl_Write(1);
 301              		.loc 1 45 0
 302 0012 0120     		movs	r0, #1
 303 0014 FFF7FEFF 		bl	PingSensorControl_Write
  46:src/PingSensor.c ****     PingSensorTrigControl_Write(1);
 304              		.loc 1 46 0
 305 0018 0120     		movs	r0, #1
 306 001a FFF7FEFF 		bl	PingSensorTrigControl_Write
  47:src/PingSensor.c **** }
 307              		.loc 1 47 0
 308 001e 00BF     		nop
 309 0020 0837     		adds	r7, r7, #8
 310              		.cfi_def_cfa_offset 8
 311 0022 BD46     		mov	sp, r7
 312              		.cfi_def_cfa_register 13
 313              		@ sp needed
 314 0024 80BD     		pop	{r7, pc}
 315              		.cfi_endproc
 316              	.LFE70:
 317              		.size	PingSensor_InitiateReading, .-PingSensor_InitiateReading
 318 0026 00BF     		.section	.text.PingSensorSampleTimerISRHandler,"ax",%progbits
 319              		.align	2
 320              		.global	PingSensorSampleTimerISRHandler
 321              		.thumb
 322              		.thumb_func
 323              		.type	PingSensorSampleTimerISRHandler, %function
 324              	PingSensorSampleTimerISRHandler:
 325              	.LFB71:
  48:src/PingSensor.c **** /**
  49:src/PingSensor.c ****  * @function PingSensorSampleTimerISRHandler(void)
  50:src/PingSensor.c ****  * @param None
  51:src/PingSensor.c ****  * @return None
  52:src/PingSensor.c ****  * @brief Timeout for level sense. Takes level readings every 100ms
  53:src/PingSensor.c ****  * @author Barron Wong 04/07/19
  54:src/PingSensor.c ****  */
  55:src/PingSensor.c **** CY_ISR(PingSensorSampleTimerISRHandler){
 326              		.loc 1 55 0
 327              		.cfi_startproc
 328              		@ args = 0, pretend = 0, frame = 0
 329              		@ frame_needed = 1, uses_anonymous_args = 0
 330 0000 80B5     		push	{r7, lr}
 331              		.cfi_def_cfa_offset 8
 332              		.cfi_offset 7, -8
 333              		.cfi_offset 14, -4
 334 0002 00AF     		add	r7, sp, #0
 335              		.cfi_def_cfa_register 7
  56:src/PingSensor.c ****     PingSensor_InitiateReading(PingSelector);
 336              		.loc 1 56 0
 337 0004 0C4B     		ldr	r3, .L26
 338 0006 1B78     		ldrb	r3, [r3]	@ zero_extendqisi2
 339 0008 1846     		mov	r0, r3
ARM GAS  C:\Users\tpbw4321\AppData\Local\Temp\cc842v3Q.s 			page 8


 340 000a FFF7FEFF 		bl	PingSensor_InitiateReading
  57:src/PingSensor.c ****     PingSelector = (PingSelector + 1) % LEVEL_SENSE_CNT;
 341              		.loc 1 57 0
 342 000e 0A4B     		ldr	r3, .L26
 343 0010 1B78     		ldrb	r3, [r3]	@ zero_extendqisi2
 344 0012 5A1C     		adds	r2, r3, #1
 345 0014 094B     		ldr	r3, .L26+4
 346 0016 83FB0213 		smull	r1, r3, r3, r2
 347 001a 5910     		asrs	r1, r3, #1
 348 001c D317     		asrs	r3, r2, #31
 349 001e C91A     		subs	r1, r1, r3
 350 0020 0B46     		mov	r3, r1
 351 0022 9B00     		lsls	r3, r3, #2
 352 0024 0B44     		add	r3, r3, r1
 353 0026 D11A     		subs	r1, r2, r3
 354 0028 CAB2     		uxtb	r2, r1
 355 002a 034B     		ldr	r3, .L26
 356 002c 1A70     		strb	r2, [r3]
  58:src/PingSensor.c ****     PingSensorSampleTimerISR_ClearPending();
 357              		.loc 1 58 0
 358 002e FFF7FEFF 		bl	PingSensorSampleTimerISR_ClearPending
  59:src/PingSensor.c **** }
 359              		.loc 1 59 0
 360 0032 00BF     		nop
 361 0034 80BD     		pop	{r7, pc}
 362              	.L27:
 363 0036 00BF     		.align	2
 364              	.L26:
 365 0038 28000000 		.word	PingSelector
 366 003c 67666666 		.word	1717986919
 367              		.cfi_endproc
 368              	.LFE71:
 369              		.size	PingSensorSampleTimerISRHandler, .-PingSensorSampleTimerISRHandler
 370              		.global	__aeabi_ui2d
 371              		.global	__aeabi_ddiv
 372              		.global	__aeabi_dmul
 373              		.section	.text.PingSensorEchoISRHandler,"ax",%progbits
 374              		.align	2
 375              		.global	PingSensorEchoISRHandler
 376              		.thumb
 377              		.thumb_func
 378              		.type	PingSensorEchoISRHandler, %function
 379              	PingSensorEchoISRHandler:
 380              	.LFB72:
  60:src/PingSensor.c **** /**
  61:src/PingSensor.c ****  * @function PingSensorEchoISRHandler(void)
  62:src/PingSensor.c ****  * @param None
  63:src/PingSensor.c ****  * @return None
  64:src/PingSensor.c ****  * @brief Reads time of flight in microseconds 
  65:src/PingSensor.c ****  * @author Barron Wong 03/30/19
  66:src/PingSensor.c **** */
  67:src/PingSensor.c **** CY_ISR(PingSensorEchoISRHandler){
 381              		.loc 1 67 0
 382              		.cfi_startproc
 383              		@ args = 0, pretend = 0, frame = 8
 384              		@ frame_needed = 1, uses_anonymous_args = 0
 385 0000 B0B5     		push	{r4, r5, r7, lr}
ARM GAS  C:\Users\tpbw4321\AppData\Local\Temp\cc842v3Q.s 			page 9


 386              		.cfi_def_cfa_offset 16
 387              		.cfi_offset 4, -16
 388              		.cfi_offset 5, -12
 389              		.cfi_offset 7, -8
 390              		.cfi_offset 14, -4
 391 0002 82B0     		sub	sp, sp, #8
 392              		.cfi_def_cfa_offset 24
 393 0004 00AF     		add	r7, sp, #0
 394              		.cfi_def_cfa_register 7
  68:src/PingSensor.c ****     uint32_t time;
  69:src/PingSensor.c ****     uint8_t echo_select = (PingSelector - 1);
 395              		.loc 1 69 0
 396 0006 284B     		ldr	r3, .L30+8
 397 0008 1B78     		ldrb	r3, [r3]	@ zero_extendqisi2
 398 000a 013B     		subs	r3, r3, #1
 399 000c FB71     		strb	r3, [r7, #7]
  70:src/PingSensor.c ****     if(echo_select == 255)
 400              		.loc 1 70 0
 401 000e FB79     		ldrb	r3, [r7, #7]	@ zero_extendqisi2
 402 0010 FF2B     		cmp	r3, #255
 403 0012 01D1     		bne	.L29
  71:src/PingSensor.c ****         echo_select = 4;
 404              		.loc 1 71 0
 405 0014 0423     		movs	r3, #4
 406 0016 FB71     		strb	r3, [r7, #7]
 407              	.L29:
  72:src/PingSensor.c ****     echo_select %= LEVEL_SENSE_CNT;
 408              		.loc 1 72 0
 409 0018 FA79     		ldrb	r2, [r7, #7]	@ zero_extendqisi2
 410 001a 244B     		ldr	r3, .L30+12
 411 001c A3FB0213 		umull	r1, r3, r3, r2
 412 0020 9908     		lsrs	r1, r3, #2
 413 0022 0B46     		mov	r3, r1
 414 0024 9B00     		lsls	r3, r3, #2
 415 0026 0B44     		add	r3, r3, r1
 416 0028 D31A     		subs	r3, r2, r3
 417 002a FB71     		strb	r3, [r7, #7]
  73:src/PingSensor.c ****     PingSensorEchoISR_ClearPending();
 418              		.loc 1 73 0
 419 002c FFF7FEFF 		bl	PingSensorEchoISR_ClearPending
  74:src/PingSensor.c ****     time = ECHO_TIMER_MAX - PingSensorEchoTimer_ReadCapture();
 420              		.loc 1 74 0
 421 0030 FFF7FEFF 		bl	PingSensorEchoTimer_ReadCapture
 422 0034 0346     		mov	r3, r0
 423 0036 C3F58033 		rsb	r3, r3, #65536
 424 003a 3B60     		str	r3, [r7]
  75:src/PingSensor.c ****     SupplyLevel[echo_select] = ((time/MEGA * 340)/2)*100;
 425              		.loc 1 75 0
 426 003c FD79     		ldrb	r5, [r7, #7]	@ zero_extendqisi2
 427 003e 3868     		ldr	r0, [r7]
 428 0040 FFF7FEFF 		bl	__aeabi_ui2d
 429 0044 16A3     		adr	r3, .L30
 430 0046 D3E90023 		ldrd	r2, [r3]
 431 004a FFF7FEFF 		bl	__aeabi_ddiv
 432 004e 0346     		mov	r3, r0
 433 0050 0C46     		mov	r4, r1
 434 0052 1846     		mov	r0, r3
ARM GAS  C:\Users\tpbw4321\AppData\Local\Temp\cc842v3Q.s 			page 10


 435 0054 2146     		mov	r1, r4
 436 0056 4FF00002 		mov	r2, #0
 437 005a 154B     		ldr	r3, .L30+16
 438 005c FFF7FEFF 		bl	__aeabi_dmul
 439 0060 0346     		mov	r3, r0
 440 0062 0C46     		mov	r4, r1
 441 0064 1846     		mov	r0, r3
 442 0066 2146     		mov	r1, r4
 443 0068 4FF00002 		mov	r2, #0
 444 006c 4FF08043 		mov	r3, #1073741824
 445 0070 FFF7FEFF 		bl	__aeabi_ddiv
 446 0074 0346     		mov	r3, r0
 447 0076 0C46     		mov	r4, r1
 448 0078 1846     		mov	r0, r3
 449 007a 2146     		mov	r1, r4
 450 007c 4FF00002 		mov	r2, #0
 451 0080 0C4B     		ldr	r3, .L30+20
 452 0082 FFF7FEFF 		bl	__aeabi_dmul
 453 0086 0346     		mov	r3, r0
 454 0088 0C46     		mov	r4, r1
 455 008a 0B49     		ldr	r1, .L30+24
 456 008c EA00     		lsls	r2, r5, #3
 457 008e 0A44     		add	r2, r2, r1
 458 0090 C2E90034 		strd	r3, [r2]
  76:src/PingSensor.c ****     //printf("Echo Select %d\r\n", echo_select);
  77:src/PingSensor.c ****     PingSensorEchoTimer_ClearFIFO();
 459              		.loc 1 77 0
 460 0094 FFF7FEFF 		bl	PingSensorEchoTimer_ClearFIFO
  78:src/PingSensor.c **** }
 461              		.loc 1 78 0
 462 0098 00BF     		nop
 463 009a 0837     		adds	r7, r7, #8
 464              		.cfi_def_cfa_offset 16
 465 009c BD46     		mov	sp, r7
 466              		.cfi_def_cfa_register 13
 467              		@ sp needed
 468 009e B0BD     		pop	{r4, r5, r7, pc}
 469              	.L31:
 470              		.align	3
 471              	.L30:
 472 00a0 00000000 		.word	0
 473 00a4 80842E41 		.word	1093567616
 474 00a8 28000000 		.word	PingSelector
 475 00ac CDCCCCCC 		.word	-858993459
 476 00b0 00407540 		.word	1081425920
 477 00b4 00005940 		.word	1079574528
 478 00b8 00000000 		.word	SupplyLevel
 479              		.cfi_endproc
 480              	.LFE72:
 481              		.size	PingSensorEchoISRHandler, .-PingSensorEchoISRHandler
 482              		.section	.text.PingSensorTrigISRHandler,"ax",%progbits
 483              		.align	2
 484              		.global	PingSensorTrigISRHandler
 485              		.thumb
 486              		.thumb_func
 487              		.type	PingSensorTrigISRHandler, %function
 488              	PingSensorTrigISRHandler:
ARM GAS  C:\Users\tpbw4321\AppData\Local\Temp\cc842v3Q.s 			page 11


 489              	.LFB73:
  79:src/PingSensor.c **** /**
  80:src/PingSensor.c ****  * @function PingSensorTrigISRHandler(void)
  81:src/PingSensor.c ****  * @param None
  82:src/PingSensor.c ****  * @return None
  83:src/PingSensor.c ****  * @brief ISR Handler for Trig Pin
  84:src/PingSensor.c ****  * @author Barron Wong 01/25/19
  85:src/PingSensor.c ****  */
  86:src/PingSensor.c **** CY_ISR(PingSensorTrigISRHandler){
 490              		.loc 1 86 0
 491              		.cfi_startproc
 492              		@ args = 0, pretend = 0, frame = 0
 493              		@ frame_needed = 1, uses_anonymous_args = 0
 494 0000 80B5     		push	{r7, lr}
 495              		.cfi_def_cfa_offset 8
 496              		.cfi_offset 7, -8
 497              		.cfi_offset 14, -4
 498 0002 00AF     		add	r7, sp, #0
 499              		.cfi_def_cfa_register 7
  87:src/PingSensor.c ****     PingSensorTrigISR_ClearPending();
 500              		.loc 1 87 0
 501 0004 FFF7FEFF 		bl	PingSensorTrigISR_ClearPending
  88:src/PingSensor.c ****     PingSensorTrigControl_Write(0);
 502              		.loc 1 88 0
 503 0008 0020     		movs	r0, #0
 504 000a FFF7FEFF 		bl	PingSensorTrigControl_Write
  89:src/PingSensor.c **** }
 505              		.loc 1 89 0
 506 000e 00BF     		nop
 507 0010 80BD     		pop	{r7, pc}
 508              		.cfi_endproc
 509              	.LFE73:
 510              		.size	PingSensorTrigISRHandler, .-PingSensorTrigISRHandler
 511 0012 00BF     		.text
 512              	.Letext0:
 513              		.file 2 "c:\\program files (x86)\\cypress\\psoc creator\\4.2\\psoc creator\\import\\gnu\\arm\\5.4.
 514              		.file 3 "c:\\program files (x86)\\cypress\\psoc creator\\4.2\\psoc creator\\import\\gnu\\arm\\5.4.
 515              		.file 4 ".\\include/PingSensor.h"
 516              		.file 5 "Generated_Source\\PSoC5/core_cm3.h"
 517              		.section	.debug_info,"",%progbits
 518              	.Ldebug_info0:
 519 0000 38020000 		.4byte	0x238
 520 0004 0400     		.2byte	0x4
 521 0006 00000000 		.4byte	.Ldebug_abbrev0
 522 000a 04       		.byte	0x4
 523 000b 01       		.uleb128 0x1
 524 000c 0A000000 		.4byte	.LASF39
 525 0010 0C       		.byte	0xc
 526 0011 21030000 		.4byte	.LASF40
 527 0015 E0000000 		.4byte	.LASF41
 528 0019 00000000 		.4byte	.Ldebug_ranges0+0
 529 001d 00000000 		.4byte	0
 530 0021 00000000 		.4byte	.Ldebug_line0
 531 0025 02       		.uleb128 0x2
 532 0026 01       		.byte	0x1
 533 0027 06       		.byte	0x6
 534 0028 C7020000 		.4byte	.LASF0
ARM GAS  C:\Users\tpbw4321\AppData\Local\Temp\cc842v3Q.s 			page 12


 535 002c 03       		.uleb128 0x3
 536 002d 00000000 		.4byte	.LASF4
 537 0031 02       		.byte	0x2
 538 0032 1D       		.byte	0x1d
 539 0033 37000000 		.4byte	0x37
 540 0037 02       		.uleb128 0x2
 541 0038 01       		.byte	0x1
 542 0039 08       		.byte	0x8
 543 003a 9D010000 		.4byte	.LASF1
 544 003e 02       		.uleb128 0x2
 545 003f 02       		.byte	0x2
 546 0040 05       		.byte	0x5
 547 0041 C3000000 		.4byte	.LASF2
 548 0045 02       		.uleb128 0x2
 549 0046 02       		.byte	0x2
 550 0047 07       		.byte	0x7
 551 0048 A2000000 		.4byte	.LASF3
 552 004c 03       		.uleb128 0x3
 553 004d 98000000 		.4byte	.LASF5
 554 0051 02       		.byte	0x2
 555 0052 3F       		.byte	0x3f
 556 0053 57000000 		.4byte	0x57
 557 0057 02       		.uleb128 0x2
 558 0058 04       		.byte	0x4
 559 0059 05       		.byte	0x5
 560 005a 54030000 		.4byte	.LASF6
 561 005e 03       		.uleb128 0x3
 562 005f 71010000 		.4byte	.LASF7
 563 0063 02       		.byte	0x2
 564 0064 41       		.byte	0x41
 565 0065 69000000 		.4byte	0x69
 566 0069 02       		.uleb128 0x2
 567 006a 04       		.byte	0x4
 568 006b 07       		.byte	0x7
 569 006c B2010000 		.4byte	.LASF8
 570 0070 02       		.uleb128 0x2
 571 0071 08       		.byte	0x8
 572 0072 05       		.byte	0x5
 573 0073 E9020000 		.4byte	.LASF9
 574 0077 02       		.uleb128 0x2
 575 0078 08       		.byte	0x8
 576 0079 07       		.byte	0x7
 577 007a A8020000 		.4byte	.LASF10
 578 007e 04       		.uleb128 0x4
 579 007f 04       		.byte	0x4
 580 0080 05       		.byte	0x5
 581 0081 696E7400 		.ascii	"int\000"
 582 0085 02       		.uleb128 0x2
 583 0086 04       		.byte	0x4
 584 0087 07       		.byte	0x7
 585 0088 8E020000 		.4byte	.LASF11
 586 008c 03       		.uleb128 0x3
 587 008d BF020000 		.4byte	.LASF12
 588 0091 03       		.byte	0x3
 589 0092 18       		.byte	0x18
 590 0093 2C000000 		.4byte	0x2c
 591 0097 03       		.uleb128 0x3
ARM GAS  C:\Users\tpbw4321\AppData\Local\Temp\cc842v3Q.s 			page 13


 592 0098 D8020000 		.4byte	.LASF13
 593 009c 03       		.byte	0x3
 594 009d 2C       		.byte	0x2c
 595 009e 4C000000 		.4byte	0x4c
 596 00a2 03       		.uleb128 0x3
 597 00a3 4B030000 		.4byte	.LASF14
 598 00a7 03       		.byte	0x3
 599 00a8 30       		.byte	0x30
 600 00a9 5E000000 		.4byte	0x5e
 601 00ad 02       		.uleb128 0x2
 602 00ae 04       		.byte	0x4
 603 00af 04       		.byte	0x4
 604 00b0 7C010000 		.4byte	.LASF15
 605 00b4 02       		.uleb128 0x2
 606 00b5 08       		.byte	0x8
 607 00b6 04       		.byte	0x4
 608 00b7 D9000000 		.4byte	.LASF16
 609 00bb 02       		.uleb128 0x2
 610 00bc 01       		.byte	0x1
 611 00bd 08       		.byte	0x8
 612 00be F7020000 		.4byte	.LASF17
 613 00c2 02       		.uleb128 0x2
 614 00c3 08       		.byte	0x8
 615 00c4 04       		.byte	0x4
 616 00c5 5D030000 		.4byte	.LASF18
 617 00c9 02       		.uleb128 0x2
 618 00ca 04       		.byte	0x4
 619 00cb 07       		.byte	0x7
 620 00cc E0020000 		.4byte	.LASF19
 621 00d0 05       		.uleb128 0x5
 622 00d1 01       		.byte	0x1
 623 00d2 37000000 		.4byte	0x37
 624 00d6 04       		.byte	0x4
 625 00d7 1B       		.byte	0x1b
 626 00d8 FB000000 		.4byte	0xfb
 627 00dc 06       		.uleb128 0x6
 628 00dd 4D020000 		.4byte	.LASF20
 629 00e1 00       		.byte	0
 630 00e2 06       		.uleb128 0x6
 631 00e3 65010000 		.4byte	.LASF21
 632 00e7 01       		.byte	0x1
 633 00e8 06       		.uleb128 0x6
 634 00e9 B5000000 		.4byte	.LASF22
 635 00ed 02       		.byte	0x2
 636 00ee 06       		.uleb128 0x6
 637 00ef 16030000 		.4byte	.LASF23
 638 00f3 03       		.byte	0x3
 639 00f4 06       		.uleb128 0x6
 640 00f5 E7010000 		.4byte	.LASF24
 641 00f9 04       		.byte	0x4
 642 00fa 00       		.byte	0
 643 00fb 03       		.uleb128 0x3
 644 00fc 69030000 		.4byte	.LASF25
 645 0100 04       		.byte	0x4
 646 0101 21       		.byte	0x21
 647 0102 D0000000 		.4byte	0xd0
 648 0106 07       		.uleb128 0x7
ARM GAS  C:\Users\tpbw4321\AppData\Local\Temp\cc842v3Q.s 			page 14


 649 0107 59020000 		.4byte	.LASF26
 650 010b 01       		.byte	0x1
 651 010c 0D       		.byte	0xd
 652 010d B4000000 		.4byte	0xb4
 653 0111 00000000 		.4byte	.LFB64
 654 0115 18000000 		.4byte	.LFE64-.LFB64
 655 0119 01       		.uleb128 0x1
 656 011a 9C       		.byte	0x9c
 657 011b 07       		.uleb128 0x7
 658 011c 6F030000 		.4byte	.LASF27
 659 0120 01       		.byte	0x1
 660 0121 0E       		.byte	0xe
 661 0122 B4000000 		.4byte	0xb4
 662 0126 00000000 		.4byte	.LFB65
 663 012a 1C000000 		.4byte	.LFE65-.LFB65
 664 012e 01       		.uleb128 0x1
 665 012f 9C       		.byte	0x9c
 666 0130 07       		.uleb128 0x7
 667 0131 FC020000 		.4byte	.LASF28
 668 0135 01       		.byte	0x1
 669 0136 0F       		.byte	0xf
 670 0137 B4000000 		.4byte	0xb4
 671 013b 00000000 		.4byte	.LFB66
 672 013f 1C000000 		.4byte	.LFE66-.LFB66
 673 0143 01       		.uleb128 0x1
 674 0144 9C       		.byte	0x9c
 675 0145 07       		.uleb128 0x7
 676 0146 D0010000 		.4byte	.LASF29
 677 014a 01       		.byte	0x1
 678 014b 10       		.byte	0x10
 679 014c B4000000 		.4byte	0xb4
 680 0150 00000000 		.4byte	.LFB67
 681 0154 1C000000 		.4byte	.LFE67-.LFB67
 682 0158 01       		.uleb128 0x1
 683 0159 9C       		.byte	0x9c
 684 015a 07       		.uleb128 0x7
 685 015b 72020000 		.4byte	.LASF30
 686 015f 01       		.byte	0x1
 687 0160 11       		.byte	0x11
 688 0161 B4000000 		.4byte	0xb4
 689 0165 00000000 		.4byte	.LFB68
 690 0169 1C000000 		.4byte	.LFE68-.LFB68
 691 016d 01       		.uleb128 0x1
 692 016e 9C       		.byte	0x9c
 693 016f 08       		.uleb128 0x8
 694 0170 1D020000 		.4byte	.LASF42
 695 0174 01       		.byte	0x1
 696 0175 1A       		.byte	0x1a
 697 0176 00000000 		.4byte	.LFB69
 698 017a 3C000000 		.4byte	.LFE69-.LFB69
 699 017e 01       		.uleb128 0x1
 700 017f 9C       		.byte	0x9c
 701 0180 09       		.uleb128 0x9
 702 0181 82010000 		.4byte	.LASF32
 703 0185 01       		.byte	0x1
 704 0186 2B       		.byte	0x2b
 705 0187 00000000 		.4byte	.LFB70
ARM GAS  C:\Users\tpbw4321\AppData\Local\Temp\cc842v3Q.s 			page 15


 706 018b 26000000 		.4byte	.LFE70-.LFB70
 707 018f 01       		.uleb128 0x1
 708 0190 9C       		.byte	0x9c
 709 0191 A4010000 		.4byte	0x1a4
 710 0195 0A       		.uleb128 0xa
 711 0196 AB010000 		.4byte	.LASF43
 712 019a 01       		.byte	0x1
 713 019b 2B       		.byte	0x2b
 714 019c FB000000 		.4byte	0xfb
 715 01a0 02       		.uleb128 0x2
 716 01a1 91       		.byte	0x91
 717 01a2 77       		.sleb128 -9
 718 01a3 00       		.byte	0
 719 01a4 0B       		.uleb128 0xb
 720 01a5 2D020000 		.4byte	.LASF31
 721 01a9 01       		.byte	0x1
 722 01aa 37       		.byte	0x37
 723 01ab 00000000 		.4byte	.LFB71
 724 01af 40000000 		.4byte	.LFE71-.LFB71
 725 01b3 01       		.uleb128 0x1
 726 01b4 9C       		.byte	0x9c
 727 01b5 09       		.uleb128 0x9
 728 01b6 32030000 		.4byte	.LASF33
 729 01ba 01       		.byte	0x1
 730 01bb 43       		.byte	0x43
 731 01bc 00000000 		.4byte	.LFB72
 732 01c0 BC000000 		.4byte	.LFE72-.LFB72
 733 01c4 01       		.uleb128 0x1
 734 01c5 9C       		.byte	0x9c
 735 01c6 E7010000 		.4byte	0x1e7
 736 01ca 0C       		.uleb128 0xc
 737 01cb D3020000 		.4byte	.LASF34
 738 01cf 01       		.byte	0x1
 739 01d0 44       		.byte	0x44
 740 01d1 A2000000 		.4byte	0xa2
 741 01d5 02       		.uleb128 0x2
 742 01d6 91       		.byte	0x91
 743 01d7 68       		.sleb128 -24
 744 01d8 0C       		.uleb128 0xc
 745 01d9 CD000000 		.4byte	.LASF35
 746 01dd 01       		.byte	0x1
 747 01de 45       		.byte	0x45
 748 01df 8C000000 		.4byte	0x8c
 749 01e3 02       		.uleb128 0x2
 750 01e4 91       		.byte	0x91
 751 01e5 6F       		.sleb128 -17
 752 01e6 00       		.byte	0
 753 01e7 0B       		.uleb128 0xb
 754 01e8 04020000 		.4byte	.LASF36
 755 01ec 01       		.byte	0x1
 756 01ed 56       		.byte	0x56
 757 01ee 00000000 		.4byte	.LFB73
 758 01f2 12000000 		.4byte	.LFE73-.LFB73
 759 01f6 01       		.uleb128 0x1
 760 01f7 9C       		.byte	0x9c
 761 01f8 0D       		.uleb128 0xd
 762 01f9 B4000000 		.4byte	0xb4
ARM GAS  C:\Users\tpbw4321\AppData\Local\Temp\cc842v3Q.s 			page 16


 763 01fd 08020000 		.4byte	0x208
 764 0201 0E       		.uleb128 0xe
 765 0202 C9000000 		.4byte	0xc9
 766 0206 04       		.byte	0x4
 767 0207 00       		.byte	0
 768 0208 0C       		.uleb128 0xc
 769 0209 C4010000 		.4byte	.LASF37
 770 020d 01       		.byte	0x1
 771 020e 0A       		.byte	0xa
 772 020f F8010000 		.4byte	0x1f8
 773 0213 05       		.uleb128 0x5
 774 0214 03       		.byte	0x3
 775 0215 00000000 		.4byte	SupplyLevel
 776 0219 0C       		.uleb128 0xc
 777 021a 9B020000 		.4byte	.LASF38
 778 021e 01       		.byte	0x1
 779 021f 0B       		.byte	0xb
 780 0220 FB000000 		.4byte	0xfb
 781 0224 05       		.uleb128 0x5
 782 0225 03       		.byte	0x3
 783 0226 28000000 		.4byte	PingSelector
 784 022a 0F       		.uleb128 0xf
 785 022b F7010000 		.4byte	.LASF44
 786 022f 05       		.byte	0x5
 787 0230 1207     		.2byte	0x712
 788 0232 36020000 		.4byte	0x236
 789 0236 10       		.uleb128 0x10
 790 0237 97000000 		.4byte	0x97
 791 023b 00       		.byte	0
 792              		.section	.debug_abbrev,"",%progbits
 793              	.Ldebug_abbrev0:
 794 0000 01       		.uleb128 0x1
 795 0001 11       		.uleb128 0x11
 796 0002 01       		.byte	0x1
 797 0003 25       		.uleb128 0x25
 798 0004 0E       		.uleb128 0xe
 799 0005 13       		.uleb128 0x13
 800 0006 0B       		.uleb128 0xb
 801 0007 03       		.uleb128 0x3
 802 0008 0E       		.uleb128 0xe
 803 0009 1B       		.uleb128 0x1b
 804 000a 0E       		.uleb128 0xe
 805 000b 55       		.uleb128 0x55
 806 000c 17       		.uleb128 0x17
 807 000d 11       		.uleb128 0x11
 808 000e 01       		.uleb128 0x1
 809 000f 10       		.uleb128 0x10
 810 0010 17       		.uleb128 0x17
 811 0011 00       		.byte	0
 812 0012 00       		.byte	0
 813 0013 02       		.uleb128 0x2
 814 0014 24       		.uleb128 0x24
 815 0015 00       		.byte	0
 816 0016 0B       		.uleb128 0xb
 817 0017 0B       		.uleb128 0xb
 818 0018 3E       		.uleb128 0x3e
 819 0019 0B       		.uleb128 0xb
ARM GAS  C:\Users\tpbw4321\AppData\Local\Temp\cc842v3Q.s 			page 17


 820 001a 03       		.uleb128 0x3
 821 001b 0E       		.uleb128 0xe
 822 001c 00       		.byte	0
 823 001d 00       		.byte	0
 824 001e 03       		.uleb128 0x3
 825 001f 16       		.uleb128 0x16
 826 0020 00       		.byte	0
 827 0021 03       		.uleb128 0x3
 828 0022 0E       		.uleb128 0xe
 829 0023 3A       		.uleb128 0x3a
 830 0024 0B       		.uleb128 0xb
 831 0025 3B       		.uleb128 0x3b
 832 0026 0B       		.uleb128 0xb
 833 0027 49       		.uleb128 0x49
 834 0028 13       		.uleb128 0x13
 835 0029 00       		.byte	0
 836 002a 00       		.byte	0
 837 002b 04       		.uleb128 0x4
 838 002c 24       		.uleb128 0x24
 839 002d 00       		.byte	0
 840 002e 0B       		.uleb128 0xb
 841 002f 0B       		.uleb128 0xb
 842 0030 3E       		.uleb128 0x3e
 843 0031 0B       		.uleb128 0xb
 844 0032 03       		.uleb128 0x3
 845 0033 08       		.uleb128 0x8
 846 0034 00       		.byte	0
 847 0035 00       		.byte	0
 848 0036 05       		.uleb128 0x5
 849 0037 04       		.uleb128 0x4
 850 0038 01       		.byte	0x1
 851 0039 0B       		.uleb128 0xb
 852 003a 0B       		.uleb128 0xb
 853 003b 49       		.uleb128 0x49
 854 003c 13       		.uleb128 0x13
 855 003d 3A       		.uleb128 0x3a
 856 003e 0B       		.uleb128 0xb
 857 003f 3B       		.uleb128 0x3b
 858 0040 0B       		.uleb128 0xb
 859 0041 01       		.uleb128 0x1
 860 0042 13       		.uleb128 0x13
 861 0043 00       		.byte	0
 862 0044 00       		.byte	0
 863 0045 06       		.uleb128 0x6
 864 0046 28       		.uleb128 0x28
 865 0047 00       		.byte	0
 866 0048 03       		.uleb128 0x3
 867 0049 0E       		.uleb128 0xe
 868 004a 1C       		.uleb128 0x1c
 869 004b 0B       		.uleb128 0xb
 870 004c 00       		.byte	0
 871 004d 00       		.byte	0
 872 004e 07       		.uleb128 0x7
 873 004f 2E       		.uleb128 0x2e
 874 0050 00       		.byte	0
 875 0051 3F       		.uleb128 0x3f
 876 0052 19       		.uleb128 0x19
ARM GAS  C:\Users\tpbw4321\AppData\Local\Temp\cc842v3Q.s 			page 18


 877 0053 03       		.uleb128 0x3
 878 0054 0E       		.uleb128 0xe
 879 0055 3A       		.uleb128 0x3a
 880 0056 0B       		.uleb128 0xb
 881 0057 3B       		.uleb128 0x3b
 882 0058 0B       		.uleb128 0xb
 883 0059 49       		.uleb128 0x49
 884 005a 13       		.uleb128 0x13
 885 005b 11       		.uleb128 0x11
 886 005c 01       		.uleb128 0x1
 887 005d 12       		.uleb128 0x12
 888 005e 06       		.uleb128 0x6
 889 005f 40       		.uleb128 0x40
 890 0060 18       		.uleb128 0x18
 891 0061 9742     		.uleb128 0x2117
 892 0063 19       		.uleb128 0x19
 893 0064 00       		.byte	0
 894 0065 00       		.byte	0
 895 0066 08       		.uleb128 0x8
 896 0067 2E       		.uleb128 0x2e
 897 0068 00       		.byte	0
 898 0069 3F       		.uleb128 0x3f
 899 006a 19       		.uleb128 0x19
 900 006b 03       		.uleb128 0x3
 901 006c 0E       		.uleb128 0xe
 902 006d 3A       		.uleb128 0x3a
 903 006e 0B       		.uleb128 0xb
 904 006f 3B       		.uleb128 0x3b
 905 0070 0B       		.uleb128 0xb
 906 0071 11       		.uleb128 0x11
 907 0072 01       		.uleb128 0x1
 908 0073 12       		.uleb128 0x12
 909 0074 06       		.uleb128 0x6
 910 0075 40       		.uleb128 0x40
 911 0076 18       		.uleb128 0x18
 912 0077 9642     		.uleb128 0x2116
 913 0079 19       		.uleb128 0x19
 914 007a 00       		.byte	0
 915 007b 00       		.byte	0
 916 007c 09       		.uleb128 0x9
 917 007d 2E       		.uleb128 0x2e
 918 007e 01       		.byte	0x1
 919 007f 3F       		.uleb128 0x3f
 920 0080 19       		.uleb128 0x19
 921 0081 03       		.uleb128 0x3
 922 0082 0E       		.uleb128 0xe
 923 0083 3A       		.uleb128 0x3a
 924 0084 0B       		.uleb128 0xb
 925 0085 3B       		.uleb128 0x3b
 926 0086 0B       		.uleb128 0xb
 927 0087 27       		.uleb128 0x27
 928 0088 19       		.uleb128 0x19
 929 0089 11       		.uleb128 0x11
 930 008a 01       		.uleb128 0x1
 931 008b 12       		.uleb128 0x12
 932 008c 06       		.uleb128 0x6
 933 008d 40       		.uleb128 0x40
ARM GAS  C:\Users\tpbw4321\AppData\Local\Temp\cc842v3Q.s 			page 19


 934 008e 18       		.uleb128 0x18
 935 008f 9642     		.uleb128 0x2116
 936 0091 19       		.uleb128 0x19
 937 0092 01       		.uleb128 0x1
 938 0093 13       		.uleb128 0x13
 939 0094 00       		.byte	0
 940 0095 00       		.byte	0
 941 0096 0A       		.uleb128 0xa
 942 0097 05       		.uleb128 0x5
 943 0098 00       		.byte	0
 944 0099 03       		.uleb128 0x3
 945 009a 0E       		.uleb128 0xe
 946 009b 3A       		.uleb128 0x3a
 947 009c 0B       		.uleb128 0xb
 948 009d 3B       		.uleb128 0x3b
 949 009e 0B       		.uleb128 0xb
 950 009f 49       		.uleb128 0x49
 951 00a0 13       		.uleb128 0x13
 952 00a1 02       		.uleb128 0x2
 953 00a2 18       		.uleb128 0x18
 954 00a3 00       		.byte	0
 955 00a4 00       		.byte	0
 956 00a5 0B       		.uleb128 0xb
 957 00a6 2E       		.uleb128 0x2e
 958 00a7 00       		.byte	0
 959 00a8 3F       		.uleb128 0x3f
 960 00a9 19       		.uleb128 0x19
 961 00aa 03       		.uleb128 0x3
 962 00ab 0E       		.uleb128 0xe
 963 00ac 3A       		.uleb128 0x3a
 964 00ad 0B       		.uleb128 0xb
 965 00ae 3B       		.uleb128 0x3b
 966 00af 0B       		.uleb128 0xb
 967 00b0 27       		.uleb128 0x27
 968 00b1 19       		.uleb128 0x19
 969 00b2 11       		.uleb128 0x11
 970 00b3 01       		.uleb128 0x1
 971 00b4 12       		.uleb128 0x12
 972 00b5 06       		.uleb128 0x6
 973 00b6 40       		.uleb128 0x40
 974 00b7 18       		.uleb128 0x18
 975 00b8 9642     		.uleb128 0x2116
 976 00ba 19       		.uleb128 0x19
 977 00bb 00       		.byte	0
 978 00bc 00       		.byte	0
 979 00bd 0C       		.uleb128 0xc
 980 00be 34       		.uleb128 0x34
 981 00bf 00       		.byte	0
 982 00c0 03       		.uleb128 0x3
 983 00c1 0E       		.uleb128 0xe
 984 00c2 3A       		.uleb128 0x3a
 985 00c3 0B       		.uleb128 0xb
 986 00c4 3B       		.uleb128 0x3b
 987 00c5 0B       		.uleb128 0xb
 988 00c6 49       		.uleb128 0x49
 989 00c7 13       		.uleb128 0x13
 990 00c8 02       		.uleb128 0x2
ARM GAS  C:\Users\tpbw4321\AppData\Local\Temp\cc842v3Q.s 			page 20


 991 00c9 18       		.uleb128 0x18
 992 00ca 00       		.byte	0
 993 00cb 00       		.byte	0
 994 00cc 0D       		.uleb128 0xd
 995 00cd 01       		.uleb128 0x1
 996 00ce 01       		.byte	0x1
 997 00cf 49       		.uleb128 0x49
 998 00d0 13       		.uleb128 0x13
 999 00d1 01       		.uleb128 0x1
 1000 00d2 13       		.uleb128 0x13
 1001 00d3 00       		.byte	0
 1002 00d4 00       		.byte	0
 1003 00d5 0E       		.uleb128 0xe
 1004 00d6 21       		.uleb128 0x21
 1005 00d7 00       		.byte	0
 1006 00d8 49       		.uleb128 0x49
 1007 00d9 13       		.uleb128 0x13
 1008 00da 2F       		.uleb128 0x2f
 1009 00db 0B       		.uleb128 0xb
 1010 00dc 00       		.byte	0
 1011 00dd 00       		.byte	0
 1012 00de 0F       		.uleb128 0xf
 1013 00df 34       		.uleb128 0x34
 1014 00e0 00       		.byte	0
 1015 00e1 03       		.uleb128 0x3
 1016 00e2 0E       		.uleb128 0xe
 1017 00e3 3A       		.uleb128 0x3a
 1018 00e4 0B       		.uleb128 0xb
 1019 00e5 3B       		.uleb128 0x3b
 1020 00e6 05       		.uleb128 0x5
 1021 00e7 49       		.uleb128 0x49
 1022 00e8 13       		.uleb128 0x13
 1023 00e9 3F       		.uleb128 0x3f
 1024 00ea 19       		.uleb128 0x19
 1025 00eb 3C       		.uleb128 0x3c
 1026 00ec 19       		.uleb128 0x19
 1027 00ed 00       		.byte	0
 1028 00ee 00       		.byte	0
 1029 00ef 10       		.uleb128 0x10
 1030 00f0 35       		.uleb128 0x35
 1031 00f1 00       		.byte	0
 1032 00f2 49       		.uleb128 0x49
 1033 00f3 13       		.uleb128 0x13
 1034 00f4 00       		.byte	0
 1035 00f5 00       		.byte	0
 1036 00f6 00       		.byte	0
 1037              		.section	.debug_aranges,"",%progbits
 1038 0000 64000000 		.4byte	0x64
 1039 0004 0200     		.2byte	0x2
 1040 0006 00000000 		.4byte	.Ldebug_info0
 1041 000a 04       		.byte	0x4
 1042 000b 00       		.byte	0
 1043 000c 0000     		.2byte	0
 1044 000e 0000     		.2byte	0
 1045 0010 00000000 		.4byte	.LFB64
 1046 0014 18000000 		.4byte	.LFE64-.LFB64
 1047 0018 00000000 		.4byte	.LFB65
ARM GAS  C:\Users\tpbw4321\AppData\Local\Temp\cc842v3Q.s 			page 21


 1048 001c 1C000000 		.4byte	.LFE65-.LFB65
 1049 0020 00000000 		.4byte	.LFB66
 1050 0024 1C000000 		.4byte	.LFE66-.LFB66
 1051 0028 00000000 		.4byte	.LFB67
 1052 002c 1C000000 		.4byte	.LFE67-.LFB67
 1053 0030 00000000 		.4byte	.LFB68
 1054 0034 1C000000 		.4byte	.LFE68-.LFB68
 1055 0038 00000000 		.4byte	.LFB69
 1056 003c 3C000000 		.4byte	.LFE69-.LFB69
 1057 0040 00000000 		.4byte	.LFB70
 1058 0044 26000000 		.4byte	.LFE70-.LFB70
 1059 0048 00000000 		.4byte	.LFB71
 1060 004c 40000000 		.4byte	.LFE71-.LFB71
 1061 0050 00000000 		.4byte	.LFB72
 1062 0054 BC000000 		.4byte	.LFE72-.LFB72
 1063 0058 00000000 		.4byte	.LFB73
 1064 005c 12000000 		.4byte	.LFE73-.LFB73
 1065 0060 00000000 		.4byte	0
 1066 0064 00000000 		.4byte	0
 1067              		.section	.debug_ranges,"",%progbits
 1068              	.Ldebug_ranges0:
 1069 0000 00000000 		.4byte	.LFB64
 1070 0004 18000000 		.4byte	.LFE64
 1071 0008 00000000 		.4byte	.LFB65
 1072 000c 1C000000 		.4byte	.LFE65
 1073 0010 00000000 		.4byte	.LFB66
 1074 0014 1C000000 		.4byte	.LFE66
 1075 0018 00000000 		.4byte	.LFB67
 1076 001c 1C000000 		.4byte	.LFE67
 1077 0020 00000000 		.4byte	.LFB68
 1078 0024 1C000000 		.4byte	.LFE68
 1079 0028 00000000 		.4byte	.LFB69
 1080 002c 3C000000 		.4byte	.LFE69
 1081 0030 00000000 		.4byte	.LFB70
 1082 0034 26000000 		.4byte	.LFE70
 1083 0038 00000000 		.4byte	.LFB71
 1084 003c 40000000 		.4byte	.LFE71
 1085 0040 00000000 		.4byte	.LFB72
 1086 0044 BC000000 		.4byte	.LFE72
 1087 0048 00000000 		.4byte	.LFB73
 1088 004c 12000000 		.4byte	.LFE73
 1089 0050 00000000 		.4byte	0
 1090 0054 00000000 		.4byte	0
 1091              		.section	.debug_line,"",%progbits
 1092              	.Ldebug_line0:
 1093 0000 24020000 		.section	.debug_str,"MS",%progbits,1
 1093      02006301 
 1093      00000201 
 1093      FB0E0D00 
 1093      01010101 
 1094              	.LASF4:
 1095 0000 5F5F7569 		.ascii	"__uint8_t\000"
 1095      6E74385F 
 1095      7400
 1096              	.LASF39:
 1097 000a 474E5520 		.ascii	"GNU C11 5.4.1 20160609 (release) [ARM/embedded-5-br"
 1097      43313120 
ARM GAS  C:\Users\tpbw4321\AppData\Local\Temp\cc842v3Q.s 			page 22


 1097      352E342E 
 1097      31203230 
 1097      31363036 
 1098 003d 616E6368 		.ascii	"anch revision 237715] -mcpu=cortex-m3 -mthumb -g -O"
 1098      20726576 
 1098      6973696F 
 1098      6E203233 
 1098      37373135 
 1099 0070 30202D66 		.ascii	"0 -ffunction-sections -ffat-lto-objects\000"
 1099      66756E63 
 1099      74696F6E 
 1099      2D736563 
 1099      74696F6E 
 1100              	.LASF5:
 1101 0098 5F5F696E 		.ascii	"__int32_t\000"
 1101      7433325F 
 1101      7400
 1102              	.LASF3:
 1103 00a2 73686F72 		.ascii	"short unsigned int\000"
 1103      7420756E 
 1103      7369676E 
 1103      65642069 
 1103      6E7400
 1104              	.LASF22:
 1105 00b5 4C455645 		.ascii	"LEVEL_pH_DOWN\000"
 1105      4C5F7048 
 1105      5F444F57 
 1105      4E00
 1106              	.LASF2:
 1107 00c3 73686F72 		.ascii	"short int\000"
 1107      7420696E 
 1107      7400
 1108              	.LASF35:
 1109 00cd 6563686F 		.ascii	"echo_select\000"
 1109      5F73656C 
 1109      65637400 
 1110              	.LASF16:
 1111 00d9 646F7562 		.ascii	"double\000"
 1111      6C6500
 1112              	.LASF41:
 1113 00e0 433A5C55 		.ascii	"C:\\Users\\tpbw4321\\AppData\\Roaming\\SPB_Data\\Hy"
 1113      73657273 
 1113      5C747062 
 1113      77343332 
 1113      315C4170 
 1114 010d 64726F70 		.ascii	"droponicsAutomation\\Designs\\Software\\Embedded\\P"
 1114      6F6E6963 
 1114      73417574 
 1114      6F6D6174 
 1114      696F6E5C 
 1115 013c 536F435C 		.ascii	"SoC\\HydroponicAutomationSensorPerf.cydsn\000"
 1115      48796472 
 1115      6F706F6E 
 1115      69634175 
 1115      746F6D61 
 1116              	.LASF21:
 1117 0165 4C455645 		.ascii	"LEVEL_pH_UP\000"
ARM GAS  C:\Users\tpbw4321\AppData\Local\Temp\cc842v3Q.s 			page 23


 1117      4C5F7048 
 1117      5F555000 
 1118              	.LASF7:
 1119 0171 5F5F7569 		.ascii	"__uint32_t\000"
 1119      6E743332 
 1119      5F7400
 1120              	.LASF15:
 1121 017c 666C6F61 		.ascii	"float\000"
 1121      7400
 1122              	.LASF32:
 1123 0182 50696E67 		.ascii	"PingSensor_InitiateReading\000"
 1123      53656E73 
 1123      6F725F49 
 1123      6E697469 
 1123      61746552 
 1124              	.LASF1:
 1125 019d 756E7369 		.ascii	"unsigned char\000"
 1125      676E6564 
 1125      20636861 
 1125      7200
 1126              	.LASF43:
 1127 01ab 73656E73 		.ascii	"sensor\000"
 1127      6F7200
 1128              	.LASF8:
 1129 01b2 6C6F6E67 		.ascii	"long unsigned int\000"
 1129      20756E73 
 1129      69676E65 
 1129      6420696E 
 1129      7400
 1130              	.LASF37:
 1131 01c4 53757070 		.ascii	"SupplyLevel\000"
 1131      6C794C65 
 1131      76656C00 
 1132              	.LASF29:
 1133 01d0 50696E67 		.ascii	"PingSensor_GetNutLevel\000"
 1133      53656E73 
 1133      6F725F47 
 1133      65744E75 
 1133      744C6576 
 1134              	.LASF24:
 1135 01e7 4C455645 		.ascii	"LEVEL_WATER_RES\000"
 1135      4C5F5741 
 1135      5445525F 
 1135      52455300 
 1136              	.LASF44:
 1137 01f7 49544D5F 		.ascii	"ITM_RxBuffer\000"
 1137      52784275 
 1137      66666572 
 1137      00
 1138              	.LASF36:
 1139 0204 50696E67 		.ascii	"PingSensorTrigISRHandler\000"
 1139      53656E73 
 1139      6F725472 
 1139      69674953 
 1139      5248616E 
 1140              	.LASF42:
 1141 021d 50696E67 		.ascii	"PingSensor_Init\000"
ARM GAS  C:\Users\tpbw4321\AppData\Local\Temp\cc842v3Q.s 			page 24


 1141      53656E73 
 1141      6F725F49 
 1141      6E697400 
 1142              	.LASF31:
 1143 022d 50696E67 		.ascii	"PingSensorSampleTimerISRHandler\000"
 1143      53656E73 
 1143      6F725361 
 1143      6D706C65 
 1143      54696D65 
 1144              	.LASF20:
 1145 024d 4C455645 		.ascii	"LEVEL_WATER\000"
 1145      4C5F5741 
 1145      54455200 
 1146              	.LASF26:
 1147 0259 50696E67 		.ascii	"PingSensor_GetWaterLevel\000"
 1147      53656E73 
 1147      6F725F47 
 1147      65745761 
 1147      7465724C 
 1148              	.LASF30:
 1149 0272 50696E67 		.ascii	"PingSensor_GetWaterResLevel\000"
 1149      53656E73 
 1149      6F725F47 
 1149      65745761 
 1149      74657252 
 1150              	.LASF11:
 1151 028e 756E7369 		.ascii	"unsigned int\000"
 1151      676E6564 
 1151      20696E74 
 1151      00
 1152              	.LASF38:
 1153 029b 50696E67 		.ascii	"PingSelector\000"
 1153      53656C65 
 1153      63746F72 
 1153      00
 1154              	.LASF10:
 1155 02a8 6C6F6E67 		.ascii	"long long unsigned int\000"
 1155      206C6F6E 
 1155      6720756E 
 1155      7369676E 
 1155      65642069 
 1156              	.LASF12:
 1157 02bf 75696E74 		.ascii	"uint8_t\000"
 1157      385F7400 
 1158              	.LASF0:
 1159 02c7 7369676E 		.ascii	"signed char\000"
 1159      65642063 
 1159      68617200 
 1160              	.LASF34:
 1161 02d3 74696D65 		.ascii	"time\000"
 1161      00
 1162              	.LASF13:
 1163 02d8 696E7433 		.ascii	"int32_t\000"
 1163      325F7400 
 1164              	.LASF19:
 1165 02e0 73697A65 		.ascii	"sizetype\000"
 1165      74797065 
ARM GAS  C:\Users\tpbw4321\AppData\Local\Temp\cc842v3Q.s 			page 25


 1165      00
 1166              	.LASF9:
 1167 02e9 6C6F6E67 		.ascii	"long long int\000"
 1167      206C6F6E 
 1167      6720696E 
 1167      7400
 1168              	.LASF17:
 1169 02f7 63686172 		.ascii	"char\000"
 1169      00
 1170              	.LASF28:
 1171 02fc 50696E67 		.ascii	"PingSensor_GetpHDownLevel\000"
 1171      53656E73 
 1171      6F725F47 
 1171      65747048 
 1171      446F776E 
 1172              	.LASF23:
 1173 0316 4C455645 		.ascii	"LEVEL_NUTS\000"
 1173      4C5F4E55 
 1173      545300
 1174              	.LASF40:
 1175 0321 7372635C 		.ascii	"src\\PingSensor.c\000"
 1175      50696E67 
 1175      53656E73 
 1175      6F722E63 
 1175      00
 1176              	.LASF33:
 1177 0332 50696E67 		.ascii	"PingSensorEchoISRHandler\000"
 1177      53656E73 
 1177      6F724563 
 1177      686F4953 
 1177      5248616E 
 1178              	.LASF14:
 1179 034b 75696E74 		.ascii	"uint32_t\000"
 1179      33325F74 
 1179      00
 1180              	.LASF6:
 1181 0354 6C6F6E67 		.ascii	"long int\000"
 1181      20696E74 
 1181      00
 1182              	.LASF18:
 1183 035d 6C6F6E67 		.ascii	"long double\000"
 1183      20646F75 
 1183      626C6500 
 1184              	.LASF25:
 1185 0369 4C657665 		.ascii	"Level\000"
 1185      6C00
 1186              	.LASF27:
 1187 036f 50696E67 		.ascii	"PingSensor_GetpHUpLevel\000"
 1187      53656E73 
 1187      6F725F47 
 1187      65747048 
 1187      55704C65 
 1188              		.ident	"GCC: (GNU Tools for ARM Embedded Processors) 5.4.1 20160609 (release) [ARM/embedded-5-bran
