ARM GAS  C:\Users\tpbw4321\AppData\Local\Temp\ccMlJFu6.s 			page 1


   1              		.syntax unified
   2              		.cpu cortex-m3
   3              		.fpu softvfp
   4              		.eabi_attribute 20, 1
   5              		.eabi_attribute 21, 1
   6              		.eabi_attribute 23, 3
   7              		.eabi_attribute 24, 1
   8              		.eabi_attribute 25, 1
   9              		.eabi_attribute 26, 1
  10              		.eabi_attribute 30, 6
  11              		.eabi_attribute 34, 1
  12              		.eabi_attribute 18, 4
  13              		.thumb
  14              		.syntax unified
  15              		.file	"SensorComTx.c"
  16              		.text
  17              	.Ltext0:
  18              		.cfi_sections	.debug_frame
  19              		.section	.rodata
  20              		.align	2
  21              	.LC0:
  22 0000 696E7661 		.ascii	"invalid_key\000"
  22      6C69645F 
  22      6B657900 
  23              		.align	2
  24              	.LC1:
  25 000c 666C6F77 		.ascii	"flow_target\000"
  25      5F746172 
  25      67657400 
  26              		.align	2
  27              	.LC2:
  28 0018 70685F74 		.ascii	"ph_target\000"
  28      61726765 
  28      7400
  29 0022 0000     		.align	2
  30              	.LC3:
  31 0024 65635F74 		.ascii	"ec_target\000"
  31      61726765 
  31      7400
  32 002e 0000     		.align	2
  33              	.LC4:
  34 0030 6832305F 		.ascii	"h20_level_target\000"
  34      6C657665 
  34      6C5F7461 
  34      72676574 
  34      00
  35 0041 000000   		.align	2
  36              	.LC5:
  37 0044 6832305F 		.ascii	"h20_level\000"
  37      6C657665 
  37      6C00
  38 004e 0000     		.align	2
  39              	.LC6:
  40 0050 6832305F 		.ascii	"h20_stored\000"
  40      73746F72 
  40      656400
  41 005b 00       		.align	2
ARM GAS  C:\Users\tpbw4321\AppData\Local\Temp\ccMlJFu6.s 			page 2


  42              	.LC7:
  43 005c 70685F6D 		.ascii	"ph_measured\000"
  43      65617375 
  43      72656400 
  44              		.align	2
  45              	.LC8:
  46 0068 70685F75 		.ascii	"ph_up_stored\000"
  46      705F7374 
  46      6F726564 
  46      00
  47 0075 000000   		.align	2
  48              	.LC9:
  49 0078 70685F64 		.ascii	"ph_down_stored\000"
  49      6F776E5F 
  49      73746F72 
  49      656400
  50 0087 00       		.align	2
  51              	.LC10:
  52 0088 65635F6D 		.ascii	"ec_measured\000"
  52      65617375 
  52      72656400 
  53              		.align	2
  54              	.LC11:
  55 0094 65635F73 		.ascii	"ec_stored\000"
  55      746F7265 
  55      6400
  56 009e 0000     		.align	2
  57              	.LC12:
  58 00a0 74656D70 		.ascii	"temp_measured\000"
  58      5F6D6561 
  58      73757265 
  58      6400
  59 00ae 0000     		.align	2
  60              	.LC13:
  61 00b0 666C6F77 		.ascii	"flow_measured\000"
  61      5F6D6561 
  61      73757265 
  61      6400
  62              		.data
  63              		.align	2
  64              		.type	pkey_const, %object
  65              		.size	pkey_const, 56
  66              	pkey_const:
  67 0000 00000000 		.word	.LC0
  68 0004 0C000000 		.word	.LC1
  69 0008 18000000 		.word	.LC2
  70 000c 24000000 		.word	.LC3
  71 0010 30000000 		.word	.LC4
  72 0014 44000000 		.word	.LC5
  73 0018 50000000 		.word	.LC6
  74 001c 5C000000 		.word	.LC7
  75 0020 68000000 		.word	.LC8
  76 0024 78000000 		.word	.LC9
  77 0028 88000000 		.word	.LC10
  78 002c 94000000 		.word	.LC11
  79 0030 A0000000 		.word	.LC12
  80 0034 B0000000 		.word	.LC13
ARM GAS  C:\Users\tpbw4321\AppData\Local\Temp\ccMlJFu6.s 			page 3


  81              		.bss
  82              		.align	2
  83              	buffer:
  84 0000 00000000 		.space	255
  84      00000000 
  84      00000000 
  84      00000000 
  84      00000000 
  85              		.data
  86              		.type	ready, %object
  87              		.size	ready, 1
  88              	ready:
  89 0038 02       		.byte	2
  90              		.section	.text.SensorComTx_Init,"ax",%progbits
  91              		.align	2
  92              		.global	SensorComTx_Init
  93              		.thumb
  94              		.thumb_func
  95              		.type	SensorComTx_Init, %function
  96              	SensorComTx_Init:
  97              	.LFB64:
  98              		.file 1 "src\\SensorComTx.c"
   1:src/SensorComTx.c **** /* ========================================
   2:src/SensorComTx.c ****  *
   3:src/SensorComTx.c ****  * Copyright YOUR COMPANY, THE YEAR
   4:src/SensorComTx.c ****  * All Rights Reserved
   5:src/SensorComTx.c ****  * UNPUBLISHED, LICENSED SOFTWARE.
   6:src/SensorComTx.c ****  *
   7:src/SensorComTx.c ****  * CONFIDENTIAL AND PROPRIETARY INFORMATION
   8:src/SensorComTx.c ****  * WHICH IS THE PROPERTY OF AdvancedByte.
   9:src/SensorComTx.c ****  *
  10:src/SensorComTx.c ****  * ========================================
  11:src/SensorComTx.c **** */
  12:src/SensorComTx.c **** #include <stdio.h>
  13:src/SensorComTx.c **** #include <string.h>
  14:src/SensorComTx.c **** #include <stdlib.h>
  15:src/SensorComTx.c **** #include "project.h"
  16:src/SensorComTx.c **** #include "SensorComTx.h"
  17:src/SensorComTx.c **** #include "sensor_data.h"
  18:src/SensorComTx.c **** 
  19:src/SensorComTx.c **** #define BUFF_SIZE 255
  20:src/SensorComTx.c **** #define TRUE 1
  21:src/SensorComTx.c **** #define FALSE 2
  22:src/SensorComTx.c **** extern struct SensorData sd;
  23:src/SensorComTx.c **** static char buffer[BUFF_SIZE];
  24:src/SensorComTx.c **** static uint8_t ready = FALSE;
  25:src/SensorComTx.c **** int CalcChecksum(const char *s);
  26:src/SensorComTx.c **** 
  27:src/SensorComTx.c **** /**
  28:src/SensorComTx.c ****  * @function SensorComTx_Init()
  29:src/SensorComTx.c ****  * @param None
  30:src/SensorComTx.c ****  * @return None
  31:src/SensorComTx.c ****  * @brief Initialize serial communication for sensor data
  32:src/SensorComTx.c ****  * @author Barron Wong 04/04/19
  33:src/SensorComTx.c ****  */
  34:src/SensorComTx.c **** void SensorComTx_Init(){
  99              		.loc 1 34 0
ARM GAS  C:\Users\tpbw4321\AppData\Local\Temp\ccMlJFu6.s 			page 4


 100              		.cfi_startproc
 101              		@ args = 0, pretend = 0, frame = 0
 102              		@ frame_needed = 1, uses_anonymous_args = 0
 103 0000 80B5     		push	{r7, lr}
 104              		.cfi_def_cfa_offset 8
 105              		.cfi_offset 7, -8
 106              		.cfi_offset 14, -4
 107 0002 00AF     		add	r7, sp, #0
 108              		.cfi_def_cfa_register 7
  35:src/SensorComTx.c ****     SensorDataComISR_StartEx(SensorDataComISRHandler);
 109              		.loc 1 35 0
 110 0004 0448     		ldr	r0, .L2
 111 0006 FFF7FEFF 		bl	SensorDataComISR_StartEx
  36:src/SensorComTx.c ****     SensorComTxUART_Start();
 112              		.loc 1 36 0
 113 000a FFF7FEFF 		bl	SensorComTxUART_Start
  37:src/SensorComTx.c ****     SensorDataComTimer_Start();
 114              		.loc 1 37 0
 115 000e FFF7FEFF 		bl	SensorDataComTimer_Start
  38:src/SensorComTx.c **** }
 116              		.loc 1 38 0
 117 0012 00BF     		nop
 118 0014 80BD     		pop	{r7, pc}
 119              	.L3:
 120 0016 00BF     		.align	2
 121              	.L2:
 122 0018 00000000 		.word	SensorDataComISRHandler
 123              		.cfi_endproc
 124              	.LFE64:
 125              		.size	SensorComTx_Init, .-SensorComTx_Init
 126              		.section	.text.SensorComTx_isReady,"ax",%progbits
 127              		.align	2
 128              		.global	SensorComTx_isReady
 129              		.thumb
 130              		.thumb_func
 131              		.type	SensorComTx_isReady, %function
 132              	SensorComTx_isReady:
 133              	.LFB65:
  39:src/SensorComTx.c **** 
  40:src/SensorComTx.c **** /**
  41:src/SensorComTx.c ****  * @function SensorComTx_isReady()
  42:src/SensorComTx.c ****  * @param None
  43:src/SensorComTx.c ****  * @return None
  44:src/SensorComTx.c ****  * @brief Check if its time to send out data
  45:src/SensorComTx.c ****  * @author Barron Wong 05/15/19
  46:src/SensorComTx.c ****  */
  47:src/SensorComTx.c **** uint8_t SensorComTx_isReady(){
 134              		.loc 1 47 0
 135              		.cfi_startproc
 136              		@ args = 0, pretend = 0, frame = 0
 137              		@ frame_needed = 1, uses_anonymous_args = 0
 138              		@ link register save eliminated.
 139 0000 80B4     		push	{r7}
 140              		.cfi_def_cfa_offset 4
 141              		.cfi_offset 7, -4
 142 0002 00AF     		add	r7, sp, #0
 143              		.cfi_def_cfa_register 7
ARM GAS  C:\Users\tpbw4321\AppData\Local\Temp\ccMlJFu6.s 			page 5


  48:src/SensorComTx.c ****     if(ready){
 144              		.loc 1 48 0
 145 0004 064B     		ldr	r3, .L7
 146 0006 1B78     		ldrb	r3, [r3]	@ zero_extendqisi2
 147 0008 002B     		cmp	r3, #0
 148 000a 04D0     		beq	.L5
  49:src/SensorComTx.c ****         ready = FALSE;
 149              		.loc 1 49 0
 150 000c 044B     		ldr	r3, .L7
 151 000e 0222     		movs	r2, #2
 152 0010 1A70     		strb	r2, [r3]
  50:src/SensorComTx.c ****         return TRUE;
 153              		.loc 1 50 0
 154 0012 0123     		movs	r3, #1
 155 0014 00E0     		b	.L6
 156              	.L5:
  51:src/SensorComTx.c ****     }
  52:src/SensorComTx.c ****     return FALSE;
 157              		.loc 1 52 0
 158 0016 0223     		movs	r3, #2
 159              	.L6:
  53:src/SensorComTx.c **** }
 160              		.loc 1 53 0
 161 0018 1846     		mov	r0, r3
 162 001a BD46     		mov	sp, r7
 163              		.cfi_def_cfa_register 13
 164              		@ sp needed
 165 001c 80BC     		pop	{r7}
 166              		.cfi_restore 7
 167              		.cfi_def_cfa_offset 0
 168 001e 7047     		bx	lr
 169              	.L8:
 170              		.align	2
 171              	.L7:
 172 0020 38000000 		.word	ready
 173              		.cfi_endproc
 174              	.LFE65:
 175              		.size	SensorComTx_isReady, .-SensorComTx_isReady
 176              		.global	__aeabi_d2f
 177              		.section	.rodata
 178 00be 0000     		.align	2
 179              	.LC14:
 180 00c0 25303258 		.ascii	"%02X\000"
 180      00
 181              		.section	.text.SensorComTx_EncodeMessage,"ax",%progbits
 182              		.align	2
 183              		.global	SensorComTx_EncodeMessage
 184              		.thumb
 185              		.thumb_func
 186              		.type	SensorComTx_EncodeMessage, %function
 187              	SensorComTx_EncodeMessage:
 188              	.LFB66:
  54:src/SensorComTx.c **** 
  55:src/SensorComTx.c **** /**
  56:src/SensorComTx.c ****  * @function SensorComTx_EncodeMessage()
  57:src/SensorComTx.c ****  * @param SensorData structure, buffer
  58:src/SensorComTx.c ****  * @return None
ARM GAS  C:\Users\tpbw4321\AppData\Local\Temp\ccMlJFu6.s 			page 6


  59:src/SensorComTx.c ****  * @brief Takes in a SensorData structure and returns
  60:src/SensorComTx.c ****  *        a string in nmea0183 format
  61:src/SensorComTx.c ****  * @author Barron Wong 04/04/19
  62:src/SensorComTx.c ****  */
  63:src/SensorComTx.c **** char * SensorComTx_EncodeMessage(struct SensorData sd, char * buffer){
 189              		.loc 1 63 0
 190              		.cfi_startproc
 191              		@ args = 372, pretend = 16, frame = 272
 192              		@ frame_needed = 1, uses_anonymous_args = 0
 193 0000 84B0     		sub	sp, sp, #16
 194              		.cfi_def_cfa_offset 16
 195 0002 90B5     		push	{r4, r7, lr}
 196              		.cfi_def_cfa_offset 28
 197              		.cfi_offset 4, -28
 198              		.cfi_offset 7, -24
 199              		.cfi_offset 14, -20
 200 0004 C5B0     		sub	sp, sp, #276
 201              		.cfi_def_cfa_offset 304
 202 0006 00AF     		add	r7, sp, #0
 203              		.cfi_def_cfa_register 7
 204 0008 07F59074 		add	r4, r7, #288
 205 000c 84E80F00 		stmia	r4, {r0, r1, r2, r3}
  64:src/SensorComTx.c ****     int len;
  65:src/SensorComTx.c ****     int checksum;
  66:src/SensorComTx.c ****     char data_buffer[BUFF_SIZE];
  67:src/SensorComTx.c ****     
  68:src/SensorComTx.c ****     //Clear buffer
  69:src/SensorComTx.c ****     len = strlen(buffer);
 206              		.loc 1 69 0
 207 0010 D7F89002 		ldr	r0, [r7, #656]
 208 0014 FFF7FEFF 		bl	strlen
 209 0018 0346     		mov	r3, r0
 210 001a C7F80831 		str	r3, [r7, #264]
 211              	.LBB2:
  70:src/SensorComTx.c ****     for(int i = 0; i < len; i++){
 212              		.loc 1 70 0
 213 001e 0023     		movs	r3, #0
 214 0020 C7F80C31 		str	r3, [r7, #268]
 215 0024 0BE0     		b	.L10
 216              	.L11:
  71:src/SensorComTx.c ****         buffer[i] = 0;
 217              		.loc 1 71 0 discriminator 3
 218 0026 D7F80C31 		ldr	r3, [r7, #268]
 219 002a D7F89022 		ldr	r2, [r7, #656]
 220 002e 1344     		add	r3, r3, r2
 221 0030 0022     		movs	r2, #0
 222 0032 1A70     		strb	r2, [r3]
  70:src/SensorComTx.c ****     for(int i = 0; i < len; i++){
 223              		.loc 1 70 0 discriminator 3
 224 0034 D7F80C31 		ldr	r3, [r7, #268]
 225 0038 0133     		adds	r3, r3, #1
 226 003a C7F80C31 		str	r3, [r7, #268]
 227              	.L10:
  70:src/SensorComTx.c ****     for(int i = 0; i < len; i++){
 228              		.loc 1 70 0 is_stmt 0 discriminator 1
 229 003e D7F80C21 		ldr	r2, [r7, #268]
 230 0042 D7F80831 		ldr	r3, [r7, #264]
ARM GAS  C:\Users\tpbw4321\AppData\Local\Temp\ccMlJFu6.s 			page 7


 231 0046 9A42     		cmp	r2, r3
 232 0048 EDDB     		blt	.L11
 233              	.LBE2:
  72:src/SensorComTx.c ****     }
  73:src/SensorComTx.c ****     
  74:src/SensorComTx.c ****     buffer[0] = '$';
 234              		.loc 1 74 0 is_stmt 1
 235 004a D7F89032 		ldr	r3, [r7, #656]
 236 004e 2422     		movs	r2, #36
 237 0050 1A70     		strb	r2, [r3]
  75:src/SensorComTx.c ****     
  76:src/SensorComTx.c ****     //h20_level
  77:src/SensorComTx.c ****     strcat(buffer,Protocol_EncodeOutput(h20_level, sd.h2o_level, data_buffer));
 238              		.loc 1 77 0
 239 0052 07F59073 		add	r3, r7, #288
 240 0056 18CB     		ldmia	r3, {r3-r4}
 241 0058 1846     		mov	r0, r3
 242 005a 2146     		mov	r1, r4
 243 005c FFF7FEFF 		bl	__aeabi_d2f
 244 0060 0146     		mov	r1, r0
 245 0062 3B1D     		adds	r3, r7, #4
 246 0064 1A46     		mov	r2, r3
 247 0066 0520     		movs	r0, #5
 248 0068 FFF7FEFF 		bl	Protocol_EncodeOutput
 249 006c 0346     		mov	r3, r0
 250 006e 1946     		mov	r1, r3
 251 0070 D7F89002 		ldr	r0, [r7, #656]
 252 0074 FFF7FEFF 		bl	strcat
  78:src/SensorComTx.c ****     buffer[strlen(buffer)]= ',';
 253              		.loc 1 78 0
 254 0078 D7F89002 		ldr	r0, [r7, #656]
 255 007c FFF7FEFF 		bl	strlen
 256 0080 0246     		mov	r2, r0
 257 0082 D7F89032 		ldr	r3, [r7, #656]
 258 0086 1344     		add	r3, r3, r2
 259 0088 2C22     		movs	r2, #44
 260 008a 1A70     		strb	r2, [r3]
  79:src/SensorComTx.c ****     
  80:src/SensorComTx.c ****     //h20_stored
  81:src/SensorComTx.c ****     strcat(buffer,Protocol_EncodeOutput(h20_stored, sd.h2o_stored, data_buffer));
 261              		.loc 1 81 0
 262 008c 07F59473 		add	r3, r7, #296
 263 0090 18CB     		ldmia	r3, {r3-r4}
 264 0092 1846     		mov	r0, r3
 265 0094 2146     		mov	r1, r4
 266 0096 FFF7FEFF 		bl	__aeabi_d2f
 267 009a 0146     		mov	r1, r0
 268 009c 3B1D     		adds	r3, r7, #4
 269 009e 1A46     		mov	r2, r3
 270 00a0 0620     		movs	r0, #6
 271 00a2 FFF7FEFF 		bl	Protocol_EncodeOutput
 272 00a6 0346     		mov	r3, r0
 273 00a8 1946     		mov	r1, r3
 274 00aa D7F89002 		ldr	r0, [r7, #656]
 275 00ae FFF7FEFF 		bl	strcat
  82:src/SensorComTx.c ****     buffer[strlen(buffer)]= ',';
 276              		.loc 1 82 0
ARM GAS  C:\Users\tpbw4321\AppData\Local\Temp\ccMlJFu6.s 			page 8


 277 00b2 D7F89002 		ldr	r0, [r7, #656]
 278 00b6 FFF7FEFF 		bl	strlen
 279 00ba 0246     		mov	r2, r0
 280 00bc D7F89032 		ldr	r3, [r7, #656]
 281 00c0 1344     		add	r3, r3, r2
 282 00c2 2C22     		movs	r2, #44
 283 00c4 1A70     		strb	r2, [r3]
  83:src/SensorComTx.c ****     
  84:src/SensorComTx.c ****     //ph_measured
  85:src/SensorComTx.c ****     strcat(buffer,Protocol_EncodeOutput(ph_measured, sd.ph_level, data_buffer));
 284              		.loc 1 85 0
 285 00c6 07F59873 		add	r3, r7, #304
 286 00ca 18CB     		ldmia	r3, {r3-r4}
 287 00cc 1846     		mov	r0, r3
 288 00ce 2146     		mov	r1, r4
 289 00d0 FFF7FEFF 		bl	__aeabi_d2f
 290 00d4 0146     		mov	r1, r0
 291 00d6 3B1D     		adds	r3, r7, #4
 292 00d8 1A46     		mov	r2, r3
 293 00da 0720     		movs	r0, #7
 294 00dc FFF7FEFF 		bl	Protocol_EncodeOutput
 295 00e0 0346     		mov	r3, r0
 296 00e2 1946     		mov	r1, r3
 297 00e4 D7F89002 		ldr	r0, [r7, #656]
 298 00e8 FFF7FEFF 		bl	strcat
  86:src/SensorComTx.c ****     buffer[strlen(buffer)]= ',';
 299              		.loc 1 86 0
 300 00ec D7F89002 		ldr	r0, [r7, #656]
 301 00f0 FFF7FEFF 		bl	strlen
 302 00f4 0246     		mov	r2, r0
 303 00f6 D7F89032 		ldr	r3, [r7, #656]
 304 00fa 1344     		add	r3, r3, r2
 305 00fc 2C22     		movs	r2, #44
 306 00fe 1A70     		strb	r2, [r3]
  87:src/SensorComTx.c ****     
  88:src/SensorComTx.c ****     //ph_up_stored
  89:src/SensorComTx.c ****     strcat(buffer,Protocol_EncodeOutput(ph_up_stored, sd.ph_up_stored, data_buffer));
 307              		.loc 1 89 0
 308 0100 07F59C73 		add	r3, r7, #312
 309 0104 18CB     		ldmia	r3, {r3-r4}
 310 0106 1846     		mov	r0, r3
 311 0108 2146     		mov	r1, r4
 312 010a FFF7FEFF 		bl	__aeabi_d2f
 313 010e 0146     		mov	r1, r0
 314 0110 3B1D     		adds	r3, r7, #4
 315 0112 1A46     		mov	r2, r3
 316 0114 0820     		movs	r0, #8
 317 0116 FFF7FEFF 		bl	Protocol_EncodeOutput
 318 011a 0346     		mov	r3, r0
 319 011c 1946     		mov	r1, r3
 320 011e D7F89002 		ldr	r0, [r7, #656]
 321 0122 FFF7FEFF 		bl	strcat
  90:src/SensorComTx.c ****     buffer[strlen(buffer)]= ',';
 322              		.loc 1 90 0
 323 0126 D7F89002 		ldr	r0, [r7, #656]
 324 012a FFF7FEFF 		bl	strlen
 325 012e 0246     		mov	r2, r0
ARM GAS  C:\Users\tpbw4321\AppData\Local\Temp\ccMlJFu6.s 			page 9


 326 0130 D7F89032 		ldr	r3, [r7, #656]
 327 0134 1344     		add	r3, r3, r2
 328 0136 2C22     		movs	r2, #44
 329 0138 1A70     		strb	r2, [r3]
  91:src/SensorComTx.c ****     
  92:src/SensorComTx.c ****     //ph_down_stored
  93:src/SensorComTx.c ****     strcat(buffer,Protocol_EncodeOutput(ph_down_stored, sd.ph_down_stored, data_buffer));
 330              		.loc 1 93 0
 331 013a 07F5A073 		add	r3, r7, #320
 332 013e 18CB     		ldmia	r3, {r3-r4}
 333 0140 1846     		mov	r0, r3
 334 0142 2146     		mov	r1, r4
 335 0144 FFF7FEFF 		bl	__aeabi_d2f
 336 0148 0146     		mov	r1, r0
 337 014a 3B1D     		adds	r3, r7, #4
 338 014c 1A46     		mov	r2, r3
 339 014e 0920     		movs	r0, #9
 340 0150 FFF7FEFF 		bl	Protocol_EncodeOutput
 341 0154 0346     		mov	r3, r0
 342 0156 1946     		mov	r1, r3
 343 0158 D7F89002 		ldr	r0, [r7, #656]
 344 015c FFF7FEFF 		bl	strcat
  94:src/SensorComTx.c ****     buffer[strlen(buffer)]= ',';
 345              		.loc 1 94 0
 346 0160 D7F89002 		ldr	r0, [r7, #656]
 347 0164 FFF7FEFF 		bl	strlen
 348 0168 0246     		mov	r2, r0
 349 016a D7F89032 		ldr	r3, [r7, #656]
 350 016e 1344     		add	r3, r3, r2
 351 0170 2C22     		movs	r2, #44
 352 0172 1A70     		strb	r2, [r3]
  95:src/SensorComTx.c ****     
  96:src/SensorComTx.c ****     //ec_measured
  97:src/SensorComTx.c ****     strcat(buffer,Protocol_EncodeOutput(ec_measured, sd.ec_level, data_buffer));
 353              		.loc 1 97 0
 354 0174 07F5A473 		add	r3, r7, #328
 355 0178 18CB     		ldmia	r3, {r3-r4}
 356 017a 1846     		mov	r0, r3
 357 017c 2146     		mov	r1, r4
 358 017e FFF7FEFF 		bl	__aeabi_d2f
 359 0182 0146     		mov	r1, r0
 360 0184 3B1D     		adds	r3, r7, #4
 361 0186 1A46     		mov	r2, r3
 362 0188 0A20     		movs	r0, #10
 363 018a FFF7FEFF 		bl	Protocol_EncodeOutput
 364 018e 0346     		mov	r3, r0
 365 0190 1946     		mov	r1, r3
 366 0192 D7F89002 		ldr	r0, [r7, #656]
 367 0196 FFF7FEFF 		bl	strcat
  98:src/SensorComTx.c ****     buffer[strlen(buffer)]= ',';
 368              		.loc 1 98 0
 369 019a D7F89002 		ldr	r0, [r7, #656]
 370 019e FFF7FEFF 		bl	strlen
 371 01a2 0246     		mov	r2, r0
 372 01a4 D7F89032 		ldr	r3, [r7, #656]
 373 01a8 1344     		add	r3, r3, r2
 374 01aa 2C22     		movs	r2, #44
ARM GAS  C:\Users\tpbw4321\AppData\Local\Temp\ccMlJFu6.s 			page 10


 375 01ac 1A70     		strb	r2, [r3]
  99:src/SensorComTx.c ****     
 100:src/SensorComTx.c ****     //ec_stored
 101:src/SensorComTx.c ****     strcat(buffer,Protocol_EncodeOutput(ec_stored, sd.ec_stored, data_buffer));
 376              		.loc 1 101 0
 377 01ae 07F5A873 		add	r3, r7, #336
 378 01b2 18CB     		ldmia	r3, {r3-r4}
 379 01b4 1846     		mov	r0, r3
 380 01b6 2146     		mov	r1, r4
 381 01b8 FFF7FEFF 		bl	__aeabi_d2f
 382 01bc 0146     		mov	r1, r0
 383 01be 3B1D     		adds	r3, r7, #4
 384 01c0 1A46     		mov	r2, r3
 385 01c2 0B20     		movs	r0, #11
 386 01c4 FFF7FEFF 		bl	Protocol_EncodeOutput
 387 01c8 0346     		mov	r3, r0
 388 01ca 1946     		mov	r1, r3
 389 01cc D7F89002 		ldr	r0, [r7, #656]
 390 01d0 FFF7FEFF 		bl	strcat
 102:src/SensorComTx.c ****     buffer[strlen(buffer)]= ',';
 391              		.loc 1 102 0
 392 01d4 D7F89002 		ldr	r0, [r7, #656]
 393 01d8 FFF7FEFF 		bl	strlen
 394 01dc 0246     		mov	r2, r0
 395 01de D7F89032 		ldr	r3, [r7, #656]
 396 01e2 1344     		add	r3, r3, r2
 397 01e4 2C22     		movs	r2, #44
 398 01e6 1A70     		strb	r2, [r3]
 103:src/SensorComTx.c ****     
 104:src/SensorComTx.c ****     //temp_measured
 105:src/SensorComTx.c ****     strcat(buffer,Protocol_EncodeOutput(temp_measured, sd.temp_measured, data_buffer));
 399              		.loc 1 105 0
 400 01e8 07F5AC73 		add	r3, r7, #344
 401 01ec 18CB     		ldmia	r3, {r3-r4}
 402 01ee 1846     		mov	r0, r3
 403 01f0 2146     		mov	r1, r4
 404 01f2 FFF7FEFF 		bl	__aeabi_d2f
 405 01f6 0146     		mov	r1, r0
 406 01f8 3B1D     		adds	r3, r7, #4
 407 01fa 1A46     		mov	r2, r3
 408 01fc 0C20     		movs	r0, #12
 409 01fe FFF7FEFF 		bl	Protocol_EncodeOutput
 410 0202 0346     		mov	r3, r0
 411 0204 1946     		mov	r1, r3
 412 0206 D7F89002 		ldr	r0, [r7, #656]
 413 020a FFF7FEFF 		bl	strcat
 106:src/SensorComTx.c ****     buffer[strlen(buffer)]= ',';
 414              		.loc 1 106 0
 415 020e D7F89002 		ldr	r0, [r7, #656]
 416 0212 FFF7FEFF 		bl	strlen
 417 0216 0246     		mov	r2, r0
 418 0218 D7F89032 		ldr	r3, [r7, #656]
 419 021c 1344     		add	r3, r3, r2
 420 021e 2C22     		movs	r2, #44
 421 0220 1A70     		strb	r2, [r3]
 107:src/SensorComTx.c ****     
 108:src/SensorComTx.c ****     //flow_measured
ARM GAS  C:\Users\tpbw4321\AppData\Local\Temp\ccMlJFu6.s 			page 11


 109:src/SensorComTx.c ****     strcat(buffer,Protocol_EncodeOutput(flow_measured, sd.flow_measured, data_buffer));
 422              		.loc 1 109 0
 423 0222 07F5B073 		add	r3, r7, #352
 424 0226 18CB     		ldmia	r3, {r3-r4}
 425 0228 1846     		mov	r0, r3
 426 022a 2146     		mov	r1, r4
 427 022c FFF7FEFF 		bl	__aeabi_d2f
 428 0230 0146     		mov	r1, r0
 429 0232 3B1D     		adds	r3, r7, #4
 430 0234 1A46     		mov	r2, r3
 431 0236 0D20     		movs	r0, #13
 432 0238 FFF7FEFF 		bl	Protocol_EncodeOutput
 433 023c 0346     		mov	r3, r0
 434 023e 1946     		mov	r1, r3
 435 0240 D7F89002 		ldr	r0, [r7, #656]
 436 0244 FFF7FEFF 		bl	strcat
 110:src/SensorComTx.c ****     
 111:src/SensorComTx.c ****     //Calc checksum ignoring starting character
 112:src/SensorComTx.c ****     checksum = CalcChecksum(buffer+1);
 437              		.loc 1 112 0
 438 0248 D7F89032 		ldr	r3, [r7, #656]
 439 024c 0133     		adds	r3, r3, #1
 440 024e 1846     		mov	r0, r3
 441 0250 FFF7FEFF 		bl	CalcChecksum
 442 0254 C7F80401 		str	r0, [r7, #260]
 113:src/SensorComTx.c ****     
 114:src/SensorComTx.c ****     buffer[strlen(buffer)]= '*';
 443              		.loc 1 114 0
 444 0258 D7F89002 		ldr	r0, [r7, #656]
 445 025c FFF7FEFF 		bl	strlen
 446 0260 0246     		mov	r2, r0
 447 0262 D7F89032 		ldr	r3, [r7, #656]
 448 0266 1344     		add	r3, r3, r2
 449 0268 2A22     		movs	r2, #42
 450 026a 1A70     		strb	r2, [r3]
 115:src/SensorComTx.c ****     sprintf(data_buffer,"%02X",checksum);
 451              		.loc 1 115 0
 452 026c 3B1D     		adds	r3, r7, #4
 453 026e D7F80421 		ldr	r2, [r7, #260]
 454 0272 0A49     		ldr	r1, .L13
 455 0274 1846     		mov	r0, r3
 456 0276 FFF7FEFF 		bl	sprintf
 116:src/SensorComTx.c ****     strcat(buffer, data_buffer);
 457              		.loc 1 116 0
 458 027a 3B1D     		adds	r3, r7, #4
 459 027c 1946     		mov	r1, r3
 460 027e D7F89002 		ldr	r0, [r7, #656]
 461 0282 FFF7FEFF 		bl	strcat
 117:src/SensorComTx.c ****     //printf("%s\r\n", buffer);
 118:src/SensorComTx.c ****     
 119:src/SensorComTx.c ****     return buffer;
 462              		.loc 1 119 0
 463 0286 D7F89032 		ldr	r3, [r7, #656]
 120:src/SensorComTx.c **** }
 464              		.loc 1 120 0
 465 028a 1846     		mov	r0, r3
 466 028c 07F58A77 		add	r7, r7, #276
ARM GAS  C:\Users\tpbw4321\AppData\Local\Temp\ccMlJFu6.s 			page 12


 467              		.cfi_def_cfa_offset 28
 468 0290 BD46     		mov	sp, r7
 469              		.cfi_def_cfa_register 13
 470              		@ sp needed
 471 0292 BDE89040 		pop	{r4, r7, lr}
 472              		.cfi_restore 14
 473              		.cfi_restore 7
 474              		.cfi_restore 4
 475              		.cfi_def_cfa_offset 16
 476 0296 04B0     		add	sp, sp, #16
 477              		.cfi_def_cfa_offset 0
 478 0298 7047     		bx	lr
 479              	.L14:
 480 029a 00BF     		.align	2
 481              	.L13:
 482 029c C0000000 		.word	.LC14
 483              		.cfi_endproc
 484              	.LFE66:
 485              		.size	SensorComTx_EncodeMessage, .-SensorComTx_EncodeMessage
 486              		.section	.text.CalcChecksum,"ax",%progbits
 487              		.align	2
 488              		.global	CalcChecksum
 489              		.thumb
 490              		.thumb_func
 491              		.type	CalcChecksum, %function
 492              	CalcChecksum:
 493              	.LFB67:
 121:src/SensorComTx.c **** /**
 122:src/SensorComTx.c ****  * @function checksum()
 123:src/SensorComTx.c ****  * @param pointer to string that needs checksum generated
 124:src/SensorComTx.c ****  * @return checksum
 125:src/SensorComTx.c ****  * @brief computes and returns checksum of a string
 126:src/SensorComTx.c ****  * @author NMEA0183 Wikipedia Page
 127:src/SensorComTx.c ****  */
 128:src/SensorComTx.c **** int CalcChecksum(const char *s) {
 494              		.loc 1 128 0
 495              		.cfi_startproc
 496              		@ args = 0, pretend = 0, frame = 16
 497              		@ frame_needed = 1, uses_anonymous_args = 0
 498              		@ link register save eliminated.
 499 0000 80B4     		push	{r7}
 500              		.cfi_def_cfa_offset 4
 501              		.cfi_offset 7, -4
 502 0002 85B0     		sub	sp, sp, #20
 503              		.cfi_def_cfa_offset 24
 504 0004 00AF     		add	r7, sp, #0
 505              		.cfi_def_cfa_register 7
 506 0006 7860     		str	r0, [r7, #4]
 129:src/SensorComTx.c ****     int c = 0;
 507              		.loc 1 129 0
 508 0008 0023     		movs	r3, #0
 509 000a FB60     		str	r3, [r7, #12]
 130:src/SensorComTx.c **** 
 131:src/SensorComTx.c ****     while(*s){
 510              		.loc 1 131 0
 511 000c 07E0     		b	.L16
 512              	.L17:
ARM GAS  C:\Users\tpbw4321\AppData\Local\Temp\ccMlJFu6.s 			page 13


 132:src/SensorComTx.c ****         c ^= *s++;
 513              		.loc 1 132 0
 514 000e 7B68     		ldr	r3, [r7, #4]
 515 0010 5A1C     		adds	r2, r3, #1
 516 0012 7A60     		str	r2, [r7, #4]
 517 0014 1B78     		ldrb	r3, [r3]	@ zero_extendqisi2
 518 0016 1A46     		mov	r2, r3
 519 0018 FB68     		ldr	r3, [r7, #12]
 520 001a 5340     		eors	r3, r3, r2
 521 001c FB60     		str	r3, [r7, #12]
 522              	.L16:
 131:src/SensorComTx.c ****         c ^= *s++;
 523              		.loc 1 131 0
 524 001e 7B68     		ldr	r3, [r7, #4]
 525 0020 1B78     		ldrb	r3, [r3]	@ zero_extendqisi2
 526 0022 002B     		cmp	r3, #0
 527 0024 F3D1     		bne	.L17
 133:src/SensorComTx.c ****     }
 134:src/SensorComTx.c ****     return c;
 528              		.loc 1 134 0
 529 0026 FB68     		ldr	r3, [r7, #12]
 135:src/SensorComTx.c **** }
 530              		.loc 1 135 0
 531 0028 1846     		mov	r0, r3
 532 002a 1437     		adds	r7, r7, #20
 533              		.cfi_def_cfa_offset 4
 534 002c BD46     		mov	sp, r7
 535              		.cfi_def_cfa_register 13
 536              		@ sp needed
 537 002e 80BC     		pop	{r7}
 538              		.cfi_restore 7
 539              		.cfi_def_cfa_offset 0
 540 0030 7047     		bx	lr
 541              		.cfi_endproc
 542              	.LFE67:
 543              		.size	CalcChecksum, .-CalcChecksum
 544 0032 00BF     		.section	.text.SensorDataComISRHandler,"ax",%progbits
 545              		.align	2
 546              		.global	SensorDataComISRHandler
 547              		.thumb
 548              		.thumb_func
 549              		.type	SensorDataComISRHandler, %function
 550              	SensorDataComISRHandler:
 551              	.LFB68:
 136:src/SensorComTx.c **** /**
 137:src/SensorComTx.c ****  * @function SensorDataComISRHandler(void)
 138:src/SensorComTx.c ****  * @param None
 139:src/SensorComTx.c ****  * @return None
 140:src/SensorComTx.c ****  * @brief ISR handler for sensor data transmission. Sends updated
 141:src/SensorComTx.c ****  *        SensorData every 200ms
 142:src/SensorComTx.c ****  * @author Barron Wong 04/05/19
 143:src/SensorComTx.c ****  */
 144:src/SensorComTx.c **** CY_ISR(SensorDataComISRHandler){
 552              		.loc 1 144 0
 553              		.cfi_startproc
 554              		@ args = 0, pretend = 0, frame = 0
 555              		@ frame_needed = 1, uses_anonymous_args = 0
ARM GAS  C:\Users\tpbw4321\AppData\Local\Temp\ccMlJFu6.s 			page 14


 556 0000 90B5     		push	{r4, r7, lr}
 557              		.cfi_def_cfa_offset 12
 558              		.cfi_offset 4, -12
 559              		.cfi_offset 7, -8
 560              		.cfi_offset 14, -4
 561 0002 DBB0     		sub	sp, sp, #364
 562              		.cfi_def_cfa_offset 376
 563 0004 5AAF     		add	r7, sp, #360
 564              		.cfi_def_cfa 7, 16
 145:src/SensorComTx.c ****     SensorDataComISR_ClearPending();
 565              		.loc 1 145 0
 566 0006 FFF7FEFF 		bl	SensorDataComISR_ClearPending
 146:src/SensorComTx.c ****     SensorComTx_EncodeMessage(sd,buffer);
 567              		.loc 1 146 0
 568 000a 0C4C     		ldr	r4, .L20
 569 000c 0C4B     		ldr	r3, .L20+4
 570 000e 5893     		str	r3, [sp, #352]
 571 0010 6846     		mov	r0, sp
 572 0012 04F11003 		add	r3, r4, #16
 573 0016 4FF4B072 		mov	r2, #352
 574 001a 1946     		mov	r1, r3
 575 001c FFF7FEFF 		bl	memcpy
 576 0020 94E80F00 		ldmia	r4, {r0, r1, r2, r3}
 577 0024 FFF7FEFF 		bl	SensorComTx_EncodeMessage
 147:src/SensorComTx.c ****     SensorComTx_SendMessage(buffer);
 578              		.loc 1 147 0
 579 0028 0548     		ldr	r0, .L20+4
 580 002a FFF7FEFF 		bl	SensorComTx_SendMessage
 148:src/SensorComTx.c ****     ready = TRUE;
 581              		.loc 1 148 0
 582 002e 054B     		ldr	r3, .L20+8
 583 0030 0122     		movs	r2, #1
 584 0032 1A70     		strb	r2, [r3]
 149:src/SensorComTx.c **** }
 585              		.loc 1 149 0
 586 0034 00BF     		nop
 587 0036 0437     		adds	r7, r7, #4
 588              		.cfi_def_cfa_offset 12
 589 0038 BD46     		mov	sp, r7
 590              		.cfi_def_cfa_register 13
 591              		@ sp needed
 592 003a 90BD     		pop	{r4, r7, pc}
 593              	.L21:
 594              		.align	2
 595              	.L20:
 596 003c 00000000 		.word	sd
 597 0040 00000000 		.word	buffer
 598 0044 38000000 		.word	ready
 599              		.cfi_endproc
 600              	.LFE68:
 601              		.size	SensorDataComISRHandler, .-SensorDataComISRHandler
 602              		.section	.text.SensorComTx_SendMessage,"ax",%progbits
 603              		.align	2
 604              		.global	SensorComTx_SendMessage
 605              		.thumb
 606              		.thumb_func
 607              		.type	SensorComTx_SendMessage, %function
ARM GAS  C:\Users\tpbw4321\AppData\Local\Temp\ccMlJFu6.s 			page 15


 608              	SensorComTx_SendMessage:
 609              	.LFB69:
 150:src/SensorComTx.c **** 
 151:src/SensorComTx.c **** /**
 152:src/SensorComTx.c ****  * @function SensorComTx_SendMessage()
 153:src/SensorComTx.c ****  * @param A string with data that needs to be sent
 154:src/SensorComTx.c ****  * @return None
 155:src/SensorComTx.c ****  * @brief Takes a string and send it over UART
 156:src/SensorComTx.c ****  * @author Barron Wong 04/04/19
 157:src/SensorComTx.c ****  */
 158:src/SensorComTx.c **** void SensorComTx_SendMessage(char* msg){
 610              		.loc 1 158 0
 611              		.cfi_startproc
 612              		@ args = 0, pretend = 0, frame = 8
 613              		@ frame_needed = 1, uses_anonymous_args = 0
 614 0000 80B5     		push	{r7, lr}
 615              		.cfi_def_cfa_offset 8
 616              		.cfi_offset 7, -8
 617              		.cfi_offset 14, -4
 618 0002 82B0     		sub	sp, sp, #8
 619              		.cfi_def_cfa_offset 16
 620 0004 00AF     		add	r7, sp, #0
 621              		.cfi_def_cfa_register 7
 622 0006 7860     		str	r0, [r7, #4]
 159:src/SensorComTx.c ****     SensorComTxUART_PutString(msg);
 623              		.loc 1 159 0
 624 0008 7868     		ldr	r0, [r7, #4]
 625 000a FFF7FEFF 		bl	SensorComTxUART_PutString
 160:src/SensorComTx.c **** }
 626              		.loc 1 160 0
 627 000e 00BF     		nop
 628 0010 0837     		adds	r7, r7, #8
 629              		.cfi_def_cfa_offset 8
 630 0012 BD46     		mov	sp, r7
 631              		.cfi_def_cfa_register 13
 632              		@ sp needed
 633 0014 80BD     		pop	{r7, pc}
 634              		.cfi_endproc
 635              	.LFE69:
 636              		.size	SensorComTx_SendMessage, .-SensorComTx_SendMessage
 637 0016 00BF     		.text
 638              	.Letext0:
 639              		.file 2 "c:\\program files (x86)\\cypress\\psoc creator\\4.2\\psoc creator\\import\\gnu\\arm\\5.4.
 640              		.file 3 "c:\\program files (x86)\\cypress\\psoc creator\\4.2\\psoc creator\\import\\gnu\\arm\\5.4.
 641              		.file 4 ".\\include/sensor_data.h"
 642              		.file 5 ".\\include/Protocol.h"
 643              		.file 6 "Generated_Source\\PSoC5/core_cm3.h"
 644              		.section	.debug_info,"",%progbits
 645              	.Ldebug_info0:
 646 0000 71030000 		.4byte	0x371
 647 0004 0400     		.2byte	0x4
 648 0006 00000000 		.4byte	.Ldebug_abbrev0
 649 000a 04       		.byte	0x4
 650 000b 01       		.uleb128 0x1
 651 000c 16000000 		.4byte	.LASF49
 652 0010 0C       		.byte	0xc
 653 0011 40020000 		.4byte	.LASF50
ARM GAS  C:\Users\tpbw4321\AppData\Local\Temp\ccMlJFu6.s 			page 16


 654 0015 34010000 		.4byte	.LASF51
 655 0019 00000000 		.4byte	.Ldebug_ranges0+0
 656 001d 00000000 		.4byte	0
 657 0021 00000000 		.4byte	.Ldebug_line0
 658 0025 02       		.uleb128 0x2
 659 0026 01       		.byte	0x1
 660 0027 06       		.byte	0x6
 661 0028 77030000 		.4byte	.LASF0
 662 002c 03       		.uleb128 0x3
 663 002d 0C000000 		.4byte	.LASF4
 664 0031 02       		.byte	0x2
 665 0032 1D       		.byte	0x1d
 666 0033 37000000 		.4byte	0x37
 667 0037 02       		.uleb128 0x2
 668 0038 01       		.byte	0x1
 669 0039 08       		.byte	0x8
 670 003a C8010000 		.4byte	.LASF1
 671 003e 02       		.uleb128 0x2
 672 003f 02       		.byte	0x2
 673 0040 05       		.byte	0x5
 674 0041 39030000 		.4byte	.LASF2
 675 0045 02       		.uleb128 0x2
 676 0046 02       		.byte	0x2
 677 0047 07       		.byte	0x7
 678 0048 E6010000 		.4byte	.LASF3
 679 004c 03       		.uleb128 0x3
 680 004d E2000000 		.4byte	.LASF5
 681 0051 02       		.byte	0x2
 682 0052 3F       		.byte	0x3f
 683 0053 57000000 		.4byte	0x57
 684 0057 02       		.uleb128 0x2
 685 0058 04       		.byte	0x4
 686 0059 05       		.byte	0x5
 687 005a 4A030000 		.4byte	.LASF6
 688 005e 02       		.uleb128 0x2
 689 005f 04       		.byte	0x4
 690 0060 07       		.byte	0x7
 691 0061 7F020000 		.4byte	.LASF7
 692 0065 02       		.uleb128 0x2
 693 0066 08       		.byte	0x8
 694 0067 05       		.byte	0x5
 695 0068 FD020000 		.4byte	.LASF8
 696 006c 02       		.uleb128 0x2
 697 006d 08       		.byte	0x8
 698 006e 07       		.byte	0x7
 699 006f 9E020000 		.4byte	.LASF9
 700 0073 04       		.uleb128 0x4
 701 0074 04       		.byte	0x4
 702 0075 05       		.byte	0x5
 703 0076 696E7400 		.ascii	"int\000"
 704 007a 02       		.uleb128 0x2
 705 007b 04       		.byte	0x4
 706 007c 07       		.byte	0x7
 707 007d 91020000 		.4byte	.LASF10
 708 0081 02       		.uleb128 0x2
 709 0082 08       		.byte	0x8
 710 0083 04       		.byte	0x4
ARM GAS  C:\Users\tpbw4321\AppData\Local\Temp\ccMlJFu6.s 			page 17


 711 0084 60030000 		.4byte	.LASF11
 712 0088 02       		.uleb128 0x2
 713 0089 04       		.byte	0x4
 714 008a 07       		.byte	0x7
 715 008b F4020000 		.4byte	.LASF12
 716 008f 05       		.uleb128 0x5
 717 0090 04       		.byte	0x4
 718 0091 95000000 		.4byte	0x95
 719 0095 02       		.uleb128 0x2
 720 0096 01       		.byte	0x1
 721 0097 08       		.byte	0x8
 722 0098 0B030000 		.4byte	.LASF13
 723 009c 05       		.uleb128 0x5
 724 009d 04       		.byte	0x4
 725 009e A2000000 		.4byte	0xa2
 726 00a2 06       		.uleb128 0x6
 727 00a3 95000000 		.4byte	0x95
 728 00a7 03       		.uleb128 0x3
 729 00a8 B5020000 		.4byte	.LASF14
 730 00ac 03       		.byte	0x3
 731 00ad 18       		.byte	0x18
 732 00ae 2C000000 		.4byte	0x2c
 733 00b2 03       		.uleb128 0x3
 734 00b3 EC020000 		.4byte	.LASF15
 735 00b7 03       		.byte	0x3
 736 00b8 2C       		.byte	0x2c
 737 00b9 4C000000 		.4byte	0x4c
 738 00bd 02       		.uleb128 0x2
 739 00be 04       		.byte	0x4
 740 00bf 04       		.byte	0x4
 741 00c0 B9010000 		.4byte	.LASF16
 742 00c4 02       		.uleb128 0x2
 743 00c5 08       		.byte	0x8
 744 00c6 04       		.byte	0x4
 745 00c7 2D010000 		.4byte	.LASF17
 746 00cb 07       		.uleb128 0x7
 747 00cc A4000000 		.4byte	.LASF52
 748 00d0 01       		.byte	0x1
 749 00d1 37000000 		.4byte	0x37
 750 00d5 05       		.byte	0x5
 751 00d6 13       		.byte	0x13
 752 00d7 30010000 		.4byte	0x130
 753 00db 08       		.uleb128 0x8
 754 00dc D4020000 		.4byte	.LASF18
 755 00e0 00       		.byte	0
 756 00e1 08       		.uleb128 0x8
 757 00e2 F9000000 		.4byte	.LASF19
 758 00e6 01       		.byte	0x1
 759 00e7 08       		.uleb128 0x8
 760 00e8 D6010000 		.4byte	.LASF20
 761 00ec 02       		.byte	0x2
 762 00ed 08       		.uleb128 0x8
 763 00ee 92030000 		.4byte	.LASF21
 764 00f2 03       		.byte	0x3
 765 00f3 08       		.uleb128 0x8
 766 00f4 B9000000 		.4byte	.LASF22
 767 00f8 04       		.byte	0x4
ARM GAS  C:\Users\tpbw4321\AppData\Local\Temp\ccMlJFu6.s 			page 18


 768 00f9 08       		.uleb128 0x8
 769 00fa 2F030000 		.4byte	.LASF23
 770 00fe 05       		.byte	0x5
 771 00ff 08       		.uleb128 0x8
 772 0100 74020000 		.4byte	.LASF24
 773 0104 06       		.byte	0x6
 774 0105 08       		.uleb128 0x8
 775 0106 00000000 		.4byte	.LASF25
 776 010a 07       		.byte	0x7
 777 010b 08       		.uleb128 0x8
 778 010c 53030000 		.4byte	.LASF26
 779 0110 08       		.byte	0x8
 780 0111 08       		.uleb128 0x8
 781 0112 83030000 		.4byte	.LASF27
 782 0116 09       		.byte	0x9
 783 0117 08       		.uleb128 0x8
 784 0118 C8020000 		.4byte	.LASF28
 785 011c 0A       		.byte	0xa
 786 011d 08       		.uleb128 0x8
 787 011e 05020000 		.4byte	.LASF29
 788 0122 0B       		.byte	0xb
 789 0123 08       		.uleb128 0x8
 790 0124 AB000000 		.4byte	.LASF30
 791 0128 0C       		.byte	0xc
 792 0129 08       		.uleb128 0x8
 793 012a 05010000 		.4byte	.LASF31
 794 012e 0D       		.byte	0xd
 795 012f 00       		.byte	0
 796 0130 09       		.uleb128 0x9
 797 0131 A5030000 		.4byte	.LASF53
 798 0135 7001     		.2byte	0x170
 799 0137 04       		.byte	0x4
 800 0138 05       		.byte	0x5
 801 0139 F2010000 		.4byte	0x1f2
 802 013d 0A       		.uleb128 0xa
 803 013e 25020000 		.4byte	.LASF32
 804 0142 04       		.byte	0x4
 805 0143 06       		.byte	0x6
 806 0144 C4000000 		.4byte	0xc4
 807 0148 00       		.byte	0
 808 0149 0A       		.uleb128 0xa
 809 014a BD020000 		.4byte	.LASF33
 810 014e 04       		.byte	0x4
 811 014f 07       		.byte	0x7
 812 0150 C4000000 		.4byte	0xc4
 813 0154 08       		.byte	0x8
 814 0155 0A       		.uleb128 0xa
 815 0156 1C020000 		.4byte	.LASF34
 816 015a 04       		.byte	0x4
 817 015b 08       		.byte	0x8
 818 015c C4000000 		.4byte	0xc4
 819 0160 10       		.byte	0x10
 820 0161 0A       		.uleb128 0xa
 821 0162 53030000 		.4byte	.LASF26
 822 0166 04       		.byte	0x4
 823 0167 09       		.byte	0x9
 824 0168 C4000000 		.4byte	0xc4
ARM GAS  C:\Users\tpbw4321\AppData\Local\Temp\ccMlJFu6.s 			page 19


 825 016c 18       		.byte	0x18
 826 016d 0A       		.uleb128 0xa
 827 016e 83030000 		.4byte	.LASF27
 828 0172 04       		.byte	0x4
 829 0173 0A       		.byte	0xa
 830 0174 C4000000 		.4byte	0xc4
 831 0178 20       		.byte	0x20
 832 0179 0A       		.uleb128 0xa
 833 017a 9C030000 		.4byte	.LASF35
 834 017e 04       		.byte	0x4
 835 017f 0B       		.byte	0xb
 836 0180 C4000000 		.4byte	0xc4
 837 0184 28       		.byte	0x28
 838 0185 0A       		.uleb128 0xa
 839 0186 05020000 		.4byte	.LASF29
 840 018a 04       		.byte	0x4
 841 018b 0C       		.byte	0xc
 842 018c C4000000 		.4byte	0xc4
 843 0190 30       		.byte	0x30
 844 0191 0A       		.uleb128 0xa
 845 0192 AB000000 		.4byte	.LASF30
 846 0196 04       		.byte	0x4
 847 0197 0D       		.byte	0xd
 848 0198 C4000000 		.4byte	0xc4
 849 019c 38       		.byte	0x38
 850 019d 0A       		.uleb128 0xa
 851 019e 05010000 		.4byte	.LASF31
 852 01a2 04       		.byte	0x4
 853 01a3 0E       		.byte	0xe
 854 01a4 C4000000 		.4byte	0xc4
 855 01a8 40       		.byte	0x40
 856 01a9 0A       		.uleb128 0xa
 857 01aa F9000000 		.4byte	.LASF19
 858 01ae 04       		.byte	0x4
 859 01af 0F       		.byte	0xf
 860 01b0 C4000000 		.4byte	0xc4
 861 01b4 48       		.byte	0x48
 862 01b5 0A       		.uleb128 0xa
 863 01b6 D6010000 		.4byte	.LASF20
 864 01ba 04       		.byte	0x4
 865 01bb 10       		.byte	0x10
 866 01bc C4000000 		.4byte	0xc4
 867 01c0 50       		.byte	0x50
 868 01c1 0A       		.uleb128 0xa
 869 01c2 92030000 		.4byte	.LASF21
 870 01c6 04       		.byte	0x4
 871 01c7 11       		.byte	0x11
 872 01c8 C4000000 		.4byte	0xc4
 873 01cc 58       		.byte	0x58
 874 01cd 0A       		.uleb128 0xa
 875 01ce 10030000 		.4byte	.LASF36
 876 01d2 04       		.byte	0x4
 877 01d3 12       		.byte	0x12
 878 01d4 C4000000 		.4byte	0xc4
 879 01d8 60       		.byte	0x60
 880 01d9 0A       		.uleb128 0xa
 881 01da F9010000 		.4byte	.LASF37
ARM GAS  C:\Users\tpbw4321\AppData\Local\Temp\ccMlJFu6.s 			page 20


 882 01de 04       		.byte	0x4
 883 01df 13       		.byte	0x13
 884 01e0 C4000000 		.4byte	0xc4
 885 01e4 68       		.byte	0x68
 886 01e5 0A       		.uleb128 0xa
 887 01e6 52020000 		.4byte	.LASF38
 888 01ea 04       		.byte	0x4
 889 01eb 14       		.byte	0x14
 890 01ec F2010000 		.4byte	0x1f2
 891 01f0 70       		.byte	0x70
 892 01f1 00       		.byte	0
 893 01f2 0B       		.uleb128 0xb
 894 01f3 95000000 		.4byte	0x95
 895 01f7 02020000 		.4byte	0x202
 896 01fb 0C       		.uleb128 0xc
 897 01fc 88000000 		.4byte	0x88
 898 0200 FF       		.byte	0xff
 899 0201 00       		.byte	0
 900 0202 0D       		.uleb128 0xd
 901 0203 2F020000 		.4byte	.LASF54
 902 0207 01       		.byte	0x1
 903 0208 22       		.byte	0x22
 904 0209 00000000 		.4byte	.LFB64
 905 020d 1C000000 		.4byte	.LFE64-.LFB64
 906 0211 01       		.uleb128 0x1
 907 0212 9C       		.byte	0x9c
 908 0213 0E       		.uleb128 0xe
 909 0214 1B030000 		.4byte	.LASF44
 910 0218 01       		.byte	0x1
 911 0219 2F       		.byte	0x2f
 912 021a A7000000 		.4byte	0xa7
 913 021e 00000000 		.4byte	.LFB65
 914 0222 24000000 		.4byte	.LFE65-.LFB65
 915 0226 01       		.uleb128 0x1
 916 0227 9C       		.byte	0x9c
 917 0228 0F       		.uleb128 0xf
 918 0229 13010000 		.4byte	.LASF42
 919 022d 01       		.byte	0x1
 920 022e 3F       		.byte	0x3f
 921 022f 8F000000 		.4byte	0x8f
 922 0233 00000000 		.4byte	.LFB66
 923 0237 A0020000 		.4byte	.LFE66-.LFB66
 924 023b 01       		.uleb128 0x1
 925 023c 9C       		.byte	0x9c
 926 023d 9F020000 		.4byte	0x29f
 927 0241 10       		.uleb128 0x10
 928 0242 736400   		.ascii	"sd\000"
 929 0245 01       		.byte	0x1
 930 0246 3F       		.byte	0x3f
 931 0247 30010000 		.4byte	0x130
 932 024b 02       		.uleb128 0x2
 933 024c 91       		.byte	0x91
 934 024d 70       		.sleb128 -16
 935 024e 11       		.uleb128 0x11
 936 024f 43030000 		.4byte	.LASF39
 937 0253 01       		.byte	0x1
 938 0254 3F       		.byte	0x3f
ARM GAS  C:\Users\tpbw4321\AppData\Local\Temp\ccMlJFu6.s 			page 21


 939 0255 8F000000 		.4byte	0x8f
 940 0259 03       		.uleb128 0x3
 941 025a 91       		.byte	0x91
 942 025b E002     		.sleb128 352
 943 025d 12       		.uleb128 0x12
 944 025e 6C656E00 		.ascii	"len\000"
 945 0262 01       		.byte	0x1
 946 0263 40       		.byte	0x40
 947 0264 73000000 		.4byte	0x73
 948 0268 02       		.uleb128 0x2
 949 0269 91       		.byte	0x91
 950 026a 58       		.sleb128 -40
 951 026b 13       		.uleb128 0x13
 952 026c BF010000 		.4byte	.LASF40
 953 0270 01       		.byte	0x1
 954 0271 41       		.byte	0x41
 955 0272 73000000 		.4byte	0x73
 956 0276 02       		.uleb128 0x2
 957 0277 91       		.byte	0x91
 958 0278 54       		.sleb128 -44
 959 0279 13       		.uleb128 0x13
 960 027a E0020000 		.4byte	.LASF41
 961 027e 01       		.byte	0x1
 962 027f 42       		.byte	0x42
 963 0280 9F020000 		.4byte	0x29f
 964 0284 03       		.uleb128 0x3
 965 0285 91       		.byte	0x91
 966 0286 D47D     		.sleb128 -300
 967 0288 14       		.uleb128 0x14
 968 0289 1E000000 		.4byte	.LBB2
 969 028d 2C000000 		.4byte	.LBE2-.LBB2
 970 0291 12       		.uleb128 0x12
 971 0292 6900     		.ascii	"i\000"
 972 0294 01       		.byte	0x1
 973 0295 46       		.byte	0x46
 974 0296 73000000 		.4byte	0x73
 975 029a 02       		.uleb128 0x2
 976 029b 91       		.byte	0x91
 977 029c 5C       		.sleb128 -36
 978 029d 00       		.byte	0
 979 029e 00       		.byte	0
 980 029f 0B       		.uleb128 0xb
 981 02a0 95000000 		.4byte	0x95
 982 02a4 AF020000 		.4byte	0x2af
 983 02a8 0C       		.uleb128 0xc
 984 02a9 88000000 		.4byte	0x88
 985 02ad FE       		.byte	0xfe
 986 02ae 00       		.byte	0
 987 02af 15       		.uleb128 0x15
 988 02b0 EC000000 		.4byte	.LASF43
 989 02b4 01       		.byte	0x1
 990 02b5 80       		.byte	0x80
 991 02b6 73000000 		.4byte	0x73
 992 02ba 00000000 		.4byte	.LFB67
 993 02be 32000000 		.4byte	.LFE67-.LFB67
 994 02c2 01       		.uleb128 0x1
 995 02c3 9C       		.byte	0x9c
ARM GAS  C:\Users\tpbw4321\AppData\Local\Temp\ccMlJFu6.s 			page 22


 996 02c4 E1020000 		.4byte	0x2e1
 997 02c8 10       		.uleb128 0x10
 998 02c9 7300     		.ascii	"s\000"
 999 02cb 01       		.byte	0x1
 1000 02cc 80       		.byte	0x80
 1001 02cd 9C000000 		.4byte	0x9c
 1002 02d1 02       		.uleb128 0x2
 1003 02d2 91       		.byte	0x91
 1004 02d3 6C       		.sleb128 -20
 1005 02d4 12       		.uleb128 0x12
 1006 02d5 6300     		.ascii	"c\000"
 1007 02d7 01       		.byte	0x1
 1008 02d8 81       		.byte	0x81
 1009 02d9 73000000 		.4byte	0x73
 1010 02dd 02       		.uleb128 0x2
 1011 02de 91       		.byte	0x91
 1012 02df 74       		.sleb128 -12
 1013 02e0 00       		.byte	0
 1014 02e1 16       		.uleb128 0x16
 1015 02e2 CA000000 		.4byte	.LASF45
 1016 02e6 01       		.byte	0x1
 1017 02e7 90       		.byte	0x90
 1018 02e8 00000000 		.4byte	.LFB68
 1019 02ec 48000000 		.4byte	.LFE68-.LFB68
 1020 02f0 01       		.uleb128 0x1
 1021 02f1 9C       		.byte	0x9c
 1022 02f2 17       		.uleb128 0x17
 1023 02f3 5C020000 		.4byte	.LASF55
 1024 02f7 01       		.byte	0x1
 1025 02f8 9E       		.byte	0x9e
 1026 02f9 00000000 		.4byte	.LFB69
 1027 02fd 16000000 		.4byte	.LFE69-.LFB69
 1028 0301 01       		.uleb128 0x1
 1029 0302 9C       		.byte	0x9c
 1030 0303 16030000 		.4byte	0x316
 1031 0307 10       		.uleb128 0x10
 1032 0308 6D736700 		.ascii	"msg\000"
 1033 030c 01       		.byte	0x1
 1034 030d 9E       		.byte	0x9e
 1035 030e 8F000000 		.4byte	0x8f
 1036 0312 02       		.uleb128 0x2
 1037 0313 91       		.byte	0x91
 1038 0314 74       		.sleb128 -12
 1039 0315 00       		.byte	0
 1040 0316 0B       		.uleb128 0xb
 1041 0317 9C000000 		.4byte	0x9c
 1042 031b 26030000 		.4byte	0x326
 1043 031f 0C       		.uleb128 0xc
 1044 0320 88000000 		.4byte	0x88
 1045 0324 0D       		.byte	0xd
 1046 0325 00       		.byte	0
 1047 0326 13       		.uleb128 0x13
 1048 0327 6C030000 		.4byte	.LASF46
 1049 032b 05       		.byte	0x5
 1050 032c 28       		.byte	0x28
 1051 032d 16030000 		.4byte	0x316
 1052 0331 05       		.uleb128 0x5
ARM GAS  C:\Users\tpbw4321\AppData\Local\Temp\ccMlJFu6.s 			page 23


 1053 0332 03       		.byte	0x3
 1054 0333 00000000 		.4byte	pkey_const
 1055 0337 13       		.uleb128 0x13
 1056 0338 43030000 		.4byte	.LASF39
 1057 033c 01       		.byte	0x1
 1058 033d 17       		.byte	0x17
 1059 033e 9F020000 		.4byte	0x29f
 1060 0342 05       		.uleb128 0x5
 1061 0343 03       		.byte	0x3
 1062 0344 00000000 		.4byte	buffer
 1063 0348 13       		.uleb128 0x13
 1064 0349 E0010000 		.4byte	.LASF47
 1065 034d 01       		.byte	0x1
 1066 034e 18       		.byte	0x18
 1067 034f A7000000 		.4byte	0xa7
 1068 0353 05       		.uleb128 0x5
 1069 0354 03       		.byte	0x3
 1070 0355 38000000 		.4byte	ready
 1071 0359 18       		.uleb128 0x18
 1072 035a 0F020000 		.4byte	.LASF48
 1073 035e 06       		.byte	0x6
 1074 035f 1207     		.2byte	0x712
 1075 0361 65030000 		.4byte	0x365
 1076 0365 19       		.uleb128 0x19
 1077 0366 B2000000 		.4byte	0xb2
 1078 036a 1A       		.uleb128 0x1a
 1079 036b 736400   		.ascii	"sd\000"
 1080 036e 01       		.byte	0x1
 1081 036f 16       		.byte	0x16
 1082 0370 30010000 		.4byte	0x130
 1083 0374 00       		.byte	0
 1084              		.section	.debug_abbrev,"",%progbits
 1085              	.Ldebug_abbrev0:
 1086 0000 01       		.uleb128 0x1
 1087 0001 11       		.uleb128 0x11
 1088 0002 01       		.byte	0x1
 1089 0003 25       		.uleb128 0x25
 1090 0004 0E       		.uleb128 0xe
 1091 0005 13       		.uleb128 0x13
 1092 0006 0B       		.uleb128 0xb
 1093 0007 03       		.uleb128 0x3
 1094 0008 0E       		.uleb128 0xe
 1095 0009 1B       		.uleb128 0x1b
 1096 000a 0E       		.uleb128 0xe
 1097 000b 55       		.uleb128 0x55
 1098 000c 17       		.uleb128 0x17
 1099 000d 11       		.uleb128 0x11
 1100 000e 01       		.uleb128 0x1
 1101 000f 10       		.uleb128 0x10
 1102 0010 17       		.uleb128 0x17
 1103 0011 00       		.byte	0
 1104 0012 00       		.byte	0
 1105 0013 02       		.uleb128 0x2
 1106 0014 24       		.uleb128 0x24
 1107 0015 00       		.byte	0
 1108 0016 0B       		.uleb128 0xb
 1109 0017 0B       		.uleb128 0xb
ARM GAS  C:\Users\tpbw4321\AppData\Local\Temp\ccMlJFu6.s 			page 24


 1110 0018 3E       		.uleb128 0x3e
 1111 0019 0B       		.uleb128 0xb
 1112 001a 03       		.uleb128 0x3
 1113 001b 0E       		.uleb128 0xe
 1114 001c 00       		.byte	0
 1115 001d 00       		.byte	0
 1116 001e 03       		.uleb128 0x3
 1117 001f 16       		.uleb128 0x16
 1118 0020 00       		.byte	0
 1119 0021 03       		.uleb128 0x3
 1120 0022 0E       		.uleb128 0xe
 1121 0023 3A       		.uleb128 0x3a
 1122 0024 0B       		.uleb128 0xb
 1123 0025 3B       		.uleb128 0x3b
 1124 0026 0B       		.uleb128 0xb
 1125 0027 49       		.uleb128 0x49
 1126 0028 13       		.uleb128 0x13
 1127 0029 00       		.byte	0
 1128 002a 00       		.byte	0
 1129 002b 04       		.uleb128 0x4
 1130 002c 24       		.uleb128 0x24
 1131 002d 00       		.byte	0
 1132 002e 0B       		.uleb128 0xb
 1133 002f 0B       		.uleb128 0xb
 1134 0030 3E       		.uleb128 0x3e
 1135 0031 0B       		.uleb128 0xb
 1136 0032 03       		.uleb128 0x3
 1137 0033 08       		.uleb128 0x8
 1138 0034 00       		.byte	0
 1139 0035 00       		.byte	0
 1140 0036 05       		.uleb128 0x5
 1141 0037 0F       		.uleb128 0xf
 1142 0038 00       		.byte	0
 1143 0039 0B       		.uleb128 0xb
 1144 003a 0B       		.uleb128 0xb
 1145 003b 49       		.uleb128 0x49
 1146 003c 13       		.uleb128 0x13
 1147 003d 00       		.byte	0
 1148 003e 00       		.byte	0
 1149 003f 06       		.uleb128 0x6
 1150 0040 26       		.uleb128 0x26
 1151 0041 00       		.byte	0
 1152 0042 49       		.uleb128 0x49
 1153 0043 13       		.uleb128 0x13
 1154 0044 00       		.byte	0
 1155 0045 00       		.byte	0
 1156 0046 07       		.uleb128 0x7
 1157 0047 04       		.uleb128 0x4
 1158 0048 01       		.byte	0x1
 1159 0049 03       		.uleb128 0x3
 1160 004a 0E       		.uleb128 0xe
 1161 004b 0B       		.uleb128 0xb
 1162 004c 0B       		.uleb128 0xb
 1163 004d 49       		.uleb128 0x49
 1164 004e 13       		.uleb128 0x13
 1165 004f 3A       		.uleb128 0x3a
 1166 0050 0B       		.uleb128 0xb
ARM GAS  C:\Users\tpbw4321\AppData\Local\Temp\ccMlJFu6.s 			page 25


 1167 0051 3B       		.uleb128 0x3b
 1168 0052 0B       		.uleb128 0xb
 1169 0053 01       		.uleb128 0x1
 1170 0054 13       		.uleb128 0x13
 1171 0055 00       		.byte	0
 1172 0056 00       		.byte	0
 1173 0057 08       		.uleb128 0x8
 1174 0058 28       		.uleb128 0x28
 1175 0059 00       		.byte	0
 1176 005a 03       		.uleb128 0x3
 1177 005b 0E       		.uleb128 0xe
 1178 005c 1C       		.uleb128 0x1c
 1179 005d 0B       		.uleb128 0xb
 1180 005e 00       		.byte	0
 1181 005f 00       		.byte	0
 1182 0060 09       		.uleb128 0x9
 1183 0061 13       		.uleb128 0x13
 1184 0062 01       		.byte	0x1
 1185 0063 03       		.uleb128 0x3
 1186 0064 0E       		.uleb128 0xe
 1187 0065 0B       		.uleb128 0xb
 1188 0066 05       		.uleb128 0x5
 1189 0067 3A       		.uleb128 0x3a
 1190 0068 0B       		.uleb128 0xb
 1191 0069 3B       		.uleb128 0x3b
 1192 006a 0B       		.uleb128 0xb
 1193 006b 01       		.uleb128 0x1
 1194 006c 13       		.uleb128 0x13
 1195 006d 00       		.byte	0
 1196 006e 00       		.byte	0
 1197 006f 0A       		.uleb128 0xa
 1198 0070 0D       		.uleb128 0xd
 1199 0071 00       		.byte	0
 1200 0072 03       		.uleb128 0x3
 1201 0073 0E       		.uleb128 0xe
 1202 0074 3A       		.uleb128 0x3a
 1203 0075 0B       		.uleb128 0xb
 1204 0076 3B       		.uleb128 0x3b
 1205 0077 0B       		.uleb128 0xb
 1206 0078 49       		.uleb128 0x49
 1207 0079 13       		.uleb128 0x13
 1208 007a 38       		.uleb128 0x38
 1209 007b 0B       		.uleb128 0xb
 1210 007c 00       		.byte	0
 1211 007d 00       		.byte	0
 1212 007e 0B       		.uleb128 0xb
 1213 007f 01       		.uleb128 0x1
 1214 0080 01       		.byte	0x1
 1215 0081 49       		.uleb128 0x49
 1216 0082 13       		.uleb128 0x13
 1217 0083 01       		.uleb128 0x1
 1218 0084 13       		.uleb128 0x13
 1219 0085 00       		.byte	0
 1220 0086 00       		.byte	0
 1221 0087 0C       		.uleb128 0xc
 1222 0088 21       		.uleb128 0x21
 1223 0089 00       		.byte	0
ARM GAS  C:\Users\tpbw4321\AppData\Local\Temp\ccMlJFu6.s 			page 26


 1224 008a 49       		.uleb128 0x49
 1225 008b 13       		.uleb128 0x13
 1226 008c 2F       		.uleb128 0x2f
 1227 008d 0B       		.uleb128 0xb
 1228 008e 00       		.byte	0
 1229 008f 00       		.byte	0
 1230 0090 0D       		.uleb128 0xd
 1231 0091 2E       		.uleb128 0x2e
 1232 0092 00       		.byte	0
 1233 0093 3F       		.uleb128 0x3f
 1234 0094 19       		.uleb128 0x19
 1235 0095 03       		.uleb128 0x3
 1236 0096 0E       		.uleb128 0xe
 1237 0097 3A       		.uleb128 0x3a
 1238 0098 0B       		.uleb128 0xb
 1239 0099 3B       		.uleb128 0x3b
 1240 009a 0B       		.uleb128 0xb
 1241 009b 11       		.uleb128 0x11
 1242 009c 01       		.uleb128 0x1
 1243 009d 12       		.uleb128 0x12
 1244 009e 06       		.uleb128 0x6
 1245 009f 40       		.uleb128 0x40
 1246 00a0 18       		.uleb128 0x18
 1247 00a1 9642     		.uleb128 0x2116
 1248 00a3 19       		.uleb128 0x19
 1249 00a4 00       		.byte	0
 1250 00a5 00       		.byte	0
 1251 00a6 0E       		.uleb128 0xe
 1252 00a7 2E       		.uleb128 0x2e
 1253 00a8 00       		.byte	0
 1254 00a9 3F       		.uleb128 0x3f
 1255 00aa 19       		.uleb128 0x19
 1256 00ab 03       		.uleb128 0x3
 1257 00ac 0E       		.uleb128 0xe
 1258 00ad 3A       		.uleb128 0x3a
 1259 00ae 0B       		.uleb128 0xb
 1260 00af 3B       		.uleb128 0x3b
 1261 00b0 0B       		.uleb128 0xb
 1262 00b1 49       		.uleb128 0x49
 1263 00b2 13       		.uleb128 0x13
 1264 00b3 11       		.uleb128 0x11
 1265 00b4 01       		.uleb128 0x1
 1266 00b5 12       		.uleb128 0x12
 1267 00b6 06       		.uleb128 0x6
 1268 00b7 40       		.uleb128 0x40
 1269 00b8 18       		.uleb128 0x18
 1270 00b9 9742     		.uleb128 0x2117
 1271 00bb 19       		.uleb128 0x19
 1272 00bc 00       		.byte	0
 1273 00bd 00       		.byte	0
 1274 00be 0F       		.uleb128 0xf
 1275 00bf 2E       		.uleb128 0x2e
 1276 00c0 01       		.byte	0x1
 1277 00c1 3F       		.uleb128 0x3f
 1278 00c2 19       		.uleb128 0x19
 1279 00c3 03       		.uleb128 0x3
 1280 00c4 0E       		.uleb128 0xe
ARM GAS  C:\Users\tpbw4321\AppData\Local\Temp\ccMlJFu6.s 			page 27


 1281 00c5 3A       		.uleb128 0x3a
 1282 00c6 0B       		.uleb128 0xb
 1283 00c7 3B       		.uleb128 0x3b
 1284 00c8 0B       		.uleb128 0xb
 1285 00c9 27       		.uleb128 0x27
 1286 00ca 19       		.uleb128 0x19
 1287 00cb 49       		.uleb128 0x49
 1288 00cc 13       		.uleb128 0x13
 1289 00cd 11       		.uleb128 0x11
 1290 00ce 01       		.uleb128 0x1
 1291 00cf 12       		.uleb128 0x12
 1292 00d0 06       		.uleb128 0x6
 1293 00d1 40       		.uleb128 0x40
 1294 00d2 18       		.uleb128 0x18
 1295 00d3 9642     		.uleb128 0x2116
 1296 00d5 19       		.uleb128 0x19
 1297 00d6 01       		.uleb128 0x1
 1298 00d7 13       		.uleb128 0x13
 1299 00d8 00       		.byte	0
 1300 00d9 00       		.byte	0
 1301 00da 10       		.uleb128 0x10
 1302 00db 05       		.uleb128 0x5
 1303 00dc 00       		.byte	0
 1304 00dd 03       		.uleb128 0x3
 1305 00de 08       		.uleb128 0x8
 1306 00df 3A       		.uleb128 0x3a
 1307 00e0 0B       		.uleb128 0xb
 1308 00e1 3B       		.uleb128 0x3b
 1309 00e2 0B       		.uleb128 0xb
 1310 00e3 49       		.uleb128 0x49
 1311 00e4 13       		.uleb128 0x13
 1312 00e5 02       		.uleb128 0x2
 1313 00e6 18       		.uleb128 0x18
 1314 00e7 00       		.byte	0
 1315 00e8 00       		.byte	0
 1316 00e9 11       		.uleb128 0x11
 1317 00ea 05       		.uleb128 0x5
 1318 00eb 00       		.byte	0
 1319 00ec 03       		.uleb128 0x3
 1320 00ed 0E       		.uleb128 0xe
 1321 00ee 3A       		.uleb128 0x3a
 1322 00ef 0B       		.uleb128 0xb
 1323 00f0 3B       		.uleb128 0x3b
 1324 00f1 0B       		.uleb128 0xb
 1325 00f2 49       		.uleb128 0x49
 1326 00f3 13       		.uleb128 0x13
 1327 00f4 02       		.uleb128 0x2
 1328 00f5 18       		.uleb128 0x18
 1329 00f6 00       		.byte	0
 1330 00f7 00       		.byte	0
 1331 00f8 12       		.uleb128 0x12
 1332 00f9 34       		.uleb128 0x34
 1333 00fa 00       		.byte	0
 1334 00fb 03       		.uleb128 0x3
 1335 00fc 08       		.uleb128 0x8
 1336 00fd 3A       		.uleb128 0x3a
 1337 00fe 0B       		.uleb128 0xb
ARM GAS  C:\Users\tpbw4321\AppData\Local\Temp\ccMlJFu6.s 			page 28


 1338 00ff 3B       		.uleb128 0x3b
 1339 0100 0B       		.uleb128 0xb
 1340 0101 49       		.uleb128 0x49
 1341 0102 13       		.uleb128 0x13
 1342 0103 02       		.uleb128 0x2
 1343 0104 18       		.uleb128 0x18
 1344 0105 00       		.byte	0
 1345 0106 00       		.byte	0
 1346 0107 13       		.uleb128 0x13
 1347 0108 34       		.uleb128 0x34
 1348 0109 00       		.byte	0
 1349 010a 03       		.uleb128 0x3
 1350 010b 0E       		.uleb128 0xe
 1351 010c 3A       		.uleb128 0x3a
 1352 010d 0B       		.uleb128 0xb
 1353 010e 3B       		.uleb128 0x3b
 1354 010f 0B       		.uleb128 0xb
 1355 0110 49       		.uleb128 0x49
 1356 0111 13       		.uleb128 0x13
 1357 0112 02       		.uleb128 0x2
 1358 0113 18       		.uleb128 0x18
 1359 0114 00       		.byte	0
 1360 0115 00       		.byte	0
 1361 0116 14       		.uleb128 0x14
 1362 0117 0B       		.uleb128 0xb
 1363 0118 01       		.byte	0x1
 1364 0119 11       		.uleb128 0x11
 1365 011a 01       		.uleb128 0x1
 1366 011b 12       		.uleb128 0x12
 1367 011c 06       		.uleb128 0x6
 1368 011d 00       		.byte	0
 1369 011e 00       		.byte	0
 1370 011f 15       		.uleb128 0x15
 1371 0120 2E       		.uleb128 0x2e
 1372 0121 01       		.byte	0x1
 1373 0122 3F       		.uleb128 0x3f
 1374 0123 19       		.uleb128 0x19
 1375 0124 03       		.uleb128 0x3
 1376 0125 0E       		.uleb128 0xe
 1377 0126 3A       		.uleb128 0x3a
 1378 0127 0B       		.uleb128 0xb
 1379 0128 3B       		.uleb128 0x3b
 1380 0129 0B       		.uleb128 0xb
 1381 012a 27       		.uleb128 0x27
 1382 012b 19       		.uleb128 0x19
 1383 012c 49       		.uleb128 0x49
 1384 012d 13       		.uleb128 0x13
 1385 012e 11       		.uleb128 0x11
 1386 012f 01       		.uleb128 0x1
 1387 0130 12       		.uleb128 0x12
 1388 0131 06       		.uleb128 0x6
 1389 0132 40       		.uleb128 0x40
 1390 0133 18       		.uleb128 0x18
 1391 0134 9742     		.uleb128 0x2117
 1392 0136 19       		.uleb128 0x19
 1393 0137 01       		.uleb128 0x1
 1394 0138 13       		.uleb128 0x13
ARM GAS  C:\Users\tpbw4321\AppData\Local\Temp\ccMlJFu6.s 			page 29


 1395 0139 00       		.byte	0
 1396 013a 00       		.byte	0
 1397 013b 16       		.uleb128 0x16
 1398 013c 2E       		.uleb128 0x2e
 1399 013d 00       		.byte	0
 1400 013e 3F       		.uleb128 0x3f
 1401 013f 19       		.uleb128 0x19
 1402 0140 03       		.uleb128 0x3
 1403 0141 0E       		.uleb128 0xe
 1404 0142 3A       		.uleb128 0x3a
 1405 0143 0B       		.uleb128 0xb
 1406 0144 3B       		.uleb128 0x3b
 1407 0145 0B       		.uleb128 0xb
 1408 0146 27       		.uleb128 0x27
 1409 0147 19       		.uleb128 0x19
 1410 0148 11       		.uleb128 0x11
 1411 0149 01       		.uleb128 0x1
 1412 014a 12       		.uleb128 0x12
 1413 014b 06       		.uleb128 0x6
 1414 014c 40       		.uleb128 0x40
 1415 014d 18       		.uleb128 0x18
 1416 014e 9642     		.uleb128 0x2116
 1417 0150 19       		.uleb128 0x19
 1418 0151 00       		.byte	0
 1419 0152 00       		.byte	0
 1420 0153 17       		.uleb128 0x17
 1421 0154 2E       		.uleb128 0x2e
 1422 0155 01       		.byte	0x1
 1423 0156 3F       		.uleb128 0x3f
 1424 0157 19       		.uleb128 0x19
 1425 0158 03       		.uleb128 0x3
 1426 0159 0E       		.uleb128 0xe
 1427 015a 3A       		.uleb128 0x3a
 1428 015b 0B       		.uleb128 0xb
 1429 015c 3B       		.uleb128 0x3b
 1430 015d 0B       		.uleb128 0xb
 1431 015e 27       		.uleb128 0x27
 1432 015f 19       		.uleb128 0x19
 1433 0160 11       		.uleb128 0x11
 1434 0161 01       		.uleb128 0x1
 1435 0162 12       		.uleb128 0x12
 1436 0163 06       		.uleb128 0x6
 1437 0164 40       		.uleb128 0x40
 1438 0165 18       		.uleb128 0x18
 1439 0166 9642     		.uleb128 0x2116
 1440 0168 19       		.uleb128 0x19
 1441 0169 01       		.uleb128 0x1
 1442 016a 13       		.uleb128 0x13
 1443 016b 00       		.byte	0
 1444 016c 00       		.byte	0
 1445 016d 18       		.uleb128 0x18
 1446 016e 34       		.uleb128 0x34
 1447 016f 00       		.byte	0
 1448 0170 03       		.uleb128 0x3
 1449 0171 0E       		.uleb128 0xe
 1450 0172 3A       		.uleb128 0x3a
 1451 0173 0B       		.uleb128 0xb
ARM GAS  C:\Users\tpbw4321\AppData\Local\Temp\ccMlJFu6.s 			page 30


 1452 0174 3B       		.uleb128 0x3b
 1453 0175 05       		.uleb128 0x5
 1454 0176 49       		.uleb128 0x49
 1455 0177 13       		.uleb128 0x13
 1456 0178 3F       		.uleb128 0x3f
 1457 0179 19       		.uleb128 0x19
 1458 017a 3C       		.uleb128 0x3c
 1459 017b 19       		.uleb128 0x19
 1460 017c 00       		.byte	0
 1461 017d 00       		.byte	0
 1462 017e 19       		.uleb128 0x19
 1463 017f 35       		.uleb128 0x35
 1464 0180 00       		.byte	0
 1465 0181 49       		.uleb128 0x49
 1466 0182 13       		.uleb128 0x13
 1467 0183 00       		.byte	0
 1468 0184 00       		.byte	0
 1469 0185 1A       		.uleb128 0x1a
 1470 0186 34       		.uleb128 0x34
 1471 0187 00       		.byte	0
 1472 0188 03       		.uleb128 0x3
 1473 0189 08       		.uleb128 0x8
 1474 018a 3A       		.uleb128 0x3a
 1475 018b 0B       		.uleb128 0xb
 1476 018c 3B       		.uleb128 0x3b
 1477 018d 0B       		.uleb128 0xb
 1478 018e 49       		.uleb128 0x49
 1479 018f 13       		.uleb128 0x13
 1480 0190 3F       		.uleb128 0x3f
 1481 0191 19       		.uleb128 0x19
 1482 0192 3C       		.uleb128 0x3c
 1483 0193 19       		.uleb128 0x19
 1484 0194 00       		.byte	0
 1485 0195 00       		.byte	0
 1486 0196 00       		.byte	0
 1487              		.section	.debug_aranges,"",%progbits
 1488 0000 44000000 		.4byte	0x44
 1489 0004 0200     		.2byte	0x2
 1490 0006 00000000 		.4byte	.Ldebug_info0
 1491 000a 04       		.byte	0x4
 1492 000b 00       		.byte	0
 1493 000c 0000     		.2byte	0
 1494 000e 0000     		.2byte	0
 1495 0010 00000000 		.4byte	.LFB64
 1496 0014 1C000000 		.4byte	.LFE64-.LFB64
 1497 0018 00000000 		.4byte	.LFB65
 1498 001c 24000000 		.4byte	.LFE65-.LFB65
 1499 0020 00000000 		.4byte	.LFB66
 1500 0024 A0020000 		.4byte	.LFE66-.LFB66
 1501 0028 00000000 		.4byte	.LFB67
 1502 002c 32000000 		.4byte	.LFE67-.LFB67
 1503 0030 00000000 		.4byte	.LFB68
 1504 0034 48000000 		.4byte	.LFE68-.LFB68
 1505 0038 00000000 		.4byte	.LFB69
 1506 003c 16000000 		.4byte	.LFE69-.LFB69
 1507 0040 00000000 		.4byte	0
 1508 0044 00000000 		.4byte	0
ARM GAS  C:\Users\tpbw4321\AppData\Local\Temp\ccMlJFu6.s 			page 31


 1509              		.section	.debug_ranges,"",%progbits
 1510              	.Ldebug_ranges0:
 1511 0000 00000000 		.4byte	.LFB64
 1512 0004 1C000000 		.4byte	.LFE64
 1513 0008 00000000 		.4byte	.LFB65
 1514 000c 24000000 		.4byte	.LFE65
 1515 0010 00000000 		.4byte	.LFB66
 1516 0014 A0020000 		.4byte	.LFE66
 1517 0018 00000000 		.4byte	.LFB67
 1518 001c 32000000 		.4byte	.LFE67
 1519 0020 00000000 		.4byte	.LFB68
 1520 0024 48000000 		.4byte	.LFE68
 1521 0028 00000000 		.4byte	.LFB69
 1522 002c 16000000 		.4byte	.LFE69
 1523 0030 00000000 		.4byte	0
 1524 0034 00000000 		.4byte	0
 1525              		.section	.debug_line,"",%progbits
 1526              	.Ldebug_line0:
 1527 0000 20020000 		.section	.debug_str,"MS",%progbits,1
 1527      02007301 
 1527      00000201 
 1527      FB0E0D00 
 1527      01010101 
 1528              	.LASF25:
 1529 0000 70685F6D 		.ascii	"ph_measured\000"
 1529      65617375 
 1529      72656400 
 1530              	.LASF4:
 1531 000c 5F5F7569 		.ascii	"__uint8_t\000"
 1531      6E74385F 
 1531      7400
 1532              	.LASF49:
 1533 0016 474E5520 		.ascii	"GNU C11 5.4.1 20160609 (release) [ARM/embedded-5-br"
 1533      43313120 
 1533      352E342E 
 1533      31203230 
 1533      31363036 
 1534 0049 616E6368 		.ascii	"anch revision 237715] -mcpu=cortex-m3 -mthumb -g -O"
 1534      20726576 
 1534      6973696F 
 1534      6E203233 
 1534      37373135 
 1535 007c 30202D66 		.ascii	"0 -ffunction-sections -ffat-lto-objects\000"
 1535      66756E63 
 1535      74696F6E 
 1535      2D736563 
 1535      74696F6E 
 1536              	.LASF52:
 1537 00a4 706B6579 		.ascii	"pkey_t\000"
 1537      5F7400
 1538              	.LASF30:
 1539 00ab 74656D70 		.ascii	"temp_measured\000"
 1539      5F6D6561 
 1539      73757265 
 1539      6400
 1540              	.LASF22:
 1541 00b9 6832305F 		.ascii	"h20_level_target\000"
ARM GAS  C:\Users\tpbw4321\AppData\Local\Temp\ccMlJFu6.s 			page 32


 1541      6C657665 
 1541      6C5F7461 
 1541      72676574 
 1541      00
 1542              	.LASF45:
 1543 00ca 53656E73 		.ascii	"SensorDataComISRHandler\000"
 1543      6F724461 
 1543      7461436F 
 1543      6D495352 
 1543      48616E64 
 1544              	.LASF5:
 1545 00e2 5F5F696E 		.ascii	"__int32_t\000"
 1545      7433325F 
 1545      7400
 1546              	.LASF43:
 1547 00ec 43616C63 		.ascii	"CalcChecksum\000"
 1547      43686563 
 1547      6B73756D 
 1547      00
 1548              	.LASF19:
 1549 00f9 666C6F77 		.ascii	"flow_target\000"
 1549      5F746172 
 1549      67657400 
 1550              	.LASF31:
 1551 0105 666C6F77 		.ascii	"flow_measured\000"
 1551      5F6D6561 
 1551      73757265 
 1551      6400
 1552              	.LASF42:
 1553 0113 53656E73 		.ascii	"SensorComTx_EncodeMessage\000"
 1553      6F72436F 
 1553      6D54785F 
 1553      456E636F 
 1553      64654D65 
 1554              	.LASF17:
 1555 012d 646F7562 		.ascii	"double\000"
 1555      6C6500
 1556              	.LASF51:
 1557 0134 433A5C55 		.ascii	"C:\\Users\\tpbw4321\\AppData\\Roaming\\SPB_Data\\Hy"
 1557      73657273 
 1557      5C747062 
 1557      77343332 
 1557      315C4170 
 1558 0161 64726F70 		.ascii	"droponicsAutomation\\Designs\\Software\\Embedded\\P"
 1558      6F6E6963 
 1558      73417574 
 1558      6F6D6174 
 1558      696F6E5C 
 1559 0190 536F435C 		.ascii	"SoC\\HydroponicAutomationSensorPerf.cydsn\000"
 1559      48796472 
 1559      6F706F6E 
 1559      69634175 
 1559      746F6D61 
 1560              	.LASF16:
 1561 01b9 666C6F61 		.ascii	"float\000"
 1561      7400
 1562              	.LASF40:
ARM GAS  C:\Users\tpbw4321\AppData\Local\Temp\ccMlJFu6.s 			page 33


 1563 01bf 63686563 		.ascii	"checksum\000"
 1563      6B73756D 
 1563      00
 1564              	.LASF1:
 1565 01c8 756E7369 		.ascii	"unsigned char\000"
 1565      676E6564 
 1565      20636861 
 1565      7200
 1566              	.LASF20:
 1567 01d6 70685F74 		.ascii	"ph_target\000"
 1567      61726765 
 1567      7400
 1568              	.LASF47:
 1569 01e0 72656164 		.ascii	"ready\000"
 1569      7900
 1570              	.LASF3:
 1571 01e6 73686F72 		.ascii	"short unsigned int\000"
 1571      7420756E 
 1571      7369676E 
 1571      65642069 
 1571      6E7400
 1572              	.LASF37:
 1573 01f9 74656D70 		.ascii	"temp_target\000"
 1573      5F746172 
 1573      67657400 
 1574              	.LASF29:
 1575 0205 65635F73 		.ascii	"ec_stored\000"
 1575      746F7265 
 1575      6400
 1576              	.LASF48:
 1577 020f 49544D5F 		.ascii	"ITM_RxBuffer\000"
 1577      52784275 
 1577      66666572 
 1577      00
 1578              	.LASF34:
 1579 021c 70685F6C 		.ascii	"ph_level\000"
 1579      6576656C 
 1579      00
 1580              	.LASF32:
 1581 0225 68326F5F 		.ascii	"h2o_level\000"
 1581      6C657665 
 1581      6C00
 1582              	.LASF54:
 1583 022f 53656E73 		.ascii	"SensorComTx_Init\000"
 1583      6F72436F 
 1583      6D54785F 
 1583      496E6974 
 1583      00
 1584              	.LASF50:
 1585 0240 7372635C 		.ascii	"src\\SensorComTx.c\000"
 1585      53656E73 
 1585      6F72436F 
 1585      6D54782E 
 1585      6300
 1586              	.LASF38:
 1587 0252 50726F64 		.ascii	"ProductID\000"
 1587      75637449 
ARM GAS  C:\Users\tpbw4321\AppData\Local\Temp\ccMlJFu6.s 			page 34


 1587      4400
 1588              	.LASF55:
 1589 025c 53656E73 		.ascii	"SensorComTx_SendMessage\000"
 1589      6F72436F 
 1589      6D54785F 
 1589      53656E64 
 1589      4D657373 
 1590              	.LASF24:
 1591 0274 6832305F 		.ascii	"h20_stored\000"
 1591      73746F72 
 1591      656400
 1592              	.LASF7:
 1593 027f 6C6F6E67 		.ascii	"long unsigned int\000"
 1593      20756E73 
 1593      69676E65 
 1593      6420696E 
 1593      7400
 1594              	.LASF10:
 1595 0291 756E7369 		.ascii	"unsigned int\000"
 1595      676E6564 
 1595      20696E74 
 1595      00
 1596              	.LASF9:
 1597 029e 6C6F6E67 		.ascii	"long long unsigned int\000"
 1597      206C6F6E 
 1597      6720756E 
 1597      7369676E 
 1597      65642069 
 1598              	.LASF14:
 1599 02b5 75696E74 		.ascii	"uint8_t\000"
 1599      385F7400 
 1600              	.LASF33:
 1601 02bd 68326F5F 		.ascii	"h2o_stored\000"
 1601      73746F72 
 1601      656400
 1602              	.LASF28:
 1603 02c8 65635F6D 		.ascii	"ec_measured\000"
 1603      65617375 
 1603      72656400 
 1604              	.LASF18:
 1605 02d4 696E7661 		.ascii	"invalid_key\000"
 1605      6C69645F 
 1605      6B657900 
 1606              	.LASF41:
 1607 02e0 64617461 		.ascii	"data_buffer\000"
 1607      5F627566 
 1607      66657200 
 1608              	.LASF15:
 1609 02ec 696E7433 		.ascii	"int32_t\000"
 1609      325F7400 
 1610              	.LASF12:
 1611 02f4 73697A65 		.ascii	"sizetype\000"
 1611      74797065 
 1611      00
 1612              	.LASF8:
 1613 02fd 6C6F6E67 		.ascii	"long long int\000"
 1613      206C6F6E 
ARM GAS  C:\Users\tpbw4321\AppData\Local\Temp\ccMlJFu6.s 			page 35


 1613      6720696E 
 1613      7400
 1614              	.LASF13:
 1615 030b 63686172 		.ascii	"char\000"
 1615      00
 1616              	.LASF36:
 1617 0310 68326F5F 		.ascii	"h2o_target\000"
 1617      74617267 
 1617      657400
 1618              	.LASF44:
 1619 031b 53656E73 		.ascii	"SensorComTx_isReady\000"
 1619      6F72436F 
 1619      6D54785F 
 1619      69735265 
 1619      61647900 
 1620              	.LASF23:
 1621 032f 6832305F 		.ascii	"h20_level\000"
 1621      6C657665 
 1621      6C00
 1622              	.LASF2:
 1623 0339 73686F72 		.ascii	"short int\000"
 1623      7420696E 
 1623      7400
 1624              	.LASF39:
 1625 0343 62756666 		.ascii	"buffer\000"
 1625      657200
 1626              	.LASF6:
 1627 034a 6C6F6E67 		.ascii	"long int\000"
 1627      20696E74 
 1627      00
 1628              	.LASF26:
 1629 0353 70685F75 		.ascii	"ph_up_stored\000"
 1629      705F7374 
 1629      6F726564 
 1629      00
 1630              	.LASF11:
 1631 0360 6C6F6E67 		.ascii	"long double\000"
 1631      20646F75 
 1631      626C6500 
 1632              	.LASF46:
 1633 036c 706B6579 		.ascii	"pkey_const\000"
 1633      5F636F6E 
 1633      737400
 1634              	.LASF0:
 1635 0377 7369676E 		.ascii	"signed char\000"
 1635      65642063 
 1635      68617200 
 1636              	.LASF27:
 1637 0383 70685F64 		.ascii	"ph_down_stored\000"
 1637      6F776E5F 
 1637      73746F72 
 1637      656400
 1638              	.LASF21:
 1639 0392 65635F74 		.ascii	"ec_target\000"
 1639      61726765 
 1639      7400
 1640              	.LASF35:
ARM GAS  C:\Users\tpbw4321\AppData\Local\Temp\ccMlJFu6.s 			page 36


 1641 039c 65635F6C 		.ascii	"ec_level\000"
 1641      6576656C 
 1641      00
 1642              	.LASF53:
 1643 03a5 53656E73 		.ascii	"SensorData\000"
 1643      6F724461 
 1643      746100
 1644              		.ident	"GCC: (GNU Tools for ARM Embedded Processors) 5.4.1 20160609 (release) [ARM/embedded-5-bran
