ARM GAS  C:\Users\tpbw4321\AppData\Local\Temp\ccJSkmzx.s 			page 1


   1              		.syntax unified
   2              		.cpu cortex-m3
   3              		.fpu softvfp
   4              		.eabi_attribute 20, 1
   5              		.eabi_attribute 21, 1
   6              		.eabi_attribute 23, 3
   7              		.eabi_attribute 24, 1
   8              		.eabi_attribute 25, 1
   9              		.eabi_attribute 26, 1
  10              		.eabi_attribute 30, 6
  11              		.eabi_attribute 34, 1
  12              		.eabi_attribute 18, 4
  13              		.thumb
  14              		.syntax unified
  15              		.file	"SenseSwitch.c"
  16              		.text
  17              	.Ltext0:
  18              		.cfi_sections	.debug_frame
  19              		.section	.rodata
  20              		.align	2
  21              	.LC0:
  22 0000 70485374 		.ascii	"pHStart\015\000"
  22      6172740D 
  22      00
  23 0009 000000   		.align	2
  24              	.LC1:
  25 000c 70485361 		.ascii	"pHSampling\015\000"
  25      6D706C69 
  25      6E670D00 
  26              		.align	2
  27              	.LC2:
  28 0018 45435374 		.ascii	"ECStart\015\000"
  28      6172740D 
  28      00
  29 0021 000000   		.align	2
  30              	.LC3:
  31 0024 45435361 		.ascii	"ECSampling\015\000"
  31      6D706C69 
  31      6E670D00 
  32              		.section	.text.SenseSwitchTimerISRHandler,"ax",%progbits
  33              		.align	2
  34              		.global	SenseSwitchTimerISRHandler
  35              		.thumb
  36              		.thumb_func
  37              		.type	SenseSwitchTimerISRHandler, %function
  38              	SenseSwitchTimerISRHandler:
  39              	.LFB64:
  40              		.file 1 "src\\SenseSwitch.c"
   1:src/SenseSwitch.c **** /*
   2:src/SenseSwitch.c ****  * File:   WaterLevelController.h
   3:src/SenseSwitch.c ****  * Author: bwong20
   4:src/SenseSwitch.c ****  *
   5:src/SenseSwitch.c ****  * Software to control the flow 
   6:src/SenseSwitch.c ****  *
   7:src/SenseSwitch.c ****  *
   8:src/SenseSwitch.c ****  *
   9:src/SenseSwitch.c ****  * PWM_TEST (in the .c file) conditionally compiles the test harness for the code. 
ARM GAS  C:\Users\tpbw4321\AppData\Local\Temp\ccJSkmzx.s 			page 2


  10:src/SenseSwitch.c ****  * 
  11:src/SenseSwitch.c ****  *
  12:src/SenseSwitch.c ****  * Created on Janruary 25, 2019
  13:src/SenseSwitch.c ****  */
  14:src/SenseSwitch.c **** 
  15:src/SenseSwitch.c **** 
  16:src/SenseSwitch.c **** #include "project.h"
  17:src/SenseSwitch.c **** #include "ECSense.h"
  18:src/SenseSwitch.c **** #include "pHSense.h"
  19:src/SenseSwitch.c **** #include <stdio.h>
  20:src/SenseSwitch.c **** 
  21:src/SenseSwitch.c **** 
  22:src/SenseSwitch.c **** typedef enum {
  23:src/SenseSwitch.c ****     ECStart,
  24:src/SenseSwitch.c ****     ECSampling,
  25:src/SenseSwitch.c ****     pHSampling,
  26:src/SenseSwitch.c ****     pHStart,
  27:src/SenseSwitch.c **** }SenseSwitchStates;
  28:src/SenseSwitch.c **** 
  29:src/SenseSwitch.c **** #define PH_COOLDOWN 45000
  30:src/SenseSwitch.c **** #define EC_COOLDOWN 60000
  31:src/SenseSwitch.c **** #define PH_SAMPLE_TIME 60000
  32:src/SenseSwitch.c **** #define EC_SAMPLE_TIME 60000
  33:src/SenseSwitch.c **** #define FIFTEEN_SECONDS 7500
  34:src/SenseSwitch.c **** 
  35:src/SenseSwitch.c **** /**
  36:src/SenseSwitch.c ****  * @function SenseSwitchTimerISRHandler(void)
  37:src/SenseSwitch.c ****  * @param None
  38:src/SenseSwitch.c ****  * @return None
  39:src/SenseSwitch.c ****  * @brief ISR used to switch between EC and pH sensor updates
  40:src/SenseSwitch.c ****  * @author Barron Wong 05/21/19
  41:src/SenseSwitch.c ****  */
  42:src/SenseSwitch.c **** CY_ISR(SenseSwitchTimerISRHandler){
  41              		.loc 1 42 0
  42              		.cfi_startproc
  43              		@ args = 0, pretend = 0, frame = 0
  44              		@ frame_needed = 1, uses_anonymous_args = 0
  45 0000 80B5     		push	{r7, lr}
  46              		.cfi_def_cfa_offset 8
  47              		.cfi_offset 7, -8
  48              		.cfi_offset 14, -4
  49 0002 00AF     		add	r7, sp, #0
  50              		.cfi_def_cfa_register 7
  43:src/SenseSwitch.c ****     
  44:src/SenseSwitch.c ****     static SenseSwitchStates nextState = pHStart;
  45:src/SenseSwitch.c ****     static SenseSwitchStates prevState = ECSampling;
  46:src/SenseSwitch.c ****     static uint8_t pHCoolDownCount = 0;
  47:src/SenseSwitch.c ****     
  48:src/SenseSwitch.c ****     SenseSwitchTimer_Stop();
  51              		.loc 1 48 0
  52 0004 FFF7FEFF 		bl	SenseSwitchTimer_Stop
  49:src/SenseSwitch.c ****     SenseSwitchTimerISR_ClearPending();
  53              		.loc 1 49 0
  54 0008 FFF7FEFF 		bl	SenseSwitchTimerISR_ClearPending
  50:src/SenseSwitch.c ****     
  51:src/SenseSwitch.c ****     switch(nextState){
  55              		.loc 1 51 0
ARM GAS  C:\Users\tpbw4321\AppData\Local\Temp\ccJSkmzx.s 			page 3


  56 000c 2C4B     		ldr	r3, .L10
  57 000e 1B78     		ldrb	r3, [r3]	@ zero_extendqisi2
  58 0010 032B     		cmp	r3, #3
  59 0012 51D8     		bhi	.L2
  60 0014 01A2     		adr	r2, .L4
  61 0016 52F823F0 		ldr	pc, [r2, r3, lsl #2]
  62 001a 00BF     		.p2align 2
  63              	.L4:
  64 001c 81000000 		.word	.L3+1
  65 0020 9F000000 		.word	.L5+1
  66 0024 67000000 		.word	.L6+1
  67 0028 2D000000 		.word	.L7+1
  68              		.p2align 1
  69              	.L7:
  52:src/SenseSwitch.c ****         case pHStart:
  53:src/SenseSwitch.c ****             printf("pHStart\r\n");
  70              		.loc 1 53 0
  71 002c 2548     		ldr	r0, .L10+4
  72 002e FFF7FEFF 		bl	puts
  54:src/SenseSwitch.c ****             SenseSwitchTimer_WritePeriod(PH_COOLDOWN);
  73              		.loc 1 54 0
  74 0032 4AF6C870 		movw	r0, #45000
  75 0036 FFF7FEFF 		bl	SenseSwitchTimer_WritePeriod
  55:src/SenseSwitch.c ****             ECSense_StopSampling();
  76              		.loc 1 55 0
  77 003a FFF7FEFF 		bl	ECSense_StopSampling
  56:src/SenseSwitch.c ****             ECSense_TurnOff();
  78              		.loc 1 56 0
  79 003e FFF7FEFF 		bl	ECSense_TurnOff
  57:src/SenseSwitch.c ****             if(pHCoolDownCount > 0){
  80              		.loc 1 57 0
  81 0042 214B     		ldr	r3, .L10+8
  82 0044 1B78     		ldrb	r3, [r3]	@ zero_extendqisi2
  83 0046 002B     		cmp	r3, #0
  84 0048 06D0     		beq	.L8
  58:src/SenseSwitch.c ****                 nextState = pHSampling;
  85              		.loc 1 58 0
  86 004a 1D4B     		ldr	r3, .L10
  87 004c 0222     		movs	r2, #2
  88 004e 1A70     		strb	r2, [r3]
  59:src/SenseSwitch.c ****                 pHCoolDownCount = 0;
  89              		.loc 1 59 0
  90 0050 1D4B     		ldr	r3, .L10+8
  91 0052 0022     		movs	r2, #0
  92 0054 1A70     		strb	r2, [r3]
  60:src/SenseSwitch.c ****             }else{
  61:src/SenseSwitch.c ****                 pHCoolDownCount++;
  62:src/SenseSwitch.c ****             }
  63:src/SenseSwitch.c ****             break;
  93              		.loc 1 63 0
  94 0056 2FE0     		b	.L2
  95              	.L8:
  61:src/SenseSwitch.c ****             }
  96              		.loc 1 61 0
  97 0058 1B4B     		ldr	r3, .L10+8
  98 005a 1B78     		ldrb	r3, [r3]	@ zero_extendqisi2
  99 005c 0133     		adds	r3, r3, #1
ARM GAS  C:\Users\tpbw4321\AppData\Local\Temp\ccJSkmzx.s 			page 4


 100 005e DAB2     		uxtb	r2, r3
 101 0060 194B     		ldr	r3, .L10+8
 102 0062 1A70     		strb	r2, [r3]
 103              		.loc 1 63 0
 104 0064 28E0     		b	.L2
 105              	.L6:
  64:src/SenseSwitch.c ****         case pHSampling:
  65:src/SenseSwitch.c ****             printf("pHSampling\r\n");
 106              		.loc 1 65 0
 107 0066 1948     		ldr	r0, .L10+12
 108 0068 FFF7FEFF 		bl	puts
  66:src/SenseSwitch.c ****             SenseSwitchTimer_WritePeriod(PH_SAMPLE_TIME);
 109              		.loc 1 66 0
 110 006c 4EF66020 		movw	r0, #60000
 111 0070 FFF7FEFF 		bl	SenseSwitchTimer_WritePeriod
  67:src/SenseSwitch.c ****             pHSense_TurnOn();
 112              		.loc 1 67 0
 113 0074 FFF7FEFF 		bl	pHSense_TurnOn
  68:src/SenseSwitch.c ****             nextState = ECStart;
 114              		.loc 1 68 0
 115 0078 114B     		ldr	r3, .L10
 116 007a 0022     		movs	r2, #0
 117 007c 1A70     		strb	r2, [r3]
  69:src/SenseSwitch.c ****             break;
 118              		.loc 1 69 0
 119 007e 1BE0     		b	.L2
 120              	.L3:
  70:src/SenseSwitch.c ****         case ECStart:
  71:src/SenseSwitch.c ****             printf("ECStart\r\n");
 121              		.loc 1 71 0
 122 0080 1348     		ldr	r0, .L10+16
 123 0082 FFF7FEFF 		bl	puts
  72:src/SenseSwitch.c ****             SenseSwitchTimer_WritePeriod(EC_COOLDOWN);
 124              		.loc 1 72 0
 125 0086 4EF66020 		movw	r0, #60000
 126 008a FFF7FEFF 		bl	SenseSwitchTimer_WritePeriod
  73:src/SenseSwitch.c ****             pHSense_TurnOff();
 127              		.loc 1 73 0
 128 008e FFF7FEFF 		bl	pHSense_TurnOff
  74:src/SenseSwitch.c ****             ECSense_TurnOn(); 
 129              		.loc 1 74 0
 130 0092 FFF7FEFF 		bl	ECSense_TurnOn
  75:src/SenseSwitch.c ****             nextState = ECSampling;
 131              		.loc 1 75 0
 132 0096 0A4B     		ldr	r3, .L10
 133 0098 0122     		movs	r2, #1
 134 009a 1A70     		strb	r2, [r3]
  76:src/SenseSwitch.c ****             break;
 135              		.loc 1 76 0
 136 009c 0CE0     		b	.L2
 137              	.L5:
  77:src/SenseSwitch.c ****         case ECSampling:
  78:src/SenseSwitch.c ****             printf("ECSampling\r\n");
 138              		.loc 1 78 0
 139 009e 0D48     		ldr	r0, .L10+20
 140 00a0 FFF7FEFF 		bl	puts
  79:src/SenseSwitch.c ****             SenseSwitchTimer_WritePeriod(EC_SAMPLE_TIME);
ARM GAS  C:\Users\tpbw4321\AppData\Local\Temp\ccJSkmzx.s 			page 5


 141              		.loc 1 79 0
 142 00a4 4EF66020 		movw	r0, #60000
 143 00a8 FFF7FEFF 		bl	SenseSwitchTimer_WritePeriod
  80:src/SenseSwitch.c ****             ECSense_StartSampling();
 144              		.loc 1 80 0
 145 00ac FFF7FEFF 		bl	ECSense_StartSampling
  81:src/SenseSwitch.c ****             nextState = pHStart;
 146              		.loc 1 81 0
 147 00b0 034B     		ldr	r3, .L10
 148 00b2 0322     		movs	r2, #3
 149 00b4 1A70     		strb	r2, [r3]
  82:src/SenseSwitch.c ****             break;
 150              		.loc 1 82 0
 151 00b6 00BF     		nop
 152              	.L2:
  83:src/SenseSwitch.c ****         break;
  84:src/SenseSwitch.c ****     }
  85:src/SenseSwitch.c ****     
  86:src/SenseSwitch.c ****     SenseSwitchTimer_Start();
 153              		.loc 1 86 0
 154 00b8 FFF7FEFF 		bl	SenseSwitchTimer_Start
  87:src/SenseSwitch.c ****     
  88:src/SenseSwitch.c **** }
 155              		.loc 1 88 0
 156 00bc 00BF     		nop
 157 00be 80BD     		pop	{r7, pc}
 158              	.L11:
 159              		.align	2
 160              	.L10:
 161 00c0 00000000 		.word	nextState.7625
 162 00c4 00000000 		.word	.LC0
 163 00c8 00000000 		.word	pHCoolDownCount.7627
 164 00cc 0C000000 		.word	.LC1
 165 00d0 18000000 		.word	.LC2
 166 00d4 24000000 		.word	.LC3
 167              		.cfi_endproc
 168              	.LFE64:
 169              		.size	SenseSwitchTimerISRHandler, .-SenseSwitchTimerISRHandler
 170              		.section	.text.SenseSwitch_Init,"ax",%progbits
 171              		.align	2
 172              		.global	SenseSwitch_Init
 173              		.thumb
 174              		.thumb_func
 175              		.type	SenseSwitch_Init, %function
 176              	SenseSwitch_Init:
 177              	.LFB65:
  89:src/SenseSwitch.c **** 
  90:src/SenseSwitch.c **** /**
  91:src/SenseSwitch.c ****  * @function SenseSwitch_Init(void)
  92:src/SenseSwitch.c ****  * @param None
  93:src/SenseSwitch.c ****  * @return None
  94:src/SenseSwitch.c ****  * @brief Initializes components for senor reading switches
  95:src/SenseSwitch.c ****  * @author Barron Wong 05/21/19
  96:src/SenseSwitch.c **** */
  97:src/SenseSwitch.c **** void SenseSwitch_Init(){
 178              		.loc 1 97 0
 179              		.cfi_startproc
ARM GAS  C:\Users\tpbw4321\AppData\Local\Temp\ccJSkmzx.s 			page 6


 180              		@ args = 0, pretend = 0, frame = 0
 181              		@ frame_needed = 1, uses_anonymous_args = 0
 182 0000 80B5     		push	{r7, lr}
 183              		.cfi_def_cfa_offset 8
 184              		.cfi_offset 7, -8
 185              		.cfi_offset 14, -4
 186 0002 00AF     		add	r7, sp, #0
 187              		.cfi_def_cfa_register 7
  98:src/SenseSwitch.c ****     SenseSwitchTimer_Start();
 188              		.loc 1 98 0
 189 0004 FFF7FEFF 		bl	SenseSwitchTimer_Start
  99:src/SenseSwitch.c ****     SenseSwitchTimerISR_StartEx(SenseSwitchTimerISRHandler);
 190              		.loc 1 99 0
 191 0008 0248     		ldr	r0, .L13
 192 000a FFF7FEFF 		bl	SenseSwitchTimerISR_StartEx
 100:src/SenseSwitch.c **** }
 193              		.loc 1 100 0
 194 000e 00BF     		nop
 195 0010 80BD     		pop	{r7, pc}
 196              	.L14:
 197 0012 00BF     		.align	2
 198              	.L13:
 199 0014 00000000 		.word	SenseSwitchTimerISRHandler
 200              		.cfi_endproc
 201              	.LFE65:
 202              		.size	SenseSwitch_Init, .-SenseSwitch_Init
 203              		.data
 204              		.type	nextState.7625, %object
 205              		.size	nextState.7625, 1
 206              	nextState.7625:
 207 0000 03       		.byte	3
 208              		.bss
 209              	pHCoolDownCount.7627:
 210 0000 00       		.space	1
 211              		.data
 212              		.type	prevState.7626, %object
 213              		.size	prevState.7626, 1
 214              	prevState.7626:
 215 0001 01       		.byte	1
 216              		.text
 217              	.Letext0:
 218              		.file 2 "c:\\program files (x86)\\cypress\\psoc creator\\4.2\\psoc creator\\import\\gnu\\arm\\5.4.
 219              		.file 3 "c:\\program files (x86)\\cypress\\psoc creator\\4.2\\psoc creator\\import\\gnu\\arm\\5.4.
 220              		.file 4 "Generated_Source\\PSoC5/core_cm3.h"
 221              		.section	.debug_info,"",%progbits
 222              	.Ldebug_info0:
 223 0000 52010000 		.4byte	0x152
 224 0004 0400     		.2byte	0x4
 225 0006 00000000 		.4byte	.Ldebug_abbrev0
 226 000a 04       		.byte	0x4
 227 000b 01       		.uleb128 0x1
 228 000c 2B000000 		.4byte	.LASF26
 229 0010 0C       		.byte	0xc
 230 0011 9D010000 		.4byte	.LASF27
 231 0015 D5000000 		.4byte	.LASF28
 232 0019 00000000 		.4byte	.Ldebug_ranges0+0
 233 001d 00000000 		.4byte	0
ARM GAS  C:\Users\tpbw4321\AppData\Local\Temp\ccJSkmzx.s 			page 7


 234 0021 00000000 		.4byte	.Ldebug_line0
 235 0025 02       		.uleb128 0x2
 236 0026 01       		.byte	0x1
 237 0027 06       		.byte	0x6
 238 0028 7D020000 		.4byte	.LASF0
 239 002c 03       		.uleb128 0x3
 240 002d B9000000 		.4byte	.LASF4
 241 0031 02       		.byte	0x2
 242 0032 1D       		.byte	0x1d
 243 0033 37000000 		.4byte	0x37
 244 0037 02       		.uleb128 0x2
 245 0038 01       		.byte	0x1
 246 0039 08       		.byte	0x8
 247 003a 60010000 		.4byte	.LASF1
 248 003e 02       		.uleb128 0x2
 249 003f 02       		.byte	0x2
 250 0040 05       		.byte	0x5
 251 0041 47020000 		.4byte	.LASF2
 252 0045 02       		.uleb128 0x2
 253 0046 02       		.byte	0x2
 254 0047 07       		.byte	0x7
 255 0048 8A010000 		.4byte	.LASF3
 256 004c 03       		.uleb128 0x3
 257 004d C3000000 		.4byte	.LASF5
 258 0051 02       		.byte	0x2
 259 0052 3F       		.byte	0x3f
 260 0053 57000000 		.4byte	0x57
 261 0057 02       		.uleb128 0x2
 262 0058 04       		.byte	0x4
 263 0059 05       		.byte	0x5
 264 005a 63020000 		.4byte	.LASF6
 265 005e 02       		.uleb128 0x2
 266 005f 04       		.byte	0x4
 267 0060 07       		.byte	0x7
 268 0061 78010000 		.4byte	.LASF7
 269 0065 02       		.uleb128 0x2
 270 0066 08       		.byte	0x8
 271 0067 05       		.byte	0x5
 272 0068 2E020000 		.4byte	.LASF8
 273 006c 02       		.uleb128 0x2
 274 006d 08       		.byte	0x8
 275 006e 07       		.byte	0x7
 276 006f F3010000 		.4byte	.LASF9
 277 0073 04       		.uleb128 0x4
 278 0074 04       		.byte	0x4
 279 0075 05       		.byte	0x5
 280 0076 696E7400 		.ascii	"int\000"
 281 007a 02       		.uleb128 0x2
 282 007b 04       		.byte	0x4
 283 007c 07       		.byte	0x7
 284 007d E6010000 		.4byte	.LASF10
 285 0081 03       		.uleb128 0x3
 286 0082 0A020000 		.4byte	.LASF11
 287 0086 03       		.byte	0x3
 288 0087 18       		.byte	0x18
 289 0088 2C000000 		.4byte	0x2c
 290 008c 03       		.uleb128 0x3
ARM GAS  C:\Users\tpbw4321\AppData\Local\Temp\ccJSkmzx.s 			page 8


 291 008d 1D020000 		.4byte	.LASF12
 292 0091 03       		.byte	0x3
 293 0092 2C       		.byte	0x2c
 294 0093 4C000000 		.4byte	0x4c
 295 0097 02       		.uleb128 0x2
 296 0098 04       		.byte	0x4
 297 0099 04       		.byte	0x4
 298 009a 5A010000 		.4byte	.LASF13
 299 009e 02       		.uleb128 0x2
 300 009f 08       		.byte	0x8
 301 00a0 04       		.byte	0x4
 302 00a1 BC010000 		.4byte	.LASF14
 303 00a5 02       		.uleb128 0x2
 304 00a6 01       		.byte	0x1
 305 00a7 08       		.byte	0x8
 306 00a8 6C020000 		.4byte	.LASF15
 307 00ac 02       		.uleb128 0x2
 308 00ad 08       		.byte	0x8
 309 00ae 04       		.byte	0x4
 310 00af 71020000 		.4byte	.LASF16
 311 00b3 02       		.uleb128 0x2
 312 00b4 04       		.byte	0x4
 313 00b5 07       		.byte	0x7
 314 00b6 25020000 		.4byte	.LASF17
 315 00ba 05       		.uleb128 0x5
 316 00bb 01       		.byte	0x1
 317 00bc 37000000 		.4byte	0x37
 318 00c0 01       		.byte	0x1
 319 00c1 16       		.byte	0x16
 320 00c2 DF000000 		.4byte	0xdf
 321 00c6 06       		.uleb128 0x6
 322 00c7 CD000000 		.4byte	.LASF18
 323 00cb 00       		.byte	0
 324 00cc 06       		.uleb128 0x6
 325 00cd 3C020000 		.4byte	.LASF19
 326 00d1 01       		.byte	0x1
 327 00d2 06       		.uleb128 0x6
 328 00d3 12020000 		.4byte	.LASF20
 329 00d7 02       		.byte	0x2
 330 00d8 06       		.uleb128 0x6
 331 00d9 C3010000 		.4byte	.LASF21
 332 00dd 03       		.byte	0x3
 333 00de 00       		.byte	0
 334 00df 03       		.uleb128 0x3
 335 00e0 51020000 		.4byte	.LASF22
 336 00e4 01       		.byte	0x1
 337 00e5 1B       		.byte	0x1b
 338 00e6 BA000000 		.4byte	0xba
 339 00ea 07       		.uleb128 0x7
 340 00eb CB010000 		.4byte	.LASF29
 341 00ef 01       		.byte	0x1
 342 00f0 2A       		.byte	0x2a
 343 00f1 00000000 		.4byte	.LFB64
 344 00f5 D8000000 		.4byte	.LFE64-.LFB64
 345 00f9 01       		.uleb128 0x1
 346 00fa 9C       		.byte	0x9c
 347 00fb 33010000 		.4byte	0x133
ARM GAS  C:\Users\tpbw4321\AppData\Local\Temp\ccJSkmzx.s 			page 9


 348 00ff 08       		.uleb128 0x8
 349 0100 10000000 		.4byte	.LASF23
 350 0104 01       		.byte	0x1
 351 0105 2C       		.byte	0x2c
 352 0106 DF000000 		.4byte	0xdf
 353 010a 05       		.uleb128 0x5
 354 010b 03       		.byte	0x3
 355 010c 00000000 		.4byte	nextState.7625
 356 0110 08       		.uleb128 0x8
 357 0111 6E010000 		.4byte	.LASF24
 358 0115 01       		.byte	0x1
 359 0116 2D       		.byte	0x2d
 360 0117 DF000000 		.4byte	0xdf
 361 011b 05       		.uleb128 0x5
 362 011c 03       		.byte	0x3
 363 011d 01000000 		.4byte	prevState.7626
 364 0121 08       		.uleb128 0x8
 365 0122 00000000 		.4byte	.LASF25
 366 0126 01       		.byte	0x1
 367 0127 2E       		.byte	0x2e
 368 0128 81000000 		.4byte	0x81
 369 012c 05       		.uleb128 0x5
 370 012d 03       		.byte	0x3
 371 012e 00000000 		.4byte	pHCoolDownCount.7627
 372 0132 00       		.byte	0
 373 0133 09       		.uleb128 0x9
 374 0134 1A000000 		.4byte	.LASF30
 375 0138 01       		.byte	0x1
 376 0139 61       		.byte	0x61
 377 013a 00000000 		.4byte	.LFB65
 378 013e 18000000 		.4byte	.LFE65-.LFB65
 379 0142 01       		.uleb128 0x1
 380 0143 9C       		.byte	0x9c
 381 0144 0A       		.uleb128 0xa
 382 0145 AF010000 		.4byte	.LASF31
 383 0149 04       		.byte	0x4
 384 014a 1207     		.2byte	0x712
 385 014c 50010000 		.4byte	0x150
 386 0150 0B       		.uleb128 0xb
 387 0151 8C000000 		.4byte	0x8c
 388 0155 00       		.byte	0
 389              		.section	.debug_abbrev,"",%progbits
 390              	.Ldebug_abbrev0:
 391 0000 01       		.uleb128 0x1
 392 0001 11       		.uleb128 0x11
 393 0002 01       		.byte	0x1
 394 0003 25       		.uleb128 0x25
 395 0004 0E       		.uleb128 0xe
 396 0005 13       		.uleb128 0x13
 397 0006 0B       		.uleb128 0xb
 398 0007 03       		.uleb128 0x3
 399 0008 0E       		.uleb128 0xe
 400 0009 1B       		.uleb128 0x1b
 401 000a 0E       		.uleb128 0xe
 402 000b 55       		.uleb128 0x55
 403 000c 17       		.uleb128 0x17
 404 000d 11       		.uleb128 0x11
ARM GAS  C:\Users\tpbw4321\AppData\Local\Temp\ccJSkmzx.s 			page 10


 405 000e 01       		.uleb128 0x1
 406 000f 10       		.uleb128 0x10
 407 0010 17       		.uleb128 0x17
 408 0011 00       		.byte	0
 409 0012 00       		.byte	0
 410 0013 02       		.uleb128 0x2
 411 0014 24       		.uleb128 0x24
 412 0015 00       		.byte	0
 413 0016 0B       		.uleb128 0xb
 414 0017 0B       		.uleb128 0xb
 415 0018 3E       		.uleb128 0x3e
 416 0019 0B       		.uleb128 0xb
 417 001a 03       		.uleb128 0x3
 418 001b 0E       		.uleb128 0xe
 419 001c 00       		.byte	0
 420 001d 00       		.byte	0
 421 001e 03       		.uleb128 0x3
 422 001f 16       		.uleb128 0x16
 423 0020 00       		.byte	0
 424 0021 03       		.uleb128 0x3
 425 0022 0E       		.uleb128 0xe
 426 0023 3A       		.uleb128 0x3a
 427 0024 0B       		.uleb128 0xb
 428 0025 3B       		.uleb128 0x3b
 429 0026 0B       		.uleb128 0xb
 430 0027 49       		.uleb128 0x49
 431 0028 13       		.uleb128 0x13
 432 0029 00       		.byte	0
 433 002a 00       		.byte	0
 434 002b 04       		.uleb128 0x4
 435 002c 24       		.uleb128 0x24
 436 002d 00       		.byte	0
 437 002e 0B       		.uleb128 0xb
 438 002f 0B       		.uleb128 0xb
 439 0030 3E       		.uleb128 0x3e
 440 0031 0B       		.uleb128 0xb
 441 0032 03       		.uleb128 0x3
 442 0033 08       		.uleb128 0x8
 443 0034 00       		.byte	0
 444 0035 00       		.byte	0
 445 0036 05       		.uleb128 0x5
 446 0037 04       		.uleb128 0x4
 447 0038 01       		.byte	0x1
 448 0039 0B       		.uleb128 0xb
 449 003a 0B       		.uleb128 0xb
 450 003b 49       		.uleb128 0x49
 451 003c 13       		.uleb128 0x13
 452 003d 3A       		.uleb128 0x3a
 453 003e 0B       		.uleb128 0xb
 454 003f 3B       		.uleb128 0x3b
 455 0040 0B       		.uleb128 0xb
 456 0041 01       		.uleb128 0x1
 457 0042 13       		.uleb128 0x13
 458 0043 00       		.byte	0
 459 0044 00       		.byte	0
 460 0045 06       		.uleb128 0x6
 461 0046 28       		.uleb128 0x28
ARM GAS  C:\Users\tpbw4321\AppData\Local\Temp\ccJSkmzx.s 			page 11


 462 0047 00       		.byte	0
 463 0048 03       		.uleb128 0x3
 464 0049 0E       		.uleb128 0xe
 465 004a 1C       		.uleb128 0x1c
 466 004b 0B       		.uleb128 0xb
 467 004c 00       		.byte	0
 468 004d 00       		.byte	0
 469 004e 07       		.uleb128 0x7
 470 004f 2E       		.uleb128 0x2e
 471 0050 01       		.byte	0x1
 472 0051 3F       		.uleb128 0x3f
 473 0052 19       		.uleb128 0x19
 474 0053 03       		.uleb128 0x3
 475 0054 0E       		.uleb128 0xe
 476 0055 3A       		.uleb128 0x3a
 477 0056 0B       		.uleb128 0xb
 478 0057 3B       		.uleb128 0x3b
 479 0058 0B       		.uleb128 0xb
 480 0059 27       		.uleb128 0x27
 481 005a 19       		.uleb128 0x19
 482 005b 11       		.uleb128 0x11
 483 005c 01       		.uleb128 0x1
 484 005d 12       		.uleb128 0x12
 485 005e 06       		.uleb128 0x6
 486 005f 40       		.uleb128 0x40
 487 0060 18       		.uleb128 0x18
 488 0061 9642     		.uleb128 0x2116
 489 0063 19       		.uleb128 0x19
 490 0064 01       		.uleb128 0x1
 491 0065 13       		.uleb128 0x13
 492 0066 00       		.byte	0
 493 0067 00       		.byte	0
 494 0068 08       		.uleb128 0x8
 495 0069 34       		.uleb128 0x34
 496 006a 00       		.byte	0
 497 006b 03       		.uleb128 0x3
 498 006c 0E       		.uleb128 0xe
 499 006d 3A       		.uleb128 0x3a
 500 006e 0B       		.uleb128 0xb
 501 006f 3B       		.uleb128 0x3b
 502 0070 0B       		.uleb128 0xb
 503 0071 49       		.uleb128 0x49
 504 0072 13       		.uleb128 0x13
 505 0073 02       		.uleb128 0x2
 506 0074 18       		.uleb128 0x18
 507 0075 00       		.byte	0
 508 0076 00       		.byte	0
 509 0077 09       		.uleb128 0x9
 510 0078 2E       		.uleb128 0x2e
 511 0079 00       		.byte	0
 512 007a 3F       		.uleb128 0x3f
 513 007b 19       		.uleb128 0x19
 514 007c 03       		.uleb128 0x3
 515 007d 0E       		.uleb128 0xe
 516 007e 3A       		.uleb128 0x3a
 517 007f 0B       		.uleb128 0xb
 518 0080 3B       		.uleb128 0x3b
ARM GAS  C:\Users\tpbw4321\AppData\Local\Temp\ccJSkmzx.s 			page 12


 519 0081 0B       		.uleb128 0xb
 520 0082 11       		.uleb128 0x11
 521 0083 01       		.uleb128 0x1
 522 0084 12       		.uleb128 0x12
 523 0085 06       		.uleb128 0x6
 524 0086 40       		.uleb128 0x40
 525 0087 18       		.uleb128 0x18
 526 0088 9642     		.uleb128 0x2116
 527 008a 19       		.uleb128 0x19
 528 008b 00       		.byte	0
 529 008c 00       		.byte	0
 530 008d 0A       		.uleb128 0xa
 531 008e 34       		.uleb128 0x34
 532 008f 00       		.byte	0
 533 0090 03       		.uleb128 0x3
 534 0091 0E       		.uleb128 0xe
 535 0092 3A       		.uleb128 0x3a
 536 0093 0B       		.uleb128 0xb
 537 0094 3B       		.uleb128 0x3b
 538 0095 05       		.uleb128 0x5
 539 0096 49       		.uleb128 0x49
 540 0097 13       		.uleb128 0x13
 541 0098 3F       		.uleb128 0x3f
 542 0099 19       		.uleb128 0x19
 543 009a 3C       		.uleb128 0x3c
 544 009b 19       		.uleb128 0x19
 545 009c 00       		.byte	0
 546 009d 00       		.byte	0
 547 009e 0B       		.uleb128 0xb
 548 009f 35       		.uleb128 0x35
 549 00a0 00       		.byte	0
 550 00a1 49       		.uleb128 0x49
 551 00a2 13       		.uleb128 0x13
 552 00a3 00       		.byte	0
 553 00a4 00       		.byte	0
 554 00a5 00       		.byte	0
 555              		.section	.debug_aranges,"",%progbits
 556 0000 24000000 		.4byte	0x24
 557 0004 0200     		.2byte	0x2
 558 0006 00000000 		.4byte	.Ldebug_info0
 559 000a 04       		.byte	0x4
 560 000b 00       		.byte	0
 561 000c 0000     		.2byte	0
 562 000e 0000     		.2byte	0
 563 0010 00000000 		.4byte	.LFB64
 564 0014 D8000000 		.4byte	.LFE64-.LFB64
 565 0018 00000000 		.4byte	.LFB65
 566 001c 18000000 		.4byte	.LFE65-.LFB65
 567 0020 00000000 		.4byte	0
 568 0024 00000000 		.4byte	0
 569              		.section	.debug_ranges,"",%progbits
 570              	.Ldebug_ranges0:
 571 0000 00000000 		.4byte	.LFB64
 572 0004 D8000000 		.4byte	.LFE64
 573 0008 00000000 		.4byte	.LFB65
 574 000c 18000000 		.4byte	.LFE65
 575 0010 00000000 		.4byte	0
ARM GAS  C:\Users\tpbw4321\AppData\Local\Temp\ccJSkmzx.s 			page 13


 576 0014 00000000 		.4byte	0
 577              		.section	.debug_line,"",%progbits
 578              	.Ldebug_line0:
 579 0000 91010000 		.section	.debug_str,"MS",%progbits,1
 579      02004A01 
 579      00000201 
 579      FB0E0D00 
 579      01010101 
 580              	.LASF25:
 581 0000 7048436F 		.ascii	"pHCoolDownCount\000"
 581      6F6C446F 
 581      776E436F 
 581      756E7400 
 582              	.LASF23:
 583 0010 6E657874 		.ascii	"nextState\000"
 583      53746174 
 583      6500
 584              	.LASF30:
 585 001a 53656E73 		.ascii	"SenseSwitch_Init\000"
 585      65537769 
 585      7463685F 
 585      496E6974 
 585      00
 586              	.LASF26:
 587 002b 474E5520 		.ascii	"GNU C11 5.4.1 20160609 (release) [ARM/embedded-5-br"
 587      43313120 
 587      352E342E 
 587      31203230 
 587      31363036 
 588 005e 616E6368 		.ascii	"anch revision 237715] -mcpu=cortex-m3 -mthumb -g -O"
 588      20726576 
 588      6973696F 
 588      6E203233 
 588      37373135 
 589 0091 30202D66 		.ascii	"0 -ffunction-sections -ffat-lto-objects\000"
 589      66756E63 
 589      74696F6E 
 589      2D736563 
 589      74696F6E 
 590              	.LASF4:
 591 00b9 5F5F7569 		.ascii	"__uint8_t\000"
 591      6E74385F 
 591      7400
 592              	.LASF5:
 593 00c3 5F5F696E 		.ascii	"__int32_t\000"
 593      7433325F 
 593      7400
 594              	.LASF18:
 595 00cd 45435374 		.ascii	"ECStart\000"
 595      61727400 
 596              	.LASF28:
 597 00d5 433A5C55 		.ascii	"C:\\Users\\tpbw4321\\AppData\\Roaming\\SPB_Data\\Hy"
 597      73657273 
 597      5C747062 
 597      77343332 
 597      315C4170 
 598 0102 64726F70 		.ascii	"droponicsAutomation\\Designs\\Software\\Embedded\\P"
ARM GAS  C:\Users\tpbw4321\AppData\Local\Temp\ccJSkmzx.s 			page 14


 598      6F6E6963 
 598      73417574 
 598      6F6D6174 
 598      696F6E5C 
 599 0131 536F435C 		.ascii	"SoC\\HydroponicAutomationSensorPerf.cydsn\000"
 599      48796472 
 599      6F706F6E 
 599      69634175 
 599      746F6D61 
 600              	.LASF13:
 601 015a 666C6F61 		.ascii	"float\000"
 601      7400
 602              	.LASF1:
 603 0160 756E7369 		.ascii	"unsigned char\000"
 603      676E6564 
 603      20636861 
 603      7200
 604              	.LASF24:
 605 016e 70726576 		.ascii	"prevState\000"
 605      53746174 
 605      6500
 606              	.LASF7:
 607 0178 6C6F6E67 		.ascii	"long unsigned int\000"
 607      20756E73 
 607      69676E65 
 607      6420696E 
 607      7400
 608              	.LASF3:
 609 018a 73686F72 		.ascii	"short unsigned int\000"
 609      7420756E 
 609      7369676E 
 609      65642069 
 609      6E7400
 610              	.LASF27:
 611 019d 7372635C 		.ascii	"src\\SenseSwitch.c\000"
 611      53656E73 
 611      65537769 
 611      7463682E 
 611      6300
 612              	.LASF31:
 613 01af 49544D5F 		.ascii	"ITM_RxBuffer\000"
 613      52784275 
 613      66666572 
 613      00
 614              	.LASF14:
 615 01bc 646F7562 		.ascii	"double\000"
 615      6C6500
 616              	.LASF21:
 617 01c3 70485374 		.ascii	"pHStart\000"
 617      61727400 
 618              	.LASF29:
 619 01cb 53656E73 		.ascii	"SenseSwitchTimerISRHandler\000"
 619      65537769 
 619      74636854 
 619      696D6572 
 619      49535248 
 620              	.LASF10:
ARM GAS  C:\Users\tpbw4321\AppData\Local\Temp\ccJSkmzx.s 			page 15


 621 01e6 756E7369 		.ascii	"unsigned int\000"
 621      676E6564 
 621      20696E74 
 621      00
 622              	.LASF9:
 623 01f3 6C6F6E67 		.ascii	"long long unsigned int\000"
 623      206C6F6E 
 623      6720756E 
 623      7369676E 
 623      65642069 
 624              	.LASF11:
 625 020a 75696E74 		.ascii	"uint8_t\000"
 625      385F7400 
 626              	.LASF20:
 627 0212 70485361 		.ascii	"pHSampling\000"
 627      6D706C69 
 627      6E6700
 628              	.LASF12:
 629 021d 696E7433 		.ascii	"int32_t\000"
 629      325F7400 
 630              	.LASF17:
 631 0225 73697A65 		.ascii	"sizetype\000"
 631      74797065 
 631      00
 632              	.LASF8:
 633 022e 6C6F6E67 		.ascii	"long long int\000"
 633      206C6F6E 
 633      6720696E 
 633      7400
 634              	.LASF19:
 635 023c 45435361 		.ascii	"ECSampling\000"
 635      6D706C69 
 635      6E6700
 636              	.LASF2:
 637 0247 73686F72 		.ascii	"short int\000"
 637      7420696E 
 637      7400
 638              	.LASF22:
 639 0251 53656E73 		.ascii	"SenseSwitchStates\000"
 639      65537769 
 639      74636853 
 639      74617465 
 639      7300
 640              	.LASF6:
 641 0263 6C6F6E67 		.ascii	"long int\000"
 641      20696E74 
 641      00
 642              	.LASF15:
 643 026c 63686172 		.ascii	"char\000"
 643      00
 644              	.LASF16:
 645 0271 6C6F6E67 		.ascii	"long double\000"
 645      20646F75 
 645      626C6500 
 646              	.LASF0:
 647 027d 7369676E 		.ascii	"signed char\000"
 647      65642063 
ARM GAS  C:\Users\tpbw4321\AppData\Local\Temp\ccJSkmzx.s 			page 16


 647      68617200 
 648              		.ident	"GCC: (GNU Tools for ARM Embedded Processors) 5.4.1 20160609 (release) [ARM/embedded-5-bran
