ARM GAS  C:\Users\tpbw4321\AppData\Local\Temp\ccIBccDh.s 			page 1


   1              		.syntax unified
   2              		.cpu cortex-m3
   3              		.fpu softvfp
   4              		.eabi_attribute 20, 1
   5              		.eabi_attribute 21, 1
   6              		.eabi_attribute 23, 3
   7              		.eabi_attribute 24, 1
   8              		.eabi_attribute 25, 1
   9              		.eabi_attribute 26, 1
  10              		.eabi_attribute 30, 6
  11              		.eabi_attribute 34, 1
  12              		.eabi_attribute 18, 4
  13              		.thumb
  14              		.syntax unified
  15              		.file	"SerialCom.c"
  16              		.text
  17              	.Ltext0:
  18              		.cfi_sections	.debug_frame
  19              		.syntax unified
  20              		.global _printf_float
  21              		.thumb
  22              		.syntax unified
  23              		.global	errorStatus
  24              		.bss
  25              		.type	errorStatus, %object
  26              		.size	errorStatus, 1
  27              	errorStatus:
  28 0000 00       		.space	1
  29              		.section	.text.RxIsr,"ax",%progbits
  30              		.align	2
  31              		.global	RxIsr
  32              		.thumb
  33              		.thumb_func
  34              		.type	RxIsr, %function
  35              	RxIsr:
  36              	.LFB64:
  37              		.file 1 "src\\SerialCom.c"
   1:src/SerialCom.c **** /* ========================================
   2:src/SerialCom.c ****  *
   3:src/SerialCom.c ****  * Copyright YOUR COMPANY, THE YEAR
   4:src/SerialCom.c ****  * All Rights Reserved
   5:src/SerialCom.c ****  * UNPUBLISHED, LICENSED SOFTWARE.
   6:src/SerialCom.c ****  *
   7:src/SerialCom.c ****  * CONFIDENTIAL AND PROPRIETARY INFORMATION
   8:src/SerialCom.c ****  * WHICH IS THE PROPERTY OF your company.
   9:src/SerialCom.c ****  *
  10:src/SerialCom.c ****  * ========================================
  11:src/SerialCom.c **** */
  12:src/SerialCom.c **** #include "SerialCom.h"
  13:src/SerialCom.c **** uint8 errorStatus = 0u;
  14:src/SerialCom.c **** 
  15:src/SerialCom.c **** /*******************************************************************************
  16:src/SerialCom.c **** * Function Name: RxIsr
  17:src/SerialCom.c **** ********************************************************************************
  18:src/SerialCom.c **** *
  19:src/SerialCom.c **** * Summary:
  20:src/SerialCom.c **** *  Interrupt Service Routine for RX portion of the UART
ARM GAS  C:\Users\tpbw4321\AppData\Local\Temp\ccIBccDh.s 			page 2


  21:src/SerialCom.c **** *
  22:src/SerialCom.c **** * Parameters:
  23:src/SerialCom.c **** *  None.
  24:src/SerialCom.c **** *
  25:src/SerialCom.c **** * Return:
  26:src/SerialCom.c **** *  None.
  27:src/SerialCom.c **** *
  28:src/SerialCom.c **** *******************************************************************************/
  29:src/SerialCom.c **** 
  30:src/SerialCom.c **** CY_ISR(RxIsr)
  31:src/SerialCom.c **** {
  38              		.loc 1 31 0
  39              		.cfi_startproc
  40              		@ args = 0, pretend = 0, frame = 8
  41              		@ frame_needed = 1, uses_anonymous_args = 0
  42              		@ link register save eliminated.
  43 0000 80B4     		push	{r7}
  44              		.cfi_def_cfa_offset 4
  45              		.cfi_offset 7, -4
  46 0002 83B0     		sub	sp, sp, #12
  47              		.cfi_def_cfa_offset 16
  48 0004 00AF     		add	r7, sp, #0
  49              		.cfi_def_cfa_register 7
  50              	.L4:
  32:src/SerialCom.c ****     uint8 rxStatus;         
  33:src/SerialCom.c ****     uint8 rxData;           
  34:src/SerialCom.c ****     
  35:src/SerialCom.c ****     do
  36:src/SerialCom.c ****     {
  37:src/SerialCom.c ****         /* Read receiver status register */
  38:src/SerialCom.c ****         rxStatus = UART_RXSTATUS_REG;
  51              		.loc 1 38 0
  52 0006 174B     		ldr	r3, .L5
  53 0008 1B78     		ldrb	r3, [r3]
  54 000a FB71     		strb	r3, [r7, #7]
  39:src/SerialCom.c **** 
  40:src/SerialCom.c ****         if((rxStatus & (UART_RX_STS_BREAK      | UART_RX_STS_PAR_ERROR |
  41:src/SerialCom.c ****                         UART_RX_STS_STOP_ERROR | UART_RX_STS_OVERRUN)) != 0u)
  55              		.loc 1 41 0
  56 000c FB79     		ldrb	r3, [r7, #7]	@ zero_extendqisi2
  57 000e 03F01E03 		and	r3, r3, #30
  40:src/SerialCom.c ****                         UART_RX_STS_STOP_ERROR | UART_RX_STS_OVERRUN)) != 0u)
  58              		.loc 1 40 0
  59 0012 002B     		cmp	r3, #0
  60 0014 0CD0     		beq	.L2
  42:src/SerialCom.c ****         {
  43:src/SerialCom.c ****             /* ERROR handling. */
  44:src/SerialCom.c ****             errorStatus |= rxStatus & ( UART_RX_STS_BREAK      | UART_RX_STS_PAR_ERROR | 
  61              		.loc 1 44 0
  62 0016 97F90730 		ldrsb	r3, [r7, #7]
  63 001a 03F01E03 		and	r3, r3, #30
  64 001e 5AB2     		sxtb	r2, r3
  65 0020 114B     		ldr	r3, .L5+4
  66 0022 1B78     		ldrb	r3, [r3]	@ zero_extendqisi2
  67 0024 5BB2     		sxtb	r3, r3
  68 0026 1343     		orrs	r3, r3, r2
  69 0028 5BB2     		sxtb	r3, r3
ARM GAS  C:\Users\tpbw4321\AppData\Local\Temp\ccIBccDh.s 			page 3


  70 002a DAB2     		uxtb	r2, r3
  71 002c 0E4B     		ldr	r3, .L5+4
  72 002e 1A70     		strb	r2, [r3]
  73              	.L2:
  45:src/SerialCom.c ****                                         UART_RX_STS_STOP_ERROR | UART_RX_STS_OVERRUN);
  46:src/SerialCom.c ****         }
  47:src/SerialCom.c ****         
  48:src/SerialCom.c ****         if((rxStatus & UART_RX_STS_FIFO_NOTEMPTY) != 0u)
  74              		.loc 1 48 0
  75 0030 FB79     		ldrb	r3, [r7, #7]	@ zero_extendqisi2
  76 0032 03F02003 		and	r3, r3, #32
  77 0036 002B     		cmp	r3, #0
  78 0038 09D0     		beq	.L3
  49:src/SerialCom.c ****         {
  50:src/SerialCom.c ****             /* Read data from the RX data register */
  51:src/SerialCom.c ****             rxData = UART_RXDATA_REG;
  79              		.loc 1 51 0
  80 003a 0C4B     		ldr	r3, .L5+8
  81 003c 1B78     		ldrb	r3, [r3]
  82 003e BB71     		strb	r3, [r7, #6]
  52:src/SerialCom.c ****             if(errorStatus == 0u)
  83              		.loc 1 52 0
  84 0040 094B     		ldr	r3, .L5+4
  85 0042 1B78     		ldrb	r3, [r3]	@ zero_extendqisi2
  86 0044 002B     		cmp	r3, #0
  87 0046 02D1     		bne	.L3
  53:src/SerialCom.c ****             {
  54:src/SerialCom.c ****                 /* Send data backward */
  55:src/SerialCom.c ****                 UART_TXDATA_REG = rxData;
  88              		.loc 1 55 0
  89 0048 094A     		ldr	r2, .L5+12
  90 004a BB79     		ldrb	r3, [r7, #6]
  91 004c 1370     		strb	r3, [r2]
  92              	.L3:
  56:src/SerialCom.c ****             }
  57:src/SerialCom.c ****         }
  58:src/SerialCom.c ****     }while((rxStatus & UART_RX_STS_FIFO_NOTEMPTY) != 0u);
  93              		.loc 1 58 0
  94 004e FB79     		ldrb	r3, [r7, #7]	@ zero_extendqisi2
  95 0050 03F02003 		and	r3, r3, #32
  96 0054 002B     		cmp	r3, #0
  97 0056 D6D1     		bne	.L4
  59:src/SerialCom.c **** 
  60:src/SerialCom.c **** }
  98              		.loc 1 60 0
  99 0058 00BF     		nop
 100 005a 0C37     		adds	r7, r7, #12
 101              		.cfi_def_cfa_offset 4
 102 005c BD46     		mov	sp, r7
 103              		.cfi_def_cfa_register 13
 104              		@ sp needed
 105 005e 80BC     		pop	{r7}
 106              		.cfi_restore 7
 107              		.cfi_def_cfa_offset 0
 108 0060 7047     		bx	lr
 109              	.L6:
 110 0062 00BF     		.align	2
ARM GAS  C:\Users\tpbw4321\AppData\Local\Temp\ccIBccDh.s 			page 4


 111              	.L5:
 112 0064 68640040 		.word	1073767528
 113 0068 00000000 		.word	errorStatus
 114 006c 4B650040 		.word	1073767755
 115 0070 4C640040 		.word	1073767500
 116              		.cfi_endproc
 117              	.LFE64:
 118              		.size	RxIsr, .-RxIsr
 119              		.section	.text.SerialCom_Init,"ax",%progbits
 120              		.align	2
 121              		.global	SerialCom_Init
 122              		.thumb
 123              		.thumb_func
 124              		.type	SerialCom_Init, %function
 125              	SerialCom_Init:
 126              	.LFB65:
  61:src/SerialCom.c **** /**
  62:src/SerialCom.c ****  * @function SerialCom_Init(void)
  63:src/SerialCom.c ****  * @param None
  64:src/SerialCom.c ****  * @return None
  65:src/SerialCom.c ****  * @brief Initializes hardware components necessary Serial Communication
  66:src/SerialCom.c ****  *        through UART and KitProg
  67:src/SerialCom.c ****  * @author Barron Wong 01/26/19
  68:src/SerialCom.c **** */
  69:src/SerialCom.c **** void SerialCom_Init(){
 127              		.loc 1 69 0
 128              		.cfi_startproc
 129              		@ args = 0, pretend = 0, frame = 0
 130              		@ frame_needed = 1, uses_anonymous_args = 0
 131 0000 80B5     		push	{r7, lr}
 132              		.cfi_def_cfa_offset 8
 133              		.cfi_offset 7, -8
 134              		.cfi_offset 14, -4
 135 0002 00AF     		add	r7, sp, #0
 136              		.cfi_def_cfa_register 7
  70:src/SerialCom.c ****     UART_Start();
 137              		.loc 1 70 0
 138 0004 FFF7FEFF 		bl	UART_Start
  71:src/SerialCom.c ****     isr_rx_StartEx(RxIsr);
 139              		.loc 1 71 0
 140 0008 0248     		ldr	r0, .L8
 141 000a FFF7FEFF 		bl	isr_rx_StartEx
  72:src/SerialCom.c **** }
 142              		.loc 1 72 0
 143 000e 00BF     		nop
 144 0010 80BD     		pop	{r7, pc}
 145              	.L9:
 146 0012 00BF     		.align	2
 147              	.L8:
 148 0014 00000000 		.word	RxIsr
 149              		.cfi_endproc
 150              	.LFE65:
 151              		.size	SerialCom_Init, .-SerialCom_Init
 152              		.section	.text._write,"ax",%progbits
 153              		.align	2
 154              		.global	_write
 155              		.thumb
ARM GAS  C:\Users\tpbw4321\AppData\Local\Temp\ccIBccDh.s 			page 5


 156              		.thumb_func
 157              		.type	_write, %function
 158              	_write:
 159              	.LFB66:
  73:src/SerialCom.c **** 
  74:src/SerialCom.c **** /**
  75:src/SerialCom.c ****  * @function _write(void)
  76:src/SerialCom.c ****  * @param None
  77:src/SerialCom.c ****  * @return None
  78:src/SerialCom.c ****  * @brief Overriding _write function for printf redirection to UART
  79:src/SerialCom.c ****  * @author Barron Wong 01/26/19
  80:src/SerialCom.c **** */
  81:src/SerialCom.c **** /* For GCC compiler revise _write() function for printf functionality */
  82:src/SerialCom.c **** int _write(int file, char *ptr, int len)
  83:src/SerialCom.c ****     {
 160              		.loc 1 83 0
 161              		.cfi_startproc
 162              		@ args = 0, pretend = 0, frame = 24
 163              		@ frame_needed = 1, uses_anonymous_args = 0
 164 0000 80B5     		push	{r7, lr}
 165              		.cfi_def_cfa_offset 8
 166              		.cfi_offset 7, -8
 167              		.cfi_offset 14, -4
 168 0002 86B0     		sub	sp, sp, #24
 169              		.cfi_def_cfa_offset 32
 170 0004 00AF     		add	r7, sp, #0
 171              		.cfi_def_cfa_register 7
 172 0006 F860     		str	r0, [r7, #12]
 173 0008 B960     		str	r1, [r7, #8]
 174 000a 7A60     		str	r2, [r7, #4]
  84:src/SerialCom.c ****         int i;
  85:src/SerialCom.c ****         file = file;
  86:src/SerialCom.c ****         for (i = 0; i < len; i++)
 175              		.loc 1 86 0
 176 000c 0023     		movs	r3, #0
 177 000e 7B61     		str	r3, [r7, #20]
 178 0010 09E0     		b	.L11
 179              	.L12:
  87:src/SerialCom.c ****         {
  88:src/SerialCom.c ****             UART_PutChar(*ptr++);
 180              		.loc 1 88 0 discriminator 3
 181 0012 BB68     		ldr	r3, [r7, #8]
 182 0014 5A1C     		adds	r2, r3, #1
 183 0016 BA60     		str	r2, [r7, #8]
 184 0018 1B78     		ldrb	r3, [r3]	@ zero_extendqisi2
 185 001a 1846     		mov	r0, r3
 186 001c FFF7FEFF 		bl	UART_PutChar
  86:src/SerialCom.c ****         {
 187              		.loc 1 86 0 discriminator 3
 188 0020 7B69     		ldr	r3, [r7, #20]
 189 0022 0133     		adds	r3, r3, #1
 190 0024 7B61     		str	r3, [r7, #20]
 191              	.L11:
  86:src/SerialCom.c ****         {
 192              		.loc 1 86 0 is_stmt 0 discriminator 1
 193 0026 7A69     		ldr	r2, [r7, #20]
 194 0028 7B68     		ldr	r3, [r7, #4]
ARM GAS  C:\Users\tpbw4321\AppData\Local\Temp\ccIBccDh.s 			page 6


 195 002a 9A42     		cmp	r2, r3
 196 002c F1DB     		blt	.L12
  89:src/SerialCom.c ****         }
  90:src/SerialCom.c ****         return (len);
 197              		.loc 1 90 0 is_stmt 1
 198 002e 7B68     		ldr	r3, [r7, #4]
  91:src/SerialCom.c ****     }
 199              		.loc 1 91 0
 200 0030 1846     		mov	r0, r3
 201 0032 1837     		adds	r7, r7, #24
 202              		.cfi_def_cfa_offset 8
 203 0034 BD46     		mov	sp, r7
 204              		.cfi_def_cfa_register 13
 205              		@ sp needed
 206 0036 80BD     		pop	{r7, pc}
 207              		.cfi_endproc
 208              	.LFE66:
 209              		.size	_write, .-_write
 210              		.text
 211              	.Letext0:
 212              		.file 2 "c:\\program files (x86)\\cypress\\psoc creator\\4.2\\psoc creator\\import\\gnu\\arm\\5.4.
 213              		.file 3 "c:\\program files (x86)\\cypress\\psoc creator\\4.2\\psoc creator\\import\\gnu\\arm\\5.4.
 214              		.file 4 "Generated_Source\\PSoC5/cytypes.h"
 215              		.file 5 "Generated_Source\\PSoC5/core_cm3.h"
 216              		.section	.debug_info,"",%progbits
 217              	.Ldebug_info0:
 218 0000 79010000 		.4byte	0x179
 219 0004 0400     		.2byte	0x4
 220 0006 00000000 		.4byte	.Ldebug_abbrev0
 221 000a 04       		.byte	0x4
 222 000b 01       		.uleb128 0x1
 223 000c 00000000 		.4byte	.LASF23
 224 0010 0C       		.byte	0xc
 225 0011 BA000000 		.4byte	.LASF24
 226 0015 CA000000 		.4byte	.LASF25
 227 0019 00000000 		.4byte	.Ldebug_ranges0+0
 228 001d 00000000 		.4byte	0
 229 0021 00000000 		.4byte	.Ldebug_line0
 230 0025 02       		.uleb128 0x2
 231 0026 01       		.byte	0x1
 232 0027 06       		.byte	0x6
 233 0028 29020000 		.4byte	.LASF0
 234 002c 02       		.uleb128 0x2
 235 002d 01       		.byte	0x1
 236 002e 08       		.byte	0x8
 237 002f 60010000 		.4byte	.LASF1
 238 0033 02       		.uleb128 0x2
 239 0034 02       		.byte	0x2
 240 0035 05       		.byte	0x5
 241 0036 04020000 		.4byte	.LASF2
 242 003a 02       		.uleb128 0x2
 243 003b 02       		.byte	0x2
 244 003c 07       		.byte	0x7
 245 003d A7000000 		.4byte	.LASF3
 246 0041 03       		.uleb128 0x3
 247 0042 9D000000 		.4byte	.LASF9
 248 0046 02       		.byte	0x2
ARM GAS  C:\Users\tpbw4321\AppData\Local\Temp\ccIBccDh.s 			page 7


 249 0047 3F       		.byte	0x3f
 250 0048 4C000000 		.4byte	0x4c
 251 004c 02       		.uleb128 0x2
 252 004d 04       		.byte	0x4
 253 004e 05       		.byte	0x5
 254 004f 14020000 		.4byte	.LASF4
 255 0053 02       		.uleb128 0x2
 256 0054 04       		.byte	0x4
 257 0055 07       		.byte	0x7
 258 0056 73010000 		.4byte	.LASF5
 259 005a 02       		.uleb128 0x2
 260 005b 08       		.byte	0x8
 261 005c 05       		.byte	0x5
 262 005d EA010000 		.4byte	.LASF6
 263 0061 02       		.uleb128 0x2
 264 0062 08       		.byte	0x8
 265 0063 07       		.byte	0x7
 266 0064 C2010000 		.4byte	.LASF7
 267 0068 04       		.uleb128 0x4
 268 0069 04       		.byte	0x4
 269 006a 05       		.byte	0x5
 270 006b 696E7400 		.ascii	"int\000"
 271 006f 02       		.uleb128 0x2
 272 0070 04       		.byte	0x4
 273 0071 07       		.byte	0x7
 274 0072 B5010000 		.4byte	.LASF8
 275 0076 03       		.uleb128 0x3
 276 0077 D9010000 		.4byte	.LASF10
 277 007b 03       		.byte	0x3
 278 007c 2C       		.byte	0x2c
 279 007d 41000000 		.4byte	0x41
 280 0081 05       		.uleb128 0x5
 281 0082 0E020000 		.4byte	.LASF11
 282 0086 04       		.byte	0x4
 283 0087 9201     		.2byte	0x192
 284 0089 2C000000 		.4byte	0x2c
 285 008d 02       		.uleb128 0x2
 286 008e 04       		.byte	0x4
 287 008f 04       		.byte	0x4
 288 0090 55010000 		.4byte	.LASF12
 289 0094 02       		.uleb128 0x2
 290 0095 08       		.byte	0x8
 291 0096 04       		.byte	0x4
 292 0097 8C010000 		.4byte	.LASF13
 293 009b 02       		.uleb128 0x2
 294 009c 01       		.byte	0x1
 295 009d 08       		.byte	0x8
 296 009e F8010000 		.4byte	.LASF14
 297 00a2 05       		.uleb128 0x5
 298 00a3 6E010000 		.4byte	.LASF15
 299 00a7 04       		.byte	0x4
 300 00a8 3C02     		.2byte	0x23c
 301 00aa AE000000 		.4byte	0xae
 302 00ae 06       		.uleb128 0x6
 303 00af 81000000 		.4byte	0x81
 304 00b3 02       		.uleb128 0x2
 305 00b4 08       		.byte	0x8
ARM GAS  C:\Users\tpbw4321\AppData\Local\Temp\ccIBccDh.s 			page 8


 306 00b5 04       		.byte	0x4
 307 00b6 1D020000 		.4byte	.LASF16
 308 00ba 02       		.uleb128 0x2
 309 00bb 04       		.byte	0x4
 310 00bc 07       		.byte	0x7
 311 00bd E1010000 		.4byte	.LASF17
 312 00c1 07       		.uleb128 0x7
 313 00c2 04       		.byte	0x4
 314 00c3 9B000000 		.4byte	0x9b
 315 00c7 08       		.uleb128 0x8
 316 00c8 4F010000 		.4byte	.LASF26
 317 00cc 01       		.byte	0x1
 318 00cd 1E       		.byte	0x1e
 319 00ce 00000000 		.4byte	.LFB64
 320 00d2 74000000 		.4byte	.LFE64-.LFB64
 321 00d6 01       		.uleb128 0x1
 322 00d7 9C       		.byte	0x9c
 323 00d8 F9000000 		.4byte	0xf9
 324 00dc 09       		.uleb128 0x9
 325 00dd 93010000 		.4byte	.LASF18
 326 00e1 01       		.byte	0x1
 327 00e2 20       		.byte	0x20
 328 00e3 81000000 		.4byte	0x81
 329 00e7 02       		.uleb128 0x2
 330 00e8 91       		.byte	0x91
 331 00e9 77       		.sleb128 -9
 332 00ea 09       		.uleb128 0x9
 333 00eb 85010000 		.4byte	.LASF19
 334 00ef 01       		.byte	0x1
 335 00f0 21       		.byte	0x21
 336 00f1 81000000 		.4byte	0x81
 337 00f5 02       		.uleb128 0x2
 338 00f6 91       		.byte	0x91
 339 00f7 76       		.sleb128 -10
 340 00f8 00       		.byte	0
 341 00f9 0A       		.uleb128 0xa
 342 00fa 8E000000 		.4byte	.LASF27
 343 00fe 01       		.byte	0x1
 344 00ff 45       		.byte	0x45
 345 0100 00000000 		.4byte	.LFB65
 346 0104 18000000 		.4byte	.LFE65-.LFB65
 347 0108 01       		.uleb128 0x1
 348 0109 9C       		.byte	0x9c
 349 010a 0B       		.uleb128 0xb
 350 010b FD010000 		.4byte	.LASF28
 351 010f 01       		.byte	0x1
 352 0110 52       		.byte	0x52
 353 0111 68000000 		.4byte	0x68
 354 0115 00000000 		.4byte	.LFB66
 355 0119 38000000 		.4byte	.LFE66-.LFB66
 356 011d 01       		.uleb128 0x1
 357 011e 9C       		.byte	0x9c
 358 011f 5A010000 		.4byte	0x15a
 359 0123 0C       		.uleb128 0xc
 360 0124 5B010000 		.4byte	.LASF20
 361 0128 01       		.byte	0x1
 362 0129 52       		.byte	0x52
ARM GAS  C:\Users\tpbw4321\AppData\Local\Temp\ccIBccDh.s 			page 9


 363 012a 68000000 		.4byte	0x68
 364 012e 02       		.uleb128 0x2
 365 012f 91       		.byte	0x91
 366 0130 6C       		.sleb128 -20
 367 0131 0D       		.uleb128 0xd
 368 0132 70747200 		.ascii	"ptr\000"
 369 0136 01       		.byte	0x1
 370 0137 52       		.byte	0x52
 371 0138 C1000000 		.4byte	0xc1
 372 013c 02       		.uleb128 0x2
 373 013d 91       		.byte	0x91
 374 013e 68       		.sleb128 -24
 375 013f 0D       		.uleb128 0xd
 376 0140 6C656E00 		.ascii	"len\000"
 377 0144 01       		.byte	0x1
 378 0145 52       		.byte	0x52
 379 0146 68000000 		.4byte	0x68
 380 014a 02       		.uleb128 0x2
 381 014b 91       		.byte	0x91
 382 014c 64       		.sleb128 -28
 383 014d 0E       		.uleb128 0xe
 384 014e 6900     		.ascii	"i\000"
 385 0150 01       		.byte	0x1
 386 0151 54       		.byte	0x54
 387 0152 68000000 		.4byte	0x68
 388 0156 02       		.uleb128 0x2
 389 0157 91       		.byte	0x91
 390 0158 74       		.sleb128 -12
 391 0159 00       		.byte	0
 392 015a 0F       		.uleb128 0xf
 393 015b A8010000 		.4byte	.LASF21
 394 015f 05       		.byte	0x5
 395 0160 1207     		.2byte	0x712
 396 0162 66010000 		.4byte	0x166
 397 0166 06       		.uleb128 0x6
 398 0167 76000000 		.4byte	0x76
 399 016b 10       		.uleb128 0x10
 400 016c 9C010000 		.4byte	.LASF22
 401 0170 01       		.byte	0x1
 402 0171 0D       		.byte	0xd
 403 0172 81000000 		.4byte	0x81
 404 0176 05       		.uleb128 0x5
 405 0177 03       		.byte	0x3
 406 0178 00000000 		.4byte	errorStatus
 407 017c 00       		.byte	0
 408              		.section	.debug_abbrev,"",%progbits
 409              	.Ldebug_abbrev0:
 410 0000 01       		.uleb128 0x1
 411 0001 11       		.uleb128 0x11
 412 0002 01       		.byte	0x1
 413 0003 25       		.uleb128 0x25
 414 0004 0E       		.uleb128 0xe
 415 0005 13       		.uleb128 0x13
 416 0006 0B       		.uleb128 0xb
 417 0007 03       		.uleb128 0x3
 418 0008 0E       		.uleb128 0xe
 419 0009 1B       		.uleb128 0x1b
ARM GAS  C:\Users\tpbw4321\AppData\Local\Temp\ccIBccDh.s 			page 10


 420 000a 0E       		.uleb128 0xe
 421 000b 55       		.uleb128 0x55
 422 000c 17       		.uleb128 0x17
 423 000d 11       		.uleb128 0x11
 424 000e 01       		.uleb128 0x1
 425 000f 10       		.uleb128 0x10
 426 0010 17       		.uleb128 0x17
 427 0011 00       		.byte	0
 428 0012 00       		.byte	0
 429 0013 02       		.uleb128 0x2
 430 0014 24       		.uleb128 0x24
 431 0015 00       		.byte	0
 432 0016 0B       		.uleb128 0xb
 433 0017 0B       		.uleb128 0xb
 434 0018 3E       		.uleb128 0x3e
 435 0019 0B       		.uleb128 0xb
 436 001a 03       		.uleb128 0x3
 437 001b 0E       		.uleb128 0xe
 438 001c 00       		.byte	0
 439 001d 00       		.byte	0
 440 001e 03       		.uleb128 0x3
 441 001f 16       		.uleb128 0x16
 442 0020 00       		.byte	0
 443 0021 03       		.uleb128 0x3
 444 0022 0E       		.uleb128 0xe
 445 0023 3A       		.uleb128 0x3a
 446 0024 0B       		.uleb128 0xb
 447 0025 3B       		.uleb128 0x3b
 448 0026 0B       		.uleb128 0xb
 449 0027 49       		.uleb128 0x49
 450 0028 13       		.uleb128 0x13
 451 0029 00       		.byte	0
 452 002a 00       		.byte	0
 453 002b 04       		.uleb128 0x4
 454 002c 24       		.uleb128 0x24
 455 002d 00       		.byte	0
 456 002e 0B       		.uleb128 0xb
 457 002f 0B       		.uleb128 0xb
 458 0030 3E       		.uleb128 0x3e
 459 0031 0B       		.uleb128 0xb
 460 0032 03       		.uleb128 0x3
 461 0033 08       		.uleb128 0x8
 462 0034 00       		.byte	0
 463 0035 00       		.byte	0
 464 0036 05       		.uleb128 0x5
 465 0037 16       		.uleb128 0x16
 466 0038 00       		.byte	0
 467 0039 03       		.uleb128 0x3
 468 003a 0E       		.uleb128 0xe
 469 003b 3A       		.uleb128 0x3a
 470 003c 0B       		.uleb128 0xb
 471 003d 3B       		.uleb128 0x3b
 472 003e 05       		.uleb128 0x5
 473 003f 49       		.uleb128 0x49
 474 0040 13       		.uleb128 0x13
 475 0041 00       		.byte	0
 476 0042 00       		.byte	0
ARM GAS  C:\Users\tpbw4321\AppData\Local\Temp\ccIBccDh.s 			page 11


 477 0043 06       		.uleb128 0x6
 478 0044 35       		.uleb128 0x35
 479 0045 00       		.byte	0
 480 0046 49       		.uleb128 0x49
 481 0047 13       		.uleb128 0x13
 482 0048 00       		.byte	0
 483 0049 00       		.byte	0
 484 004a 07       		.uleb128 0x7
 485 004b 0F       		.uleb128 0xf
 486 004c 00       		.byte	0
 487 004d 0B       		.uleb128 0xb
 488 004e 0B       		.uleb128 0xb
 489 004f 49       		.uleb128 0x49
 490 0050 13       		.uleb128 0x13
 491 0051 00       		.byte	0
 492 0052 00       		.byte	0
 493 0053 08       		.uleb128 0x8
 494 0054 2E       		.uleb128 0x2e
 495 0055 01       		.byte	0x1
 496 0056 3F       		.uleb128 0x3f
 497 0057 19       		.uleb128 0x19
 498 0058 03       		.uleb128 0x3
 499 0059 0E       		.uleb128 0xe
 500 005a 3A       		.uleb128 0x3a
 501 005b 0B       		.uleb128 0xb
 502 005c 3B       		.uleb128 0x3b
 503 005d 0B       		.uleb128 0xb
 504 005e 27       		.uleb128 0x27
 505 005f 19       		.uleb128 0x19
 506 0060 11       		.uleb128 0x11
 507 0061 01       		.uleb128 0x1
 508 0062 12       		.uleb128 0x12
 509 0063 06       		.uleb128 0x6
 510 0064 40       		.uleb128 0x40
 511 0065 18       		.uleb128 0x18
 512 0066 9742     		.uleb128 0x2117
 513 0068 19       		.uleb128 0x19
 514 0069 01       		.uleb128 0x1
 515 006a 13       		.uleb128 0x13
 516 006b 00       		.byte	0
 517 006c 00       		.byte	0
 518 006d 09       		.uleb128 0x9
 519 006e 34       		.uleb128 0x34
 520 006f 00       		.byte	0
 521 0070 03       		.uleb128 0x3
 522 0071 0E       		.uleb128 0xe
 523 0072 3A       		.uleb128 0x3a
 524 0073 0B       		.uleb128 0xb
 525 0074 3B       		.uleb128 0x3b
 526 0075 0B       		.uleb128 0xb
 527 0076 49       		.uleb128 0x49
 528 0077 13       		.uleb128 0x13
 529 0078 02       		.uleb128 0x2
 530 0079 18       		.uleb128 0x18
 531 007a 00       		.byte	0
 532 007b 00       		.byte	0
 533 007c 0A       		.uleb128 0xa
ARM GAS  C:\Users\tpbw4321\AppData\Local\Temp\ccIBccDh.s 			page 12


 534 007d 2E       		.uleb128 0x2e
 535 007e 00       		.byte	0
 536 007f 3F       		.uleb128 0x3f
 537 0080 19       		.uleb128 0x19
 538 0081 03       		.uleb128 0x3
 539 0082 0E       		.uleb128 0xe
 540 0083 3A       		.uleb128 0x3a
 541 0084 0B       		.uleb128 0xb
 542 0085 3B       		.uleb128 0x3b
 543 0086 0B       		.uleb128 0xb
 544 0087 11       		.uleb128 0x11
 545 0088 01       		.uleb128 0x1
 546 0089 12       		.uleb128 0x12
 547 008a 06       		.uleb128 0x6
 548 008b 40       		.uleb128 0x40
 549 008c 18       		.uleb128 0x18
 550 008d 9642     		.uleb128 0x2116
 551 008f 19       		.uleb128 0x19
 552 0090 00       		.byte	0
 553 0091 00       		.byte	0
 554 0092 0B       		.uleb128 0xb
 555 0093 2E       		.uleb128 0x2e
 556 0094 01       		.byte	0x1
 557 0095 3F       		.uleb128 0x3f
 558 0096 19       		.uleb128 0x19
 559 0097 03       		.uleb128 0x3
 560 0098 0E       		.uleb128 0xe
 561 0099 3A       		.uleb128 0x3a
 562 009a 0B       		.uleb128 0xb
 563 009b 3B       		.uleb128 0x3b
 564 009c 0B       		.uleb128 0xb
 565 009d 27       		.uleb128 0x27
 566 009e 19       		.uleb128 0x19
 567 009f 49       		.uleb128 0x49
 568 00a0 13       		.uleb128 0x13
 569 00a1 11       		.uleb128 0x11
 570 00a2 01       		.uleb128 0x1
 571 00a3 12       		.uleb128 0x12
 572 00a4 06       		.uleb128 0x6
 573 00a5 40       		.uleb128 0x40
 574 00a6 18       		.uleb128 0x18
 575 00a7 9642     		.uleb128 0x2116
 576 00a9 19       		.uleb128 0x19
 577 00aa 01       		.uleb128 0x1
 578 00ab 13       		.uleb128 0x13
 579 00ac 00       		.byte	0
 580 00ad 00       		.byte	0
 581 00ae 0C       		.uleb128 0xc
 582 00af 05       		.uleb128 0x5
 583 00b0 00       		.byte	0
 584 00b1 03       		.uleb128 0x3
 585 00b2 0E       		.uleb128 0xe
 586 00b3 3A       		.uleb128 0x3a
 587 00b4 0B       		.uleb128 0xb
 588 00b5 3B       		.uleb128 0x3b
 589 00b6 0B       		.uleb128 0xb
 590 00b7 49       		.uleb128 0x49
ARM GAS  C:\Users\tpbw4321\AppData\Local\Temp\ccIBccDh.s 			page 13


 591 00b8 13       		.uleb128 0x13
 592 00b9 02       		.uleb128 0x2
 593 00ba 18       		.uleb128 0x18
 594 00bb 00       		.byte	0
 595 00bc 00       		.byte	0
 596 00bd 0D       		.uleb128 0xd
 597 00be 05       		.uleb128 0x5
 598 00bf 00       		.byte	0
 599 00c0 03       		.uleb128 0x3
 600 00c1 08       		.uleb128 0x8
 601 00c2 3A       		.uleb128 0x3a
 602 00c3 0B       		.uleb128 0xb
 603 00c4 3B       		.uleb128 0x3b
 604 00c5 0B       		.uleb128 0xb
 605 00c6 49       		.uleb128 0x49
 606 00c7 13       		.uleb128 0x13
 607 00c8 02       		.uleb128 0x2
 608 00c9 18       		.uleb128 0x18
 609 00ca 00       		.byte	0
 610 00cb 00       		.byte	0
 611 00cc 0E       		.uleb128 0xe
 612 00cd 34       		.uleb128 0x34
 613 00ce 00       		.byte	0
 614 00cf 03       		.uleb128 0x3
 615 00d0 08       		.uleb128 0x8
 616 00d1 3A       		.uleb128 0x3a
 617 00d2 0B       		.uleb128 0xb
 618 00d3 3B       		.uleb128 0x3b
 619 00d4 0B       		.uleb128 0xb
 620 00d5 49       		.uleb128 0x49
 621 00d6 13       		.uleb128 0x13
 622 00d7 02       		.uleb128 0x2
 623 00d8 18       		.uleb128 0x18
 624 00d9 00       		.byte	0
 625 00da 00       		.byte	0
 626 00db 0F       		.uleb128 0xf
 627 00dc 34       		.uleb128 0x34
 628 00dd 00       		.byte	0
 629 00de 03       		.uleb128 0x3
 630 00df 0E       		.uleb128 0xe
 631 00e0 3A       		.uleb128 0x3a
 632 00e1 0B       		.uleb128 0xb
 633 00e2 3B       		.uleb128 0x3b
 634 00e3 05       		.uleb128 0x5
 635 00e4 49       		.uleb128 0x49
 636 00e5 13       		.uleb128 0x13
 637 00e6 3F       		.uleb128 0x3f
 638 00e7 19       		.uleb128 0x19
 639 00e8 3C       		.uleb128 0x3c
 640 00e9 19       		.uleb128 0x19
 641 00ea 00       		.byte	0
 642 00eb 00       		.byte	0
 643 00ec 10       		.uleb128 0x10
 644 00ed 34       		.uleb128 0x34
 645 00ee 00       		.byte	0
 646 00ef 03       		.uleb128 0x3
 647 00f0 0E       		.uleb128 0xe
ARM GAS  C:\Users\tpbw4321\AppData\Local\Temp\ccIBccDh.s 			page 14


 648 00f1 3A       		.uleb128 0x3a
 649 00f2 0B       		.uleb128 0xb
 650 00f3 3B       		.uleb128 0x3b
 651 00f4 0B       		.uleb128 0xb
 652 00f5 49       		.uleb128 0x49
 653 00f6 13       		.uleb128 0x13
 654 00f7 3F       		.uleb128 0x3f
 655 00f8 19       		.uleb128 0x19
 656 00f9 02       		.uleb128 0x2
 657 00fa 18       		.uleb128 0x18
 658 00fb 00       		.byte	0
 659 00fc 00       		.byte	0
 660 00fd 00       		.byte	0
 661              		.section	.debug_aranges,"",%progbits
 662 0000 2C000000 		.4byte	0x2c
 663 0004 0200     		.2byte	0x2
 664 0006 00000000 		.4byte	.Ldebug_info0
 665 000a 04       		.byte	0x4
 666 000b 00       		.byte	0
 667 000c 0000     		.2byte	0
 668 000e 0000     		.2byte	0
 669 0010 00000000 		.4byte	.LFB64
 670 0014 74000000 		.4byte	.LFE64-.LFB64
 671 0018 00000000 		.4byte	.LFB65
 672 001c 18000000 		.4byte	.LFE65-.LFB65
 673 0020 00000000 		.4byte	.LFB66
 674 0024 38000000 		.4byte	.LFE66-.LFB66
 675 0028 00000000 		.4byte	0
 676 002c 00000000 		.4byte	0
 677              		.section	.debug_ranges,"",%progbits
 678              	.Ldebug_ranges0:
 679 0000 00000000 		.4byte	.LFB64
 680 0004 74000000 		.4byte	.LFE64
 681 0008 00000000 		.4byte	.LFB65
 682 000c 18000000 		.4byte	.LFE65
 683 0010 00000000 		.4byte	.LFB66
 684 0014 38000000 		.4byte	.LFE66
 685 0018 00000000 		.4byte	0
 686 001c 00000000 		.4byte	0
 687              		.section	.debug_line,"",%progbits
 688              	.Ldebug_line0:
 689 0000 AB010000 		.section	.debug_str,"MS",%progbits,1
 689      02005501 
 689      00000201 
 689      FB0E0D00 
 689      01010101 
 690              	.LASF23:
 691 0000 474E5520 		.ascii	"GNU C11 5.4.1 20160609 (release) [ARM/embedded-5-br"
 691      43313120 
 691      352E342E 
 691      31203230 
 691      31363036 
 692 0033 616E6368 		.ascii	"anch revision 237715] -mcpu=cortex-m3 -mthumb -g -O"
 692      20726576 
 692      6973696F 
 692      6E203233 
 692      37373135 
ARM GAS  C:\Users\tpbw4321\AppData\Local\Temp\ccIBccDh.s 			page 15


 693 0066 30202D66 		.ascii	"0 -ffunction-sections -ffat-lto-objects\000"
 693      66756E63 
 693      74696F6E 
 693      2D736563 
 693      74696F6E 
 694              	.LASF27:
 695 008e 53657269 		.ascii	"SerialCom_Init\000"
 695      616C436F 
 695      6D5F496E 
 695      697400
 696              	.LASF9:
 697 009d 5F5F696E 		.ascii	"__int32_t\000"
 697      7433325F 
 697      7400
 698              	.LASF3:
 699 00a7 73686F72 		.ascii	"short unsigned int\000"
 699      7420756E 
 699      7369676E 
 699      65642069 
 699      6E7400
 700              	.LASF24:
 701 00ba 7372635C 		.ascii	"src\\SerialCom.c\000"
 701      53657269 
 701      616C436F 
 701      6D2E6300 
 702              	.LASF25:
 703 00ca 433A5C55 		.ascii	"C:\\Users\\tpbw4321\\AppData\\Roaming\\SPB_Data\\Hy"
 703      73657273 
 703      5C747062 
 703      77343332 
 703      315C4170 
 704 00f7 64726F70 		.ascii	"droponicsAutomation\\Designs\\Software\\Embedded\\P"
 704      6F6E6963 
 704      73417574 
 704      6F6D6174 
 704      696F6E5C 
 705 0126 536F435C 		.ascii	"SoC\\HydroponicAutomationSensorPerf.cydsn\000"
 705      48796472 
 705      6F706F6E 
 705      69634175 
 705      746F6D61 
 706              	.LASF26:
 707 014f 52784973 		.ascii	"RxIsr\000"
 707      7200
 708              	.LASF12:
 709 0155 666C6F61 		.ascii	"float\000"
 709      7400
 710              	.LASF20:
 711 015b 66696C65 		.ascii	"file\000"
 711      00
 712              	.LASF1:
 713 0160 756E7369 		.ascii	"unsigned char\000"
 713      676E6564 
 713      20636861 
 713      7200
 714              	.LASF15:
 715 016e 72656738 		.ascii	"reg8\000"
ARM GAS  C:\Users\tpbw4321\AppData\Local\Temp\ccIBccDh.s 			page 16


 715      00
 716              	.LASF5:
 717 0173 6C6F6E67 		.ascii	"long unsigned int\000"
 717      20756E73 
 717      69676E65 
 717      6420696E 
 717      7400
 718              	.LASF19:
 719 0185 72784461 		.ascii	"rxData\000"
 719      746100
 720              	.LASF13:
 721 018c 646F7562 		.ascii	"double\000"
 721      6C6500
 722              	.LASF18:
 723 0193 72785374 		.ascii	"rxStatus\000"
 723      61747573 
 723      00
 724              	.LASF22:
 725 019c 6572726F 		.ascii	"errorStatus\000"
 725      72537461 
 725      74757300 
 726              	.LASF21:
 727 01a8 49544D5F 		.ascii	"ITM_RxBuffer\000"
 727      52784275 
 727      66666572 
 727      00
 728              	.LASF8:
 729 01b5 756E7369 		.ascii	"unsigned int\000"
 729      676E6564 
 729      20696E74 
 729      00
 730              	.LASF7:
 731 01c2 6C6F6E67 		.ascii	"long long unsigned int\000"
 731      206C6F6E 
 731      6720756E 
 731      7369676E 
 731      65642069 
 732              	.LASF10:
 733 01d9 696E7433 		.ascii	"int32_t\000"
 733      325F7400 
 734              	.LASF17:
 735 01e1 73697A65 		.ascii	"sizetype\000"
 735      74797065 
 735      00
 736              	.LASF6:
 737 01ea 6C6F6E67 		.ascii	"long long int\000"
 737      206C6F6E 
 737      6720696E 
 737      7400
 738              	.LASF14:
 739 01f8 63686172 		.ascii	"char\000"
 739      00
 740              	.LASF28:
 741 01fd 5F777269 		.ascii	"_write\000"
 741      746500
 742              	.LASF2:
 743 0204 73686F72 		.ascii	"short int\000"
ARM GAS  C:\Users\tpbw4321\AppData\Local\Temp\ccIBccDh.s 			page 17


 743      7420696E 
 743      7400
 744              	.LASF11:
 745 020e 75696E74 		.ascii	"uint8\000"
 745      3800
 746              	.LASF4:
 747 0214 6C6F6E67 		.ascii	"long int\000"
 747      20696E74 
 747      00
 748              	.LASF16:
 749 021d 6C6F6E67 		.ascii	"long double\000"
 749      20646F75 
 749      626C6500 
 750              	.LASF0:
 751 0229 7369676E 		.ascii	"signed char\000"
 751      65642063 
 751      68617200 
 752              		.ident	"GCC: (GNU Tools for ARM Embedded Processors) 5.4.1 20160609 (release) [ARM/embedded-5-bran
