BSS 00:a6:ca:71:f6:a0(on wlan0)
	TSF: 0 usec (0d, 00:00:00)
	freq: 2412
	beacon interval: 102 TUs
	capability: ESS Privacy ShortPreamble ShortSlotTime RadioMeasure (0x1431)
	signal: -70.00 dBm
	last seen: 0 ms ago
	SSID: eduroam
	Supported rates: 12.0 18.0* 24.0 36.0 48.0 54.0 
	DS Parameter set: channel 1
	Country: US	Environment: Indoor/Outdoor
		Channels [1 - 11] @ 30 dBm
	BSS Load:
		 * station count: 8
		 * channel utilisation: 210/255
		 * available admission capacity: 23437 [*32us]
	ERP: <no flags>
	HT capabilities:
		Capabilities: 0x19ac
			HT20
			SM Power Save disabled
			RX HT20 SGI
			TX STBC
			RX STBC 1-stream
			Max AMSDU length: 7935 bytes
			DSSS/CCK HT40
		Maximum RX AMPDU length 65535 bytes (exponent: 0x003)
		Minimum RX AMPDU time spacing: 8 usec (0x06)
		HT RX MCS rate indexes supported: 0-23
		HT TX MCS rate indexes are undefined
	RSN:	 * Version: 1
		 * Group cipher: CCMP
		 * Pairwise ciphers: CCMP
		 * Authentication suites: IEEE 802.1X
		 * Capabilities: 4-PTKSA-RC 4-GTKSA-RC (0x0028)
	HT operation:
		 * primary channel: 1
		 * secondary channel offset: no secondary
		 * STA channel width: 20 MHz
		 * RIFS: 0
		 * HT protection: nonmember
		 * non-GF present: 1
		 * OBSS non-GF present: 0
		 * dual beacon: 0
		 * dual CTS protection: 0
		 * STBC beacon: 0
		 * L-SIG TXOP Prot: 0
		 * PCO active: 0
		 * PCO phase: 0
	Extended capabilities: Proxy ARP Service, QoS Map, WNM-Notification
	WMM:	 * Parameter version 1
		 * u-APSD
		 * BE: CW 15-1023, AIFSN 3
		 * BK: CW 15-1023, AIFSN 7
		 * VI: CW 7-15, AIFSN 2, TXOP 3008 usec
		 * VO: CW 3-7, AIFSN 2, TXOP 1504 usec
BSS 00:a6:ca:71:f6:a2(on wlan0)
	TSF: 0 usec (0d, 00:00:00)
	freq: 2412
	beacon interval: 102 TUs
	capability: ESS ShortPreamble ShortSlotTime RadioMeasure (0x1421)
	signal: -70.00 dBm
	last seen: 0 ms ago
	SSID: UCSC-Guest
	Supported rates: 12.0 18.0* 24.0 36.0 48.0 54.0 
	DS Parameter set: channel 1
	Country: US	Environment: Indoor/Outdoor
		Channels [1 - 11] @ 30 dBm
	BSS Load:
		 * station count: 8
		 * channel utilisation: 210/255
		 * available admission capacity: 23437 [*32us]
	Power constraint: 0 dB
	ERP: <no flags>
	HT capabilities:
		Capabilities: 0x19ac
			HT20
			SM Power Save disabled
			RX HT20 SGI
			TX STBC
			RX STBC 1-stream
			Max AMSDU length: 7935 bytes
			DSSS/CCK HT40
		Maximum RX AMPDU length 65535 bytes (exponent: 0x003)
		Minimum RX AMPDU time spacing: 8 usec (0x06)
		HT RX MCS rate indexes supported: 0-23
		HT TX MCS rate indexes are undefined
	HT operation:
		 * primary channel: 1
		 * secondary channel offset: no secondary
		 * STA channel width: 20 MHz
		 * RIFS: 0
		 * HT protection: nonmember
		 * non-GF present: 1
		 * OBSS non-GF present: 0
		 * dual beacon: 0
		 * dual CTS protection: 0
		 * STBC beacon: 0
		 * L-SIG TXOP Prot: 0
		 * PCO active: 0
		 * PCO phase: 0
	Extended capabilities: Proxy ARP Service, BSS Transition, DMS, QoS Map, WNM-Notification
	WMM:	 * Parameter version 1
		 * u-APSD
		 * BE: CW 15-1023, AIFSN 3
		 * BK: CW 15-1023, AIFSN 7
		 * VI: CW 7-15, AIFSN 2, TXOP 3008 usec
		 * VO: CW 3-7, AIFSN 2, TXOP 1504 usec
BSS 00:a6:ca:71:f6:a3(on wlan0)
	TSF: 0 usec (0d, 00:00:00)
	freq: 2412
	beacon interval: 102 TUs
	capability: ESS Privacy ShortPreamble ShortSlotTime RadioMeasure (0x1431)
	signal: -71.00 dBm
	last seen: 0 ms ago
	SSID: thunder
	Supported rates: 12.0 18.0* 24.0 36.0 48.0 54.0 
	DS Parameter set: channel 1
	Country: US	Environment: Indoor/Outdoor
		Channels [1 - 11] @ 30 dBm
	BSS Load:
		 * station count: 8
		 * channel utilisation: 210/255
		 * available admission capacity: 23437 [*32us]
	ERP: <no flags>
	HT capabilities:
		Capabilities: 0x19ac
			HT20
			SM Power Save disabled
			RX HT20 SGI
			TX STBC
			RX STBC 1-stream
			Max AMSDU length: 7935 bytes
			DSSS/CCK HT40
		Maximum RX AMPDU length 65535 bytes (exponent: 0x003)
		Minimum RX AMPDU time spacing: 8 usec (0x06)
		HT RX MCS rate indexes supported: 0-23
		HT TX MCS rate indexes are undefined
	RSN:	 * Version: 1
		 * Group cipher: CCMP
		 * Pairwise ciphers: CCMP
		 * Authentication suites: IEEE 802.1X
		 * Capabilities: 4-PTKSA-RC 4-GTKSA-RC (0x0028)
	HT operation:
		 * primary channel: 1
		 * secondary channel offset: no secondary
		 * STA channel width: 20 MHz
		 * RIFS: 0
		 * HT protection: nonmember
		 * non-GF present: 1
		 * OBSS non-GF present: 0
		 * dual beacon: 0
		 * dual CTS protection: 0
		 * STBC beacon: 0
		 * L-SIG TXOP Prot: 0
		 * PCO active: 0
		 * PCO phase: 0
	Extended capabilities: Proxy ARP Service, QoS Map, WNM-Notification
	WMM:	 * Parameter version 1
		 * u-APSD
		 * BE: CW 15-1023, AIFSN 3
		 * BK: CW 15-1023, AIFSN 7
		 * VI: CW 7-15, AIFSN 2, TXOP 3008 usec
		 * VO: CW 3-7, AIFSN 2, TXOP 1504 usec
BSS 00:1e:52:78:1f:82(on wlan0)
	TSF: 0 usec (0d, 00:00:00)
	freq: 2437
	beacon interval: 100 TUs
	capability: ESS Privacy ShortPreamble ShortSlotTime RadioMeasure (0x1431)
	signal: -53.00 dBm
	last seen: 0 ms ago
	SSID: SyntheticBiology Lab
	Supported rates: 1.0* 2.0* 5.5* 11.0* 6.0 9.0 12.0 18.0 
	DS Parameter set: channel 6
	TIM: DTIM Count 0 DTIM Period 3 Bitmap Control 0x0 Bitmap[0] 0x0
	Country: US	Environment: Indoor/Outdoor
		Channels [1 - 11] @ 30 dBm
	ERP: <no flags>
	Extended supported rates: 24.0 36.0 48.0 54.0 
	RSN:	 * Version: 1
		 * Group cipher: CCMP
		 * Pairwise ciphers: CCMP
		 * Authentication suites: PSK
		 * Capabilities: 1-PTKSA-RC 1-GTKSA-RC (0x0000)
	HT capabilities:
		Capabilities: 0x500c
			HT20
			SM Power Save disabled
			No RX STBC
			Max AMSDU length: 3839 bytes
			DSSS/CCK HT40
			40 MHz Intolerant
		Maximum RX AMPDU length 65535 bytes (exponent: 0x003)
		Minimum RX AMPDU time spacing: 8 usec (0x06)
		HT RX MCS rate indexes supported: 0-15
		HT TX MCS rate indexes are undefined
	HT operation:
		 * primary channel: 6
		 * secondary channel offset: no secondary
		 * STA channel width: 20 MHz
		 * RIFS: 0
		 * HT protection: no
		 * non-GF present: 1
		 * OBSS non-GF present: 0
		 * dual beacon: 0
		 * dual CTS protection: 0
		 * STBC beacon: 0
		 * L-SIG TXOP Prot: 0
		 * PCO active: 0
		 * PCO phase: 0
	WMM:	 * Parameter version 1
		 * BE: CW 15-1023, AIFSN 3
		 * BK: CW 15-1023, AIFSN 7
		 * VI: CW 7-15, AIFSN 2, TXOP 3008 usec
		 * VO: CW 3-7, AIFSN 2, TXOP 1504 usec
BSS 00:a6:ca:71:de:30(on wlan0)
	TSF: 0 usec (0d, 00:00:00)
	freq: 2437
	beacon interval: 102 TUs
	capability: ESS Privacy ShortPreamble ShortSlotTime RadioMeasure (0x1431)
	signal: -68.00 dBm
	last seen: 0 ms ago
	SSID: eduroam
	Supported rates: 12.0 18.0* 24.0 36.0 48.0 54.0 
	DS Parameter set: channel 6
	Country: US	Environment: Indoor/Outdoor
		Channels [1 - 11] @ 30 dBm
	BSS Load:
		 * station count: 3
		 * channel utilisation: 161/255
		 * available admission capacity: 23437 [*32us]
	ERP: <no flags>
	HT capabilities:
		Capabilities: 0x19ac
			HT20
			SM Power Save disabled
			RX HT20 SGI
			TX STBC
			RX STBC 1-stream
			Max AMSDU length: 7935 bytes
			DSSS/CCK HT40
		Maximum RX AMPDU length 65535 bytes (exponent: 0x003)
		Minimum RX AMPDU time spacing: 8 usec (0x06)
		HT RX MCS rate indexes supported: 0-23
		HT TX MCS rate indexes are undefined
	RSN:	 * Version: 1
		 * Group cipher: CCMP
		 * Pairwise ciphers: CCMP
		 * Authentication suites: IEEE 802.1X
		 * Capabilities: 4-PTKSA-RC 4-GTKSA-RC (0x0028)
	HT operation:
		 * primary channel: 6
		 * secondary channel offset: no secondary
		 * STA channel width: 20 MHz
		 * RIFS: 0
		 * HT protection: nonmember
		 * non-GF present: 1
		 * OBSS non-GF present: 0
		 * dual beacon: 0
		 * dual CTS protection: 0
		 * STBC beacon: 0
		 * L-SIG TXOP Prot: 0
		 * PCO active: 0
		 * PCO phase: 0
	Extended capabilities: Proxy ARP Service, QoS Map, WNM-Notification
	WMM:	 * Parameter version 1
		 * u-APSD
		 * BE: CW 15-1023, AIFSN 3
		 * BK: CW 15-1023, AIFSN 7
		 * VI: CW 7-15, AIFSN 2, TXOP 3008 usec
		 * VO: CW 3-7, AIFSN 2, TXOP 1504 usec
BSS 00:a6:ca:71:de:32(on wlan0)
	TSF: 0 usec (0d, 00:00:00)
	freq: 2437
	beacon interval: 102 TUs
	capability: ESS ShortPreamble ShortSlotTime RadioMeasure (0x1421)
	signal: -68.00 dBm
	last seen: 0 ms ago
	SSID: UCSC-Guest
	Supported rates: 12.0 18.0* 24.0 36.0 48.0 54.0 
	DS Parameter set: channel 6
	Country: US	Environment: Indoor/Outdoor
		Channels [1 - 11] @ 30 dBm
	BSS Load:
		 * station count: 3
		 * channel utilisation: 161/255
		 * available admission capacity: 23437 [*32us]
	Power constraint: 0 dB
	ERP: <no flags>
	HT capabilities:
		Capabilities: 0x19ac
			HT20
			SM Power Save disabled
			RX HT20 SGI
			TX STBC
			RX STBC 1-stream
			Max AMSDU length: 7935 bytes
			DSSS/CCK HT40
		Maximum RX AMPDU length 65535 bytes (exponent: 0x003)
		Minimum RX AMPDU time spacing: 8 usec (0x06)
		HT RX MCS rate indexes supported: 0-23
		HT TX MCS rate indexes are undefined
	HT operation:
		 * primary channel: 6
		 * secondary channel offset: no secondary
		 * STA channel width: 20 MHz
		 * RIFS: 0
		 * HT protection: nonmember
		 * non-GF present: 1
		 * OBSS non-GF present: 0
		 * dual beacon: 0
		 * dual CTS protection: 0
		 * STBC beacon: 0
		 * L-SIG TXOP Prot: 0
		 * PCO active: 0
		 * PCO phase: 0
	Extended capabilities: Proxy ARP Service, BSS Transition, DMS, QoS Map, WNM-Notification
	WMM:	 * Parameter version 1
		 * u-APSD
		 * BE: CW 15-1023, AIFSN 3
		 * BK: CW 15-1023, AIFSN 7
		 * VI: CW 7-15, AIFSN 2, TXOP 3008 usec
		 * VO: CW 3-7, AIFSN 2, TXOP 1504 usec
BSS 00:a6:ca:71:de:33(on wlan0)
	TSF: 0 usec (0d, 00:00:00)
	freq: 2437
	beacon interval: 102 TUs
	capability: ESS Privacy ShortPreamble ShortSlotTime RadioMeasure (0x1431)
	signal: -68.00 dBm
	last seen: 0 ms ago
	SSID: thunder
	Supported rates: 12.0 18.0* 24.0 36.0 48.0 54.0 
	DS Parameter set: channel 6
	Country: US	Environment: Indoor/Outdoor
		Channels [1 - 11] @ 30 dBm
	BSS Load:
		 * station count: 3
		 * channel utilisation: 161/255
		 * available admission capacity: 23437 [*32us]
	ERP: <no flags>
	HT capabilities:
		Capabilities: 0x19ac
			HT20
			SM Power Save disabled
			RX HT20 SGI
			TX STBC
			RX STBC 1-stream
			Max AMSDU length: 7935 bytes
			DSSS/CCK HT40
		Maximum RX AMPDU length 65535 bytes (exponent: 0x003)
		Minimum RX AMPDU time spacing: 8 usec (0x06)
		HT RX MCS rate indexes supported: 0-23
		HT TX MCS rate indexes are undefined
	RSN:	 * Version: 1
		 * Group cipher: CCMP
		 * Pairwise ciphers: CCMP
		 * Authentication suites: IEEE 802.1X
		 * Capabilities: 4-PTKSA-RC 4-GTKSA-RC (0x0028)
	HT operation:
		 * primary channel: 6
		 * secondary channel offset: no secondary
		 * STA channel width: 20 MHz
		 * RIFS: 0
		 * HT protection: nonmember
		 * non-GF present: 1
		 * OBSS non-GF present: 0
		 * dual beacon: 0
		 * dual CTS protection: 0
		 * STBC beacon: 0
		 * L-SIG TXOP Prot: 0
		 * PCO active: 0
		 * PCO phase: 0
	Extended capabilities: Proxy ARP Service, QoS Map, WNM-Notification
	WMM:	 * Parameter version 1
		 * u-APSD
		 * BE: CW 15-1023, AIFSN 3
		 * BK: CW 15-1023, AIFSN 7
		 * VI: CW 7-15, AIFSN 2, TXOP 3008 usec
		 * VO: CW 3-7, AIFSN 2, TXOP 1504 usec
BSS 18:d6:c7:e8:7c:b7(on wlan0)
	TSF: 0 usec (0d, 00:00:00)
	freq: 2462
	beacon interval: 100 TUs
	capability: ESS Privacy ShortPreamble ShortSlotTime (0x0431)
	signal: -63.00 dBm
	last seen: 0 ms ago
	SSID: Corzine_Lab
	Supported rates: 1.0* 2.0* 5.5* 11.0* 6.0 9.0 12.0 18.0 
	DS Parameter set: channel 11
	ERP: <no flags>
	Extended supported rates: 24.0 36.0 48.0 54.0 
	HT capabilities:
		Capabilities: 0x1ad
			RX LDPC
			HT20
			SM Power Save disabled
			RX HT20 SGI
			TX STBC
			RX STBC 1-stream
			Max AMSDU length: 3839 bytes
			No DSSS/CCK HT40
		Maximum RX AMPDU length 65535 bytes (exponent: 0x003)
		Minimum RX AMPDU time spacing: 8 usec (0x06)
		HT TX/RX MCS rate indexes supported: 0-23
	HT operation:
		 * primary channel: 11
		 * secondary channel offset: no secondary
		 * STA channel width: 20 MHz
		 * RIFS: 1
		 * HT protection: no
		 * non-GF present: 1
		 * OBSS non-GF present: 0
		 * dual beacon: 0
		 * dual CTS protection: 0
		 * STBC beacon: 0
		 * L-SIG TXOP Prot: 0
		 * PCO active: 0
		 * PCO phase: 0
	Overlapping BSS scan params:
		 * passive dwell: 20 TUs
		 * active dwell: 10 TUs
		 * channel width trigger scan interval: 300 s
		 * scan passive total per channel: 200 TUs
		 * scan active total per channel: 20 TUs
		 * BSS width channel transition delay factor: 5
		 * OBSS Scan Activity Threshold: 0.25 %
	Extended capabilities: HT Information Exchange Supported, 6
	WMM:	 * Parameter version 1
		 * u-APSD
		 * BE: CW 15-1023, AIFSN 3
		 * BK: CW 15-1023, AIFSN 7
		 * VI: CW 7-15, AIFSN 2, TXOP 3008 usec
		 * VO: CW 3-7, AIFSN 2, TXOP 1504 usec
	WPS:	 * Version: 1.0
		 * Wi-Fi Protected Setup State: 2 (Configured)
		 * Response Type: 3 (AP)
		 * UUID: 12345678-9abc-def0-1234-18d6c7e87cb7
		 * Manufacturer: TP-LINK
		 * Model: Archer C7
		 * Model Number: 2.0
		 * Serial Number: 1.0
		 * Primary Device Type: 6-0050f204-1
		 * Device name: Wireless Router Archer C7
		 * Config methods: Display
		 * RF Bands: 0x3
		 * Unknown TLV (0x1049, 6 bytes): 00 37 2a 00 01 20
	RSN:	 * Version: 1
		 * Group cipher: CCMP
		 * Pairwise ciphers: CCMP
		 * Authentication suites: PSK
		 * Capabilities: 1-PTKSA-RC 1-GTKSA-RC (0x0000)
	WPA:	 * Version: 1
		 * Group cipher: CCMP
		 * Pairwise ciphers: CCMP
		 * Authentication suites: PSK
BSS 70:4f:57:3b:8e:06(on wlan0)
	TSF: 0 usec (0d, 00:00:00)
	freq: 2462
	beacon interval: 100 TUs
	capability: ESS Privacy ShortPreamble ShortSlotTime (0x0431)
	signal: -40.00 dBm
	last seen: 0 ms ago
	SSID: CE121
	Supported rates: 1.0* 2.0* 5.5* 11.0* 6.0 9.0 12.0 18.0 
	DS Parameter set: channel 11
	ERP: <no flags>
	Extended supported rates: 24.0 36.0 48.0 54.0 
	HT capabilities:
		Capabilities: 0x1ac
			HT20
			SM Power Save disabled
			RX HT20 SGI
			TX STBC
			RX STBC 1-stream
			Max AMSDU length: 3839 bytes
			No DSSS/CCK HT40
		Maximum RX AMPDU length 65535 bytes (exponent: 0x003)
		Minimum RX AMPDU time spacing: 8 usec (0x06)
		HT TX/RX MCS rate indexes supported: 0-23
	HT operation:
		 * primary channel: 11
		 * secondary channel offset: no secondary
		 * STA channel width: 20 MHz
		 * RIFS: 1
		 * HT protection: no
		 * non-GF present: 1
		 * OBSS non-GF present: 0
		 * dual beacon: 0
		 * dual CTS protection: 0
		 * STBC beacon: 0
		 * L-SIG TXOP Prot: 0
		 * PCO active: 0
		 * PCO phase: 0
	Overlapping BSS scan params:
		 * passive dwell: 20 TUs
		 * active dwell: 10 TUs
		 * channel width trigger scan interval: 300 s
		 * scan passive total per channel: 200 TUs
		 * scan active total per channel: 20 TUs
		 * BSS width channel transition delay factor: 5
		 * OBSS Scan Activity Threshold: 0.25 %
	Extended capabilities: HT Information Exchange Supported, 6
	WMM:	 * Parameter version 1
		 * u-APSD
		 * BE: CW 15-1023, AIFSN 3
		 * BK: CW 15-1023, AIFSN 7
		 * VI: CW 7-15, AIFSN 2, TXOP 3008 usec
		 * VO: CW 3-7, AIFSN 2, TXOP 1504 usec
	RSN:	 * Version: 1
		 * Group cipher: TKIP
		 * Pairwise ciphers: CCMP TKIP
		 * Authentication suites: PSK
		 * Capabilities: 1-PTKSA-RC 1-GTKSA-RC (0x0000)
	WPA:	 * Version: 1
		 * Group cipher: TKIP
		 * Pairwise ciphers: CCMP TKIP
		 * Authentication suites: PSK
	WPS:	 * Version: 1.0
		 * Wi-Fi Protected Setup State: 2 (Configured)
		 * Response Type: 3 (AP)
		 * UUID: 87654321-9abc-def0-1234-704f573b8e06
		 * Manufacturer: TP-Link
		 * Model: Archer C7
		 * Model Number: 1.0
		 * Serial Number: Archer C7 v4
		 * Primary Device Type: 6-0050f204-1
		 * Device name: ArcherC7v4
		 * Config methods: Label
		 * RF Bands: 0x3
		 * Unknown TLV (0x1049, 6 bytes): 00 37 2a 00 01 20
BSS 00:a6:ca:71:ca:3f(on wlan0)
	TSF: 0 usec (0d, 00:00:00)
	freq: 5180
	beacon interval: 102 TUs
	capability: ESS Privacy SpectrumMgmt RadioMeasure (0x1111)
	signal: -77.00 dBm
	last seen: 0 ms ago
	SSID: eduroam
	Supported rates: 12.0 18.0* 24.0 36.0 48.0 54.0 
	Country: US	Environment: Indoor/Outdoor
		Channels [36 - 48] @ 17 dBm
		Channels [52 - 64] @ 24 dBm
		Channels [100 - 128] @ 24 dBm
		Channels [132 - 144] @ 24 dBm
		Channels [149 - 165] @ 30 dBm
	BSS Load:
		 * station count: 6
		 * channel utilisation: 109/255
		 * available admission capacity: 23730 [*32us]
	HT capabilities:
		Capabilities: 0x19ee
			HT20/HT40
			SM Power Save disabled
			RX HT20 SGI
			RX HT40 SGI
			TX STBC
			RX STBC 1-stream
			Max AMSDU length: 7935 bytes
			DSSS/CCK HT40
		Maximum RX AMPDU length 65535 bytes (exponent: 0x003)
		Minimum RX AMPDU time spacing: 8 usec (0x06)
		HT RX MCS rate indexes supported: 0-23
		HT TX MCS rate indexes are undefined
	RSN:	 * Version: 1
		 * Group cipher: CCMP
		 * Pairwise ciphers: CCMP
		 * Authentication suites: IEEE 802.1X
		 * Capabilities: 4-PTKSA-RC 4-GTKSA-RC (0x0028)
	HT operation:
		 * primary channel: 36
		 * secondary channel offset: above
		 * STA channel width: any
		 * RIFS: 0
		 * HT protection: no
		 * non-GF present: 1
		 * OBSS non-GF present: 0
		 * dual beacon: 0
		 * dual CTS protection: 0
		 * STBC beacon: 0
		 * L-SIG TXOP Prot: 0
		 * PCO active: 0
		 * PCO phase: 0
	Extended capabilities: Proxy ARP Service, QoS Map, WNM-Notification, 6
	VHT capabilities:
		VHT Capabilities (0x0f8379b2):
			Max MPDU length: 11454
			Supported Channel Width: neither 160 nor 80+80
			RX LDPC
			short GI (80 MHz)
			TX STBC
			SU Beamformer
			SU Beamformee
		VHT RX MCS set:
			1 streams: MCS 0-9
			2 streams: MCS 0-9
			3 streams: MCS 0-9
			4 streams: not supported
			5 streams: not supported
			6 streams: not supported
			7 streams: not supported
			8 streams: not supported
		VHT RX highest supported: 0 Mbps
		VHT TX MCS set:
			1 streams: MCS 0-9
			2 streams: MCS 0-9
			3 streams: MCS 0-9
			4 streams: not supported
			5 streams: not supported
			6 streams: not supported
			7 streams: not supported
			8 streams: not supported
		VHT TX highest supported: 0 Mbps
	VHT operation:
		 * channel width: 0 (20 or 40 MHz)
		 * center freq segment 1: 0
		 * center freq segment 2: 0
		 * VHT basic MCS set: 0xffc0
	WMM:	 * Parameter version 1
		 * u-APSD
		 * BE: CW 15-1023, AIFSN 3
		 * BK: CW 15-1023, AIFSN 7
		 * VI: acm CW 7-15, AIFSN 2, TXOP 3008 usec
		 * VO: CW 3-7, AIFSN 2, TXOP 1504 usec
BSS 00:a6:ca:71:ca:3d(on wlan0)
	TSF: 0 usec (0d, 00:00:00)
	freq: 5180
	beacon interval: 102 TUs
	capability: ESS SpectrumMgmt RadioMeasure (0x1101)
	signal: -78.00 dBm
	last seen: 0 ms ago
	SSID: UCSC-Guest
	Supported rates: 12.0 18.0* 24.0 36.0 48.0 54.0 
	Country: US	Environment: Indoor/Outdoor
		Channels [36 - 48] @ 17 dBm
		Channels [52 - 64] @ 24 dBm
		Channels [100 - 128] @ 24 dBm
		Channels [132 - 144] @ 24 dBm
		Channels [149 - 165] @ 30 dBm
	BSS Load:
		 * station count: 6
		 * channel utilisation: 109/255
		 * available admission capacity: 23730 [*32us]
	Power constraint: 0 dB
	HT capabilities:
		Capabilities: 0x19ee
			HT20/HT40
			SM Power Save disabled
			RX HT20 SGI
			RX HT40 SGI
			TX STBC
			RX STBC 1-stream
			Max AMSDU length: 7935 bytes
			DSSS/CCK HT40
		Maximum RX AMPDU length 65535 bytes (exponent: 0x003)
		Minimum RX AMPDU time spacing: 8 usec (0x06)
		HT RX MCS rate indexes supported: 0-23
		HT TX MCS rate indexes are undefined
	HT operation:
		 * primary channel: 36
		 * secondary channel offset: above
		 * STA channel width: any
		 * RIFS: 0
		 * HT protection: no
		 * non-GF present: 1
		 * OBSS non-GF present: 0
		 * dual beacon: 0
		 * dual CTS protection: 0
		 * STBC beacon: 0
		 * L-SIG TXOP Prot: 0
		 * PCO active: 0
		 * PCO phase: 0
	Extended capabilities: Proxy ARP Service, BSS Transition, DMS, QoS Map, WNM-Notification, 6
	VHT capabilities:
		VHT Capabilities (0x0f8379b2):
			Max MPDU length: 11454
			Supported Channel Width: neither 160 nor 80+80
			RX LDPC
			short GI (80 MHz)
			TX STBC
			SU Beamformer
			SU Beamformee
		VHT RX MCS set:
			1 streams: MCS 0-9
			2 streams: MCS 0-9
			3 streams: MCS 0-9
			4 streams: not supported
			5 streams: not supported
			6 streams: not supported
			7 streams: not supported
			8 streams: not supported
		VHT RX highest supported: 0 Mbps
		VHT TX MCS set:
			1 streams: MCS 0-9
			2 streams: MCS 0-9
			3 streams: MCS 0-9
			4 streams: not supported
			5 streams: not supported
			6 streams: not supported
			7 streams: not supported
			8 streams: not supported
		VHT TX highest supported: 0 Mbps
	VHT operation:
		 * channel width: 0 (20 or 40 MHz)
		 * center freq segment 1: 0
		 * center freq segment 2: 0
		 * VHT basic MCS set: 0xffc0
	WMM:	 * Parameter version 1
		 * u-APSD
		 * BE: CW 15-1023, AIFSN 3
		 * BK: CW 15-1023, AIFSN 7
		 * VI: acm CW 7-15, AIFSN 2, TXOP 3008 usec
		 * VO: CW 3-7, AIFSN 2, TXOP 1504 usec
BSS 00:a6:ca:71:ca:3c(on wlan0)
	TSF: 0 usec (0d, 00:00:00)
	freq: 5180
	beacon interval: 102 TUs
	capability: ESS Privacy SpectrumMgmt RadioMeasure (0x1111)
	signal: -77.00 dBm
	last seen: 0 ms ago
	SSID: thunder
	Supported rates: 12.0 18.0* 24.0 36.0 48.0 54.0 
	Country: US	Environment: Indoor/Outdoor
		Channels [36 - 48] @ 17 dBm
		Channels [52 - 64] @ 24 dBm
		Channels [100 - 128] @ 24 dBm
		Channels [132 - 144] @ 24 dBm
		Channels [149 - 165] @ 30 dBm
	BSS Load:
		 * station count: 6
		 * channel utilisation: 109/255
		 * available admission capacity: 23730 [*32us]
	HT capabilities:
		Capabilities: 0x19ee
			HT20/HT40
			SM Power Save disabled
			RX HT20 SGI
			RX HT40 SGI
			TX STBC
			RX STBC 1-stream
			Max AMSDU length: 7935 bytes
			DSSS/CCK HT40
		Maximum RX AMPDU length 65535 bytes (exponent: 0x003)
		Minimum RX AMPDU time spacing: 8 usec (0x06)
		HT RX MCS rate indexes supported: 0-23
		HT TX MCS rate indexes are undefined
	RSN:	 * Version: 1
		 * Group cipher: CCMP
		 * Pairwise ciphers: CCMP
		 * Authentication suites: IEEE 802.1X
		 * Capabilities: 4-PTKSA-RC 4-GTKSA-RC (0x0028)
	HT operation:
		 * primary channel: 36
		 * secondary channel offset: above
		 * STA channel width: any
		 * RIFS: 0
		 * HT protection: no
		 * non-GF present: 1
		 * OBSS non-GF present: 0
		 * dual beacon: 0
		 * dual CTS protection: 0
		 * STBC beacon: 0
		 * L-SIG TXOP Prot: 0
		 * PCO active: 0
		 * PCO phase: 0
	Extended capabilities: Proxy ARP Service, QoS Map, WNM-Notification, 6
	VHT capabilities:
		VHT Capabilities (0x0f8379b2):
			Max MPDU length: 11454
			Supported Channel Width: neither 160 nor 80+80
			RX LDPC
			short GI (80 MHz)
			TX STBC
			SU Beamformer
			SU Beamformee
		VHT RX MCS set:
			1 streams: MCS 0-9
			2 streams: MCS 0-9
			3 streams: MCS 0-9
			4 streams: not supported
			5 streams: not supported
			6 streams: not supported
			7 streams: not supported
			8 streams: not supported
		VHT RX highest supported: 0 Mbps
		VHT TX MCS set:
			1 streams: MCS 0-9
			2 streams: MCS 0-9
			3 streams: MCS 0-9
			4 streams: not supported
			5 streams: not supported
			6 streams: not supported
			7 streams: not supported
			8 streams: not supported
		VHT TX highest supported: 0 Mbps
	VHT operation:
		 * channel width: 0 (20 or 40 MHz)
		 * center freq segment 1: 0
		 * center freq segment 2: 0
		 * VHT basic MCS set: 0xffc0
	WMM:	 * Parameter version 1
		 * u-APSD
		 * BE: CW 15-1023, AIFSN 3
		 * BK: CW 15-1023, AIFSN 7
		 * VI: acm CW 7-15, AIFSN 2, TXOP 3008 usec
		 * VO: CW 3-7, AIFSN 2, TXOP 1504 usec
BSS 00:a6:ca:48:3e:0c(on wlan0)
	TSF: 0 usec (0d, 00:00:00)
	freq: 5180
	beacon interval: 102 TUs
	capability: ESS Privacy SpectrumMgmt RadioMeasure (0x1111)
	signal: -86.00 dBm
	last seen: 0 ms ago
	SSID: thunder
	Supported rates: 12.0 18.0* 24.0 36.0 48.0 54.0 
	Country: US	Environment: Indoor/Outdoor
		Channels [36 - 48] @ 17 dBm
		Channels [52 - 64] @ 24 dBm
		Channels [100 - 128] @ 24 dBm
		Channels [132 - 144] @ 24 dBm
		Channels [149 - 165] @ 30 dBm
	BSS Load:
		 * station count: 16
		 * channel utilisation: 85/255
		 * available admission capacity: 23796 [*32us]
	HT capabilities:
		Capabilities: 0x19ee
			HT20/HT40
			SM Power Save disabled
			RX HT20 SGI
			RX HT40 SGI
			TX STBC
			RX STBC 1-stream
			Max AMSDU length: 7935 bytes
			DSSS/CCK HT40
		Maximum RX AMPDU length 65535 bytes (exponent: 0x003)
		Minimum RX AMPDU time spacing: 8 usec (0x06)
		HT RX MCS rate indexes supported: 0-23
		HT TX MCS rate indexes are undefined
	RSN:	 * Version: 1
		 * Group cipher: CCMP
		 * Pairwise ciphers: CCMP
		 * Authentication suites: IEEE 802.1X
		 * Capabilities: 4-PTKSA-RC 4-GTKSA-RC (0x0028)
	HT operation:
		 * primary channel: 36
		 * secondary channel offset: above
		 * STA channel width: any
		 * RIFS: 0
		 * HT protection: no
		 * non-GF present: 1
		 * OBSS non-GF present: 0
		 * dual beacon: 0
		 * dual CTS protection: 0
		 * STBC beacon: 0
		 * L-SIG TXOP Prot: 0
		 * PCO active: 0
		 * PCO phase: 0
	Extended capabilities: Proxy ARP Service, QoS Map, WNM-Notification, 6
	VHT capabilities:
		VHT Capabilities (0x0f8379b2):
			Max MPDU length: 11454
			Supported Channel Width: neither 160 nor 80+80
			RX LDPC
			short GI (80 MHz)
			TX STBC
			SU Beamformer
			SU Beamformee
		VHT RX MCS set:
			1 streams: MCS 0-9
			2 streams: MCS 0-9
			3 streams: MCS 0-9
			4 streams: not supported
			5 streams: not supported
			6 streams: not supported
			7 streams: not supported
			8 streams: not supported
		VHT RX highest supported: 0 Mbps
		VHT TX MCS set:
			1 streams: MCS 0-9
			2 streams: MCS 0-9
			3 streams: MCS 0-9
			4 streams: not supported
			5 streams: not supported
			6 streams: not supported
			7 streams: not supported
			8 streams: not supported
		VHT TX highest supported: 0 Mbps
	VHT operation:
		 * channel width: 0 (20 or 40 MHz)
		 * center freq segment 1: 0
		 * center freq segment 2: 0
		 * VHT basic MCS set: 0xffc0
	WMM:	 * Parameter version 1
		 * u-APSD
		 * BE: CW 15-1023, AIFSN 3
		 * BK: CW 15-1023, AIFSN 7
		 * VI: acm CW 7-15, AIFSN 2, TXOP 3008 usec
		 * VO: CW 3-7, AIFSN 2, TXOP 1504 usec
BSS 00:a6:ca:5f:b4:ef(on wlan0)
	TSF: 0 usec (0d, 00:00:00)
	freq: 5220
	beacon interval: 102 TUs
	capability: ESS Privacy SpectrumMgmt RadioMeasure (0x1111)
	signal: -78.00 dBm
	last seen: 0 ms ago
	SSID: eduroam
	Supported rates: 12.0 18.0* 24.0 36.0 48.0 54.0 
	Country: US	Environment: Indoor/Outdoor
		Channels [36 - 48] @ 17 dBm
		Channels [52 - 64] @ 24 dBm
		Channels [100 - 128] @ 24 dBm
		Channels [132 - 144] @ 24 dBm
		Channels [149 - 165] @ 30 dBm
	BSS Load:
		 * station count: 3
		 * channel utilisation: 3/255
		 * available admission capacity: 24215 [*32us]
	HT capabilities:
		Capabilities: 0x19ee
			HT20/HT40
			SM Power Save disabled
			RX HT20 SGI
			RX HT40 SGI
			TX STBC
			RX STBC 1-stream
			Max AMSDU length: 7935 bytes
			DSSS/CCK HT40
		Maximum RX AMPDU length 65535 bytes (exponent: 0x003)
		Minimum RX AMPDU time spacing: 8 usec (0x06)
		HT RX MCS rate indexes supported: 0-23
		HT TX MCS rate indexes are undefined
	RSN:	 * Version: 1
		 * Group cipher: CCMP
		 * Pairwise ciphers: CCMP
		 * Authentication suites: IEEE 802.1X
		 * Capabilities: 4-PTKSA-RC 4-GTKSA-RC (0x0028)
	HT operation:
		 * primary channel: 44
		 * secondary channel offset: above
		 * STA channel width: any
		 * RIFS: 0
		 * HT protection: no
		 * non-GF present: 1
		 * OBSS non-GF present: 0
		 * dual beacon: 0
		 * dual CTS protection: 0
		 * STBC beacon: 0
		 * L-SIG TXOP Prot: 0
		 * PCO active: 0
		 * PCO phase: 0
	Extended capabilities: Proxy ARP Service, QoS Map, WNM-Notification, 6
	VHT capabilities:
		VHT Capabilities (0x0f8379b2):
			Max MPDU length: 11454
			Supported Channel Width: neither 160 nor 80+80
			RX LDPC
			short GI (80 MHz)
			TX STBC
			SU Beamformer
			SU Beamformee
		VHT RX MCS set:
			1 streams: MCS 0-9
			2 streams: MCS 0-9
			3 streams: MCS 0-9
			4 streams: not supported
			5 streams: not supported
			6 streams: not supported
			7 streams: not supported
			8 streams: not supported
		VHT RX highest supported: 0 Mbps
		VHT TX MCS set:
			1 streams: MCS 0-9
			2 streams: MCS 0-9
			3 streams: MCS 0-9
			4 streams: not supported
			5 streams: not supported
			6 streams: not supported
			7 streams: not supported
			8 streams: not supported
		VHT TX highest supported: 0 Mbps
	VHT operation:
		 * channel width: 0 (20 or 40 MHz)
		 * center freq segment 1: 0
		 * center freq segment 2: 0
		 * VHT basic MCS set: 0xffc0
	WMM:	 * Parameter version 1
		 * u-APSD
		 * BE: CW 15-1023, AIFSN 3
		 * BK: CW 15-1023, AIFSN 7
		 * VI: acm CW 7-15, AIFSN 2, TXOP 3008 usec
		 * VO: CW 3-7, AIFSN 2, TXOP 1504 usec
BSS 00:a6:ca:5f:b4:ed(on wlan0)
	TSF: 0 usec (0d, 00:00:00)
	freq: 5220
	beacon interval: 102 TUs
	capability: ESS SpectrumMgmt RadioMeasure (0x1101)
	signal: -78.00 dBm
	last seen: 0 ms ago
	SSID: UCSC-Guest
	Supported rates: 12.0 18.0* 24.0 36.0 48.0 54.0 
	Country: US	Environment: Indoor/Outdoor
		Channels [36 - 48] @ 17 dBm
		Channels [52 - 64] @ 24 dBm
		Channels [100 - 128] @ 24 dBm
		Channels [132 - 144] @ 24 dBm
		Channels [149 - 165] @ 30 dBm
	BSS Load:
		 * station count: 3
		 * channel utilisation: 3/255
		 * available admission capacity: 24215 [*32us]
	Power constraint: 0 dB
	HT capabilities:
		Capabilities: 0x19ee
			HT20/HT40
			SM Power Save disabled
			RX HT20 SGI
			RX HT40 SGI
			TX STBC
			RX STBC 1-stream
			Max AMSDU length: 7935 bytes
			DSSS/CCK HT40
		Maximum RX AMPDU length 65535 bytes (exponent: 0x003)
		Minimum RX AMPDU time spacing: 8 usec (0x06)
		HT RX MCS rate indexes supported: 0-23
		HT TX MCS rate indexes are undefined
	HT operation:
		 * primary channel: 44
		 * secondary channel offset: above
		 * STA channel width: any
		 * RIFS: 0
		 * HT protection: no
		 * non-GF present: 1
		 * OBSS non-GF present: 0
		 * dual beacon: 0
		 * dual CTS protection: 0
		 * STBC beacon: 0
		 * L-SIG TXOP Prot: 0
		 * PCO active: 0
		 * PCO phase: 0
	Extended capabilities: Proxy ARP Service, BSS Transition, DMS, QoS Map, WNM-Notification, 6
	VHT capabilities:
		VHT Capabilities (0x0f8379b2):
			Max MPDU length: 11454
			Supported Channel Width: neither 160 nor 80+80
			RX LDPC
			short GI (80 MHz)
			TX STBC
			SU Beamformer
			SU Beamformee
		VHT RX MCS set:
			1 streams: MCS 0-9
			2 streams: MCS 0-9
			3 streams: MCS 0-9
			4 streams: not supported
			5 streams: not supported
			6 streams: not supported
			7 streams: not supported
			8 streams: not supported
		VHT RX highest supported: 0 Mbps
		VHT TX MCS set:
			1 streams: MCS 0-9
			2 streams: MCS 0-9
			3 streams: MCS 0-9
			4 streams: not supported
			5 streams: not supported
			6 streams: not supported
			7 streams: not supported
			8 streams: not supported
		VHT TX highest supported: 0 Mbps
	VHT operation:
		 * channel width: 0 (20 or 40 MHz)
		 * center freq segment 1: 0
		 * center freq segment 2: 0
		 * VHT basic MCS set: 0xffc0
	WMM:	 * Parameter version 1
		 * u-APSD
		 * BE: CW 15-1023, AIFSN 3
		 * BK: CW 15-1023, AIFSN 7
		 * VI: acm CW 7-15, AIFSN 2, TXOP 3008 usec
		 * VO: CW 3-7, AIFSN 2, TXOP 1504 usec
BSS 00:a6:ca:5f:b4:ec(on wlan0)
	TSF: 0 usec (0d, 00:00:00)
	freq: 5220
	beacon interval: 102 TUs
	capability: ESS Privacy SpectrumMgmt RadioMeasure (0x1111)
	signal: -78.00 dBm
	last seen: 0 ms ago
	SSID: thunder
	Supported rates: 12.0 18.0* 24.0 36.0 48.0 54.0 
	Country: US	Environment: Indoor/Outdoor
		Channels [36 - 48] @ 17 dBm
		Channels [52 - 64] @ 24 dBm
		Channels [100 - 128] @ 24 dBm
		Channels [132 - 144] @ 24 dBm
		Channels [149 - 165] @ 30 dBm
	BSS Load:
		 * station count: 3
		 * channel utilisation: 3/255
		 * available admission capacity: 24215 [*32us]
	HT capabilities:
		Capabilities: 0x19ee
			HT20/HT40
			SM Power Save disabled
			RX HT20 SGI
			RX HT40 SGI
			TX STBC
			RX STBC 1-stream
			Max AMSDU length: 7935 bytes
			DSSS/CCK HT40
		Maximum RX AMPDU length 65535 bytes (exponent: 0x003)
		Minimum RX AMPDU time spacing: 8 usec (0x06)
		HT RX MCS rate indexes supported: 0-23
		HT TX MCS rate indexes are undefined
	RSN:	 * Version: 1
		 * Group cipher: CCMP
		 * Pairwise ciphers: CCMP
		 * Authentication suites: IEEE 802.1X
		 * Capabilities: 4-PTKSA-RC 4-GTKSA-RC (0x0028)
	HT operation:
		 * primary channel: 44
		 * secondary channel offset: above
		 * STA channel width: any
		 * RIFS: 0
		 * HT protection: no
		 * non-GF present: 1
		 * OBSS non-GF present: 0
		 * dual beacon: 0
		 * dual CTS protection: 0
		 * STBC beacon: 0
		 * L-SIG TXOP Prot: 0
		 * PCO active: 0
		 * PCO phase: 0
	Extended capabilities: Proxy ARP Service, QoS Map, WNM-Notification, 6
	VHT capabilities:
		VHT Capabilities (0x0f8379b2):
			Max MPDU length: 11454
			Supported Channel Width: neither 160 nor 80+80
			RX LDPC
			short GI (80 MHz)
			TX STBC
			SU Beamformer
			SU Beamformee
		VHT RX MCS set:
			1 streams: MCS 0-9
			2 streams: MCS 0-9
			3 streams: MCS 0-9
			4 streams: not supported
			5 streams: not supported
			6 streams: not supported
			7 streams: not supported
			8 streams: not supported
		VHT RX highest supported: 0 Mbps
		VHT TX MCS set:
			1 streams: MCS 0-9
			2 streams: MCS 0-9
			3 streams: MCS 0-9
			4 streams: not supported
			5 streams: not supported
			6 streams: not supported
			7 streams: not supported
			8 streams: not supported
		VHT TX highest supported: 0 Mbps
	VHT operation:
		 * channel width: 0 (20 or 40 MHz)
		 * center freq segment 1: 0
		 * center freq segment 2: 0
		 * VHT basic MCS set: 0xffc0
	WMM:	 * Parameter version 1
		 * u-APSD
		 * BE: CW 15-1023, AIFSN 3
		 * BK: CW 15-1023, AIFSN 7
		 * VI: acm CW 7-15, AIFSN 2, TXOP 3008 usec
		 * VO: CW 3-7, AIFSN 2, TXOP 1504 usec
BSS 00:a6:ca:71:de:3c(on wlan0)
	TSF: 0 usec (0d, 00:00:00)
	freq: 5260
	beacon interval: 102 TUs
	capability: ESS Privacy SpectrumMgmt RadioMeasure (0x1111)
	signal: -63.00 dBm
	last seen: 0 ms ago
	SSID: thunder
	Supported rates: 12.0 18.0* 24.0 36.0 48.0 54.0 
	TIM: DTIM Count 0 DTIM Period 1 Bitmap Control 0xa Bitmap[0] 0x0 (+ 3 octets)
	Country: US	Environment: Indoor/Outdoor
		Channels [36 - 48] @ 17 dBm
		Channels [52 - 64] @ 24 dBm
		Channels [100 - 128] @ 24 dBm
		Channels [132 - 144] @ 24 dBm
		Channels [149 - 165] @ 30 dBm
	BSS Load:
		 * station count: 42
		 * channel utilisation: 12/255
		 * available admission capacity: 23600 [*32us]
	HT capabilities:
		Capabilities: 0x19ee
			HT20/HT40
			SM Power Save disabled
			RX HT20 SGI
			RX HT40 SGI
			TX STBC
			RX STBC 1-stream
			Max AMSDU length: 7935 bytes
			DSSS/CCK HT40
		Maximum RX AMPDU length 65535 bytes (exponent: 0x003)
		Minimum RX AMPDU time spacing: 8 usec (0x06)
		HT RX MCS rate indexes supported: 0-23
		HT TX MCS rate indexes are undefined
	RSN:	 * Version: 1
		 * Group cipher: CCMP
		 * Pairwise ciphers: CCMP
		 * Authentication suites: IEEE 802.1X
		 * Capabilities: 4-PTKSA-RC 4-GTKSA-RC (0x0028)
	HT operation:
		 * primary channel: 52
		 * secondary channel offset: above
		 * STA channel width: any
		 * RIFS: 0
		 * HT protection: no
		 * non-GF present: 1
		 * OBSS non-GF present: 0
		 * dual beacon: 0
		 * dual CTS protection: 0
		 * STBC beacon: 0
		 * L-SIG TXOP Prot: 0
		 * PCO active: 0
		 * PCO phase: 0
	Extended capabilities: Proxy ARP Service, QoS Map, WNM-Notification, 6
	VHT capabilities:
		VHT Capabilities (0x0f8379b2):
			Max MPDU length: 11454
			Supported Channel Width: neither 160 nor 80+80
			RX LDPC
			short GI (80 MHz)
			TX STBC
			SU Beamformer
			SU Beamformee
		VHT RX MCS set:
			1 streams: MCS 0-9
			2 streams: MCS 0-9
			3 streams: MCS 0-9
			4 streams: not supported
			5 streams: not supported
			6 streams: not supported
			7 streams: not supported
			8 streams: not supported
		VHT RX highest supported: 0 Mbps
		VHT TX MCS set:
			1 streams: MCS 0-9
			2 streams: MCS 0-9
			3 streams: MCS 0-9
			4 streams: not supported
			5 streams: not supported
			6 streams: not supported
			7 streams: not supported
			8 streams: not supported
		VHT TX highest supported: 0 Mbps
	VHT operation:
		 * channel width: 0 (20 or 40 MHz)
		 * center freq segment 1: 0
		 * center freq segment 2: 0
		 * VHT basic MCS set: 0xffc0
	WMM:	 * Parameter version 1
		 * u-APSD
		 * BE: CW 15-1023, AIFSN 3
		 * BK: CW 15-1023, AIFSN 7
		 * VI: acm CW 7-15, AIFSN 2, TXOP 3008 usec
		 * VO: CW 3-7, AIFSN 2, TXOP 1504 usec
BSS 00:a6:ca:71:de:3f(on wlan0)
	TSF: 0 usec (0d, 00:00:00)
	freq: 5260
	beacon interval: 102 TUs
	capability: ESS Privacy SpectrumMgmt RadioMeasure (0x1111)
	signal: -64.00 dBm
	last seen: 0 ms ago
	SSID: eduroam
	Supported rates: 12.0 18.0* 24.0 36.0 48.0 54.0 
	Country: US	Environment: Indoor/Outdoor
		Channels [36 - 48] @ 17 dBm
		Channels [52 - 64] @ 24 dBm
		Channels [100 - 128] @ 24 dBm
		Channels [132 - 144] @ 24 dBm
		Channels [149 - 165] @ 30 dBm
	BSS Load:
		 * station count: 42
		 * channel utilisation: 12/255
		 * available admission capacity: 23600 [*32us]
	HT capabilities:
		Capabilities: 0x19ee
			HT20/HT40
			SM Power Save disabled
			RX HT20 SGI
			RX HT40 SGI
			TX STBC
			RX STBC 1-stream
			Max AMSDU length: 7935 bytes
			DSSS/CCK HT40
		Maximum RX AMPDU length 65535 bytes (exponent: 0x003)
		Minimum RX AMPDU time spacing: 8 usec (0x06)
		HT RX MCS rate indexes supported: 0-23
		HT TX MCS rate indexes are undefined
	RSN:	 * Version: 1
		 * Group cipher: CCMP
		 * Pairwise ciphers: CCMP
		 * Authentication suites: IEEE 802.1X
		 * Capabilities: 4-PTKSA-RC 4-GTKSA-RC (0x0028)
	HT operation:
		 * primary channel: 52
		 * secondary channel offset: above
		 * STA channel width: any
		 * RIFS: 0
		 * HT protection: no
		 * non-GF present: 1
		 * OBSS non-GF present: 0
		 * dual beacon: 0
		 * dual CTS protection: 0
		 * STBC beacon: 0
		 * L-SIG TXOP Prot: 0
		 * PCO active: 0
		 * PCO phase: 0
	Extended capabilities: Proxy ARP Service, QoS Map, WNM-Notification, 6
	VHT capabilities:
		VHT Capabilities (0x0f8379b2):
			Max MPDU length: 11454
			Supported Channel Width: neither 160 nor 80+80
			RX LDPC
			short GI (80 MHz)
			TX STBC
			SU Beamformer
			SU Beamformee
		VHT RX MCS set:
			1 streams: MCS 0-9
			2 streams: MCS 0-9
			3 streams: MCS 0-9
			4 streams: not supported
			5 streams: not supported
			6 streams: not supported
			7 streams: not supported
			8 streams: not supported
		VHT RX highest supported: 0 Mbps
		VHT TX MCS set:
			1 streams: MCS 0-9
			2 streams: MCS 0-9
			3 streams: MCS 0-9
			4 streams: not supported
			5 streams: not supported
			6 streams: not supported
			7 streams: not supported
			8 streams: not supported
		VHT TX highest supported: 0 Mbps
	VHT operation:
		 * channel width: 0 (20 or 40 MHz)
		 * center freq segment 1: 0
		 * center freq segment 2: 0
		 * VHT basic MCS set: 0xffc0
	WMM:	 * Parameter version 1
		 * u-APSD
		 * BE: CW 15-1023, AIFSN 3
		 * BK: CW 15-1023, AIFSN 7
		 * VI: acm CW 7-15, AIFSN 2, TXOP 3008 usec
		 * VO: CW 3-7, AIFSN 2, TXOP 1504 usec
BSS 00:a6:ca:71:de:3d(on wlan0)
	TSF: 0 usec (0d, 00:00:00)
	freq: 5260
	beacon interval: 102 TUs
	capability: ESS SpectrumMgmt RadioMeasure (0x1101)
	signal: -64.00 dBm
	last seen: 0 ms ago
	SSID: UCSC-Guest
	Supported rates: 12.0 18.0* 24.0 36.0 48.0 54.0 
	Country: US	Environment: Indoor/Outdoor
		Channels [36 - 48] @ 17 dBm
		Channels [52 - 64] @ 24 dBm
		Channels [100 - 128] @ 24 dBm
		Channels [132 - 144] @ 24 dBm
		Channels [149 - 165] @ 30 dBm
	BSS Load:
		 * station count: 42
		 * channel utilisation: 12/255
		 * available admission capacity: 23600 [*32us]
	Power constraint: 0 dB
	HT capabilities:
		Capabilities: 0x19ee
			HT20/HT40
			SM Power Save disabled
			RX HT20 SGI
			RX HT40 SGI
			TX STBC
			RX STBC 1-stream
			Max AMSDU length: 7935 bytes
			DSSS/CCK HT40
		Maximum RX AMPDU length 65535 bytes (exponent: 0x003)
		Minimum RX AMPDU time spacing: 8 usec (0x06)
		HT RX MCS rate indexes supported: 0-23
		HT TX MCS rate indexes are undefined
	HT operation:
		 * primary channel: 52
		 * secondary channel offset: above
		 * STA channel width: any
		 * RIFS: 0
		 * HT protection: no
		 * non-GF present: 1
		 * OBSS non-GF present: 0
		 * dual beacon: 0
		 * dual CTS protection: 0
		 * STBC beacon: 0
		 * L-SIG TXOP Prot: 0
		 * PCO active: 0
		 * PCO phase: 0
	Extended capabilities: Proxy ARP Service, BSS Transition, DMS, QoS Map, WNM-Notification, 6
	VHT capabilities:
		VHT Capabilities (0x0f8379b2):
			Max MPDU length: 11454
			Supported Channel Width: neither 160 nor 80+80
			RX LDPC
			short GI (80 MHz)
			TX STBC
			SU Beamformer
			SU Beamformee
		VHT RX MCS set:
			1 streams: MCS 0-9
			2 streams: MCS 0-9
			3 streams: MCS 0-9
			4 streams: not supported
			5 streams: not supported
			6 streams: not supported
			7 streams: not supported
			8 streams: not supported
		VHT RX highest supported: 0 Mbps
		VHT TX MCS set:
			1 streams: MCS 0-9
			2 streams: MCS 0-9
			3 streams: MCS 0-9
			4 streams: not supported
			5 streams: not supported
			6 streams: not supported
			7 streams: not supported
			8 streams: not supported
		VHT TX highest supported: 0 Mbps
	VHT operation:
		 * channel width: 0 (20 or 40 MHz)
		 * center freq segment 1: 0
		 * center freq segment 2: 0
		 * VHT basic MCS set: 0xffc0
	WMM:	 * Parameter version 1
		 * u-APSD
		 * BE: CW 15-1023, AIFSN 3
		 * BK: CW 15-1023, AIFSN 7
		 * VI: acm CW 7-15, AIFSN 2, TXOP 3008 usec
		 * VO: CW 3-7, AIFSN 2, TXOP 1504 usec
BSS 00:a6:ca:71:f6:ac(on wlan0)
	TSF: 0 usec (0d, 00:00:00)
	freq: 5320
	beacon interval: 102 TUs
	capability: ESS Privacy SpectrumMgmt RadioMeasure (0x1111)
	signal: -74.00 dBm
	last seen: 0 ms ago
	SSID: thunder
	Supported rates: 12.0 18.0* 24.0 36.0 48.0 54.0 
	TIM: DTIM Count 0 DTIM Period 1 Bitmap Control 0x0 Bitmap[0] 0x0
	Country: US	Environment: Indoor/Outdoor
		Channels [36 - 48] @ 17 dBm
		Channels [52 - 64] @ 24 dBm
		Channels [100 - 128] @ 24 dBm
		Channels [132 - 144] @ 24 dBm
		Channels [149 - 165] @ 30 dBm
	BSS Load:
		 * station count: 7
		 * channel utilisation: 7/255
		 * available admission capacity: 24850 [*32us]
	HT capabilities:
		Capabilities: 0x19ee
			HT20/HT40
			SM Power Save disabled
			RX HT20 SGI
			RX HT40 SGI
			TX STBC
			RX STBC 1-stream
			Max AMSDU length: 7935 bytes
			DSSS/CCK HT40
		Maximum RX AMPDU length 65535 bytes (exponent: 0x003)
		Minimum RX AMPDU time spacing: 8 usec (0x06)
		HT RX MCS rate indexes supported: 0-23
		HT TX MCS rate indexes are undefined
	RSN:	 * Version: 1
		 * Group cipher: CCMP
		 * Pairwise ciphers: CCMP
		 * Authentication suites: IEEE 802.1X
		 * Capabilities: 4-PTKSA-RC 4-GTKSA-RC (0x0028)
	HT operation:
		 * primary channel: 64
		 * secondary channel offset: below
		 * STA channel width: any
		 * RIFS: 0
		 * HT protection: no
		 * non-GF present: 1
		 * OBSS non-GF present: 0
		 * dual beacon: 0
		 * dual CTS protection: 0
		 * STBC beacon: 0
		 * L-SIG TXOP Prot: 0
		 * PCO active: 0
		 * PCO phase: 0
	Extended capabilities: Proxy ARP Service, QoS Map, WNM-Notification, 6
	VHT capabilities:
		VHT Capabilities (0x0f8379b2):
			Max MPDU length: 11454
			Supported Channel Width: neither 160 nor 80+80
			RX LDPC
			short GI (80 MHz)
			TX STBC
			SU Beamformer
			SU Beamformee
		VHT RX MCS set:
			1 streams: MCS 0-9
			2 streams: MCS 0-9
			3 streams: MCS 0-9
			4 streams: not supported
			5 streams: not supported
			6 streams: not supported
			7 streams: not supported
			8 streams: not supported
		VHT RX highest supported: 0 Mbps
		VHT TX MCS set:
			1 streams: MCS 0-9
			2 streams: MCS 0-9
			3 streams: MCS 0-9
			4 streams: not supported
			5 streams: not supported
			6 streams: not supported
			7 streams: not supported
			8 streams: not supported
		VHT TX highest supported: 0 Mbps
	VHT operation:
		 * channel width: 0 (20 or 40 MHz)
		 * center freq segment 1: 0
		 * center freq segment 2: 0
		 * VHT basic MCS set: 0xffc0
	WMM:	 * Parameter version 1
		 * u-APSD
		 * BE: CW 15-1023, AIFSN 3
		 * BK: CW 15-1023, AIFSN 7
		 * VI: acm CW 7-15, AIFSN 2, TXOP 3008 usec
		 * VO: CW 3-7, AIFSN 2, TXOP 1504 usec
BSS 00:a6:ca:71:f6:af(on wlan0)
	TSF: 0 usec (0d, 00:00:00)
	freq: 5320
	beacon interval: 102 TUs
	capability: ESS Privacy SpectrumMgmt RadioMeasure (0x1111)
	signal: -74.00 dBm
	last seen: 0 ms ago
	SSID: eduroam
	Supported rates: 12.0 18.0* 24.0 36.0 48.0 54.0 
	Country: US	Environment: Indoor/Outdoor
		Channels [36 - 48] @ 17 dBm
		Channels [52 - 64] @ 24 dBm
		Channels [100 - 128] @ 24 dBm
		Channels [132 - 144] @ 24 dBm
		Channels [149 - 165] @ 30 dBm
	BSS Load:
		 * station count: 7
		 * channel utilisation: 7/255
		 * available admission capacity: 24850 [*32us]
	HT capabilities:
		Capabilities: 0x19ee
			HT20/HT40
			SM Power Save disabled
			RX HT20 SGI
			RX HT40 SGI
			TX STBC
			RX STBC 1-stream
			Max AMSDU length: 7935 bytes
			DSSS/CCK HT40
		Maximum RX AMPDU length 65535 bytes (exponent: 0x003)
		Minimum RX AMPDU time spacing: 8 usec (0x06)
		HT RX MCS rate indexes supported: 0-23
		HT TX MCS rate indexes are undefined
	RSN:	 * Version: 1
		 * Group cipher: CCMP
		 * Pairwise ciphers: CCMP
		 * Authentication suites: IEEE 802.1X
		 * Capabilities: 4-PTKSA-RC 4-GTKSA-RC (0x0028)
	HT operation:
		 * primary channel: 64
		 * secondary channel offset: below
		 * STA channel width: any
		 * RIFS: 0
		 * HT protection: no
		 * non-GF present: 1
		 * OBSS non-GF present: 0
		 * dual beacon: 0
		 * dual CTS protection: 0
		 * STBC beacon: 0
		 * L-SIG TXOP Prot: 0
		 * PCO active: 0
		 * PCO phase: 0
	Extended capabilities: Proxy ARP Service, QoS Map, WNM-Notification, 6
	VHT capabilities:
		VHT Capabilities (0x0f8379b2):
			Max MPDU length: 11454
			Supported Channel Width: neither 160 nor 80+80
			RX LDPC
			short GI (80 MHz)
			TX STBC
			SU Beamformer
			SU Beamformee
		VHT RX MCS set:
			1 streams: MCS 0-9
			2 streams: MCS 0-9
			3 streams: MCS 0-9
			4 streams: not supported
			5 streams: not supported
			6 streams: not supported
			7 streams: not supported
			8 streams: not supported
		VHT RX highest supported: 0 Mbps
		VHT TX MCS set:
			1 streams: MCS 0-9
			2 streams: MCS 0-9
			3 streams: MCS 0-9
			4 streams: not supported
			5 streams: not supported
			6 streams: not supported
			7 streams: not supported
			8 streams: not supported
		VHT TX highest supported: 0 Mbps
	VHT operation:
		 * channel width: 0 (20 or 40 MHz)
		 * center freq segment 1: 0
		 * center freq segment 2: 0
		 * VHT basic MCS set: 0xffc0
	WMM:	 * Parameter version 1
		 * u-APSD
		 * BE: CW 15-1023, AIFSN 3
		 * BK: CW 15-1023, AIFSN 7
		 * VI: acm CW 7-15, AIFSN 2, TXOP 3008 usec
		 * VO: CW 3-7, AIFSN 2, TXOP 1504 usec
BSS 00:a6:ca:71:f6:ad(on wlan0)
	TSF: 0 usec (0d, 00:00:00)
	freq: 5320
	beacon interval: 102 TUs
	capability: ESS SpectrumMgmt RadioMeasure (0x1101)
	signal: -74.00 dBm
	last seen: 0 ms ago
	SSID: UCSC-Guest
	Supported rates: 12.0 18.0* 24.0 36.0 48.0 54.0 
	Country: US	Environment: Indoor/Outdoor
		Channels [36 - 48] @ 17 dBm
		Channels [52 - 64] @ 24 dBm
		Channels [100 - 128] @ 24 dBm
		Channels [132 - 144] @ 24 dBm
		Channels [149 - 165] @ 30 dBm
	BSS Load:
		 * station count: 7
		 * channel utilisation: 7/255
		 * available admission capacity: 24850 [*32us]
	Power constraint: 0 dB
	HT capabilities:
		Capabilities: 0x19ee
			HT20/HT40
			SM Power Save disabled
			RX HT20 SGI
			RX HT40 SGI
			TX STBC
			RX STBC 1-stream
			Max AMSDU length: 7935 bytes
			DSSS/CCK HT40
		Maximum RX AMPDU length 65535 bytes (exponent: 0x003)
		Minimum RX AMPDU time spacing: 8 usec (0x06)
		HT RX MCS rate indexes supported: 0-23
		HT TX MCS rate indexes are undefined
	HT operation:
		 * primary channel: 64
		 * secondary channel offset: below
		 * STA channel width: any
		 * RIFS: 0
		 * HT protection: no
		 * non-GF present: 1
		 * OBSS non-GF present: 0
		 * dual beacon: 0
		 * dual CTS protection: 0
		 * STBC beacon: 0
		 * L-SIG TXOP Prot: 0
		 * PCO active: 0
		 * PCO phase: 0
	Extended capabilities: Proxy ARP Service, BSS Transition, DMS, QoS Map, WNM-Notification, 6
	VHT capabilities:
		VHT Capabilities (0x0f8379b2):
			Max MPDU length: 11454
			Supported Channel Width: neither 160 nor 80+80
			RX LDPC
			short GI (80 MHz)
			TX STBC
			SU Beamformer
			SU Beamformee
		VHT RX MCS set:
			1 streams: MCS 0-9
			2 streams: MCS 0-9
			3 streams: MCS 0-9
			4 streams: not supported
			5 streams: not supported
			6 streams: not supported
			7 streams: not supported
			8 streams: not supported
		VHT RX highest supported: 0 Mbps
		VHT TX MCS set:
			1 streams: MCS 0-9
			2 streams: MCS 0-9
			3 streams: MCS 0-9
			4 streams: not supported
			5 streams: not supported
			6 streams: not supported
			7 streams: not supported
			8 streams: not supported
		VHT TX highest supported: 0 Mbps
	VHT operation:
		 * channel width: 0 (20 or 40 MHz)
		 * center freq segment 1: 0
		 * center freq segment 2: 0
		 * VHT basic MCS set: 0xffc0
	WMM:	 * Parameter version 1
		 * u-APSD
		 * BE: CW 15-1023, AIFSN 3
		 * BK: CW 15-1023, AIFSN 7
		 * VI: acm CW 7-15, AIFSN 2, TXOP 3008 usec
		 * VO: CW 3-7, AIFSN 2, TXOP 1504 usec
BSS 70:4f:57:3b:8e:05(on wlan0)
	TSF: 0 usec (0d, 00:00:00)
	freq: 5745
	beacon interval: 100 TUs
	capability: ESS Privacy SpectrumMgmt ShortSlotTime (0x0511)
	signal: -51.00 dBm
	last seen: 0 ms ago
	SSID: CE121 5GHz
	Supported rates: 6.0* 9.0 12.0* 18.0 24.0* 36.0 48.0 54.0 
	DS Parameter set: channel 149
	Power constraint: 3 dB
	HT capabilities:
		Capabilities: 0x9ef
			RX LDPC
			HT20/HT40
			SM Power Save disabled
			RX HT20 SGI
			RX HT40 SGI
			TX STBC
			RX STBC 1-stream
			Max AMSDU length: 7935 bytes
			No DSSS/CCK HT40
		Maximum RX AMPDU length 65535 bytes (exponent: 0x003)
		Minimum RX AMPDU time spacing: 8 usec (0x06)
		HT TX/RX MCS rate indexes supported: 0-23
	HT operation:
		 * primary channel: 149
		 * secondary channel offset: above
		 * STA channel width: any
		 * RIFS: 0
		 * HT protection: nonmember
		 * non-GF present: 1
		 * OBSS non-GF present: 0
		 * dual beacon: 0
		 * dual CTS protection: 0
		 * STBC beacon: 0
		 * L-SIG TXOP Prot: 0
		 * PCO active: 0
		 * PCO phase: 0
	Overlapping BSS scan params:
		 * passive dwell: 20 TUs
		 * active dwell: 10 TUs
		 * channel width trigger scan interval: 300 s
		 * scan passive total per channel: 200 TUs
		 * scan active total per channel: 20 TUs
		 * BSS width channel transition delay factor: 5
		 * OBSS Scan Activity Threshold: 0.25 %
	Extended capabilities: HT Information Exchange Supported, TFS, WNM-Sleep Mode, TIM Broadcast, BSS Transition, 6
	VHT capabilities:
		VHT Capabilities (0x338001b2):
			Max MPDU length: 11454
			Supported Channel Width: neither 160 nor 80+80
			RX LDPC
			short GI (80 MHz)
			TX STBC
			RX antenna pattern consistency
			TX antenna pattern consistency
		VHT RX MCS set:
			1 streams: MCS 0-9
			2 streams: MCS 0-9
			3 streams: MCS 0-9
			4 streams: not supported
			5 streams: not supported
			6 streams: not supported
			7 streams: not supported
			8 streams: not supported
		VHT RX highest supported: 0 Mbps
		VHT TX MCS set:
			1 streams: MCS 0-9
			2 streams: MCS 0-9
			3 streams: MCS 0-9
			4 streams: not supported
			5 streams: not supported
			6 streams: not supported
			7 streams: not supported
			8 streams: not supported
		VHT TX highest supported: 0 Mbps
	VHT operation:
		 * channel width: 1 (80 MHz)
		 * center freq segment 1: 155
		 * center freq segment 2: 0
		 * VHT basic MCS set: 0xfffc
	WMM:	 * Parameter version 1
		 * u-APSD
		 * BE: CW 15-1023, AIFSN 3
		 * BK: CW 15-1023, AIFSN 7
		 * VI: CW 7-15, AIFSN 2, TXOP 3008 usec
		 * VO: CW 3-7, AIFSN 2, TXOP 1504 usec
	RSN:	 * Version: 1
		 * Group cipher: TKIP
		 * Pairwise ciphers: CCMP TKIP
		 * Authentication suites: PSK
		 * Capabilities: 1-PTKSA-RC 1-GTKSA-RC (0x0000)
	WPA:	 * Version: 1
		 * Group cipher: TKIP
		 * Pairwise ciphers: CCMP TKIP
		 * Authentication suites: PSK
	WPS:	 * Version: 1.0
		 * Wi-Fi Protected Setup State: 2 (Configured)
		 * Response Type: 3 (AP)
		 * UUID: 87654321-9abc-def0-1234-704f573b8e06
		 * Manufacturer: TP-Link
		 * Model: Archer C7
		 * Model Number: 1.0
		 * Serial Number: Archer C7 v4
		 * Primary Device Type: 6-0050f204-1
		 * Device name: ArcherC7v4
		 * Config methods: Label
		 * RF Bands: 0x3
		 * Unknown TLV (0x1049, 6 bytes): 00 37 2a 00 01 20
BSS b0:39:56:4d:e6:31(on wlan0)
	TSF: 0 usec (0d, 00:00:00)
	freq: 5765
	beacon interval: 100 TUs
	capability: ESS Privacy ShortPreamble (0x0031)
	signal: -86.00 dBm
	last seen: 0 ms ago
	SSID: AbrahamssonLab-5G
	Supported rates: 6.0* 9.0 12.0* 18.0 24.0* 36.0 48.0 54.0 
	DS Parameter set: channel 153
	TIM: DTIM Count 0 DTIM Period 1 Bitmap Control 0x0 Bitmap[0] 0x0
	Country: US	Environment: Indoor/Outdoor
		Channels [36 - 48] @ 30 dBm
		Channels [149 - 165] @ 30 dBm
	RSN:	 * Version: 1
		 * Group cipher: CCMP
		 * Pairwise ciphers: CCMP
		 * Authentication suites: PSK
		 * Capabilities: 1-PTKSA-RC 1-GTKSA-RC (0x0000)
	BSS Load:
		 * station count: 3
		 * channel utilisation: 0/255
		 * available admission capacity: 31250 [*32us]
	HT capabilities:
		Capabilities: 0x1ef
			RX LDPC
			HT20/HT40
			SM Power Save disabled
			RX HT20 SGI
			RX HT40 SGI
			TX STBC
			RX STBC 1-stream
			Max AMSDU length: 3839 bytes
			No DSSS/CCK HT40
		Maximum RX AMPDU length 65535 bytes (exponent: 0x003)
		Minimum RX AMPDU time spacing: 4 usec (0x05)
		HT RX MCS rate indexes supported: 0-32
		HT TX MCS rate indexes are undefined
	HT operation:
		 * primary channel: 153
		 * secondary channel offset: below
		 * STA channel width: any
		 * RIFS: 0
		 * HT protection: no
		 * non-GF present: 1
		 * OBSS non-GF present: 0
		 * dual beacon: 0
		 * dual CTS protection: 0
		 * STBC beacon: 0
		 * L-SIG TXOP Prot: 0
		 * PCO active: 0
		 * PCO phase: 0
	VHT capabilities:
		VHT Capabilities (0x33c379b1):
			Max MPDU length: 7991
			Supported Channel Width: neither 160 nor 80+80
			RX LDPC
			short GI (80 MHz)
			TX STBC
			SU Beamformer
			SU Beamformee
			+HTC-VHT
			RX antenna pattern consistency
			TX antenna pattern consistency
		VHT RX MCS set:
			1 streams: MCS 0-9
			2 streams: MCS 0-9
			3 streams: MCS 0-9
			4 streams: MCS 0-9
			5 streams: not supported
			6 streams: not supported
			7 streams: not supported
			8 streams: not supported
		VHT RX highest supported: 1560 Mbps
		VHT TX MCS set:
			1 streams: MCS 0-9
			2 streams: MCS 0-9
			3 streams: MCS 0-9
			4 streams: MCS 0-9
			5 streams: not supported
			6 streams: not supported
			7 streams: not supported
			8 streams: not supported
		VHT TX highest supported: 1560 Mbps
	VHT operation:
		 * channel width: 1 (80 MHz)
		 * center freq segment 1: 155
		 * center freq segment 2: 0
		 * VHT basic MCS set: 0xffaa
	Extended capabilities: 6
	WMM:	 * Parameter version 1
		 * BE: CW 15-1023, AIFSN 3
		 * BK: CW 15-1023, AIFSN 7
		 * VI: CW 7-15, AIFSN 2, TXOP 3008 usec
		 * VO: CW 3-7, AIFSN 2, TXOP 1504 usec
BSS 00:a6:ca:71:f4:ec(on wlan0)
	TSF: 0 usec (0d, 00:00:00)
	freq: 5785
	beacon interval: 102 TUs
	capability: ESS Privacy SpectrumMgmt RadioMeasure (0x1111)
	signal: -82.00 dBm
	last seen: 0 ms ago
	SSID: thunder
	Supported rates: 12.0 18.0* 24.0 36.0 48.0 54.0 
	TIM: DTIM Count 0 DTIM Period 1 Bitmap Control 0x8 Bitmap[0] 0x0 (+ 3 octets)
	Country: US	Environment: Indoor/Outdoor
		Channels [36 - 48] @ 17 dBm
		Channels [52 - 64] @ 24 dBm
		Channels [100 - 128] @ 24 dBm
		Channels [132 - 144] @ 24 dBm
		Channels [149 - 165] @ 30 dBm
	BSS Load:
		 * station count: 14
		 * channel utilisation: 6/255
		 * available admission capacity: 23437 [*32us]
	HT capabilities:
		Capabilities: 0x19ee
			HT20/HT40
			SM Power Save disabled
			RX HT20 SGI
			RX HT40 SGI
			TX STBC
			RX STBC 1-stream
			Max AMSDU length: 7935 bytes
			DSSS/CCK HT40
		Maximum RX AMPDU length 65535 bytes (exponent: 0x003)
		Minimum RX AMPDU time spacing: 8 usec (0x06)
		HT RX MCS rate indexes supported: 0-23
		HT TX MCS rate indexes are undefined
	RSN:	 * Version: 1
		 * Group cipher: CCMP
		 * Pairwise ciphers: CCMP
		 * Authentication suites: IEEE 802.1X
		 * Capabilities: 4-PTKSA-RC 4-GTKSA-RC (0x0028)
	HT operation:
		 * primary channel: 157
		 * secondary channel offset: above
		 * STA channel width: any
		 * RIFS: 0
		 * HT protection: 20 MHz
		 * non-GF present: 1
		 * OBSS non-GF present: 0
		 * dual beacon: 0
		 * dual CTS protection: 0
		 * STBC beacon: 0
		 * L-SIG TXOP Prot: 0
		 * PCO active: 0
		 * PCO phase: 0
	Extended capabilities: Proxy ARP Service, QoS Map, WNM-Notification, 6
	VHT capabilities:
		VHT Capabilities (0x0f8379b2):
			Max MPDU length: 11454
			Supported Channel Width: neither 160 nor 80+80
			RX LDPC
			short GI (80 MHz)
			TX STBC
			SU Beamformer
			SU Beamformee
		VHT RX MCS set:
			1 streams: MCS 0-9
			2 streams: MCS 0-9
			3 streams: MCS 0-9
			4 streams: not supported
			5 streams: not supported
			6 streams: not supported
			7 streams: not supported
			8 streams: not supported
		VHT RX highest supported: 0 Mbps
		VHT TX MCS set:
			1 streams: MCS 0-9
			2 streams: MCS 0-9
			3 streams: MCS 0-9
			4 streams: not supported
			5 streams: not supported
			6 streams: not supported
			7 streams: not supported
			8 streams: not supported
		VHT TX highest supported: 0 Mbps
	VHT operation:
		 * channel width: 0 (20 or 40 MHz)
		 * center freq segment 1: 0
		 * center freq segment 2: 0
		 * VHT basic MCS set: 0xffc0
	WMM:	 * Parameter version 1
		 * u-APSD
		 * BE: CW 15-1023, AIFSN 3
		 * BK: CW 15-1023, AIFSN 7
		 * VI: acm CW 7-15, AIFSN 2, TXOP 3008 usec
		 * VO: CW 3-7, AIFSN 2, TXOP 1504 usec
